PROJECT_NAME: cookiecutter
BUG_ID: 3
VERSION_ID: 1
WORK_DIR: /home/sumukher/evals/BugsInPy/framework/bin/temp
https://github.com/cookiecutter/cookiecutter
github_url="https://github.com/cookiecutter/cookiecutter"
status="OK" 
cause="N.A."
fatal: destination path '/home/sumukher/evals/BugsInPy/framework/bin/temp/cookiecutter' already exists and is not an empty directory.
HEAD is now at 7129d47 Prevent click API v7.0 from showing choices when already shown
'/home/sumukher/evals/BugsInPy/framework/bin/temp/cookiecutter/cookiecutter/prompt.py' -> '/home/sumukher/evals/BugsInPy/projects/cookiecutter/bugs/3/prompt.py'
'/home/sumukher/evals/BugsInPy/framework/bin/temp/cookiecutter/tests/test_read_user_choice.py' -> '/home/sumukher/evals/BugsInPy/projects/cookiecutter/bugs/3/test_read_user_choice.py'
'/home/sumukher/evals/BugsInPy/framework/bin/temp/cookiecutter/tests/test_read_user_choice.py' -> '/home/sumukher/evals/BugsInPy/projects/cookiecutter/bugs/3/test_read_user_choice.py'
HEAD is now at 5c282f0 Fix typos (#1197)
Removing bugsinpy_bug.info
Removing bugsinpy_compile_flag
Removing bugsinpy_patchfile.info
Removing bugsinpy_requirements.txt
Removing bugsinpy_run_test.sh
Removing bugsinpy_setup.sh
python setup.py develop
dos2unix: converting file /home/sumukher/evals/BugsInPy/framework/bin/temp/cookiecutter/bugsinpy_requirements.txt to Unix format...
Collecting appdirs==1.4.4
  Using cached https://files.pythonhosted.org/packages/3b/00/2344469e2084fb287c2e0b57b72910309874c3245463acd6cf5e3db69324/appdirs-1.4.4-py2.py3-none-any.whl
Installing collected packages: appdirs
Successfully installed appdirs-1.4.4
WARNING: You are using pip version 19.2.3, however version 21.0.1 is available.
You should consider upgrading via the 'pip install --upgrade pip' command.
Collecting arrow==0.15.6
  Using cached https://files.pythonhosted.org/packages/99/b5/1f1c5ef3156f7b514c58613fe56e5670dc56374ab744bd1eb653c95e16b5/arrow-0.15.6-py2.py3-none-any.whl
Collecting python-dateutil (from arrow==0.15.6)
  Using cached https://files.pythonhosted.org/packages/d4/70/d60450c3dd48ef87586924207ae8907090de0b306af2bce5d134d78615cb/python_dateutil-2.8.1-py2.py3-none-any.whl
Collecting six>=1.5 (from python-dateutil->arrow==0.15.6)
  Using cached https://files.pythonhosted.org/packages/ee/ff/48bde5c0f013094d729fe4b0316ba2a24774b3ff1c52d924a8a4cb04078a/six-1.15.0-py2.py3-none-any.whl
Installing collected packages: six, python-dateutil, arrow
Successfully installed arrow-0.15.6 python-dateutil-2.8.1 six-1.15.0
WARNING: You are using pip version 19.2.3, however version 21.0.1 is available.
You should consider upgrading via the 'pip install --upgrade pip' command.
Collecting binaryornot==0.4.4
  Using cached https://files.pythonhosted.org/packages/24/7e/f7b6f453e6481d1e233540262ccbfcf89adcd43606f44a028d7f5fae5eb2/binaryornot-0.4.4-py2.py3-none-any.whl
Collecting chardet>=3.0.2 (from binaryornot==0.4.4)
  Using cached https://files.pythonhosted.org/packages/19/c7/fa589626997dd07bd87d9269342ccb74b1720384a4d739a1872bd84fbe68/chardet-4.0.0-py2.py3-none-any.whl
Installing collected packages: chardet, binaryornot
Successfully installed binaryornot-0.4.4 chardet-4.0.0
WARNING: You are using pip version 19.2.3, however version 21.0.1 is available.
You should consider upgrading via the 'pip install --upgrade pip' command.
Collecting certifi==2020.4.5.2
  Using cached https://files.pythonhosted.org/packages/98/99/def511020aa8f663d4a2cfaa38467539e864799289ff354569e339e375b1/certifi-2020.4.5.2-py2.py3-none-any.whl
Installing collected packages: certifi
Successfully installed certifi-2020.4.5.2
WARNING: You are using pip version 19.2.3, however version 21.0.1 is available.
You should consider upgrading via the 'pip install --upgrade pip' command.
Collecting chardet==3.0.4
  Using cached https://files.pythonhosted.org/packages/bc/a9/01ffebfb562e4274b6487b4bb1ddec7ca55ec7510b22e4c51f14098443b8/chardet-3.0.4-py2.py3-none-any.whl
Installing collected packages: chardet
  Found existing installation: chardet 4.0.0
    Uninstalling chardet-4.0.0:
      Successfully uninstalled chardet-4.0.0
Successfully installed chardet-3.0.4
WARNING: You are using pip version 19.2.3, however version 21.0.1 is available.
You should consider upgrading via the 'pip install --upgrade pip' command.
Collecting click==7.1.2
  Using cached https://files.pythonhosted.org/packages/d2/3d/fa76db83bf75c4f8d338c2fd15c8d33fdd7ad23a9b5e57eb6c5de26b430e/click-7.1.2-py2.py3-none-any.whl
Installing collected packages: click
Successfully installed click-7.1.2
WARNING: You are using pip version 19.2.3, however version 21.0.1 is available.
You should consider upgrading via the 'pip install --upgrade pip' command.

Usage:   
  pip install [options] <requirement specifier> [package-index-options] ...
  pip install [options] -r <requirements file> [package-index-options] ...
  pip install [options] [-e] <vcs project url> ...
  pip install [options] [-e] <local project path> ...
  pip install [options] <archive url/path> ...

-e option requires 1 argument
Collecting cookiecutter from git+https://github.com/cookiecutter/cookiecutter@5c282f020a8db7e5e7c4e7b51b010556ca31fb7f#egg=cookiecutter
  Cloning https://github.com/cookiecutter/cookiecutter (to revision 5c282f020a8db7e5e7c4e7b51b010556ca31fb7f) to /tmp/pip-install-ogfjxqms/cookiecutter
  Running command git clone -q https://github.com/cookiecutter/cookiecutter /tmp/pip-install-ogfjxqms/cookiecutter
  Running command git checkout -q 5c282f020a8db7e5e7c4e7b51b010556ca31fb7f
  Running command git submodule update --init --recursive -q
Collecting future>=0.15.2 (from cookiecutter)
  Using cached https://files.pythonhosted.org/packages/45/0b/38b06fd9b92dc2b68d58b75f900e97884c45bedd2ff83203d933cf5851c9/future-0.18.2.tar.gz
Requirement already satisfied: binaryornot>=0.2.0 in ./env/lib/python3.8/site-packages (from cookiecutter) (0.4.4)
Collecting jinja2>=2.7 (from cookiecutter)
  Using cached https://files.pythonhosted.org/packages/7e/c2/1eece8c95ddbc9b1aeb64f5783a9e07a286de42191b7204d67b7496ddf35/Jinja2-2.11.3-py2.py3-none-any.whl
Requirement already satisfied: click>=5.0 in ./env/lib/python3.8/site-packages (from cookiecutter) (7.1.2)
Collecting whichcraft>=0.4.0 (from cookiecutter)
  Using cached https://files.pythonhosted.org/packages/b5/a2/81887a0dae2e4d2adc70d9a3557fdda969f863ced51cd3c47b587d25bce5/whichcraft-0.6.1-py2.py3-none-any.whl
Collecting poyo>=0.1.0 (from cookiecutter)
  Using cached https://files.pythonhosted.org/packages/42/50/0b0820601bde2eda403f47b9a4a1f270098ed0dd4c00c443d883164bdccc/poyo-0.5.0-py2.py3-none-any.whl
Collecting jinja2-time>=0.1.0 (from cookiecutter)
  Using cached https://files.pythonhosted.org/packages/6a/a1/d44fa38306ffa34a7e1af09632b158e13ec89670ce491f8a15af3ebcb4e4/jinja2_time-0.2.0-py2.py3-none-any.whl
Collecting requests>=2.18.0 (from cookiecutter)
  Using cached https://files.pythonhosted.org/packages/29/c1/24814557f1d22c56d50280771a17307e6bf87b70727d975fd6b2ce6b014a/requests-2.25.1-py2.py3-none-any.whl
Requirement already satisfied: chardet>=3.0.2 in ./env/lib/python3.8/site-packages (from binaryornot>=0.2.0->cookiecutter) (3.0.4)
Collecting MarkupSafe>=0.23 (from jinja2>=2.7->cookiecutter)
  Using cached https://files.pythonhosted.org/packages/80/16/98afa5c19296aaf7b16d1eb3c7e997656e6cfad79606e7d3885905615e96/MarkupSafe-1.1.1-cp38-cp38-manylinux2010_x86_64.whl
Requirement already satisfied: arrow in ./env/lib/python3.8/site-packages (from jinja2-time>=0.1.0->cookiecutter) (0.15.6)
Requirement already satisfied: certifi>=2017.4.17 in ./env/lib/python3.8/site-packages (from requests>=2.18.0->cookiecutter) (2020.4.5.2)
Collecting urllib3<1.27,>=1.21.1 (from requests>=2.18.0->cookiecutter)
  Using cached https://files.pythonhosted.org/packages/23/fc/8a49991f7905261f9ca9df5aa9b58363c3c821ce3e7f671895442b7100f2/urllib3-1.26.3-py2.py3-none-any.whl
Collecting idna<3,>=2.5 (from requests>=2.18.0->cookiecutter)
  Using cached https://files.pythonhosted.org/packages/a2/38/928ddce2273eaa564f6f50de919327bf3a00f091b5baba8dfa9460f3a8a8/idna-2.10-py2.py3-none-any.whl
Requirement already satisfied: python-dateutil in ./env/lib/python3.8/site-packages (from arrow->jinja2-time>=0.1.0->cookiecutter) (2.8.1)
Requirement already satisfied: six>=1.5 in ./env/lib/python3.8/site-packages (from python-dateutil->arrow->jinja2-time>=0.1.0->cookiecutter) (1.15.0)
Installing collected packages: future, MarkupSafe, jinja2, whichcraft, poyo, jinja2-time, urllib3, idna, requests, cookiecutter
  Running setup.py install for future: started
    Running setup.py install for future: finished with status 'done'
  Running setup.py install for cookiecutter: started
    Running setup.py install for cookiecutter: finished with status 'done'
Successfully installed MarkupSafe-1.1.1 cookiecutter-1.6.0 future-0.18.2 idna-2.10 jinja2-2.11.3 jinja2-time-0.2.0 poyo-0.5.0 requests-2.25.1 urllib3-1.26.3 whichcraft-0.6.1
WARNING: You are using pip version 19.2.3, however version 21.0.1 is available.
You should consider upgrading via the 'pip install --upgrade pip' command.
Collecting distlib==0.3.0
  Using cached https://files.pythonhosted.org/packages/7d/29/694a3a4d7c0e1aef76092e9167fbe372e0f7da055f5dcf4e1313ec21d96a/distlib-0.3.0.zip
Installing collected packages: distlib
  Running setup.py install for distlib: started
    Running setup.py install for distlib: finished with status 'done'
Successfully installed distlib-0.3.0
WARNING: You are using pip version 19.2.3, however version 21.0.1 is available.
You should consider upgrading via the 'pip install --upgrade pip' command.
Collecting filelock==3.0.12
  Using cached https://files.pythonhosted.org/packages/93/83/71a2ee6158bb9f39a90c0dea1637f81d5eef866e188e1971a1b1ab01a35a/filelock-3.0.12-py3-none-any.whl
Installing collected packages: filelock
Successfully installed filelock-3.0.12
WARNING: You are using pip version 19.2.3, however version 21.0.1 is available.
You should consider upgrading via the 'pip install --upgrade pip' command.
Collecting idna==2.9
  Using cached https://files.pythonhosted.org/packages/89/e3/afebe61c546d18fb1709a61bee788254b40e736cff7271c7de5de2dc4128/idna-2.9-py2.py3-none-any.whl
Installing collected packages: idna
  Found existing installation: idna 2.10
    Uninstalling idna-2.10:
      Successfully uninstalled idna-2.10
Successfully installed idna-2.9
WARNING: You are using pip version 19.2.3, however version 21.0.1 is available.
You should consider upgrading via the 'pip install --upgrade pip' command.
Collecting importlib-metadata==1.6.1
  Using cached https://files.pythonhosted.org/packages/98/13/a1d703ec396ade42c1d33df0e1cb691a28b7c08b336a5683912c87e04cd7/importlib_metadata-1.6.1-py2.py3-none-any.whl
Collecting zipp>=0.5 (from importlib-metadata==1.6.1)
  Using cached https://files.pythonhosted.org/packages/41/ad/6a4f1a124b325618a7fb758b885b68ff7b058eec47d9220a12ab38d90b1f/zipp-3.4.0-py3-none-any.whl
Installing collected packages: zipp, importlib-metadata
Successfully installed importlib-metadata-1.6.1 zipp-3.4.0
WARNING: You are using pip version 19.2.3, however version 21.0.1 is available.
You should consider upgrading via the 'pip install --upgrade pip' command.
Collecting importlib-resources==2.0.1
  Using cached https://files.pythonhosted.org/packages/ce/06/94cb4028cbcb834c3a6a0c239ab37e76e293c75bed51a9cee2cb8337b47e/importlib_resources-2.0.1-py2.py3-none-any.whl
Installing collected packages: importlib-resources
Successfully installed importlib-resources-2.0.1
WARNING: You are using pip version 19.2.3, however version 21.0.1 is available.
You should consider upgrading via the 'pip install --upgrade pip' command.
Collecting Jinja2==2.11.2
  Using cached https://files.pythonhosted.org/packages/30/9e/f663a2aa66a09d838042ae1a2c5659828bb9b41ea3a6efa20a20fd92b121/Jinja2-2.11.2-py2.py3-none-any.whl
Requirement already satisfied: MarkupSafe>=0.23 in ./env/lib/python3.8/site-packages (from Jinja2==2.11.2) (1.1.1)
Installing collected packages: Jinja2
  Found existing installation: Jinja2 2.11.3
    Uninstalling Jinja2-2.11.3:
      Successfully uninstalled Jinja2-2.11.3
Successfully installed Jinja2-2.11.2
WARNING: You are using pip version 19.2.3, however version 21.0.1 is available.
You should consider upgrading via the 'pip install --upgrade pip' command.
Requirement already satisfied: jinja2-time==0.2.0 in ./env/lib/python3.8/site-packages (0.2.0)
Requirement already satisfied: arrow in ./env/lib/python3.8/site-packages (from jinja2-time==0.2.0) (0.15.6)
Requirement already satisfied: jinja2 in ./env/lib/python3.8/site-packages (from jinja2-time==0.2.0) (2.11.2)
Requirement already satisfied: python-dateutil in ./env/lib/python3.8/site-packages (from arrow->jinja2-time==0.2.0) (2.8.1)
Requirement already satisfied: MarkupSafe>=0.23 in ./env/lib/python3.8/site-packages (from jinja2->jinja2-time==0.2.0) (1.1.1)
Requirement already satisfied: six>=1.5 in ./env/lib/python3.8/site-packages (from python-dateutil->arrow->jinja2-time==0.2.0) (1.15.0)
WARNING: You are using pip version 19.2.3, however version 21.0.1 is available.
You should consider upgrading via the 'pip install --upgrade pip' command.
Requirement already satisfied: MarkupSafe==1.1.1 in ./env/lib/python3.8/site-packages (1.1.1)
WARNING: You are using pip version 19.2.3, however version 21.0.1 is available.
You should consider upgrading via the 'pip install --upgrade pip' command.
Collecting packaging==20.4
  Using cached https://files.pythonhosted.org/packages/46/19/c5ab91b1b05cfe63cccd5cfc971db9214c6dd6ced54e33c30d5af1d2bc43/packaging-20.4-py2.py3-none-any.whl
Collecting pyparsing>=2.0.2 (from packaging==20.4)
  Using cached https://files.pythonhosted.org/packages/8a/bb/488841f56197b13700afd5658fc279a2025a39e22449b7cf29864669b15d/pyparsing-2.4.7-py2.py3-none-any.whl
Requirement already satisfied: six in ./env/lib/python3.8/site-packages (from packaging==20.4) (1.15.0)
Installing collected packages: pyparsing, packaging
Successfully installed packaging-20.4 pyparsing-2.4.7
WARNING: You are using pip version 19.2.3, however version 21.0.1 is available.
You should consider upgrading via the 'pip install --upgrade pip' command.
Collecting pkg-resources==0.0.0
  ERROR: Could not find a version that satisfies the requirement pkg-resources==0.0.0 (from versions: none)
ERROR: No matching distribution found for pkg-resources==0.0.0
WARNING: You are using pip version 19.2.3, however version 21.0.1 is available.
You should consider upgrading via the 'pip install --upgrade pip' command.
Collecting pluggy==0.13.1
  Using cached https://files.pythonhosted.org/packages/a0/28/85c7aa31b80d150b772fbe4a229487bc6644da9ccb7e427dd8cc60cb8a62/pluggy-0.13.1-py2.py3-none-any.whl
Installing collected packages: pluggy
Successfully installed pluggy-0.13.1
WARNING: You are using pip version 19.2.3, however version 21.0.1 is available.
You should consider upgrading via the 'pip install --upgrade pip' command.
Requirement already satisfied: poyo==0.5.0 in ./env/lib/python3.8/site-packages (0.5.0)
WARNING: You are using pip version 19.2.3, however version 21.0.1 is available.
You should consider upgrading via the 'pip install --upgrade pip' command.
Collecting py==1.8.1
  Using cached https://files.pythonhosted.org/packages/99/8d/21e1767c009211a62a8e3067280bfce76e89c9f876180308515942304d2d/py-1.8.1-py2.py3-none-any.whl
Installing collected packages: py
Successfully installed py-1.8.1
WARNING: You are using pip version 19.2.3, however version 21.0.1 is available.
You should consider upgrading via the 'pip install --upgrade pip' command.
Requirement already satisfied: pyparsing==2.4.7 in ./env/lib/python3.8/site-packages (2.4.7)
WARNING: You are using pip version 19.2.3, however version 21.0.1 is available.
You should consider upgrading via the 'pip install --upgrade pip' command.
Requirement already satisfied: python-dateutil==2.8.1 in ./env/lib/python3.8/site-packages (2.8.1)
Requirement already satisfied: six>=1.5 in ./env/lib/python3.8/site-packages (from python-dateutil==2.8.1) (1.15.0)
WARNING: You are using pip version 19.2.3, however version 21.0.1 is available.
You should consider upgrading via the 'pip install --upgrade pip' command.
Collecting python-slugify==4.0.0
  Using cached https://files.pythonhosted.org/packages/92/5f/7b84a0bba8a0fdd50c046f8b57dcf179dc16237ad33446079b7c484de04c/python-slugify-4.0.0.tar.gz
Collecting text-unidecode>=1.3 (from python-slugify==4.0.0)
  Using cached https://files.pythonhosted.org/packages/a6/a5/c0b6468d3824fe3fde30dbb5e1f687b291608f9473681bbf7dabbf5a87d7/text_unidecode-1.3-py2.py3-none-any.whl
Installing collected packages: text-unidecode, python-slugify
  Running setup.py install for python-slugify: started
    Running setup.py install for python-slugify: finished with status 'done'
Successfully installed python-slugify-4.0.0 text-unidecode-1.3
WARNING: You are using pip version 19.2.3, however version 21.0.1 is available.
You should consider upgrading via the 'pip install --upgrade pip' command.
Collecting requests==2.23.0
  Using cached https://files.pythonhosted.org/packages/1a/70/1935c770cb3be6e3a8b78ced23d7e0f3b187f5cbfab4749523ed65d7c9b1/requests-2.23.0-py2.py3-none-any.whl
Collecting urllib3!=1.25.0,!=1.25.1,<1.26,>=1.21.1 (from requests==2.23.0)
  Using cached https://files.pythonhosted.org/packages/56/aa/4ef5aa67a9a62505db124a5cb5262332d1d4153462eb8fd89c9fa41e5d92/urllib3-1.25.11-py2.py3-none-any.whl
Requirement already satisfied: chardet<4,>=3.0.2 in ./env/lib/python3.8/site-packages (from requests==2.23.0) (3.0.4)
Requirement already satisfied: certifi>=2017.4.17 in ./env/lib/python3.8/site-packages (from requests==2.23.0) (2020.4.5.2)
Requirement already satisfied: idna<3,>=2.5 in ./env/lib/python3.8/site-packages (from requests==2.23.0) (2.9)
Installing collected packages: urllib3, requests
  Found existing installation: urllib3 1.26.3
    Uninstalling urllib3-1.26.3:
      Successfully uninstalled urllib3-1.26.3
  Found existing installation: requests 2.25.1
    Uninstalling requests-2.25.1:
      Successfully uninstalled requests-2.25.1
Successfully installed requests-2.23.0 urllib3-1.25.11
WARNING: You are using pip version 19.2.3, however version 21.0.1 is available.
You should consider upgrading via the 'pip install --upgrade pip' command.
Requirement already satisfied: six==1.15.0 in ./env/lib/python3.8/site-packages (1.15.0)
WARNING: You are using pip version 19.2.3, however version 21.0.1 is available.
You should consider upgrading via the 'pip install --upgrade pip' command.
Requirement already satisfied: text-unidecode==1.3 in ./env/lib/python3.8/site-packages (1.3)
WARNING: You are using pip version 19.2.3, however version 21.0.1 is available.
You should consider upgrading via the 'pip install --upgrade pip' command.
Collecting toml==0.10.1
  Using cached https://files.pythonhosted.org/packages/9f/e1/1b40b80f2e1663a6b9f497123c11d7d988c0919abbf3c3f2688e448c5363/toml-0.10.1-py2.py3-none-any.whl
Installing collected packages: toml
Successfully installed toml-0.10.1
WARNING: You are using pip version 19.2.3, however version 21.0.1 is available.
You should consider upgrading via the 'pip install --upgrade pip' command.
Collecting tox==3.15.2
  Using cached https://files.pythonhosted.org/packages/c6/36/b0e6016724ae598ba30168618a91d3ee2d7510c20cb05deb8cdc3f7d53b3/tox-3.15.2-py2.py3-none-any.whl
Requirement already satisfied: py>=1.4.17 in ./env/lib/python3.8/site-packages (from tox==3.15.2) (1.8.1)
Collecting virtualenv!=20.0.0,!=20.0.1,!=20.0.2,!=20.0.3,!=20.0.4,!=20.0.5,!=20.0.6,!=20.0.7,>=16.0.0 (from tox==3.15.2)
  Using cached https://files.pythonhosted.org/packages/9f/fb/7423637e48cffbb2e567ca113d2b05068f8b457dde998ab487adf7386c86/virtualenv-20.4.2-py2.py3-none-any.whl
Requirement already satisfied: pluggy>=0.12.0 in ./env/lib/python3.8/site-packages (from tox==3.15.2) (0.13.1)
Requirement already satisfied: six>=1.14.0 in ./env/lib/python3.8/site-packages (from tox==3.15.2) (1.15.0)
Requirement already satisfied: packaging>=14 in ./env/lib/python3.8/site-packages (from tox==3.15.2) (20.4)
Requirement already satisfied: toml>=0.9.4 in ./env/lib/python3.8/site-packages (from tox==3.15.2) (0.10.1)
Requirement already satisfied: filelock>=3.0.0 in ./env/lib/python3.8/site-packages (from tox==3.15.2) (3.0.12)
Requirement already satisfied: appdirs<2,>=1.4.3 in ./env/lib/python3.8/site-packages (from virtualenv!=20.0.0,!=20.0.1,!=20.0.2,!=20.0.3,!=20.0.4,!=20.0.5,!=20.0.6,!=20.0.7,>=16.0.0->tox==3.15.2) (1.4.4)
Collecting distlib<1,>=0.3.1 (from virtualenv!=20.0.0,!=20.0.1,!=20.0.2,!=20.0.3,!=20.0.4,!=20.0.5,!=20.0.6,!=20.0.7,>=16.0.0->tox==3.15.2)
  Using cached https://files.pythonhosted.org/packages/f5/0a/490fa011d699bb5a5f3a0cf57de82237f52a6db9d40f33c53b2736c9a1f9/distlib-0.3.1-py2.py3-none-any.whl
Requirement already satisfied: pyparsing>=2.0.2 in ./env/lib/python3.8/site-packages (from packaging>=14->tox==3.15.2) (2.4.7)
Installing collected packages: distlib, virtualenv, tox
  Found existing installation: distlib 0.3.0
    Uninstalling distlib-0.3.0:
      Successfully uninstalled distlib-0.3.0
Successfully installed distlib-0.3.1 tox-3.15.2 virtualenv-20.4.2
WARNING: You are using pip version 19.2.3, however version 21.0.1 is available.
You should consider upgrading via the 'pip install --upgrade pip' command.
Collecting urllib3==1.25.9
  Using cached https://files.pythonhosted.org/packages/e1/e5/df302e8017440f111c11cc41a6b432838672f5a70aa29227bf58149dc72f/urllib3-1.25.9-py2.py3-none-any.whl
Installing collected packages: urllib3
  Found existing installation: urllib3 1.25.11
    Uninstalling urllib3-1.25.11:
      Successfully uninstalled urllib3-1.25.11
Successfully installed urllib3-1.25.9
WARNING: You are using pip version 19.2.3, however version 21.0.1 is available.
You should consider upgrading via the 'pip install --upgrade pip' command.
Collecting virtualenv==20.0.23
  Using cached https://files.pythonhosted.org/packages/f0/55/f0de23cb61f2e90db3f8362f0e685a0bc04d0c4cb159b7a96cb7c4817d63/virtualenv-20.0.23-py2.py3-none-any.whl
Requirement already satisfied: six<2,>=1.9.0 in ./env/lib/python3.8/site-packages (from virtualenv==20.0.23) (1.15.0)
Requirement already satisfied: filelock<4,>=3.0.0 in ./env/lib/python3.8/site-packages (from virtualenv==20.0.23) (3.0.12)
Requirement already satisfied: distlib<1,>=0.3.0 in ./env/lib/python3.8/site-packages (from virtualenv==20.0.23) (0.3.1)
Requirement already satisfied: appdirs<2,>=1.4.3 in ./env/lib/python3.8/site-packages (from virtualenv==20.0.23) (1.4.4)
Installing collected packages: virtualenv
  Found existing installation: virtualenv 20.4.2
    Uninstalling virtualenv-20.4.2:
      Successfully uninstalled virtualenv-20.4.2
Successfully installed virtualenv-20.0.23
WARNING: You are using pip version 19.2.3, however version 21.0.1 is available.
You should consider upgrading via the 'pip install --upgrade pip' command.
Collecting zipp==3.1.0
  Using cached https://files.pythonhosted.org/packages/b2/34/bfcb43cc0ba81f527bc4f40ef41ba2ff4080e047acb0586b56b3d017ace4/zipp-3.1.0-py3-none-any.whl
Installing collected packages: zipp
  Found existing installation: zipp 3.4.0
    Uninstalling zipp-3.4.0:
      Successfully uninstalled zipp-3.4.0
Successfully installed zipp-3.1.0
WARNING: You are using pip version 19.2.3, however version 21.0.1 is available.
You should consider upgrading via the 'pip install --upgrade pip' command.
running develop
running egg_info
writing cookiecutter.egg-info/PKG-INFO
writing dependency_links to cookiecutter.egg-info/dependency_links.txt
writing entry points to cookiecutter.egg-info/entry_points.txt
writing requirements to cookiecutter.egg-info/requires.txt
writing top-level names to cookiecutter.egg-info/top_level.txt
reading manifest file 'cookiecutter.egg-info/SOURCES.txt'
reading manifest template 'MANIFEST.in'
warning: no previously-included files matching '__pycache__' found under directory '*'
writing manifest file 'cookiecutter.egg-info/SOURCES.txt'
running build_ext
Creating /home/sumukher/evals/BugsInPy/framework/bin/temp/cookiecutter/env/lib/python3.8/site-packages/cookiecutter.egg-link (link to .)
Adding cookiecutter 1.6.0 to easy-install.pth file
Installing cookiecutter script to /home/sumukher/evals/BugsInPy/framework/bin/temp/cookiecutter/env/bin

Installed /home/sumukher/evals/BugsInPy/framework/bin/temp/cookiecutter
Processing dependencies for cookiecutter==1.6.0
Searching for requests==2.23.0
Best match: requests 2.23.0
Adding requests 2.23.0 to easy-install.pth file

Using /home/sumukher/evals/BugsInPy/framework/bin/temp/cookiecutter/env/lib/python3.8/site-packages
Searching for jinja2-time==0.2.0
Best match: jinja2-time 0.2.0
Adding jinja2-time 0.2.0 to easy-install.pth file

Using /home/sumukher/evals/BugsInPy/framework/bin/temp/cookiecutter/env/lib/python3.8/site-packages
Searching for poyo==0.5.0
Best match: poyo 0.5.0
Adding poyo 0.5.0 to easy-install.pth file

Using /home/sumukher/evals/BugsInPy/framework/bin/temp/cookiecutter/env/lib/python3.8/site-packages
Searching for whichcraft==0.6.1
Best match: whichcraft 0.6.1
Adding whichcraft 0.6.1 to easy-install.pth file

Using /home/sumukher/evals/BugsInPy/framework/bin/temp/cookiecutter/env/lib/python3.8/site-packages
Searching for click==7.1.2
Best match: click 7.1.2
Adding click 7.1.2 to easy-install.pth file

Using /home/sumukher/evals/BugsInPy/framework/bin/temp/cookiecutter/env/lib/python3.8/site-packages
Searching for Jinja2==2.11.2
Best match: Jinja2 2.11.2
Adding Jinja2 2.11.2 to easy-install.pth file

Using /home/sumukher/evals/BugsInPy/framework/bin/temp/cookiecutter/env/lib/python3.8/site-packages
Searching for binaryornot==0.4.4
Best match: binaryornot 0.4.4
Adding binaryornot 0.4.4 to easy-install.pth file

Using /home/sumukher/evals/BugsInPy/framework/bin/temp/cookiecutter/env/lib/python3.8/site-packages
Searching for future==0.18.2
Best match: future 0.18.2
Adding future 0.18.2 to easy-install.pth file
Installing futurize script to /home/sumukher/evals/BugsInPy/framework/bin/temp/cookiecutter/env/bin
Installing pasteurize script to /home/sumukher/evals/BugsInPy/framework/bin/temp/cookiecutter/env/bin

Using /home/sumukher/evals/BugsInPy/framework/bin/temp/cookiecutter/env/lib/python3.8/site-packages
Searching for idna==2.9
Best match: idna 2.9
Adding idna 2.9 to easy-install.pth file

Using /home/sumukher/evals/BugsInPy/framework/bin/temp/cookiecutter/env/lib/python3.8/site-packages
Searching for chardet==3.0.4
Best match: chardet 3.0.4
Adding chardet 3.0.4 to easy-install.pth file
Installing chardetect script to /home/sumukher/evals/BugsInPy/framework/bin/temp/cookiecutter/env/bin

Using /home/sumukher/evals/BugsInPy/framework/bin/temp/cookiecutter/env/lib/python3.8/site-packages
Searching for certifi==2020.4.5.2
Best match: certifi 2020.4.5.2
Adding certifi 2020.4.5.2 to easy-install.pth file

Using /home/sumukher/evals/BugsInPy/framework/bin/temp/cookiecutter/env/lib/python3.8/site-packages
Searching for urllib3==1.25.9
Best match: urllib3 1.25.9
Adding urllib3 1.25.9 to easy-install.pth file

Using /home/sumukher/evals/BugsInPy/framework/bin/temp/cookiecutter/env/lib/python3.8/site-packages
Searching for arrow==0.15.6
Best match: arrow 0.15.6
Adding arrow 0.15.6 to easy-install.pth file

Using /home/sumukher/evals/BugsInPy/framework/bin/temp/cookiecutter/env/lib/python3.8/site-packages
Searching for MarkupSafe==1.1.1
Best match: MarkupSafe 1.1.1
Adding MarkupSafe 1.1.1 to easy-install.pth file

Using /home/sumukher/evals/BugsInPy/framework/bin/temp/cookiecutter/env/lib/python3.8/site-packages
Searching for python-dateutil==2.8.1
Best match: python-dateutil 2.8.1
Adding python-dateutil 2.8.1 to easy-install.pth file

Using /home/sumukher/evals/BugsInPy/framework/bin/temp/cookiecutter/env/lib/python3.8/site-packages
Searching for six==1.15.0
Best match: six 1.15.0
Adding six 1.15.0 to easy-install.pth file

Using /home/sumukher/evals/BugsInPy/framework/bin/temp/cookiecutter/env/lib/python3.8/site-packages
Finished processing dependencies for cookiecutter==1.6.0
Requirement already satisfied: appdirs==1.4.4 in ./env/lib/python3.8/site-packages (1.4.4)
WARNING: You are using pip version 19.2.3, however version 21.0.1 is available.
You should consider upgrading via the 'pip install --upgrade pip' command.
Requirement already satisfied: arrow==0.15.6 in ./env/lib/python3.8/site-packages (0.15.6)
Requirement already satisfied: python-dateutil in ./env/lib/python3.8/site-packages (from arrow==0.15.6) (2.8.1)
Requirement already satisfied: six>=1.5 in ./env/lib/python3.8/site-packages (from python-dateutil->arrow==0.15.6) (1.15.0)
WARNING: You are using pip version 19.2.3, however version 21.0.1 is available.
You should consider upgrading via the 'pip install --upgrade pip' command.
Requirement already satisfied: binaryornot==0.4.4 in ./env/lib/python3.8/site-packages (0.4.4)
Requirement already satisfied: chardet>=3.0.2 in ./env/lib/python3.8/site-packages (from binaryornot==0.4.4) (3.0.4)
WARNING: You are using pip version 19.2.3, however version 21.0.1 is available.
You should consider upgrading via the 'pip install --upgrade pip' command.
Requirement already satisfied: certifi==2020.4.5.2 in ./env/lib/python3.8/site-packages (2020.4.5.2)
WARNING: You are using pip version 19.2.3, however version 21.0.1 is available.
You should consider upgrading via the 'pip install --upgrade pip' command.
Requirement already satisfied: chardet==3.0.4 in ./env/lib/python3.8/site-packages (3.0.4)
WARNING: You are using pip version 19.2.3, however version 21.0.1 is available.
You should consider upgrading via the 'pip install --upgrade pip' command.
Requirement already satisfied: click==7.1.2 in ./env/lib/python3.8/site-packages (7.1.2)
WARNING: You are using pip version 19.2.3, however version 21.0.1 is available.
You should consider upgrading via the 'pip install --upgrade pip' command.

Usage:   
  pip install [options] <requirement specifier> [package-index-options] ...
  pip install [options] -r <requirements file> [package-index-options] ...
  pip install [options] [-e] <vcs project url> ...
  pip install [options] [-e] <local project path> ...
  pip install [options] <archive url/path> ...

-e option requires 1 argument
Requirement already satisfied: cookiecutter from git+https://github.com/cookiecutter/cookiecutter@5c282f020a8db7e5e7c4e7b51b010556ca31fb7f#egg=cookiecutter in ./env/lib/python3.8/site-packages (1.6.0)
Requirement already satisfied: future>=0.15.2 in ./env/lib/python3.8/site-packages (from cookiecutter) (0.18.2)
Requirement already satisfied: binaryornot>=0.2.0 in ./env/lib/python3.8/site-packages (from cookiecutter) (0.4.4)
Requirement already satisfied: jinja2>=2.7 in ./env/lib/python3.8/site-packages (from cookiecutter) (2.11.2)
Requirement already satisfied: click>=5.0 in ./env/lib/python3.8/site-packages (from cookiecutter) (7.1.2)
Requirement already satisfied: whichcraft>=0.4.0 in ./env/lib/python3.8/site-packages (from cookiecutter) (0.6.1)
Requirement already satisfied: poyo>=0.1.0 in ./env/lib/python3.8/site-packages (from cookiecutter) (0.5.0)
Requirement already satisfied: jinja2-time>=0.1.0 in ./env/lib/python3.8/site-packages (from cookiecutter) (0.2.0)
Requirement already satisfied: requests>=2.18.0 in ./env/lib/python3.8/site-packages (from cookiecutter) (2.23.0)
Requirement already satisfied: chardet>=3.0.2 in ./env/lib/python3.8/site-packages (from binaryornot>=0.2.0->cookiecutter) (3.0.4)
Requirement already satisfied: MarkupSafe>=0.23 in ./env/lib/python3.8/site-packages (from jinja2>=2.7->cookiecutter) (1.1.1)
Requirement already satisfied: arrow in ./env/lib/python3.8/site-packages (from jinja2-time>=0.1.0->cookiecutter) (0.15.6)
Requirement already satisfied: certifi>=2017.4.17 in ./env/lib/python3.8/site-packages (from requests>=2.18.0->cookiecutter) (2020.4.5.2)
Requirement already satisfied: idna<3,>=2.5 in ./env/lib/python3.8/site-packages (from requests>=2.18.0->cookiecutter) (2.9)
Requirement already satisfied: urllib3!=1.25.0,!=1.25.1,<1.26,>=1.21.1 in ./env/lib/python3.8/site-packages (from requests>=2.18.0->cookiecutter) (1.25.9)
Requirement already satisfied: python-dateutil in ./env/lib/python3.8/site-packages (from arrow->jinja2-time>=0.1.0->cookiecutter) (2.8.1)
Requirement already satisfied: six>=1.5 in ./env/lib/python3.8/site-packages (from python-dateutil->arrow->jinja2-time>=0.1.0->cookiecutter) (1.15.0)
WARNING: You are using pip version 19.2.3, however version 21.0.1 is available.
You should consider upgrading via the 'pip install --upgrade pip' command.
Collecting distlib==0.3.0
  Using cached https://files.pythonhosted.org/packages/7d/29/694a3a4d7c0e1aef76092e9167fbe372e0f7da055f5dcf4e1313ec21d96a/distlib-0.3.0.zip
Installing collected packages: distlib
  Found existing installation: distlib 0.3.1
    Uninstalling distlib-0.3.1:
      Successfully uninstalled distlib-0.3.1
  Running setup.py install for distlib: started
    Running setup.py install for distlib: finished with status 'done'
Successfully installed distlib-0.3.0
WARNING: You are using pip version 19.2.3, however version 21.0.1 is available.
You should consider upgrading via the 'pip install --upgrade pip' command.
Requirement already satisfied: filelock==3.0.12 in ./env/lib/python3.8/site-packages (3.0.12)
WARNING: You are using pip version 19.2.3, however version 21.0.1 is available.
You should consider upgrading via the 'pip install --upgrade pip' command.
Requirement already satisfied: idna==2.9 in ./env/lib/python3.8/site-packages (2.9)
WARNING: You are using pip version 19.2.3, however version 21.0.1 is available.
You should consider upgrading via the 'pip install --upgrade pip' command.
Requirement already satisfied: importlib-metadata==1.6.1 in ./env/lib/python3.8/site-packages (1.6.1)
Requirement already satisfied: zipp>=0.5 in ./env/lib/python3.8/site-packages (from importlib-metadata==1.6.1) (3.1.0)
WARNING: You are using pip version 19.2.3, however version 21.0.1 is available.
You should consider upgrading via the 'pip install --upgrade pip' command.
Requirement already satisfied: importlib-resources==2.0.1 in ./env/lib/python3.8/site-packages (2.0.1)
WARNING: You are using pip version 19.2.3, however version 21.0.1 is available.
You should consider upgrading via the 'pip install --upgrade pip' command.
Requirement already satisfied: Jinja2==2.11.2 in ./env/lib/python3.8/site-packages (2.11.2)
Requirement already satisfied: MarkupSafe>=0.23 in ./env/lib/python3.8/site-packages (from Jinja2==2.11.2) (1.1.1)
WARNING: You are using pip version 19.2.3, however version 21.0.1 is available.
You should consider upgrading via the 'pip install --upgrade pip' command.
Requirement already satisfied: jinja2-time==0.2.0 in ./env/lib/python3.8/site-packages (0.2.0)
Requirement already satisfied: jinja2 in ./env/lib/python3.8/site-packages (from jinja2-time==0.2.0) (2.11.2)
Requirement already satisfied: arrow in ./env/lib/python3.8/site-packages (from jinja2-time==0.2.0) (0.15.6)
Requirement already satisfied: MarkupSafe>=0.23 in ./env/lib/python3.8/site-packages (from jinja2->jinja2-time==0.2.0) (1.1.1)
Requirement already satisfied: python-dateutil in ./env/lib/python3.8/site-packages (from arrow->jinja2-time==0.2.0) (2.8.1)
Requirement already satisfied: six>=1.5 in ./env/lib/python3.8/site-packages (from python-dateutil->arrow->jinja2-time==0.2.0) (1.15.0)
WARNING: You are using pip version 19.2.3, however version 21.0.1 is available.
You should consider upgrading via the 'pip install --upgrade pip' command.
Requirement already satisfied: MarkupSafe==1.1.1 in ./env/lib/python3.8/site-packages (1.1.1)
WARNING: You are using pip version 19.2.3, however version 21.0.1 is available.
You should consider upgrading via the 'pip install --upgrade pip' command.
Requirement already satisfied: packaging==20.4 in ./env/lib/python3.8/site-packages (20.4)
Requirement already satisfied: pyparsing>=2.0.2 in ./env/lib/python3.8/site-packages (from packaging==20.4) (2.4.7)
Requirement already satisfied: six in ./env/lib/python3.8/site-packages (from packaging==20.4) (1.15.0)
WARNING: You are using pip version 19.2.3, however version 21.0.1 is available.
You should consider upgrading via the 'pip install --upgrade pip' command.
Collecting pkg-resources==0.0.0
  ERROR: Could not find a version that satisfies the requirement pkg-resources==0.0.0 (from versions: none)
ERROR: No matching distribution found for pkg-resources==0.0.0
WARNING: You are using pip version 19.2.3, however version 21.0.1 is available.
You should consider upgrading via the 'pip install --upgrade pip' command.
Requirement already satisfied: pluggy==0.13.1 in ./env/lib/python3.8/site-packages (0.13.1)
WARNING: You are using pip version 19.2.3, however version 21.0.1 is available.
You should consider upgrading via the 'pip install --upgrade pip' command.
Requirement already satisfied: poyo==0.5.0 in ./env/lib/python3.8/site-packages (0.5.0)
WARNING: You are using pip version 19.2.3, however version 21.0.1 is available.
You should consider upgrading via the 'pip install --upgrade pip' command.
Requirement already satisfied: py==1.8.1 in ./env/lib/python3.8/site-packages (1.8.1)
WARNING: You are using pip version 19.2.3, however version 21.0.1 is available.
You should consider upgrading via the 'pip install --upgrade pip' command.
Requirement already satisfied: pyparsing==2.4.7 in ./env/lib/python3.8/site-packages (2.4.7)
WARNING: You are using pip version 19.2.3, however version 21.0.1 is available.
You should consider upgrading via the 'pip install --upgrade pip' command.
Requirement already satisfied: python-dateutil==2.8.1 in ./env/lib/python3.8/site-packages (2.8.1)
Requirement already satisfied: six>=1.5 in ./env/lib/python3.8/site-packages (from python-dateutil==2.8.1) (1.15.0)
WARNING: You are using pip version 19.2.3, however version 21.0.1 is available.
You should consider upgrading via the 'pip install --upgrade pip' command.
Requirement already satisfied: python-slugify==4.0.0 in ./env/lib/python3.8/site-packages (4.0.0)
Requirement already satisfied: text-unidecode>=1.3 in ./env/lib/python3.8/site-packages (from python-slugify==4.0.0) (1.3)
WARNING: You are using pip version 19.2.3, however version 21.0.1 is available.
You should consider upgrading via the 'pip install --upgrade pip' command.
Requirement already satisfied: requests==2.23.0 in ./env/lib/python3.8/site-packages (2.23.0)
Requirement already satisfied: idna<3,>=2.5 in ./env/lib/python3.8/site-packages (from requests==2.23.0) (2.9)
Requirement already satisfied: certifi>=2017.4.17 in ./env/lib/python3.8/site-packages (from requests==2.23.0) (2020.4.5.2)
Requirement already satisfied: chardet<4,>=3.0.2 in ./env/lib/python3.8/site-packages (from requests==2.23.0) (3.0.4)
Requirement already satisfied: urllib3!=1.25.0,!=1.25.1,<1.26,>=1.21.1 in ./env/lib/python3.8/site-packages (from requests==2.23.0) (1.25.9)
WARNING: You are using pip version 19.2.3, however version 21.0.1 is available.
You should consider upgrading via the 'pip install --upgrade pip' command.
Requirement already satisfied: six==1.15.0 in ./env/lib/python3.8/site-packages (1.15.0)
WARNING: You are using pip version 19.2.3, however version 21.0.1 is available.
You should consider upgrading via the 'pip install --upgrade pip' command.
Requirement already satisfied: text-unidecode==1.3 in ./env/lib/python3.8/site-packages (1.3)
WARNING: You are using pip version 19.2.3, however version 21.0.1 is available.
You should consider upgrading via the 'pip install --upgrade pip' command.
Requirement already satisfied: toml==0.10.1 in ./env/lib/python3.8/site-packages (0.10.1)
WARNING: You are using pip version 19.2.3, however version 21.0.1 is available.
You should consider upgrading via the 'pip install --upgrade pip' command.
Requirement already satisfied: tox==3.15.2 in ./env/lib/python3.8/site-packages (3.15.2)
Requirement already satisfied: pluggy>=0.12.0 in ./env/lib/python3.8/site-packages (from tox==3.15.2) (0.13.1)
Requirement already satisfied: virtualenv!=20.0.0,!=20.0.1,!=20.0.2,!=20.0.3,!=20.0.4,!=20.0.5,!=20.0.6,!=20.0.7,>=16.0.0 in ./env/lib/python3.8/site-packages (from tox==3.15.2) (20.0.23)
Requirement already satisfied: six>=1.14.0 in ./env/lib/python3.8/site-packages (from tox==3.15.2) (1.15.0)
Requirement already satisfied: py>=1.4.17 in ./env/lib/python3.8/site-packages (from tox==3.15.2) (1.8.1)
Requirement already satisfied: packaging>=14 in ./env/lib/python3.8/site-packages (from tox==3.15.2) (20.4)
Requirement already satisfied: toml>=0.9.4 in ./env/lib/python3.8/site-packages (from tox==3.15.2) (0.10.1)
Requirement already satisfied: filelock>=3.0.0 in ./env/lib/python3.8/site-packages (from tox==3.15.2) (3.0.12)
Requirement already satisfied: distlib<1,>=0.3.0 in ./env/lib/python3.8/site-packages (from virtualenv!=20.0.0,!=20.0.1,!=20.0.2,!=20.0.3,!=20.0.4,!=20.0.5,!=20.0.6,!=20.0.7,>=16.0.0->tox==3.15.2) (0.3.0)
Requirement already satisfied: appdirs<2,>=1.4.3 in ./env/lib/python3.8/site-packages (from virtualenv!=20.0.0,!=20.0.1,!=20.0.2,!=20.0.3,!=20.0.4,!=20.0.5,!=20.0.6,!=20.0.7,>=16.0.0->tox==3.15.2) (1.4.4)
Requirement already satisfied: pyparsing>=2.0.2 in ./env/lib/python3.8/site-packages (from packaging>=14->tox==3.15.2) (2.4.7)
WARNING: You are using pip version 19.2.3, however version 21.0.1 is available.
You should consider upgrading via the 'pip install --upgrade pip' command.
Requirement already satisfied: urllib3==1.25.9 in ./env/lib/python3.8/site-packages (1.25.9)
WARNING: You are using pip version 19.2.3, however version 21.0.1 is available.
You should consider upgrading via the 'pip install --upgrade pip' command.
Requirement already satisfied: virtualenv==20.0.23 in ./env/lib/python3.8/site-packages (20.0.23)
Requirement already satisfied: appdirs<2,>=1.4.3 in ./env/lib/python3.8/site-packages (from virtualenv==20.0.23) (1.4.4)
Requirement already satisfied: six<2,>=1.9.0 in ./env/lib/python3.8/site-packages (from virtualenv==20.0.23) (1.15.0)
Requirement already satisfied: distlib<1,>=0.3.0 in ./env/lib/python3.8/site-packages (from virtualenv==20.0.23) (0.3.0)
Requirement already satisfied: filelock<4,>=3.0.0 in ./env/lib/python3.8/site-packages (from virtualenv==20.0.23) (3.0.12)
WARNING: You are using pip version 19.2.3, however version 21.0.1 is available.
You should consider upgrading via the 'pip install --upgrade pip' command.
Requirement already satisfied: zipp==3.1.0 in ./env/lib/python3.8/site-packages (3.1.0)
WARNING: You are using pip version 19.2.3, however version 21.0.1 is available.
You should consider upgrading via the 'pip install --upgrade pip' command.
tox tests/test_read_user_choice.py::test_click_invocation
RUN EVERY COMMAND
0


GLOB sdist-make: /home/sumukher/evals/BugsInPy/framework/bin/temp/cookiecutter/setup.py
lint recreate: /home/sumukher/evals/BugsInPy/framework/bin/temp/cookiecutter/.tox/lint
lint installdeps: pre-commit>=1.17.0
lint installed: appdirs==1.4.4,cfgv==3.2.0,distlib==0.3.1,filelock==3.0.12,identify==1.5.13,nodeenv==1.5.0,pre-commit==2.10.0,PyYAML==5.4.1,six==1.15.0,toml==0.10.2,virtualenv==20.4.2
lint run-test-pre: PYTHONHASHSEED='3872182267'
lint run-test: commands[0] | python -m pre_commit run tests/test_read_user_choice.py::test_click_invocation
[WARNING] Unstaged files detected.
[INFO] Stashing unstaged files to /home/sumukher/.cache/pre-commit/patch1612319291.
No hook with id `tests/test_read_user_choice.py::test_click_invocation` in stage `commit`
[INFO] Restored changes from /home/sumukher/.cache/pre-commit/patch1612319291.
ERROR: InvocationError for command /home/sumukher/evals/BugsInPy/framework/bin/temp/cookiecutter/.tox/lint/bin/python -m pre_commit run tests/test_read_user_choice.py::test_click_invocation (exited with code 1)
py27 create: /home/sumukher/evals/BugsInPy/framework/bin/temp/cookiecutter/.tox/py27
py27 installdeps: -rtest_requirements.txt
py27 inst: /home/sumukher/evals/BugsInPy/framework/bin/temp/cookiecutter/.tox/.tmp/package/1/cookiecutter-1.6.0.zip
py27 installed: DEPRECATION: Python 2.7 reached the end of its life on January 1st, 2020. Please upgrade your Python as Python 2.7 is no longer maintained. pip 21.0 will drop support for Python 2.7 in January 2021. More details about Python 2 support in pip, can be found at https://pip.pypa.io/en/latest/development/release-process/#python-2-support,arrow==0.17.0,atomicwrites==1.4.0,attrs==20.3.0,backports.functools-lru-cache==1.6.1,binaryornot==0.4.4,certifi==2020.12.5,chardet==4.0.0,click==7.1.2,configparser==4.0.2,contextlib2==0.6.0.post1,cookiecutter @ file:///home/sumukher/evals/BugsInPy/framework/bin/temp/cookiecutter/.tox/.tmp/package/1/cookiecutter-1.6.0.zip,coverage==5.4,freezegun==0.3.15,funcsigs==1.0.2,future==0.18.2,idna==2.10,importlib-metadata==2.1.1,Jinja2==2.11.3,jinja2-time==0.2.0,MarkupSafe==1.1.1,mock==3.0.5,more-itertools==5.0.0,packaging==20.9,pathlib2==2.3.5,pluggy==0.13.1,poyo==0.5.0,py==1.10.0,pyparsing==2.4.7,pytest==4.6.11,pytest-catchlog==1.2.2,pytest-cov==2.11.1,pytest-mock==2.0.0,python-dateutil==2.8.1,requests==2.25.1,scandir==1.10.0,six==1.15.0,urllib3==1.26.3,wcwidth==0.2.5,whichcraft==0.6.1,zipp==1.2.0
py27 run-test-pre: PYTHONHASHSEED='3872182267'
py27 run-test: commands[0] | pytest --cov=cookiecutter tests/test_read_user_choice.py::test_click_invocation
/home/sumukher/evals/BugsInPy/framework/bin/temp/cookiecutter/.tox/py27/lib/python2.7/site-packages/_pytest/config/__init__.py:323: PytestConfigWarning: pytest-catchlog plugin has been merged into the core, please remove it from your requirements.
  name.replace("_", "-")
============================= test session starts ==============================
platform linux2 -- Python 2.7.17, pytest-4.6.11, py-1.10.0, pluggy-0.13.1
cachedir: .tox/py27/.pytest_cache
rootdir: /home/sumukher/evals/BugsInPy/framework/bin/temp/cookiecutter, inifile: setup.cfg
plugins: cov-2.11.1, catchlog-1.2.2, mock-2.0.0
collected 4 items

tests/test_read_user_choice.py ....                                      [100%]

---------- coverage: platform linux2, python 2.7.17-final-0 ----------
Name                          Stmts   Miss  Cover
-------------------------------------------------
cookiecutter/__init__.py          2      0   100%
cookiecutter/__main__.py          3      3     0%
cookiecutter/cli.py              50     50     0%
cookiecutter/config.py           52     52     0%
cookiecutter/environment.py      21     13    38%
cookiecutter/exceptions.py       24      4    83%
cookiecutter/extensions.py        9      9     0%
cookiecutter/find.py             18     18     0%
cookiecutter/generate.py        166    166     0%
cookiecutter/hooks.py            61     61     0%
cookiecutter/log.py              22     22     0%
cookiecutter/main.py             31     31     0%
cookiecutter/prompt.py           90     63    30%
cookiecutter/replay.py           30     30     0%
cookiecutter/repository.py       39     39     0%
cookiecutter/utils.py            50     32    36%
cookiecutter/vcs.py              54     54     0%
cookiecutter/zipfile.py          61     61     0%
-------------------------------------------------
TOTAL                           783    708    10%


=========================== 4 passed in 0.17 seconds ===========================
py35 create: /home/sumukher/evals/BugsInPy/framework/bin/temp/cookiecutter/.tox/py35
ERROR: InterpreterNotFound: python3.5
py36 recreate: /home/sumukher/evals/BugsInPy/framework/bin/temp/cookiecutter/.tox/py36
py36 installdeps: -rtest_requirements.txt
py36 inst: /home/sumukher/evals/BugsInPy/framework/bin/temp/cookiecutter/.tox/.tmp/package/1/cookiecutter-1.6.0.zip
py36 installed: arrow==0.17.0,attrs==20.3.0,binaryornot==0.4.4,certifi==2020.12.5,chardet==4.0.0,click==7.1.2,cookiecutter @ file:///home/sumukher/evals/BugsInPy/framework/bin/temp/cookiecutter/.tox/.tmp/package/1/cookiecutter-1.6.0.zip,coverage==5.4,freezegun==1.1.0,future==0.18.2,idna==2.10,importlib-metadata==3.4.0,iniconfig==1.1.1,Jinja2==2.11.3,jinja2-time==0.2.0,MarkupSafe==1.1.1,packaging==20.9,pluggy==0.13.1,poyo==0.5.0,py==1.10.0,pyparsing==2.4.7,pytest==6.2.2,pytest-catchlog==1.2.2,pytest-cov==2.11.1,pytest-mock==3.5.1,python-dateutil==2.8.1,requests==2.25.1,six==1.15.0,toml==0.10.2,typing-extensions==3.7.4.3,urllib3==1.26.3,whichcraft==0.6.1,zipp==3.4.0
py36 run-test-pre: PYTHONHASHSEED='3872182267'
py36 run-test: commands[0] | pytest --cov=cookiecutter tests/test_read_user_choice.py::test_click_invocation
============================= test session starts ==============================
platform linux -- Python 3.6.9, pytest-6.2.2, py-1.10.0, pluggy-0.13.1
cachedir: .tox/py36/.pytest_cache
rootdir: /home/sumukher/evals/BugsInPy/framework/bin/temp/cookiecutter, configfile: setup.cfg
plugins: cov-2.11.1, catchlog-1.2.2, mock-3.5.1
collected 4 items

tests/test_read_user_choice.py ....                                      [100%]

=============================== warnings summary ===============================
.tox/py36/lib/python3.6/site-packages/past/builtins/misc.py:45
  /home/sumukher/evals/BugsInPy/framework/bin/temp/cookiecutter/.tox/py36/lib/python3.6/site-packages/past/builtins/misc.py:45: DeprecationWarning: the imp module is deprecated in favour of importlib; see the module's documentation for alternative uses
    from imp import reload

-- Docs: https://docs.pytest.org/en/stable/warnings.html

----------- coverage: platform linux, python 3.6.9-final-0 -----------
Name                          Stmts   Miss  Cover
-------------------------------------------------
cookiecutter/__init__.py          2      0   100%
cookiecutter/__main__.py          3      3     0%
cookiecutter/cli.py              50     50     0%
cookiecutter/config.py           52     52     0%
cookiecutter/environment.py      21     13    38%
cookiecutter/exceptions.py       24      4    83%
cookiecutter/extensions.py        9      9     0%
cookiecutter/find.py             18     18     0%
cookiecutter/generate.py        166    166     0%
cookiecutter/hooks.py            61     61     0%
cookiecutter/log.py              22     22     0%
cookiecutter/main.py             31     31     0%
cookiecutter/prompt.py           90     63    30%
cookiecutter/replay.py           30     30     0%
cookiecutter/repository.py       39     39     0%
cookiecutter/utils.py            50     32    36%
cookiecutter/vcs.py              54     54     0%
cookiecutter/zipfile.py          61     61     0%
-------------------------------------------------
TOTAL                           783    708    10%

========================= 4 passed, 1 warning in 0.10s =========================
/home/sumukher/evals/BugsInPy/framework/bin/temp/cookiecutter/.tox/py36/lib/python3.6/site-packages/_pytest/config/__init__.py:431: PytestConfigWarning: pytest-catchlog plugin has been merged into the core, please remove it from your requirements.
  name.replace("_", "-")
py37 recreate: /home/sumukher/evals/BugsInPy/framework/bin/temp/cookiecutter/.tox/py37
py37 installdeps: -rtest_requirements.txt
py37 inst: /home/sumukher/evals/BugsInPy/framework/bin/temp/cookiecutter/.tox/.tmp/package/1/cookiecutter-1.6.0.zip
py37 installed: arrow==0.17.0,attrs==20.3.0,binaryornot==0.4.4,certifi==2020.12.5,chardet==4.0.0,click==7.1.2,cookiecutter @ file:///home/sumukher/evals/BugsInPy/framework/bin/temp/cookiecutter/.tox/.tmp/package/1/cookiecutter-1.6.0.zip,coverage==5.4,freezegun==1.1.0,future==0.18.2,idna==2.10,importlib-metadata==3.4.0,iniconfig==1.1.1,Jinja2==2.11.3,jinja2-time==0.2.0,MarkupSafe==1.1.1,packaging==20.9,pluggy==0.13.1,poyo==0.5.0,py==1.10.0,pyparsing==2.4.7,pytest==6.2.2,pytest-catchlog==1.2.2,pytest-cov==2.11.1,pytest-mock==3.5.1,python-dateutil==2.8.1,requests==2.25.1,six==1.15.0,toml==0.10.2,typing-extensions==3.7.4.3,urllib3==1.26.3,whichcraft==0.6.1,zipp==3.4.0
py37 run-test-pre: PYTHONHASHSEED='3872182267'
py37 run-test: commands[0] | pytest --cov=cookiecutter tests/test_read_user_choice.py::test_click_invocation
============================= test session starts ==============================
platform linux -- Python 3.7.0, pytest-6.2.2, py-1.10.0, pluggy-0.13.1
cachedir: .tox/py37/.pytest_cache
rootdir: /home/sumukher/evals/BugsInPy/framework/bin/temp/cookiecutter, configfile: setup.cfg
plugins: cov-2.11.1, catchlog-1.2.2, mock-3.5.1
collected 4 items

tests/test_read_user_choice.py ....                                      [100%]

=============================== warnings summary ===============================
.tox/py37/lib/python3.7/site-packages/past/builtins/misc.py:45
  /home/sumukher/evals/BugsInPy/framework/bin/temp/cookiecutter/.tox/py37/lib/python3.7/site-packages/past/builtins/misc.py:45: DeprecationWarning: the imp module is deprecated in favour of importlib; see the module's documentation for alternative uses
    from imp import reload

-- Docs: https://docs.pytest.org/en/stable/warnings.html

----------- coverage: platform linux, python 3.7.0-final-0 -----------
Name                          Stmts   Miss  Cover
-------------------------------------------------
cookiecutter/__init__.py          2      0   100%
cookiecutter/__main__.py          3      3     0%
cookiecutter/cli.py              50     50     0%
cookiecutter/config.py           52     52     0%
cookiecutter/environment.py      21     13    38%
cookiecutter/exceptions.py       24      4    83%
cookiecutter/extensions.py        9      9     0%
cookiecutter/find.py             18     18     0%
cookiecutter/generate.py        166    166     0%
cookiecutter/hooks.py            61     61     0%
cookiecutter/log.py              22     22     0%
cookiecutter/main.py             31     31     0%
cookiecutter/prompt.py           90     63    30%
cookiecutter/replay.py           30     30     0%
cookiecutter/repository.py       39     39     0%
cookiecutter/utils.py            50     32    36%
cookiecutter/vcs.py              54     54     0%
cookiecutter/zipfile.py          61     61     0%
-------------------------------------------------
TOTAL                           783    708    10%

========================= 4 passed, 1 warning in 0.10s =========================
/home/sumukher/evals/BugsInPy/framework/bin/temp/cookiecutter/.tox/py37/lib/python3.7/site-packages/_pytest/config/__init__.py:431: PytestConfigWarning: pytest-catchlog plugin has been merged into the core, please remove it from your requirements.
  name.replace("_", "-")
pypy create: /home/sumukher/evals/BugsInPy/framework/bin/temp/cookiecutter/.tox/pypy
ERROR: InterpreterNotFound: pypy
___________________________________ summary ____________________________________
ERROR:   lint: commands failed
  py27: commands succeeded
ERROR:  py35: InterpreterNotFound: python3.5
  py36: commands succeeded
  py37: commands succeeded
ERROR:  pypy: InterpreterNotFound: pypy
