PROJECT_NAME: pandas
BUG_ID: 10
VERSION_ID: 1
WORK_DIR: /home/sumukher/evals/BugsInPy/framework/bin/temp
https://github.com/pandas-dev/pandas
github_url="https://github.com/pandas-dev/pandas"
status="OK"
fatal: destination path '/home/sumukher/evals/BugsInPy/framework/bin/temp/pandas' already exists and is not an empty directory.
HEAD is now at e1ee2b067 BUG: Fix Series.update ExtensionArray issue (#33984)
'/home/sumukher/evals/BugsInPy/framework/bin/temp/pandas/doc/source/whatsnew/v1.1.0.rst' -> '/home/sumukher/evals/BugsInPy/projects/pandas/bugs/10/v1.1.0.rst'
'/home/sumukher/evals/BugsInPy/framework/bin/temp/pandas/pandas/core/internals/blocks.py' -> '/home/sumukher/evals/BugsInPy/projects/pandas/bugs/10/blocks.py'
'/home/sumukher/evals/BugsInPy/framework/bin/temp/pandas/pandas/tests/series/methods/test_update.py' -> '/home/sumukher/evals/BugsInPy/projects/pandas/bugs/10/test_update.py'
'/home/sumukher/evals/BugsInPy/framework/bin/temp/pandas/pandas/tests/series/methods/test_update.py' -> '/home/sumukher/evals/BugsInPy/projects/pandas/bugs/10/test_update.py'
HEAD is now at de8ca7892 BUG: fix memory_usage method with deep of StringArray (#33985)
Removing bugsinpy_bug.info
Removing bugsinpy_compile_flag
Removing bugsinpy_patchfile.info
Removing bugsinpy_requirements.txt
Removing bugsinpy_run_test.sh
Removing bugsinpy_setup.sh
pip install cython
pip install numpy
python setup.py build_ext --inplace -j 0
dos2unix: converting file /home/sumukher/evals/BugsInPy/framework/bin/temp/pandas/bugsinpy_requirements.txt to Unix format...
Collecting atomicwrites==1.4.0
  Using cached https://files.pythonhosted.org/packages/2c/a0/da5f49008ec6e9a658dbf5d7310a4debd397bce0b4db03cf8a410066bb87/atomicwrites-1.4.0-py2.py3-none-any.whl
Installing collected packages: atomicwrites
Successfully installed atomicwrites-1.4.0
WARNING: You are using pip version 19.2.3, however version 21.0.1 is available.
You should consider upgrading via the 'pip install --upgrade pip' command.
Collecting attrs==19.3.0
  Using cached https://files.pythonhosted.org/packages/a2/db/4313ab3be961f7a763066401fb77f7748373b6094076ae2bda2806988af6/attrs-19.3.0-py2.py3-none-any.whl
Installing collected packages: attrs
Successfully installed attrs-19.3.0
WARNING: You are using pip version 19.2.3, however version 21.0.1 is available.
You should consider upgrading via the 'pip install --upgrade pip' command.
Collecting colorama==0.4.3
  Using cached https://files.pythonhosted.org/packages/c9/dc/45cdef1b4d119eb96316b3117e6d5708a08029992b2fee2c143c7a0a5cc5/colorama-0.4.3-py2.py3-none-any.whl
Installing collected packages: colorama
Successfully installed colorama-0.4.3
WARNING: You are using pip version 19.2.3, however version 21.0.1 is available.
You should consider upgrading via the 'pip install --upgrade pip' command.
Collecting cycler==0.10.0
  Using cached https://files.pythonhosted.org/packages/f7/d2/e07d3ebb2bd7af696440ce7e754c59dd546ffe1bbe732c8ab68b9c834e61/cycler-0.10.0-py2.py3-none-any.whl
Collecting six (from cycler==0.10.0)
  Using cached https://files.pythonhosted.org/packages/ee/ff/48bde5c0f013094d729fe4b0316ba2a24774b3ff1c52d924a8a4cb04078a/six-1.15.0-py2.py3-none-any.whl
Installing collected packages: six, cycler
Successfully installed cycler-0.10.0 six-1.15.0
WARNING: You are using pip version 19.2.3, however version 21.0.1 is available.
You should consider upgrading via the 'pip install --upgrade pip' command.
Collecting Cython==0.29.19
  Using cached https://files.pythonhosted.org/packages/c5/b9/5563cbab2507c4f0775c91223a1ec316e6da33a0d7cf4cef41c6d8eb58b8/Cython-0.29.19-cp38-cp38-manylinux1_x86_64.whl
Installing collected packages: Cython
Successfully installed Cython-0.29.19
WARNING: You are using pip version 19.2.3, however version 21.0.1 is available.
You should consider upgrading via the 'pip install --upgrade pip' command.
Collecting hypothesis==5.15.1
  Using cached https://files.pythonhosted.org/packages/65/76/653944bb7cd8e439568b92fe03bc66bd57cfdc9b864b6e2f33ab56c750d9/hypothesis-5.15.1-py3-none-any.whl
Collecting sortedcontainers<3.0.0,>=2.1.0 (from hypothesis==5.15.1)
  Using cached https://files.pythonhosted.org/packages/20/4d/a7046ae1a1a4cc4e9bbed194c387086f06b25038be596543d026946330c9/sortedcontainers-2.3.0-py2.py3-none-any.whl
Requirement already satisfied: attrs>=19.2.0 in ./env/lib/python3.8/site-packages (from hypothesis==5.15.1) (19.3.0)
Installing collected packages: sortedcontainers, hypothesis
Successfully installed hypothesis-5.15.1 sortedcontainers-2.3.0
WARNING: You are using pip version 19.2.3, however version 21.0.1 is available.
You should consider upgrading via the 'pip install --upgrade pip' command.
Collecting kiwisolver==1.2.0
  Using cached https://files.pythonhosted.org/packages/36/ac/c8627c214954b18b197f137ee96bc99e1cc31913d80d7ad59fbab3b05945/kiwisolver-1.2.0-cp38-cp38-manylinux1_x86_64.whl
Installing collected packages: kiwisolver
Successfully installed kiwisolver-1.2.0
WARNING: You are using pip version 19.2.3, however version 21.0.1 is available.
You should consider upgrading via the 'pip install --upgrade pip' command.
Collecting matplotlib==3.2.1
  Using cached https://files.pythonhosted.org/packages/01/9d/416ca5d453c776fa8db35d1bbfed65809e06ae021154f86c45d34f44ce39/matplotlib-3.2.1-cp38-cp38-manylinux1_x86_64.whl
Requirement already satisfied: kiwisolver>=1.0.1 in ./env/lib/python3.8/site-packages (from matplotlib==3.2.1) (1.2.0)
Requirement already satisfied: cycler>=0.10 in ./env/lib/python3.8/site-packages (from matplotlib==3.2.1) (0.10.0)
Collecting numpy>=1.11 (from matplotlib==3.2.1)
  Using cached https://files.pythonhosted.org/packages/ca/e5/8abad0d947199a7c66995c710fa8c9fb1de0af6239575f9129d75fa4e9ed/numpy-1.20.0-cp38-cp38-manylinux2010_x86_64.whl
Collecting pyparsing!=2.0.4,!=2.1.2,!=2.1.6,>=2.0.1 (from matplotlib==3.2.1)
  Using cached https://files.pythonhosted.org/packages/8a/bb/488841f56197b13700afd5658fc279a2025a39e22449b7cf29864669b15d/pyparsing-2.4.7-py2.py3-none-any.whl
Collecting python-dateutil>=2.1 (from matplotlib==3.2.1)
  Using cached https://files.pythonhosted.org/packages/d4/70/d60450c3dd48ef87586924207ae8907090de0b306af2bce5d134d78615cb/python_dateutil-2.8.1-py2.py3-none-any.whl
Requirement already satisfied: six in ./env/lib/python3.8/site-packages (from cycler>=0.10->matplotlib==3.2.1) (1.15.0)
Installing collected packages: numpy, pyparsing, python-dateutil, matplotlib
Successfully installed matplotlib-3.2.1 numpy-1.20.0 pyparsing-2.4.7 python-dateutil-2.8.1
WARNING: You are using pip version 19.2.3, however version 21.0.1 is available.
You should consider upgrading via the 'pip install --upgrade pip' command.
Collecting more-itertools==8.3.0
  Using cached https://files.pythonhosted.org/packages/06/b1/2dcadc4861c505a807d5c6d88928450fe5afcf352f205432572a10d74657/more_itertools-8.3.0-py3-none-any.whl
Installing collected packages: more-itertools
Successfully installed more-itertools-8.3.0
WARNING: You are using pip version 19.2.3, however version 21.0.1 is available.
You should consider upgrading via the 'pip install --upgrade pip' command.
Collecting numpy==1.18.4
  Using cached https://files.pythonhosted.org/packages/cf/5d/e8198f11dd73a91f7bde15ca88a2b78913fa2b416ae2dc2a6aeafcf4c63d/numpy-1.18.4-cp38-cp38-manylinux1_x86_64.whl
Installing collected packages: numpy
  Found existing installation: numpy 1.20.0
    Uninstalling numpy-1.20.0:
      Successfully uninstalled numpy-1.20.0
Successfully installed numpy-1.18.4
WARNING: You are using pip version 19.2.3, however version 21.0.1 is available.
You should consider upgrading via the 'pip install --upgrade pip' command.
Collecting packaging==20.4
  Using cached https://files.pythonhosted.org/packages/46/19/c5ab91b1b05cfe63cccd5cfc971db9214c6dd6ced54e33c30d5af1d2bc43/packaging-20.4-py2.py3-none-any.whl
Requirement already satisfied: pyparsing>=2.0.2 in ./env/lib/python3.8/site-packages (from packaging==20.4) (2.4.7)
Requirement already satisfied: six in ./env/lib/python3.8/site-packages (from packaging==20.4) (1.15.0)
Installing collected packages: packaging
Successfully installed packaging-20.4
WARNING: You are using pip version 19.2.3, however version 21.0.1 is available.
You should consider upgrading via the 'pip install --upgrade pip' command.

Usage:   
  pip install [options] <requirement specifier> [package-index-options] ...
  pip install [options] -r <requirements file> [package-index-options] ...
  pip install [options] [-e] <vcs project url> ...
  pip install [options] [-e] <local project path> ...
  pip install [options] <archive url/path> ...

-e option requires 1 argument
Collecting pandas from git+https://github.com/pandas-dev/pandas@de8ca78921fa6aa003a047a14ffaa03a5f3b86ac#egg=pandas
  Cloning https://github.com/pandas-dev/pandas (to revision de8ca78921fa6aa003a047a14ffaa03a5f3b86ac) to /tmp/pip-install-8a9gekdq/pandas
  Running command git clone -q https://github.com/pandas-dev/pandas /tmp/pip-install-8a9gekdq/pandas
  Running command git checkout -q de8ca78921fa6aa003a047a14ffaa03a5f3b86ac
  Installing build dependencies: started
  Installing build dependencies: still running...
  Installing build dependencies: finished with status 'done'
  Getting requirements to build wheel: started
  Getting requirements to build wheel: finished with status 'done'
    Preparing wheel metadata: started
    Preparing wheel metadata: finished with status 'done'
Requirement already satisfied: numpy>=1.15.4 in ./env/lib/python3.8/site-packages (from pandas) (1.18.4)
Requirement already satisfied: python-dateutil>=2.7.3 in ./env/lib/python3.8/site-packages (from pandas) (2.8.1)
Collecting pytz>=2017.2 (from pandas)
  Using cached https://files.pythonhosted.org/packages/70/94/784178ca5dd892a98f113cdd923372024dc04b8d40abe77ca76b5fb90ca6/pytz-2021.1-py2.py3-none-any.whl
Requirement already satisfied: six>=1.5 in ./env/lib/python3.8/site-packages (from python-dateutil>=2.7.3->pandas) (1.15.0)
Building wheels for collected packages: pandas
  Building wheel for pandas (PEP 517): started
  Building wheel for pandas (PEP 517): still running...
  Building wheel for pandas (PEP 517): still running...
  Building wheel for pandas (PEP 517): still running...
  Building wheel for pandas (PEP 517): still running...
  Building wheel for pandas (PEP 517): finished with status 'done'
  Created wheel for pandas: filename=pandas-1.1.0.dev0+1476.gde8ca7892-cp38-cp38-linux_x86_64.whl size=31454557 sha256=ef50150290605ee33bf450c7e091ed26f183acd1b237f3d61e7191162bf5b8a8
  Stored in directory: /tmp/pip-ephem-wheel-cache-ol23rlun/wheels/8d/9b/bf/d197ecd50d5a175f03a59b6436b2f6a9793ecc6186edca13ed
Successfully built pandas
Installing collected packages: pytz, pandas
Successfully installed pandas-1.1.0.dev0+1476.gde8ca7892 pytz-2021.1
WARNING: You are using pip version 19.2.3, however version 21.0.1 is available.
You should consider upgrading via the 'pip install --upgrade pip' command.
Collecting pluggy==0.13.1
  Using cached https://files.pythonhosted.org/packages/a0/28/85c7aa31b80d150b772fbe4a229487bc6644da9ccb7e427dd8cc60cb8a62/pluggy-0.13.1-py2.py3-none-any.whl
Installing collected packages: pluggy
Successfully installed pluggy-0.13.1
WARNING: You are using pip version 19.2.3, however version 21.0.1 is available.
You should consider upgrading via the 'pip install --upgrade pip' command.
Collecting py==1.8.1
  Using cached https://files.pythonhosted.org/packages/99/8d/21e1767c009211a62a8e3067280bfce76e89c9f876180308515942304d2d/py-1.8.1-py2.py3-none-any.whl
Installing collected packages: py
Successfully installed py-1.8.1
WARNING: You are using pip version 19.2.3, however version 21.0.1 is available.
You should consider upgrading via the 'pip install --upgrade pip' command.
Requirement already satisfied: pyparsing==2.4.7 in ./env/lib/python3.8/site-packages (2.4.7)
WARNING: You are using pip version 19.2.3, however version 21.0.1 is available.
You should consider upgrading via the 'pip install --upgrade pip' command.
Collecting pytest==5.4.2
  Using cached https://files.pythonhosted.org/packages/6c/f9/9f2b6c672c8f8bb87a4c1bd52c1b57213627b035305aad745d015b2a62ae/pytest-5.4.2-py3-none-any.whl
Requirement already satisfied: packaging in ./env/lib/python3.8/site-packages (from pytest==5.4.2) (20.4)
Requirement already satisfied: more-itertools>=4.0.0 in ./env/lib/python3.8/site-packages (from pytest==5.4.2) (8.3.0)
Requirement already satisfied: py>=1.5.0 in ./env/lib/python3.8/site-packages (from pytest==5.4.2) (1.8.1)
Requirement already satisfied: pluggy<1.0,>=0.12 in ./env/lib/python3.8/site-packages (from pytest==5.4.2) (0.13.1)
Requirement already satisfied: attrs>=17.4.0 in ./env/lib/python3.8/site-packages (from pytest==5.4.2) (19.3.0)
Collecting wcwidth (from pytest==5.4.2)
  Using cached https://files.pythonhosted.org/packages/59/7c/e39aca596badaf1b78e8f547c807b04dae603a433d3e7a7e04d67f2ef3e5/wcwidth-0.2.5-py2.py3-none-any.whl
Requirement already satisfied: pyparsing>=2.0.2 in ./env/lib/python3.8/site-packages (from packaging->pytest==5.4.2) (2.4.7)
Requirement already satisfied: six in ./env/lib/python3.8/site-packages (from packaging->pytest==5.4.2) (1.15.0)
Installing collected packages: wcwidth, pytest
Successfully installed pytest-5.4.2 wcwidth-0.2.5
WARNING: You are using pip version 19.2.3, however version 21.0.1 is available.
You should consider upgrading via the 'pip install --upgrade pip' command.
Requirement already satisfied: python-dateutil==2.8.1 in ./env/lib/python3.8/site-packages (2.8.1)
Requirement already satisfied: six>=1.5 in ./env/lib/python3.8/site-packages (from python-dateutil==2.8.1) (1.15.0)
WARNING: You are using pip version 19.2.3, however version 21.0.1 is available.
You should consider upgrading via the 'pip install --upgrade pip' command.
Collecting pytz==2020.1
  Using cached https://files.pythonhosted.org/packages/4f/a4/879454d49688e2fad93e59d7d4efda580b783c745fd2ec2a3adf87b0808d/pytz-2020.1-py2.py3-none-any.whl
Installing collected packages: pytz
  Found existing installation: pytz 2021.1
    Uninstalling pytz-2021.1:
      Successfully uninstalled pytz-2021.1
Successfully installed pytz-2020.1
WARNING: You are using pip version 19.2.3, however version 21.0.1 is available.
You should consider upgrading via the 'pip install --upgrade pip' command.
Requirement already satisfied: six==1.15.0 in ./env/lib/python3.8/site-packages (1.15.0)
WARNING: You are using pip version 19.2.3, however version 21.0.1 is available.
You should consider upgrading via the 'pip install --upgrade pip' command.
Collecting sortedcontainers==2.1.0
  Using cached https://files.pythonhosted.org/packages/13/f3/cf85f7c3a2dbd1a515d51e1f1676d971abe41bba6f4ab5443240d9a78e5b/sortedcontainers-2.1.0-py2.py3-none-any.whl
Installing collected packages: sortedcontainers
  Found existing installation: sortedcontainers 2.3.0
    Uninstalling sortedcontainers-2.3.0:
      Successfully uninstalled sortedcontainers-2.3.0
Successfully installed sortedcontainers-2.1.0
WARNING: You are using pip version 19.2.3, however version 21.0.1 is available.
You should consider upgrading via the 'pip install --upgrade pip' command.
Collecting wcwidth==0.1.9
  Using cached https://files.pythonhosted.org/packages/f6/d5/1ecdac957e3ea12c1b319fcdee8b6917ffaff8b4644d673c4d72d2f20b49/wcwidth-0.1.9-py2.py3-none-any.whl
Installing collected packages: wcwidth
  Found existing installation: wcwidth 0.2.5
    Uninstalling wcwidth-0.2.5:
      Successfully uninstalled wcwidth-0.2.5
Successfully installed wcwidth-0.1.9
WARNING: You are using pip version 19.2.3, however version 21.0.1 is available.
You should consider upgrading via the 'pip install --upgrade pip' command.
Requirement already satisfied: cython in ./env/lib/python3.8/site-packages (0.29.19)
WARNING: You are using pip version 19.2.3, however version 21.0.1 is available.
You should consider upgrading via the 'pip install --upgrade pip' command.
Requirement already satisfied: numpy in ./env/lib/python3.8/site-packages (1.18.4)
WARNING: You are using pip version 19.2.3, however version 21.0.1 is available.
You should consider upgrading via the 'pip install --upgrade pip' command.
Compiling pandas/_libs/algos.pyx because it changed.
Compiling pandas/_libs/groupby.pyx because it changed.
Compiling pandas/_libs/hashing.pyx because it changed.
Compiling pandas/_libs/hashtable.pyx because it changed.
Compiling pandas/_libs/index.pyx because it changed.
Compiling pandas/_libs/indexing.pyx because it changed.
Compiling pandas/_libs/internals.pyx because it changed.
Compiling pandas/_libs/interval.pyx because it changed.
Compiling pandas/_libs/join.pyx because it changed.
Compiling pandas/_libs/lib.pyx because it changed.
Compiling pandas/_libs/missing.pyx because it changed.
Compiling pandas/_libs/parsers.pyx because it changed.
Compiling pandas/_libs/reduction.pyx because it changed.
Compiling pandas/_libs/ops.pyx because it changed.
Compiling pandas/_libs/ops_dispatch.pyx because it changed.
Compiling pandas/_libs/properties.pyx because it changed.
Compiling pandas/_libs/reshape.pyx because it changed.
Compiling pandas/_libs/sparse.pyx because it changed.
Compiling pandas/_libs/tslib.pyx because it changed.
Compiling pandas/_libs/tslibs/c_timestamp.pyx because it changed.
Compiling pandas/_libs/tslibs/ccalendar.pyx because it changed.
Compiling pandas/_libs/tslibs/conversion.pyx because it changed.
Compiling pandas/_libs/tslibs/fields.pyx because it changed.
Compiling pandas/_libs/tslibs/frequencies.pyx because it changed.
Compiling pandas/_libs/tslibs/nattype.pyx because it changed.
Compiling pandas/_libs/tslibs/np_datetime.pyx because it changed.
Compiling pandas/_libs/tslibs/offsets.pyx because it changed.
Compiling pandas/_libs/tslibs/parsing.pyx because it changed.
Compiling pandas/_libs/tslibs/period.pyx because it changed.
Compiling pandas/_libs/tslibs/resolution.pyx because it changed.
Compiling pandas/_libs/tslibs/strptime.pyx because it changed.
Compiling pandas/_libs/tslibs/timedeltas.pyx because it changed.
Compiling pandas/_libs/tslibs/timestamps.pyx because it changed.
Compiling pandas/_libs/tslibs/timezones.pyx because it changed.
Compiling pandas/_libs/tslibs/tzconversion.pyx because it changed.
Compiling pandas/_libs/testing.pyx because it changed.
Compiling pandas/_libs/window/aggregations.pyx because it changed.
Compiling pandas/_libs/window/indexers.pyx because it changed.
Compiling pandas/_libs/writers.pyx because it changed.
Compiling pandas/io/sas/sas.pyx because it changed.
[ 1/40] Cythonizing pandas/_libs/algos.pyx
[ 2/40] Cythonizing pandas/_libs/groupby.pyx
[ 3/40] Cythonizing pandas/_libs/hashing.pyx
[ 4/40] Cythonizing pandas/_libs/hashtable.pyx
[ 5/40] Cythonizing pandas/_libs/index.pyx
[ 6/40] Cythonizing pandas/_libs/indexing.pyx
[ 7/40] Cythonizing pandas/_libs/internals.pyx
[ 8/40] Cythonizing pandas/_libs/interval.pyx
[ 9/40] Cythonizing pandas/_libs/join.pyx
[10/40] Cythonizing pandas/_libs/lib.pyx
[11/40] Cythonizing pandas/_libs/missing.pyx
[12/40] Cythonizing pandas/_libs/ops.pyx
[13/40] Cythonizing pandas/_libs/ops_dispatch.pyx
[14/40] Cythonizing pandas/_libs/parsers.pyx
[15/40] Cythonizing pandas/_libs/properties.pyx
[16/40] Cythonizing pandas/_libs/reduction.pyx
[17/40] Cythonizing pandas/_libs/reshape.pyx
[18/40] Cythonizing pandas/_libs/sparse.pyx
[19/40] Cythonizing pandas/_libs/testing.pyx
[20/40] Cythonizing pandas/_libs/tslib.pyx
[21/40] Cythonizing pandas/_libs/tslibs/c_timestamp.pyx
[22/40] Cythonizing pandas/_libs/tslibs/ccalendar.pyx
[23/40] Cythonizing pandas/_libs/tslibs/conversion.pyx
[24/40] Cythonizing pandas/_libs/tslibs/fields.pyx
[25/40] Cythonizing pandas/_libs/tslibs/frequencies.pyx
[26/40] Cythonizing pandas/_libs/tslibs/nattype.pyx
[27/40] Cythonizing pandas/_libs/tslibs/np_datetime.pyx
[28/40] Cythonizing pandas/_libs/tslibs/offsets.pyx
[29/40] Cythonizing pandas/_libs/tslibs/parsing.pyx
[30/40] Cythonizing pandas/_libs/tslibs/period.pyx
[31/40] Cythonizing pandas/_libs/tslibs/resolution.pyx
[32/40] Cythonizing pandas/_libs/tslibs/strptime.pyx
[33/40] Cythonizing pandas/_libs/tslibs/timedeltas.pyx
[34/40] Cythonizing pandas/_libs/tslibs/timestamps.pyx
[35/40] Cythonizing pandas/_libs/tslibs/timezones.pyx
[36/40] Cythonizing pandas/_libs/tslibs/tzconversion.pyx
[37/40] Cythonizing pandas/_libs/window/aggregations.pyx
[38/40] Cythonizing pandas/_libs/window/indexers.pyx
[39/40] Cythonizing pandas/_libs/writers.pyx
[40/40] Cythonizing pandas/io/sas/sas.pyx
running build_ext
building 'pandas._libs.algos' extension
gcc -pthread -Wno-unused-result -Wsign-compare -DNDEBUG -g -fwrapv -O3 -Wall -g -fstack-protector --param=ssp-buffer-size=4 -Wformat -Werror=format-security -fPIC -DNPY_NO_DEPRECATED_API=0 -I./pandas/_libs -Ipandas/_libs/src/klib -I/home/sumukher/evals/BugsInPy/framework/bin/temp/pandas/env/lib/python3.8/site-packages/numpy/core/include -I/home/sumukher/evals/BugsInPy/framework/bin/temp/pandas/env/include -I/opt/python/3.8.1/include/python3.8 -c pandas/_libs/algos.c -o build/temp.linux-x86_64-3.8/pandas/_libs/algos.o -Werror
gcc -pthread -shared -L/opt/python/3.8.1/lib -Wl,-rpath=/opt/python/3.8.1/lib -L/opt/python/3.8.1/lib -Wl,-rpath=/opt/python/3.8.1/lib build/temp.linux-x86_64-3.8/pandas/_libs/algos.o -L/opt/python/3.8.1/lib -o /home/sumukher/evals/BugsInPy/framework/bin/temp/pandas/pandas/_libs/algos.cpython-38-x86_64-linux-gnu.so
building 'pandas._libs.groupby' extension
gcc -pthread -Wno-unused-result -Wsign-compare -DNDEBUG -g -fwrapv -O3 -Wall -g -fstack-protector --param=ssp-buffer-size=4 -Wformat -Werror=format-security -fPIC -DNPY_NO_DEPRECATED_API=0 -I./pandas/_libs -I/home/sumukher/evals/BugsInPy/framework/bin/temp/pandas/env/lib/python3.8/site-packages/numpy/core/include -I/home/sumukher/evals/BugsInPy/framework/bin/temp/pandas/env/include -I/opt/python/3.8.1/include/python3.8 -c pandas/_libs/groupby.c -o build/temp.linux-x86_64-3.8/pandas/_libs/groupby.o -Werror
gcc -pthread -shared -L/opt/python/3.8.1/lib -Wl,-rpath=/opt/python/3.8.1/lib -L/opt/python/3.8.1/lib -Wl,-rpath=/opt/python/3.8.1/lib build/temp.linux-x86_64-3.8/pandas/_libs/groupby.o -L/opt/python/3.8.1/lib -o /home/sumukher/evals/BugsInPy/framework/bin/temp/pandas/pandas/_libs/groupby.cpython-38-x86_64-linux-gnu.so
building 'pandas._libs.hashing' extension
gcc -pthread -Wno-unused-result -Wsign-compare -DNDEBUG -g -fwrapv -O3 -Wall -g -fstack-protector --param=ssp-buffer-size=4 -Wformat -Werror=format-security -fPIC -DNPY_NO_DEPRECATED_API=0 -I./pandas/_libs -I/home/sumukher/evals/BugsInPy/framework/bin/temp/pandas/env/lib/python3.8/site-packages/numpy/core/include -I/home/sumukher/evals/BugsInPy/framework/bin/temp/pandas/env/include -I/opt/python/3.8.1/include/python3.8 -c pandas/_libs/hashing.c -o build/temp.linux-x86_64-3.8/pandas/_libs/hashing.o -Werror
gcc -pthread -shared -L/opt/python/3.8.1/lib -Wl,-rpath=/opt/python/3.8.1/lib -L/opt/python/3.8.1/lib -Wl,-rpath=/opt/python/3.8.1/lib build/temp.linux-x86_64-3.8/pandas/_libs/hashing.o -L/opt/python/3.8.1/lib -o /home/sumukher/evals/BugsInPy/framework/bin/temp/pandas/pandas/_libs/hashing.cpython-38-x86_64-linux-gnu.so
building 'pandas._libs.hashtable' extension
gcc -pthread -Wno-unused-result -Wsign-compare -DNDEBUG -g -fwrapv -O3 -Wall -g -fstack-protector --param=ssp-buffer-size=4 -Wformat -Werror=format-security -fPIC -DNPY_NO_DEPRECATED_API=0 -I./pandas/_libs -Ipandas/_libs/src/klib -I/home/sumukher/evals/BugsInPy/framework/bin/temp/pandas/env/lib/python3.8/site-packages/numpy/core/include -I/home/sumukher/evals/BugsInPy/framework/bin/temp/pandas/env/include -I/opt/python/3.8.1/include/python3.8 -c pandas/_libs/hashtable.c -o build/temp.linux-x86_64-3.8/pandas/_libs/hashtable.o -Werror
gcc -pthread -shared -L/opt/python/3.8.1/lib -Wl,-rpath=/opt/python/3.8.1/lib -L/opt/python/3.8.1/lib -Wl,-rpath=/opt/python/3.8.1/lib build/temp.linux-x86_64-3.8/pandas/_libs/hashtable.o -L/opt/python/3.8.1/lib -o /home/sumukher/evals/BugsInPy/framework/bin/temp/pandas/pandas/_libs/hashtable.cpython-38-x86_64-linux-gnu.so
building 'pandas._libs.index' extension
gcc -pthread -Wno-unused-result -Wsign-compare -DNDEBUG -g -fwrapv -O3 -Wall -g -fstack-protector --param=ssp-buffer-size=4 -Wformat -Werror=format-security -fPIC -DNPY_NO_DEPRECATED_API=0 -I./pandas/_libs -Ipandas/_libs/src/klib -I/home/sumukher/evals/BugsInPy/framework/bin/temp/pandas/env/lib/python3.8/site-packages/numpy/core/include -I/home/sumukher/evals/BugsInPy/framework/bin/temp/pandas/env/include -I/opt/python/3.8.1/include/python3.8 -c pandas/_libs/index.c -o build/temp.linux-x86_64-3.8/pandas/_libs/index.o -Werror
gcc -pthread -shared -L/opt/python/3.8.1/lib -Wl,-rpath=/opt/python/3.8.1/lib -L/opt/python/3.8.1/lib -Wl,-rpath=/opt/python/3.8.1/lib build/temp.linux-x86_64-3.8/pandas/_libs/index.o -L/opt/python/3.8.1/lib -o /home/sumukher/evals/BugsInPy/framework/bin/temp/pandas/pandas/_libs/index.cpython-38-x86_64-linux-gnu.so
building 'pandas._libs.indexing' extension
gcc -pthread -Wno-unused-result -Wsign-compare -DNDEBUG -g -fwrapv -O3 -Wall -g -fstack-protector --param=ssp-buffer-size=4 -Wformat -Werror=format-security -fPIC -DNPY_NO_DEPRECATED_API=0 -I/home/sumukher/evals/BugsInPy/framework/bin/temp/pandas/env/lib/python3.8/site-packages/numpy/core/include -I/home/sumukher/evals/BugsInPy/framework/bin/temp/pandas/env/include -I/opt/python/3.8.1/include/python3.8 -c pandas/_libs/indexing.c -o build/temp.linux-x86_64-3.8/pandas/_libs/indexing.o -Werror
gcc -pthread -shared -L/opt/python/3.8.1/lib -Wl,-rpath=/opt/python/3.8.1/lib -L/opt/python/3.8.1/lib -Wl,-rpath=/opt/python/3.8.1/lib build/temp.linux-x86_64-3.8/pandas/_libs/indexing.o -L/opt/python/3.8.1/lib -o /home/sumukher/evals/BugsInPy/framework/bin/temp/pandas/pandas/_libs/indexing.cpython-38-x86_64-linux-gnu.so
building 'pandas._libs.internals' extension
gcc -pthread -Wno-unused-result -Wsign-compare -DNDEBUG -g -fwrapv -O3 -Wall -g -fstack-protector --param=ssp-buffer-size=4 -Wformat -Werror=format-security -fPIC -DNPY_NO_DEPRECATED_API=0 -I/home/sumukher/evals/BugsInPy/framework/bin/temp/pandas/env/lib/python3.8/site-packages/numpy/core/include -I/home/sumukher/evals/BugsInPy/framework/bin/temp/pandas/env/include -I/opt/python/3.8.1/include/python3.8 -c pandas/_libs/internals.c -o build/temp.linux-x86_64-3.8/pandas/_libs/internals.o -Werror
gcc -pthread -shared -L/opt/python/3.8.1/lib -Wl,-rpath=/opt/python/3.8.1/lib -L/opt/python/3.8.1/lib -Wl,-rpath=/opt/python/3.8.1/lib build/temp.linux-x86_64-3.8/pandas/_libs/internals.o -L/opt/python/3.8.1/lib -o /home/sumukher/evals/BugsInPy/framework/bin/temp/pandas/pandas/_libs/internals.cpython-38-x86_64-linux-gnu.so
building 'pandas._libs.interval' extension
gcc -pthread -Wno-unused-result -Wsign-compare -DNDEBUG -g -fwrapv -O3 -Wall -g -fstack-protector --param=ssp-buffer-size=4 -Wformat -Werror=format-security -fPIC -DNPY_NO_DEPRECATED_API=0 -I./pandas/_libs -Ipandas/_libs/src/klib -I/home/sumukher/evals/BugsInPy/framework/bin/temp/pandas/env/lib/python3.8/site-packages/numpy/core/include -I/home/sumukher/evals/BugsInPy/framework/bin/temp/pandas/env/include -I/opt/python/3.8.1/include/python3.8 -c pandas/_libs/interval.c -o build/temp.linux-x86_64-3.8/pandas/_libs/interval.o -Werror
gcc -pthread -shared -L/opt/python/3.8.1/lib -Wl,-rpath=/opt/python/3.8.1/lib -L/opt/python/3.8.1/lib -Wl,-rpath=/opt/python/3.8.1/lib build/temp.linux-x86_64-3.8/pandas/_libs/interval.o -L/opt/python/3.8.1/lib -o /home/sumukher/evals/BugsInPy/framework/bin/temp/pandas/pandas/_libs/interval.cpython-38-x86_64-linux-gnu.so
building 'pandas._libs.join' extension
gcc -pthread -Wno-unused-result -Wsign-compare -DNDEBUG -g -fwrapv -O3 -Wall -g -fstack-protector --param=ssp-buffer-size=4 -Wformat -Werror=format-security -fPIC -DNPY_NO_DEPRECATED_API=0 -Ipandas/_libs/src/klib -I/home/sumukher/evals/BugsInPy/framework/bin/temp/pandas/env/lib/python3.8/site-packages/numpy/core/include -I/home/sumukher/evals/BugsInPy/framework/bin/temp/pandas/env/include -I/opt/python/3.8.1/include/python3.8 -c pandas/_libs/join.c -o build/temp.linux-x86_64-3.8/pandas/_libs/join.o -Werror
gcc -pthread -shared -L/opt/python/3.8.1/lib -Wl,-rpath=/opt/python/3.8.1/lib -L/opt/python/3.8.1/lib -Wl,-rpath=/opt/python/3.8.1/lib build/temp.linux-x86_64-3.8/pandas/_libs/join.o -L/opt/python/3.8.1/lib -o /home/sumukher/evals/BugsInPy/framework/bin/temp/pandas/pandas/_libs/join.cpython-38-x86_64-linux-gnu.so
building 'pandas._libs.lib' extension
gcc -pthread -Wno-unused-result -Wsign-compare -DNDEBUG -g -fwrapv -O3 -Wall -g -fstack-protector --param=ssp-buffer-size=4 -Wformat -Werror=format-security -fPIC -DNPY_NO_DEPRECATED_API=0 -Ipandas/_libs -I./pandas/_libs -I./pandas/_libs/tslibs -Ipandas/_libs/src/klib -I/home/sumukher/evals/BugsInPy/framework/bin/temp/pandas/env/lib/python3.8/site-packages/numpy/core/include -I/home/sumukher/evals/BugsInPy/framework/bin/temp/pandas/env/include -I/opt/python/3.8.1/include/python3.8 -c pandas/_libs/lib.c -o build/temp.linux-x86_64-3.8/pandas/_libs/lib.o -Werror
gcc -pthread -Wno-unused-result -Wsign-compare -DNDEBUG -g -fwrapv -O3 -Wall -g -fstack-protector --param=ssp-buffer-size=4 -Wformat -Werror=format-security -fPIC -DNPY_NO_DEPRECATED_API=0 -Ipandas/_libs -I./pandas/_libs -I./pandas/_libs/tslibs -Ipandas/_libs/src/klib -I/home/sumukher/evals/BugsInPy/framework/bin/temp/pandas/env/lib/python3.8/site-packages/numpy/core/include -I/home/sumukher/evals/BugsInPy/framework/bin/temp/pandas/env/include -I/opt/python/3.8.1/include/python3.8 -c pandas/_libs/src/parser/tokenizer.c -o build/temp.linux-x86_64-3.8/pandas/_libs/src/parser/tokenizer.o -Werror
gcc -pthread -shared -L/opt/python/3.8.1/lib -Wl,-rpath=/opt/python/3.8.1/lib -L/opt/python/3.8.1/lib -Wl,-rpath=/opt/python/3.8.1/lib build/temp.linux-x86_64-3.8/pandas/_libs/lib.o build/temp.linux-x86_64-3.8/pandas/_libs/src/parser/tokenizer.o -L/opt/python/3.8.1/lib -o /home/sumukher/evals/BugsInPy/framework/bin/temp/pandas/pandas/_libs/lib.cpython-38-x86_64-linux-gnu.so
building 'pandas._libs.missing' extension
gcc -pthread -Wno-unused-result -Wsign-compare -DNDEBUG -g -fwrapv -O3 -Wall -g -fstack-protector --param=ssp-buffer-size=4 -Wformat -Werror=format-security -fPIC -DNPY_NO_DEPRECATED_API=0 -I./pandas/_libs/tslibs -I./pandas/_libs -I/home/sumukher/evals/BugsInPy/framework/bin/temp/pandas/env/lib/python3.8/site-packages/numpy/core/include -I/home/sumukher/evals/BugsInPy/framework/bin/temp/pandas/env/include -I/opt/python/3.8.1/include/python3.8 -c pandas/_libs/missing.c -o build/temp.linux-x86_64-3.8/pandas/_libs/missing.o -Werror
gcc -pthread -shared -L/opt/python/3.8.1/lib -Wl,-rpath=/opt/python/3.8.1/lib -L/opt/python/3.8.1/lib -Wl,-rpath=/opt/python/3.8.1/lib build/temp.linux-x86_64-3.8/pandas/_libs/missing.o -L/opt/python/3.8.1/lib -o /home/sumukher/evals/BugsInPy/framework/bin/temp/pandas/pandas/_libs/missing.cpython-38-x86_64-linux-gnu.so
building 'pandas._libs.parsers' extension
gcc -pthread -Wno-unused-result -Wsign-compare -DNDEBUG -g -fwrapv -O3 -Wall -g -fstack-protector --param=ssp-buffer-size=4 -Wformat -Werror=format-security -fPIC -DNPY_NO_DEPRECATED_API=0 -I./pandas/_libs -Ipandas/_libs/src/klib -Ipandas/_libs/src -I/home/sumukher/evals/BugsInPy/framework/bin/temp/pandas/env/lib/python3.8/site-packages/numpy/core/include -I/home/sumukher/evals/BugsInPy/framework/bin/temp/pandas/env/include -I/opt/python/3.8.1/include/python3.8 -c pandas/_libs/parsers.c -o build/temp.linux-x86_64-3.8/pandas/_libs/parsers.o -Werror
gcc -pthread -Wno-unused-result -Wsign-compare -DNDEBUG -g -fwrapv -O3 -Wall -g -fstack-protector --param=ssp-buffer-size=4 -Wformat -Werror=format-security -fPIC -DNPY_NO_DEPRECATED_API=0 -I./pandas/_libs -Ipandas/_libs/src/klib -Ipandas/_libs/src -I/home/sumukher/evals/BugsInPy/framework/bin/temp/pandas/env/lib/python3.8/site-packages/numpy/core/include -I/home/sumukher/evals/BugsInPy/framework/bin/temp/pandas/env/include -I/opt/python/3.8.1/include/python3.8 -c pandas/_libs/src/parser/tokenizer.c -o build/temp.linux-x86_64-3.8/pandas/_libs/src/parser/tokenizer.o -Werror
gcc -pthread -Wno-unused-result -Wsign-compare -DNDEBUG -g -fwrapv -O3 -Wall -g -fstack-protector --param=ssp-buffer-size=4 -Wformat -Werror=format-security -fPIC -DNPY_NO_DEPRECATED_API=0 -I./pandas/_libs -Ipandas/_libs/src/klib -Ipandas/_libs/src -I/home/sumukher/evals/BugsInPy/framework/bin/temp/pandas/env/lib/python3.8/site-packages/numpy/core/include -I/home/sumukher/evals/BugsInPy/framework/bin/temp/pandas/env/include -I/opt/python/3.8.1/include/python3.8 -c pandas/_libs/src/parser/io.c -o build/temp.linux-x86_64-3.8/pandas/_libs/src/parser/io.o -Werror
gcc -pthread -shared -L/opt/python/3.8.1/lib -Wl,-rpath=/opt/python/3.8.1/lib -L/opt/python/3.8.1/lib -Wl,-rpath=/opt/python/3.8.1/lib build/temp.linux-x86_64-3.8/pandas/_libs/parsers.o build/temp.linux-x86_64-3.8/pandas/_libs/src/parser/tokenizer.o build/temp.linux-x86_64-3.8/pandas/_libs/src/parser/io.o -L/opt/python/3.8.1/lib -o /home/sumukher/evals/BugsInPy/framework/bin/temp/pandas/pandas/_libs/parsers.cpython-38-x86_64-linux-gnu.so
building 'pandas._libs.reduction' extension
gcc -pthread -Wno-unused-result -Wsign-compare -DNDEBUG -g -fwrapv -O3 -Wall -g -fstack-protector --param=ssp-buffer-size=4 -Wformat -Werror=format-security -fPIC -DNPY_NO_DEPRECATED_API=0 -I./pandas/_libs -I/home/sumukher/evals/BugsInPy/framework/bin/temp/pandas/env/lib/python3.8/site-packages/numpy/core/include -I/home/sumukher/evals/BugsInPy/framework/bin/temp/pandas/env/include -I/opt/python/3.8.1/include/python3.8 -c pandas/_libs/reduction.c -o build/temp.linux-x86_64-3.8/pandas/_libs/reduction.o -Werror
gcc -pthread -shared -L/opt/python/3.8.1/lib -Wl,-rpath=/opt/python/3.8.1/lib -L/opt/python/3.8.1/lib -Wl,-rpath=/opt/python/3.8.1/lib build/temp.linux-x86_64-3.8/pandas/_libs/reduction.o -L/opt/python/3.8.1/lib -o /home/sumukher/evals/BugsInPy/framework/bin/temp/pandas/pandas/_libs/reduction.cpython-38-x86_64-linux-gnu.so
building 'pandas._libs.ops' extension
gcc -pthread -Wno-unused-result -Wsign-compare -DNDEBUG -g -fwrapv -O3 -Wall -g -fstack-protector --param=ssp-buffer-size=4 -Wformat -Werror=format-security -fPIC -DNPY_NO_DEPRECATED_API=0 -I./pandas/_libs -I/home/sumukher/evals/BugsInPy/framework/bin/temp/pandas/env/lib/python3.8/site-packages/numpy/core/include -I/home/sumukher/evals/BugsInPy/framework/bin/temp/pandas/env/include -I/opt/python/3.8.1/include/python3.8 -c pandas/_libs/ops.c -o build/temp.linux-x86_64-3.8/pandas/_libs/ops.o -Werror
gcc -pthread -shared -L/opt/python/3.8.1/lib -Wl,-rpath=/opt/python/3.8.1/lib -L/opt/python/3.8.1/lib -Wl,-rpath=/opt/python/3.8.1/lib build/temp.linux-x86_64-3.8/pandas/_libs/ops.o -L/opt/python/3.8.1/lib -o /home/sumukher/evals/BugsInPy/framework/bin/temp/pandas/pandas/_libs/ops.cpython-38-x86_64-linux-gnu.so
building 'pandas._libs.ops_dispatch' extension
gcc -pthread -Wno-unused-result -Wsign-compare -DNDEBUG -g -fwrapv -O3 -Wall -g -fstack-protector --param=ssp-buffer-size=4 -Wformat -Werror=format-security -fPIC -DNPY_NO_DEPRECATED_API=0 -I/home/sumukher/evals/BugsInPy/framework/bin/temp/pandas/env/lib/python3.8/site-packages/numpy/core/include -I/home/sumukher/evals/BugsInPy/framework/bin/temp/pandas/env/include -I/opt/python/3.8.1/include/python3.8 -c pandas/_libs/ops_dispatch.c -o build/temp.linux-x86_64-3.8/pandas/_libs/ops_dispatch.o -Werror
gcc -pthread -shared -L/opt/python/3.8.1/lib -Wl,-rpath=/opt/python/3.8.1/lib -L/opt/python/3.8.1/lib -Wl,-rpath=/opt/python/3.8.1/lib build/temp.linux-x86_64-3.8/pandas/_libs/ops_dispatch.o -L/opt/python/3.8.1/lib -o /home/sumukher/evals/BugsInPy/framework/bin/temp/pandas/pandas/_libs/ops_dispatch.cpython-38-x86_64-linux-gnu.so
building 'pandas._libs.properties' extension
gcc -pthread -Wno-unused-result -Wsign-compare -DNDEBUG -g -fwrapv -O3 -Wall -g -fstack-protector --param=ssp-buffer-size=4 -Wformat -Werror=format-security -fPIC -DNPY_NO_DEPRECATED_API=0 -I/home/sumukher/evals/BugsInPy/framework/bin/temp/pandas/env/lib/python3.8/site-packages/numpy/core/include -I/home/sumukher/evals/BugsInPy/framework/bin/temp/pandas/env/include -I/opt/python/3.8.1/include/python3.8 -c pandas/_libs/properties.c -o build/temp.linux-x86_64-3.8/pandas/_libs/properties.o -Werror
gcc -pthread -shared -L/opt/python/3.8.1/lib -Wl,-rpath=/opt/python/3.8.1/lib -L/opt/python/3.8.1/lib -Wl,-rpath=/opt/python/3.8.1/lib build/temp.linux-x86_64-3.8/pandas/_libs/properties.o -L/opt/python/3.8.1/lib -o /home/sumukher/evals/BugsInPy/framework/bin/temp/pandas/pandas/_libs/properties.cpython-38-x86_64-linux-gnu.so
building 'pandas._libs.reshape' extension
gcc -pthread -Wno-unused-result -Wsign-compare -DNDEBUG -g -fwrapv -O3 -Wall -g -fstack-protector --param=ssp-buffer-size=4 -Wformat -Werror=format-security -fPIC -DNPY_NO_DEPRECATED_API=0 -I/home/sumukher/evals/BugsInPy/framework/bin/temp/pandas/env/lib/python3.8/site-packages/numpy/core/include -I/home/sumukher/evals/BugsInPy/framework/bin/temp/pandas/env/include -I/opt/python/3.8.1/include/python3.8 -c pandas/_libs/reshape.c -o build/temp.linux-x86_64-3.8/pandas/_libs/reshape.o -Werror
gcc -pthread -shared -L/opt/python/3.8.1/lib -Wl,-rpath=/opt/python/3.8.1/lib -L/opt/python/3.8.1/lib -Wl,-rpath=/opt/python/3.8.1/lib build/temp.linux-x86_64-3.8/pandas/_libs/reshape.o -L/opt/python/3.8.1/lib -o /home/sumukher/evals/BugsInPy/framework/bin/temp/pandas/pandas/_libs/reshape.cpython-38-x86_64-linux-gnu.so
building 'pandas._libs.sparse' extension
gcc -pthread -Wno-unused-result -Wsign-compare -DNDEBUG -g -fwrapv -O3 -Wall -g -fstack-protector --param=ssp-buffer-size=4 -Wformat -Werror=format-security -fPIC -DNPY_NO_DEPRECATED_API=0 -I/home/sumukher/evals/BugsInPy/framework/bin/temp/pandas/env/lib/python3.8/site-packages/numpy/core/include -I/home/sumukher/evals/BugsInPy/framework/bin/temp/pandas/env/include -I/opt/python/3.8.1/include/python3.8 -c pandas/_libs/sparse.c -o build/temp.linux-x86_64-3.8/pandas/_libs/sparse.o -Werror
gcc -pthread -shared -L/opt/python/3.8.1/lib -Wl,-rpath=/opt/python/3.8.1/lib -L/opt/python/3.8.1/lib -Wl,-rpath=/opt/python/3.8.1/lib build/temp.linux-x86_64-3.8/pandas/_libs/sparse.o -L/opt/python/3.8.1/lib -o /home/sumukher/evals/BugsInPy/framework/bin/temp/pandas/pandas/_libs/sparse.cpython-38-x86_64-linux-gnu.so
building 'pandas._libs.tslib' extension
gcc -pthread -Wno-unused-result -Wsign-compare -DNDEBUG -g -fwrapv -O3 -Wall -g -fstack-protector --param=ssp-buffer-size=4 -Wformat -Werror=format-security -fPIC -DNPY_NO_DEPRECATED_API=0 -I./pandas/_libs/tslibs -I./pandas/_libs -I/home/sumukher/evals/BugsInPy/framework/bin/temp/pandas/env/lib/python3.8/site-packages/numpy/core/include -I/home/sumukher/evals/BugsInPy/framework/bin/temp/pandas/env/include -I/opt/python/3.8.1/include/python3.8 -c pandas/_libs/tslib.c -o build/temp.linux-x86_64-3.8/pandas/_libs/tslib.o -Werror
gcc -pthread -shared -L/opt/python/3.8.1/lib -Wl,-rpath=/opt/python/3.8.1/lib -L/opt/python/3.8.1/lib -Wl,-rpath=/opt/python/3.8.1/lib build/temp.linux-x86_64-3.8/pandas/_libs/tslib.o -L/opt/python/3.8.1/lib -o /home/sumukher/evals/BugsInPy/framework/bin/temp/pandas/pandas/_libs/tslib.cpython-38-x86_64-linux-gnu.so
building 'pandas._libs.tslibs.c_timestamp' extension
gcc -pthread -Wno-unused-result -Wsign-compare -DNDEBUG -g -fwrapv -O3 -Wall -g -fstack-protector --param=ssp-buffer-size=4 -Wformat -Werror=format-security -fPIC -DNPY_NO_DEPRECATED_API=0 -I./pandas/_libs/tslibs -I/home/sumukher/evals/BugsInPy/framework/bin/temp/pandas/env/lib/python3.8/site-packages/numpy/core/include -I/home/sumukher/evals/BugsInPy/framework/bin/temp/pandas/env/include -I/opt/python/3.8.1/include/python3.8 -c pandas/_libs/tslibs/c_timestamp.c -o build/temp.linux-x86_64-3.8/pandas/_libs/tslibs/c_timestamp.o -Werror
gcc -pthread -shared -L/opt/python/3.8.1/lib -Wl,-rpath=/opt/python/3.8.1/lib -L/opt/python/3.8.1/lib -Wl,-rpath=/opt/python/3.8.1/lib build/temp.linux-x86_64-3.8/pandas/_libs/tslibs/c_timestamp.o -L/opt/python/3.8.1/lib -o /home/sumukher/evals/BugsInPy/framework/bin/temp/pandas/pandas/_libs/tslibs/c_timestamp.cpython-38-x86_64-linux-gnu.so
building 'pandas._libs.tslibs.ccalendar' extension
gcc -pthread -Wno-unused-result -Wsign-compare -DNDEBUG -g -fwrapv -O3 -Wall -g -fstack-protector --param=ssp-buffer-size=4 -Wformat -Werror=format-security -fPIC -DNPY_NO_DEPRECATED_API=0 -I/home/sumukher/evals/BugsInPy/framework/bin/temp/pandas/env/lib/python3.8/site-packages/numpy/core/include -I/home/sumukher/evals/BugsInPy/framework/bin/temp/pandas/env/include -I/opt/python/3.8.1/include/python3.8 -c pandas/_libs/tslibs/ccalendar.c -o build/temp.linux-x86_64-3.8/pandas/_libs/tslibs/ccalendar.o -Werror
gcc -pthread -shared -L/opt/python/3.8.1/lib -Wl,-rpath=/opt/python/3.8.1/lib -L/opt/python/3.8.1/lib -Wl,-rpath=/opt/python/3.8.1/lib build/temp.linux-x86_64-3.8/pandas/_libs/tslibs/ccalendar.o -L/opt/python/3.8.1/lib -o /home/sumukher/evals/BugsInPy/framework/bin/temp/pandas/pandas/_libs/tslibs/ccalendar.cpython-38-x86_64-linux-gnu.so
building 'pandas._libs.tslibs.conversion' extension
gcc -pthread -Wno-unused-result -Wsign-compare -DNDEBUG -g -fwrapv -O3 -Wall -g -fstack-protector --param=ssp-buffer-size=4 -Wformat -Werror=format-security -fPIC -DNPY_NO_DEPRECATED_API=0 -I./pandas/_libs/tslibs -I/home/sumukher/evals/BugsInPy/framework/bin/temp/pandas/env/lib/python3.8/site-packages/numpy/core/include -I/home/sumukher/evals/BugsInPy/framework/bin/temp/pandas/env/include -I/opt/python/3.8.1/include/python3.8 -c pandas/_libs/tslibs/conversion.c -o build/temp.linux-x86_64-3.8/pandas/_libs/tslibs/conversion.o -Werror
gcc -pthread -Wno-unused-result -Wsign-compare -DNDEBUG -g -fwrapv -O3 -Wall -g -fstack-protector --param=ssp-buffer-size=4 -Wformat -Werror=format-security -fPIC -DNPY_NO_DEPRECATED_API=0 -I./pandas/_libs/tslibs -I/home/sumukher/evals/BugsInPy/framework/bin/temp/pandas/env/lib/python3.8/site-packages/numpy/core/include -I/home/sumukher/evals/BugsInPy/framework/bin/temp/pandas/env/include -I/opt/python/3.8.1/include/python3.8 -c pandas/_libs/tslibs/src/datetime/np_datetime.c -o build/temp.linux-x86_64-3.8/pandas/_libs/tslibs/src/datetime/np_datetime.o -Werror
gcc -pthread -shared -L/opt/python/3.8.1/lib -Wl,-rpath=/opt/python/3.8.1/lib -L/opt/python/3.8.1/lib -Wl,-rpath=/opt/python/3.8.1/lib build/temp.linux-x86_64-3.8/pandas/_libs/tslibs/conversion.o build/temp.linux-x86_64-3.8/pandas/_libs/tslibs/src/datetime/np_datetime.o -L/opt/python/3.8.1/lib -o /home/sumukher/evals/BugsInPy/framework/bin/temp/pandas/pandas/_libs/tslibs/conversion.cpython-38-x86_64-linux-gnu.so
building 'pandas._libs.tslibs.fields' extension
gcc -pthread -Wno-unused-result -Wsign-compare -DNDEBUG -g -fwrapv -O3 -Wall -g -fstack-protector --param=ssp-buffer-size=4 -Wformat -Werror=format-security -fPIC -DNPY_NO_DEPRECATED_API=0 -I./pandas/_libs/tslibs -I/home/sumukher/evals/BugsInPy/framework/bin/temp/pandas/env/lib/python3.8/site-packages/numpy/core/include -I/home/sumukher/evals/BugsInPy/framework/bin/temp/pandas/env/include -I/opt/python/3.8.1/include/python3.8 -c pandas/_libs/tslibs/fields.c -o build/temp.linux-x86_64-3.8/pandas/_libs/tslibs/fields.o -Werror
gcc -pthread -shared -L/opt/python/3.8.1/lib -Wl,-rpath=/opt/python/3.8.1/lib -L/opt/python/3.8.1/lib -Wl,-rpath=/opt/python/3.8.1/lib build/temp.linux-x86_64-3.8/pandas/_libs/tslibs/fields.o -L/opt/python/3.8.1/lib -o /home/sumukher/evals/BugsInPy/framework/bin/temp/pandas/pandas/_libs/tslibs/fields.cpython-38-x86_64-linux-gnu.so
building 'pandas._libs.tslibs.frequencies' extension
gcc -pthread -Wno-unused-result -Wsign-compare -DNDEBUG -g -fwrapv -O3 -Wall -g -fstack-protector --param=ssp-buffer-size=4 -Wformat -Werror=format-security -fPIC -DNPY_NO_DEPRECATED_API=0 -I/home/sumukher/evals/BugsInPy/framework/bin/temp/pandas/env/lib/python3.8/site-packages/numpy/core/include -I/home/sumukher/evals/BugsInPy/framework/bin/temp/pandas/env/include -I/opt/python/3.8.1/include/python3.8 -c pandas/_libs/tslibs/frequencies.c -o build/temp.linux-x86_64-3.8/pandas/_libs/tslibs/frequencies.o -Werror
gcc -pthread -shared -L/opt/python/3.8.1/lib -Wl,-rpath=/opt/python/3.8.1/lib -L/opt/python/3.8.1/lib -Wl,-rpath=/opt/python/3.8.1/lib build/temp.linux-x86_64-3.8/pandas/_libs/tslibs/frequencies.o -L/opt/python/3.8.1/lib -o /home/sumukher/evals/BugsInPy/framework/bin/temp/pandas/pandas/_libs/tslibs/frequencies.cpython-38-x86_64-linux-gnu.so
building 'pandas._libs.tslibs.nattype' extension
gcc -pthread -Wno-unused-result -Wsign-compare -DNDEBUG -g -fwrapv -O3 -Wall -g -fstack-protector --param=ssp-buffer-size=4 -Wformat -Werror=format-security -fPIC -DNPY_NO_DEPRECATED_API=0 -I./pandas/_libs/tslibs -I/home/sumukher/evals/BugsInPy/framework/bin/temp/pandas/env/lib/python3.8/site-packages/numpy/core/include -I/home/sumukher/evals/BugsInPy/framework/bin/temp/pandas/env/include -I/opt/python/3.8.1/include/python3.8 -c pandas/_libs/tslibs/nattype.c -o build/temp.linux-x86_64-3.8/pandas/_libs/tslibs/nattype.o -Werror
gcc -pthread -shared -L/opt/python/3.8.1/lib -Wl,-rpath=/opt/python/3.8.1/lib -L/opt/python/3.8.1/lib -Wl,-rpath=/opt/python/3.8.1/lib build/temp.linux-x86_64-3.8/pandas/_libs/tslibs/nattype.o -L/opt/python/3.8.1/lib -o /home/sumukher/evals/BugsInPy/framework/bin/temp/pandas/pandas/_libs/tslibs/nattype.cpython-38-x86_64-linux-gnu.so
building 'pandas._libs.tslibs.np_datetime' extension
gcc -pthread -Wno-unused-result -Wsign-compare -DNDEBUG -g -fwrapv -O3 -Wall -g -fstack-protector --param=ssp-buffer-size=4 -Wformat -Werror=format-security -fPIC -DNPY_NO_DEPRECATED_API=0 -Ipandas/_libs/tslibs -I./pandas/_libs/tslibs -I/home/sumukher/evals/BugsInPy/framework/bin/temp/pandas/env/lib/python3.8/site-packages/numpy/core/include -I/home/sumukher/evals/BugsInPy/framework/bin/temp/pandas/env/include -I/opt/python/3.8.1/include/python3.8 -c pandas/_libs/tslibs/np_datetime.c -o build/temp.linux-x86_64-3.8/pandas/_libs/tslibs/np_datetime.o -Werror
gcc -pthread -Wno-unused-result -Wsign-compare -DNDEBUG -g -fwrapv -O3 -Wall -g -fstack-protector --param=ssp-buffer-size=4 -Wformat -Werror=format-security -fPIC -DNPY_NO_DEPRECATED_API=0 -Ipandas/_libs/tslibs -I./pandas/_libs/tslibs -I/home/sumukher/evals/BugsInPy/framework/bin/temp/pandas/env/lib/python3.8/site-packages/numpy/core/include -I/home/sumukher/evals/BugsInPy/framework/bin/temp/pandas/env/include -I/opt/python/3.8.1/include/python3.8 -c pandas/_libs/tslibs/src/datetime/np_datetime.c -o build/temp.linux-x86_64-3.8/pandas/_libs/tslibs/src/datetime/np_datetime.o -Werror
gcc -pthread -Wno-unused-result -Wsign-compare -DNDEBUG -g -fwrapv -O3 -Wall -g -fstack-protector --param=ssp-buffer-size=4 -Wformat -Werror=format-security -fPIC -DNPY_NO_DEPRECATED_API=0 -Ipandas/_libs/tslibs -I./pandas/_libs/tslibs -I/home/sumukher/evals/BugsInPy/framework/bin/temp/pandas/env/lib/python3.8/site-packages/numpy/core/include -I/home/sumukher/evals/BugsInPy/framework/bin/temp/pandas/env/include -I/opt/python/3.8.1/include/python3.8 -c pandas/_libs/tslibs/src/datetime/np_datetime_strings.c -o build/temp.linux-x86_64-3.8/pandas/_libs/tslibs/src/datetime/np_datetime_strings.o -Werror
gcc -pthread -shared -L/opt/python/3.8.1/lib -Wl,-rpath=/opt/python/3.8.1/lib -L/opt/python/3.8.1/lib -Wl,-rpath=/opt/python/3.8.1/lib build/temp.linux-x86_64-3.8/pandas/_libs/tslibs/np_datetime.o build/temp.linux-x86_64-3.8/pandas/_libs/tslibs/src/datetime/np_datetime.o build/temp.linux-x86_64-3.8/pandas/_libs/tslibs/src/datetime/np_datetime_strings.o -L/opt/python/3.8.1/lib -o /home/sumukher/evals/BugsInPy/framework/bin/temp/pandas/pandas/_libs/tslibs/np_datetime.cpython-38-x86_64-linux-gnu.so
building 'pandas._libs.tslibs.offsets' extension
gcc -pthread -Wno-unused-result -Wsign-compare -DNDEBUG -g -fwrapv -O3 -Wall -g -fstack-protector --param=ssp-buffer-size=4 -Wformat -Werror=format-security -fPIC -DNPY_NO_DEPRECATED_API=0 -I./pandas/_libs/tslibs -Ipandas/_libs/tslibs -I/home/sumukher/evals/BugsInPy/framework/bin/temp/pandas/env/lib/python3.8/site-packages/numpy/core/include -I/home/sumukher/evals/BugsInPy/framework/bin/temp/pandas/env/include -I/opt/python/3.8.1/include/python3.8 -c pandas/_libs/tslibs/offsets.c -o build/temp.linux-x86_64-3.8/pandas/_libs/tslibs/offsets.o -Werror
gcc -pthread -shared -L/opt/python/3.8.1/lib -Wl,-rpath=/opt/python/3.8.1/lib -L/opt/python/3.8.1/lib -Wl,-rpath=/opt/python/3.8.1/lib build/temp.linux-x86_64-3.8/pandas/_libs/tslibs/offsets.o -L/opt/python/3.8.1/lib -o /home/sumukher/evals/BugsInPy/framework/bin/temp/pandas/pandas/_libs/tslibs/offsets.cpython-38-x86_64-linux-gnu.so
building 'pandas._libs.tslibs.parsing' extension
gcc -pthread -Wno-unused-result -Wsign-compare -DNDEBUG -g -fwrapv -O3 -Wall -g -fstack-protector --param=ssp-buffer-size=4 -Wformat -Werror=format-security -fPIC -DNPY_NO_DEPRECATED_API=0 -Ipandas/_libs/tslibs -Ipandas/_libs/src/klib -I/home/sumukher/evals/BugsInPy/framework/bin/temp/pandas/env/lib/python3.8/site-packages/numpy/core/include -I/home/sumukher/evals/BugsInPy/framework/bin/temp/pandas/env/include -I/opt/python/3.8.1/include/python3.8 -c pandas/_libs/tslibs/parsing.c -o build/temp.linux-x86_64-3.8/pandas/_libs/tslibs/parsing.o -Werror
gcc -pthread -Wno-unused-result -Wsign-compare -DNDEBUG -g -fwrapv -O3 -Wall -g -fstack-protector --param=ssp-buffer-size=4 -Wformat -Werror=format-security -fPIC -DNPY_NO_DEPRECATED_API=0 -Ipandas/_libs/tslibs -Ipandas/_libs/src/klib -I/home/sumukher/evals/BugsInPy/framework/bin/temp/pandas/env/lib/python3.8/site-packages/numpy/core/include -I/home/sumukher/evals/BugsInPy/framework/bin/temp/pandas/env/include -I/opt/python/3.8.1/include/python3.8 -c pandas/_libs/src/parser/tokenizer.c -o build/temp.linux-x86_64-3.8/pandas/_libs/src/parser/tokenizer.o -Werror
gcc -pthread -shared -L/opt/python/3.8.1/lib -Wl,-rpath=/opt/python/3.8.1/lib -L/opt/python/3.8.1/lib -Wl,-rpath=/opt/python/3.8.1/lib build/temp.linux-x86_64-3.8/pandas/_libs/tslibs/parsing.o build/temp.linux-x86_64-3.8/pandas/_libs/src/parser/tokenizer.o -L/opt/python/3.8.1/lib -o /home/sumukher/evals/BugsInPy/framework/bin/temp/pandas/pandas/_libs/tslibs/parsing.cpython-38-x86_64-linux-gnu.so
building 'pandas._libs.tslibs.period' extension
gcc -pthread -Wno-unused-result -Wsign-compare -DNDEBUG -g -fwrapv -O3 -Wall -g -fstack-protector --param=ssp-buffer-size=4 -Wformat -Werror=format-security -fPIC -DNPY_NO_DEPRECATED_API=0 -Ipandas/_libs/tslibs -I./pandas/_libs/tslibs -I/home/sumukher/evals/BugsInPy/framework/bin/temp/pandas/env/lib/python3.8/site-packages/numpy/core/include -I/home/sumukher/evals/BugsInPy/framework/bin/temp/pandas/env/include -I/opt/python/3.8.1/include/python3.8 -c pandas/_libs/tslibs/period.c -o build/temp.linux-x86_64-3.8/pandas/_libs/tslibs/period.o -Werror
gcc -pthread -Wno-unused-result -Wsign-compare -DNDEBUG -g -fwrapv -O3 -Wall -g -fstack-protector --param=ssp-buffer-size=4 -Wformat -Werror=format-security -fPIC -DNPY_NO_DEPRECATED_API=0 -Ipandas/_libs/tslibs -I./pandas/_libs/tslibs -I/home/sumukher/evals/BugsInPy/framework/bin/temp/pandas/env/lib/python3.8/site-packages/numpy/core/include -I/home/sumukher/evals/BugsInPy/framework/bin/temp/pandas/env/include -I/opt/python/3.8.1/include/python3.8 -c pandas/_libs/tslibs/src/datetime/np_datetime.c -o build/temp.linux-x86_64-3.8/pandas/_libs/tslibs/src/datetime/np_datetime.o -Werror
gcc -pthread -shared -L/opt/python/3.8.1/lib -Wl,-rpath=/opt/python/3.8.1/lib -L/opt/python/3.8.1/lib -Wl,-rpath=/opt/python/3.8.1/lib build/temp.linux-x86_64-3.8/pandas/_libs/tslibs/period.o build/temp.linux-x86_64-3.8/pandas/_libs/tslibs/src/datetime/np_datetime.o -L/opt/python/3.8.1/lib -o /home/sumukher/evals/BugsInPy/framework/bin/temp/pandas/pandas/_libs/tslibs/period.cpython-38-x86_64-linux-gnu.so
building 'pandas._libs.tslibs.resolution' extension
gcc -pthread -Wno-unused-result -Wsign-compare -DNDEBUG -g -fwrapv -O3 -Wall -g -fstack-protector --param=ssp-buffer-size=4 -Wformat -Werror=format-security -fPIC -DNPY_NO_DEPRECATED_API=0 -I./pandas/_libs/tslibs -Ipandas/_libs/tslibs -I/home/sumukher/evals/BugsInPy/framework/bin/temp/pandas/env/lib/python3.8/site-packages/numpy/core/include -I/home/sumukher/evals/BugsInPy/framework/bin/temp/pandas/env/include -I/opt/python/3.8.1/include/python3.8 -c pandas/_libs/tslibs/resolution.c -o build/temp.linux-x86_64-3.8/pandas/_libs/tslibs/resolution.o -Werror
gcc -pthread -shared -L/opt/python/3.8.1/lib -Wl,-rpath=/opt/python/3.8.1/lib -L/opt/python/3.8.1/lib -Wl,-rpath=/opt/python/3.8.1/lib build/temp.linux-x86_64-3.8/pandas/_libs/tslibs/resolution.o -L/opt/python/3.8.1/lib -o /home/sumukher/evals/BugsInPy/framework/bin/temp/pandas/pandas/_libs/tslibs/resolution.cpython-38-x86_64-linux-gnu.so
building 'pandas._libs.tslibs.strptime' extension
gcc -pthread -Wno-unused-result -Wsign-compare -DNDEBUG -g -fwrapv -O3 -Wall -g -fstack-protector --param=ssp-buffer-size=4 -Wformat -Werror=format-security -fPIC -DNPY_NO_DEPRECATED_API=0 -I./pandas/_libs/tslibs -Ipandas/_libs/tslibs -I/home/sumukher/evals/BugsInPy/framework/bin/temp/pandas/env/lib/python3.8/site-packages/numpy/core/include -I/home/sumukher/evals/BugsInPy/framework/bin/temp/pandas/env/include -I/opt/python/3.8.1/include/python3.8 -c pandas/_libs/tslibs/strptime.c -o build/temp.linux-x86_64-3.8/pandas/_libs/tslibs/strptime.o -Werror
gcc -pthread -shared -L/opt/python/3.8.1/lib -Wl,-rpath=/opt/python/3.8.1/lib -L/opt/python/3.8.1/lib -Wl,-rpath=/opt/python/3.8.1/lib build/temp.linux-x86_64-3.8/pandas/_libs/tslibs/strptime.o -L/opt/python/3.8.1/lib -o /home/sumukher/evals/BugsInPy/framework/bin/temp/pandas/pandas/_libs/tslibs/strptime.cpython-38-x86_64-linux-gnu.so
building 'pandas._libs.tslibs.timedeltas' extension
gcc -pthread -Wno-unused-result -Wsign-compare -DNDEBUG -g -fwrapv -O3 -Wall -g -fstack-protector --param=ssp-buffer-size=4 -Wformat -Werror=format-security -fPIC -DNPY_NO_DEPRECATED_API=0 -I./pandas/_libs/tslibs -Ipandas/_libs/tslibs -I/home/sumukher/evals/BugsInPy/framework/bin/temp/pandas/env/lib/python3.8/site-packages/numpy/core/include -I/home/sumukher/evals/BugsInPy/framework/bin/temp/pandas/env/include -I/opt/python/3.8.1/include/python3.8 -c pandas/_libs/tslibs/timedeltas.c -o build/temp.linux-x86_64-3.8/pandas/_libs/tslibs/timedeltas.o -Werror
gcc -pthread -shared -L/opt/python/3.8.1/lib -Wl,-rpath=/opt/python/3.8.1/lib -L/opt/python/3.8.1/lib -Wl,-rpath=/opt/python/3.8.1/lib build/temp.linux-x86_64-3.8/pandas/_libs/tslibs/timedeltas.o -L/opt/python/3.8.1/lib -o /home/sumukher/evals/BugsInPy/framework/bin/temp/pandas/pandas/_libs/tslibs/timedeltas.cpython-38-x86_64-linux-gnu.so
building 'pandas._libs.tslibs.timestamps' extension
gcc -pthread -Wno-unused-result -Wsign-compare -DNDEBUG -g -fwrapv -O3 -Wall -g -fstack-protector --param=ssp-buffer-size=4 -Wformat -Werror=format-security -fPIC -DNPY_NO_DEPRECATED_API=0 -I./pandas/_libs/tslibs -Ipandas/_libs/tslibs -I/home/sumukher/evals/BugsInPy/framework/bin/temp/pandas/env/lib/python3.8/site-packages/numpy/core/include -I/home/sumukher/evals/BugsInPy/framework/bin/temp/pandas/env/include -I/opt/python/3.8.1/include/python3.8 -c pandas/_libs/tslibs/timestamps.c -o build/temp.linux-x86_64-3.8/pandas/_libs/tslibs/timestamps.o -Werror
gcc -pthread -shared -L/opt/python/3.8.1/lib -Wl,-rpath=/opt/python/3.8.1/lib -L/opt/python/3.8.1/lib -Wl,-rpath=/opt/python/3.8.1/lib build/temp.linux-x86_64-3.8/pandas/_libs/tslibs/timestamps.o -L/opt/python/3.8.1/lib -o /home/sumukher/evals/BugsInPy/framework/bin/temp/pandas/pandas/_libs/tslibs/timestamps.cpython-38-x86_64-linux-gnu.so
building 'pandas._libs.tslibs.timezones' extension
gcc -pthread -Wno-unused-result -Wsign-compare -DNDEBUG -g -fwrapv -O3 -Wall -g -fstack-protector --param=ssp-buffer-size=4 -Wformat -Werror=format-security -fPIC -DNPY_NO_DEPRECATED_API=0 -I/home/sumukher/evals/BugsInPy/framework/bin/temp/pandas/env/lib/python3.8/site-packages/numpy/core/include -I/home/sumukher/evals/BugsInPy/framework/bin/temp/pandas/env/include -I/opt/python/3.8.1/include/python3.8 -c pandas/_libs/tslibs/timezones.c -o build/temp.linux-x86_64-3.8/pandas/_libs/tslibs/timezones.o -Werror
gcc -pthread -shared -L/opt/python/3.8.1/lib -Wl,-rpath=/opt/python/3.8.1/lib -L/opt/python/3.8.1/lib -Wl,-rpath=/opt/python/3.8.1/lib build/temp.linux-x86_64-3.8/pandas/_libs/tslibs/timezones.o -L/opt/python/3.8.1/lib -o /home/sumukher/evals/BugsInPy/framework/bin/temp/pandas/pandas/_libs/tslibs/timezones.cpython-38-x86_64-linux-gnu.so
building 'pandas._libs.tslibs.tzconversion' extension
gcc -pthread -Wno-unused-result -Wsign-compare -DNDEBUG -g -fwrapv -O3 -Wall -g -fstack-protector --param=ssp-buffer-size=4 -Wformat -Werror=format-security -fPIC -DNPY_NO_DEPRECATED_API=0 -I./pandas/_libs/tslibs -Ipandas/_libs/tslibs -I/home/sumukher/evals/BugsInPy/framework/bin/temp/pandas/env/lib/python3.8/site-packages/numpy/core/include -I/home/sumukher/evals/BugsInPy/framework/bin/temp/pandas/env/include -I/opt/python/3.8.1/include/python3.8 -c pandas/_libs/tslibs/tzconversion.c -o build/temp.linux-x86_64-3.8/pandas/_libs/tslibs/tzconversion.o -Werror
gcc -pthread -shared -L/opt/python/3.8.1/lib -Wl,-rpath=/opt/python/3.8.1/lib -L/opt/python/3.8.1/lib -Wl,-rpath=/opt/python/3.8.1/lib build/temp.linux-x86_64-3.8/pandas/_libs/tslibs/tzconversion.o -L/opt/python/3.8.1/lib -o /home/sumukher/evals/BugsInPy/framework/bin/temp/pandas/pandas/_libs/tslibs/tzconversion.cpython-38-x86_64-linux-gnu.so
building 'pandas._libs.testing' extension
gcc -pthread -Wno-unused-result -Wsign-compare -DNDEBUG -g -fwrapv -O3 -Wall -g -fstack-protector --param=ssp-buffer-size=4 -Wformat -Werror=format-security -fPIC -DNPY_NO_DEPRECATED_API=0 -I/home/sumukher/evals/BugsInPy/framework/bin/temp/pandas/env/lib/python3.8/site-packages/numpy/core/include -I/home/sumukher/evals/BugsInPy/framework/bin/temp/pandas/env/include -I/opt/python/3.8.1/include/python3.8 -c pandas/_libs/testing.c -o build/temp.linux-x86_64-3.8/pandas/_libs/testing.o -Werror
gcc -pthread -shared -L/opt/python/3.8.1/lib -Wl,-rpath=/opt/python/3.8.1/lib -L/opt/python/3.8.1/lib -Wl,-rpath=/opt/python/3.8.1/lib build/temp.linux-x86_64-3.8/pandas/_libs/testing.o -L/opt/python/3.8.1/lib -o /home/sumukher/evals/BugsInPy/framework/bin/temp/pandas/pandas/_libs/testing.cpython-38-x86_64-linux-gnu.so
building 'pandas._libs.window.aggregations' extension
gcc -pthread -Wno-unused-result -Wsign-compare -DNDEBUG -g -fwrapv -O3 -Wall -g -fstack-protector --param=ssp-buffer-size=4 -Wformat -Werror=format-security -fPIC -DNPY_NO_DEPRECATED_API=0 -Ipandas/_libs/window -I./pandas/_libs -I/home/sumukher/evals/BugsInPy/framework/bin/temp/pandas/env/lib/python3.8/site-packages/numpy/core/include -I/home/sumukher/evals/BugsInPy/framework/bin/temp/pandas/env/include -I/opt/python/3.8.1/include/python3.8 -c pandas/_libs/window/aggregations.cpp -o build/temp.linux-x86_64-3.8/pandas/_libs/window/aggregations.o -Werror
g++ -pthread -shared -L/opt/python/3.8.1/lib -Wl,-rpath=/opt/python/3.8.1/lib -L/opt/python/3.8.1/lib -Wl,-rpath=/opt/python/3.8.1/lib build/temp.linux-x86_64-3.8/pandas/_libs/window/aggregations.o -L/opt/python/3.8.1/lib -o /home/sumukher/evals/BugsInPy/framework/bin/temp/pandas/pandas/_libs/window/aggregations.cpython-38-x86_64-linux-gnu.so
building 'pandas._libs.window.indexers' extension
gcc -pthread -Wno-unused-result -Wsign-compare -DNDEBUG -g -fwrapv -O3 -Wall -g -fstack-protector --param=ssp-buffer-size=4 -Wformat -Werror=format-security -fPIC -DNPY_NO_DEPRECATED_API=0 -I/home/sumukher/evals/BugsInPy/framework/bin/temp/pandas/env/lib/python3.8/site-packages/numpy/core/include -I/home/sumukher/evals/BugsInPy/framework/bin/temp/pandas/env/include -I/opt/python/3.8.1/include/python3.8 -c pandas/_libs/window/indexers.c -o build/temp.linux-x86_64-3.8/pandas/_libs/window/indexers.o -Werror
gcc -pthread -shared -L/opt/python/3.8.1/lib -Wl,-rpath=/opt/python/3.8.1/lib -L/opt/python/3.8.1/lib -Wl,-rpath=/opt/python/3.8.1/lib build/temp.linux-x86_64-3.8/pandas/_libs/window/indexers.o -L/opt/python/3.8.1/lib -o /home/sumukher/evals/BugsInPy/framework/bin/temp/pandas/pandas/_libs/window/indexers.cpython-38-x86_64-linux-gnu.so
building 'pandas._libs.writers' extension
gcc -pthread -Wno-unused-result -Wsign-compare -DNDEBUG -g -fwrapv -O3 -Wall -g -fstack-protector --param=ssp-buffer-size=4 -Wformat -Werror=format-security -fPIC -DNPY_NO_DEPRECATED_API=0 -I/home/sumukher/evals/BugsInPy/framework/bin/temp/pandas/env/lib/python3.8/site-packages/numpy/core/include -I/home/sumukher/evals/BugsInPy/framework/bin/temp/pandas/env/include -I/opt/python/3.8.1/include/python3.8 -c pandas/_libs/writers.c -o build/temp.linux-x86_64-3.8/pandas/_libs/writers.o -Werror
gcc -pthread -shared -L/opt/python/3.8.1/lib -Wl,-rpath=/opt/python/3.8.1/lib -L/opt/python/3.8.1/lib -Wl,-rpath=/opt/python/3.8.1/lib build/temp.linux-x86_64-3.8/pandas/_libs/writers.o -L/opt/python/3.8.1/lib -o /home/sumukher/evals/BugsInPy/framework/bin/temp/pandas/pandas/_libs/writers.cpython-38-x86_64-linux-gnu.so
building 'pandas.io.sas._sas' extension
gcc -pthread -Wno-unused-result -Wsign-compare -DNDEBUG -g -fwrapv -O3 -Wall -g -fstack-protector --param=ssp-buffer-size=4 -Wformat -Werror=format-security -fPIC -DNPY_NO_DEPRECATED_API=0 -I/home/sumukher/evals/BugsInPy/framework/bin/temp/pandas/env/lib/python3.8/site-packages/numpy/core/include -I/home/sumukher/evals/BugsInPy/framework/bin/temp/pandas/env/include -I/opt/python/3.8.1/include/python3.8 -c pandas/io/sas/sas.c -o build/temp.linux-x86_64-3.8/pandas/io/sas/sas.o -Werror
gcc -pthread -shared -L/opt/python/3.8.1/lib -Wl,-rpath=/opt/python/3.8.1/lib -L/opt/python/3.8.1/lib -Wl,-rpath=/opt/python/3.8.1/lib build/temp.linux-x86_64-3.8/pandas/io/sas/sas.o -L/opt/python/3.8.1/lib -o /home/sumukher/evals/BugsInPy/framework/bin/temp/pandas/pandas/io/sas/_sas.cpython-38-x86_64-linux-gnu.so
building 'pandas._libs.json' extension
gcc -pthread -Wno-unused-result -Wsign-compare -DNDEBUG -g -fwrapv -O3 -Wall -g -fstack-protector --param=ssp-buffer-size=4 -Wformat -Werror=format-security -fPIC -DNPY_NO_DEPRECATED_API=0 -Ipandas/_libs/src/ujson/python -Ipandas/_libs/src/ujson/lib -Ipandas/_libs/src/datetime -I/home/sumukher/evals/BugsInPy/framework/bin/temp/pandas/env/lib/python3.8/site-packages/numpy/core/include -I/home/sumukher/evals/BugsInPy/framework/bin/temp/pandas/env/include -I/opt/python/3.8.1/include/python3.8 -c pandas/_libs/src/ujson/python/ujson.c -o build/temp.linux-x86_64-3.8/pandas/_libs/src/ujson/python/ujson.o -D_GNU_SOURCE -Werror
gcc -pthread -Wno-unused-result -Wsign-compare -DNDEBUG -g -fwrapv -O3 -Wall -g -fstack-protector --param=ssp-buffer-size=4 -Wformat -Werror=format-security -fPIC -DNPY_NO_DEPRECATED_API=0 -Ipandas/_libs/src/ujson/python -Ipandas/_libs/src/ujson/lib -Ipandas/_libs/src/datetime -I/home/sumukher/evals/BugsInPy/framework/bin/temp/pandas/env/lib/python3.8/site-packages/numpy/core/include -I/home/sumukher/evals/BugsInPy/framework/bin/temp/pandas/env/include -I/opt/python/3.8.1/include/python3.8 -c pandas/_libs/src/ujson/python/objToJSON.c -o build/temp.linux-x86_64-3.8/pandas/_libs/src/ujson/python/objToJSON.o -D_GNU_SOURCE -Werror
gcc -pthread -Wno-unused-result -Wsign-compare -DNDEBUG -g -fwrapv -O3 -Wall -g -fstack-protector --param=ssp-buffer-size=4 -Wformat -Werror=format-security -fPIC -DNPY_NO_DEPRECATED_API=0 -Ipandas/_libs/src/ujson/python -Ipandas/_libs/src/ujson/lib -Ipandas/_libs/src/datetime -I/home/sumukher/evals/BugsInPy/framework/bin/temp/pandas/env/lib/python3.8/site-packages/numpy/core/include -I/home/sumukher/evals/BugsInPy/framework/bin/temp/pandas/env/include -I/opt/python/3.8.1/include/python3.8 -c pandas/_libs/src/ujson/python/date_conversions.c -o build/temp.linux-x86_64-3.8/pandas/_libs/src/ujson/python/date_conversions.o -D_GNU_SOURCE -Werror
gcc -pthread -Wno-unused-result -Wsign-compare -DNDEBUG -g -fwrapv -O3 -Wall -g -fstack-protector --param=ssp-buffer-size=4 -Wformat -Werror=format-security -fPIC -DNPY_NO_DEPRECATED_API=0 -Ipandas/_libs/src/ujson/python -Ipandas/_libs/src/ujson/lib -Ipandas/_libs/src/datetime -I/home/sumukher/evals/BugsInPy/framework/bin/temp/pandas/env/lib/python3.8/site-packages/numpy/core/include -I/home/sumukher/evals/BugsInPy/framework/bin/temp/pandas/env/include -I/opt/python/3.8.1/include/python3.8 -c pandas/_libs/src/ujson/python/JSONtoObj.c -o build/temp.linux-x86_64-3.8/pandas/_libs/src/ujson/python/JSONtoObj.o -D_GNU_SOURCE -Werror
gcc -pthread -Wno-unused-result -Wsign-compare -DNDEBUG -g -fwrapv -O3 -Wall -g -fstack-protector --param=ssp-buffer-size=4 -Wformat -Werror=format-security -fPIC -DNPY_NO_DEPRECATED_API=0 -Ipandas/_libs/src/ujson/python -Ipandas/_libs/src/ujson/lib -Ipandas/_libs/src/datetime -I/home/sumukher/evals/BugsInPy/framework/bin/temp/pandas/env/lib/python3.8/site-packages/numpy/core/include -I/home/sumukher/evals/BugsInPy/framework/bin/temp/pandas/env/include -I/opt/python/3.8.1/include/python3.8 -c pandas/_libs/src/ujson/lib/ultrajsonenc.c -o build/temp.linux-x86_64-3.8/pandas/_libs/src/ujson/lib/ultrajsonenc.o -D_GNU_SOURCE -Werror
gcc -pthread -Wno-unused-result -Wsign-compare -DNDEBUG -g -fwrapv -O3 -Wall -g -fstack-protector --param=ssp-buffer-size=4 -Wformat -Werror=format-security -fPIC -DNPY_NO_DEPRECATED_API=0 -Ipandas/_libs/src/ujson/python -Ipandas/_libs/src/ujson/lib -Ipandas/_libs/src/datetime -I/home/sumukher/evals/BugsInPy/framework/bin/temp/pandas/env/lib/python3.8/site-packages/numpy/core/include -I/home/sumukher/evals/BugsInPy/framework/bin/temp/pandas/env/include -I/opt/python/3.8.1/include/python3.8 -c pandas/_libs/src/ujson/lib/ultrajsondec.c -o build/temp.linux-x86_64-3.8/pandas/_libs/src/ujson/lib/ultrajsondec.o -D_GNU_SOURCE -Werror
gcc -pthread -Wno-unused-result -Wsign-compare -DNDEBUG -g -fwrapv -O3 -Wall -g -fstack-protector --param=ssp-buffer-size=4 -Wformat -Werror=format-security -fPIC -DNPY_NO_DEPRECATED_API=0 -Ipandas/_libs/src/ujson/python -Ipandas/_libs/src/ujson/lib -Ipandas/_libs/src/datetime -I/home/sumukher/evals/BugsInPy/framework/bin/temp/pandas/env/lib/python3.8/site-packages/numpy/core/include -I/home/sumukher/evals/BugsInPy/framework/bin/temp/pandas/env/include -I/opt/python/3.8.1/include/python3.8 -c pandas/_libs/tslibs/src/datetime/np_datetime.c -o build/temp.linux-x86_64-3.8/pandas/_libs/tslibs/src/datetime/np_datetime.o -D_GNU_SOURCE -Werror
gcc -pthread -Wno-unused-result -Wsign-compare -DNDEBUG -g -fwrapv -O3 -Wall -g -fstack-protector --param=ssp-buffer-size=4 -Wformat -Werror=format-security -fPIC -DNPY_NO_DEPRECATED_API=0 -Ipandas/_libs/src/ujson/python -Ipandas/_libs/src/ujson/lib -Ipandas/_libs/src/datetime -I/home/sumukher/evals/BugsInPy/framework/bin/temp/pandas/env/lib/python3.8/site-packages/numpy/core/include -I/home/sumukher/evals/BugsInPy/framework/bin/temp/pandas/env/include -I/opt/python/3.8.1/include/python3.8 -c pandas/_libs/tslibs/src/datetime/np_datetime_strings.c -o build/temp.linux-x86_64-3.8/pandas/_libs/tslibs/src/datetime/np_datetime_strings.o -D_GNU_SOURCE -Werror
gcc -pthread -shared -L/opt/python/3.8.1/lib -Wl,-rpath=/opt/python/3.8.1/lib -L/opt/python/3.8.1/lib -Wl,-rpath=/opt/python/3.8.1/lib build/temp.linux-x86_64-3.8/pandas/_libs/src/ujson/python/ujson.o build/temp.linux-x86_64-3.8/pandas/_libs/src/ujson/python/objToJSON.o build/temp.linux-x86_64-3.8/pandas/_libs/src/ujson/python/date_conversions.o build/temp.linux-x86_64-3.8/pandas/_libs/src/ujson/python/JSONtoObj.o build/temp.linux-x86_64-3.8/pandas/_libs/src/ujson/lib/ultrajsonenc.o build/temp.linux-x86_64-3.8/pandas/_libs/src/ujson/lib/ultrajsondec.o build/temp.linux-x86_64-3.8/pandas/_libs/tslibs/src/datetime/np_datetime.o build/temp.linux-x86_64-3.8/pandas/_libs/tslibs/src/datetime/np_datetime_strings.o -L/opt/python/3.8.1/lib -o /home/sumukher/evals/BugsInPy/framework/bin/temp/pandas/pandas/_libs/json.cpython-38-x86_64-linux-gnu.so
warning: pandas/_libs/groupby.pyx:1101:26: Unreachable code
Requirement already satisfied: atomicwrites==1.4.0 in ./env/lib/python3.8/site-packages (1.4.0)
WARNING: You are using pip version 19.2.3, however version 21.0.1 is available.
You should consider upgrading via the 'pip install --upgrade pip' command.
Requirement already satisfied: attrs==19.3.0 in ./env/lib/python3.8/site-packages (19.3.0)
WARNING: You are using pip version 19.2.3, however version 21.0.1 is available.
You should consider upgrading via the 'pip install --upgrade pip' command.
Requirement already satisfied: colorama==0.4.3 in ./env/lib/python3.8/site-packages (0.4.3)
WARNING: You are using pip version 19.2.3, however version 21.0.1 is available.
You should consider upgrading via the 'pip install --upgrade pip' command.
Requirement already satisfied: cycler==0.10.0 in ./env/lib/python3.8/site-packages (0.10.0)
Requirement already satisfied: six in ./env/lib/python3.8/site-packages (from cycler==0.10.0) (1.15.0)
WARNING: You are using pip version 19.2.3, however version 21.0.1 is available.
You should consider upgrading via the 'pip install --upgrade pip' command.
Requirement already satisfied: Cython==0.29.19 in ./env/lib/python3.8/site-packages (0.29.19)
WARNING: You are using pip version 19.2.3, however version 21.0.1 is available.
You should consider upgrading via the 'pip install --upgrade pip' command.
Requirement already satisfied: hypothesis==5.15.1 in ./env/lib/python3.8/site-packages (5.15.1)
Requirement already satisfied: attrs>=19.2.0 in ./env/lib/python3.8/site-packages (from hypothesis==5.15.1) (19.3.0)
Requirement already satisfied: sortedcontainers<3.0.0,>=2.1.0 in ./env/lib/python3.8/site-packages (from hypothesis==5.15.1) (2.1.0)
WARNING: You are using pip version 19.2.3, however version 21.0.1 is available.
You should consider upgrading via the 'pip install --upgrade pip' command.
Requirement already satisfied: kiwisolver==1.2.0 in ./env/lib/python3.8/site-packages (1.2.0)
WARNING: You are using pip version 19.2.3, however version 21.0.1 is available.
You should consider upgrading via the 'pip install --upgrade pip' command.
Requirement already satisfied: matplotlib==3.2.1 in ./env/lib/python3.8/site-packages (3.2.1)
Requirement already satisfied: numpy>=1.11 in ./env/lib/python3.8/site-packages (from matplotlib==3.2.1) (1.18.4)
Requirement already satisfied: python-dateutil>=2.1 in ./env/lib/python3.8/site-packages (from matplotlib==3.2.1) (2.8.1)
Requirement already satisfied: kiwisolver>=1.0.1 in ./env/lib/python3.8/site-packages (from matplotlib==3.2.1) (1.2.0)
Requirement already satisfied: pyparsing!=2.0.4,!=2.1.2,!=2.1.6,>=2.0.1 in ./env/lib/python3.8/site-packages (from matplotlib==3.2.1) (2.4.7)
Requirement already satisfied: cycler>=0.10 in ./env/lib/python3.8/site-packages (from matplotlib==3.2.1) (0.10.0)
Requirement already satisfied: six>=1.5 in ./env/lib/python3.8/site-packages (from python-dateutil>=2.1->matplotlib==3.2.1) (1.15.0)
WARNING: You are using pip version 19.2.3, however version 21.0.1 is available.
You should consider upgrading via the 'pip install --upgrade pip' command.
Requirement already satisfied: more-itertools==8.3.0 in ./env/lib/python3.8/site-packages (8.3.0)
WARNING: You are using pip version 19.2.3, however version 21.0.1 is available.
You should consider upgrading via the 'pip install --upgrade pip' command.
Requirement already satisfied: numpy==1.18.4 in ./env/lib/python3.8/site-packages (1.18.4)
WARNING: You are using pip version 19.2.3, however version 21.0.1 is available.
You should consider upgrading via the 'pip install --upgrade pip' command.
Requirement already satisfied: packaging==20.4 in ./env/lib/python3.8/site-packages (20.4)
Requirement already satisfied: six in ./env/lib/python3.8/site-packages (from packaging==20.4) (1.15.0)
Requirement already satisfied: pyparsing>=2.0.2 in ./env/lib/python3.8/site-packages (from packaging==20.4) (2.4.7)
WARNING: You are using pip version 19.2.3, however version 21.0.1 is available.
You should consider upgrading via the 'pip install --upgrade pip' command.

Usage:   
  pip install [options] <requirement specifier> [package-index-options] ...
  pip install [options] -r <requirements file> [package-index-options] ...
  pip install [options] [-e] <vcs project url> ...
  pip install [options] [-e] <local project path> ...
  pip install [options] <archive url/path> ...

-e option requires 1 argument
Requirement already satisfied: pandas from git+https://github.com/pandas-dev/pandas@de8ca78921fa6aa003a047a14ffaa03a5f3b86ac#egg=pandas in ./env/lib/python3.8/site-packages (1.1.0.dev0+1476.gde8ca7892)
Requirement already satisfied: python-dateutil>=2.7.3 in ./env/lib/python3.8/site-packages (from pandas) (2.8.1)
Requirement already satisfied: pytz>=2017.2 in ./env/lib/python3.8/site-packages (from pandas) (2020.1)
Requirement already satisfied: numpy>=1.15.4 in ./env/lib/python3.8/site-packages (from pandas) (1.18.4)
Requirement already satisfied: six>=1.5 in ./env/lib/python3.8/site-packages (from python-dateutil>=2.7.3->pandas) (1.15.0)
WARNING: You are using pip version 19.2.3, however version 21.0.1 is available.
You should consider upgrading via the 'pip install --upgrade pip' command.
Requirement already satisfied: pluggy==0.13.1 in ./env/lib/python3.8/site-packages (0.13.1)
WARNING: You are using pip version 19.2.3, however version 21.0.1 is available.
You should consider upgrading via the 'pip install --upgrade pip' command.
Requirement already satisfied: py==1.8.1 in ./env/lib/python3.8/site-packages (1.8.1)
WARNING: You are using pip version 19.2.3, however version 21.0.1 is available.
You should consider upgrading via the 'pip install --upgrade pip' command.
Requirement already satisfied: pyparsing==2.4.7 in ./env/lib/python3.8/site-packages (2.4.7)
WARNING: You are using pip version 19.2.3, however version 21.0.1 is available.
You should consider upgrading via the 'pip install --upgrade pip' command.
Requirement already satisfied: pytest==5.4.2 in ./env/lib/python3.8/site-packages (5.4.2)
Requirement already satisfied: wcwidth in ./env/lib/python3.8/site-packages (from pytest==5.4.2) (0.1.9)
Requirement already satisfied: py>=1.5.0 in ./env/lib/python3.8/site-packages (from pytest==5.4.2) (1.8.1)
Requirement already satisfied: pluggy<1.0,>=0.12 in ./env/lib/python3.8/site-packages (from pytest==5.4.2) (0.13.1)
Requirement already satisfied: packaging in ./env/lib/python3.8/site-packages (from pytest==5.4.2) (20.4)
Requirement already satisfied: attrs>=17.4.0 in ./env/lib/python3.8/site-packages (from pytest==5.4.2) (19.3.0)
Requirement already satisfied: more-itertools>=4.0.0 in ./env/lib/python3.8/site-packages (from pytest==5.4.2) (8.3.0)
Requirement already satisfied: pyparsing>=2.0.2 in ./env/lib/python3.8/site-packages (from packaging->pytest==5.4.2) (2.4.7)
Requirement already satisfied: six in ./env/lib/python3.8/site-packages (from packaging->pytest==5.4.2) (1.15.0)
WARNING: You are using pip version 19.2.3, however version 21.0.1 is available.
You should consider upgrading via the 'pip install --upgrade pip' command.
Requirement already satisfied: python-dateutil==2.8.1 in ./env/lib/python3.8/site-packages (2.8.1)
Requirement already satisfied: six>=1.5 in ./env/lib/python3.8/site-packages (from python-dateutil==2.8.1) (1.15.0)
WARNING: You are using pip version 19.2.3, however version 21.0.1 is available.
You should consider upgrading via the 'pip install --upgrade pip' command.
Requirement already satisfied: pytz==2020.1 in ./env/lib/python3.8/site-packages (2020.1)
WARNING: You are using pip version 19.2.3, however version 21.0.1 is available.
You should consider upgrading via the 'pip install --upgrade pip' command.
Requirement already satisfied: six==1.15.0 in ./env/lib/python3.8/site-packages (1.15.0)
WARNING: You are using pip version 19.2.3, however version 21.0.1 is available.
You should consider upgrading via the 'pip install --upgrade pip' command.
Requirement already satisfied: sortedcontainers==2.1.0 in ./env/lib/python3.8/site-packages (2.1.0)
WARNING: You are using pip version 19.2.3, however version 21.0.1 is available.
You should consider upgrading via the 'pip install --upgrade pip' command.
Requirement already satisfied: wcwidth==0.1.9 in ./env/lib/python3.8/site-packages (0.1.9)
WARNING: You are using pip version 19.2.3, however version 21.0.1 is available.
You should consider upgrading via the 'pip install --upgrade pip' command.
pytest pandas/tests/series/methods/test_update.py::TestUpdate::test_update_extension_array_series
RUN EVERY COMMAND
0


============================= test session starts ==============================
platform linux -- Python 3.8.1, pytest-5.4.2, py-1.8.1, pluggy-0.13.1
rootdir: /home/sumukher/evals/BugsInPy/framework/bin/temp/pandas, inifile: setup.cfg
plugins: hypothesis-5.15.1
collected 3 items

pandas/tests/series/methods/test_update.py ...                           [100%]

============================== 3 passed in 0.05s ===============================
