PROJECT_NAME: pandas
BUG_ID: 66
VERSION_ID: 1
WORK_DIR: /home/sumukher/evals/BugsInPy/framework/bin/temp
https://github.com/pandas-dev/pandas
github_url="https://github.com/pandas-dev/pandas"
status="OK"
fatal: destination path '/home/sumukher/evals/BugsInPy/framework/bin/temp/pandas' already exists and is not an empty directory.
HEAD is now at d84f9eb32 BUG: Series.xs boxing datetime64 incorrectly (#31630)
'/home/sumukher/evals/BugsInPy/framework/bin/temp/pandas/doc/source/whatsnew/v1.1.0.rst' -> '/home/sumukher/evals/BugsInPy/projects/pandas/bugs/66/v1.1.0.rst'
'/home/sumukher/evals/BugsInPy/framework/bin/temp/pandas/pandas/core/generic.py' -> '/home/sumukher/evals/BugsInPy/projects/pandas/bugs/66/generic.py'
'/home/sumukher/evals/BugsInPy/framework/bin/temp/pandas/pandas/core/internals/managers.py' -> '/home/sumukher/evals/BugsInPy/projects/pandas/bugs/66/managers.py'
'/home/sumukher/evals/BugsInPy/framework/bin/temp/pandas/pandas/tests/series/indexing/test_xs.py' -> '/home/sumukher/evals/BugsInPy/projects/pandas/bugs/66/test_xs.py'
'/home/sumukher/evals/BugsInPy/framework/bin/temp/pandas/pandas/tests/series/indexing/test_xs.py' -> '/home/sumukher/evals/BugsInPy/projects/pandas/bugs/66/test_xs.py'
HEAD is now at f5409cb14 REF: call _maybe_cast_indexer upfront, better exception messages (#31638)
Removing bugsinpy_bug.info
Removing bugsinpy_compile_flag
Removing bugsinpy_patchfile.info
Removing bugsinpy_requirements.txt
Removing bugsinpy_run_test.sh
Removing bugsinpy_setup.sh
pip install cython
pip install numpy
python setup.py build_ext --inplace -j 0
dos2unix: converting file /home/sumukher/evals/BugsInPy/framework/bin/temp/pandas/bugsinpy_requirements.txt to Unix format...
Collecting atomicwrites==1.4.0
  Using cached https://files.pythonhosted.org/packages/2c/a0/da5f49008ec6e9a658dbf5d7310a4debd397bce0b4db03cf8a410066bb87/atomicwrites-1.4.0-py2.py3-none-any.whl
Installing collected packages: atomicwrites
Successfully installed atomicwrites-1.4.0
WARNING: You are using pip version 19.2.3, however version 21.0.1 is available.
You should consider upgrading via the 'pip install --upgrade pip' command.
Collecting attrs==19.3.0
  Using cached https://files.pythonhosted.org/packages/a2/db/4313ab3be961f7a763066401fb77f7748373b6094076ae2bda2806988af6/attrs-19.3.0-py2.py3-none-any.whl
Installing collected packages: attrs
Successfully installed attrs-19.3.0
WARNING: You are using pip version 19.2.3, however version 21.0.1 is available.
You should consider upgrading via the 'pip install --upgrade pip' command.
Collecting colorama==0.4.3
  Using cached https://files.pythonhosted.org/packages/c9/dc/45cdef1b4d119eb96316b3117e6d5708a08029992b2fee2c143c7a0a5cc5/colorama-0.4.3-py2.py3-none-any.whl
Installing collected packages: colorama
Successfully installed colorama-0.4.3
WARNING: You are using pip version 19.2.3, however version 21.0.1 is available.
You should consider upgrading via the 'pip install --upgrade pip' command.
Collecting Cython==0.29.19
  Using cached https://files.pythonhosted.org/packages/c5/b9/5563cbab2507c4f0775c91223a1ec316e6da33a0d7cf4cef41c6d8eb58b8/Cython-0.29.19-cp38-cp38-manylinux1_x86_64.whl
Installing collected packages: Cython
Successfully installed Cython-0.29.19
WARNING: You are using pip version 19.2.3, however version 21.0.1 is available.
You should consider upgrading via the 'pip install --upgrade pip' command.
Collecting et-xmlfile==1.0.1
  Using cached https://files.pythonhosted.org/packages/22/28/a99c42aea746e18382ad9fb36f64c1c1f04216f41797f2f0fa567da11388/et_xmlfile-1.0.1.tar.gz
Installing collected packages: et-xmlfile
  Running setup.py install for et-xmlfile: started
    Running setup.py install for et-xmlfile: finished with status 'done'
Successfully installed et-xmlfile-1.0.1
WARNING: You are using pip version 19.2.3, however version 21.0.1 is available.
You should consider upgrading via the 'pip install --upgrade pip' command.
Collecting hypothesis==5.16.0
  Using cached https://files.pythonhosted.org/packages/99/27/4a3fd8eb6e121e6769bf83a3c1647bc1daab586ac7c70fcf93c4756c51f3/hypothesis-5.16.0-py3-none-any.whl
Requirement already satisfied: attrs>=19.2.0 in ./env/lib/python3.8/site-packages (from hypothesis==5.16.0) (19.3.0)
Collecting sortedcontainers<3.0.0,>=2.1.0 (from hypothesis==5.16.0)
  Using cached https://files.pythonhosted.org/packages/20/4d/a7046ae1a1a4cc4e9bbed194c387086f06b25038be596543d026946330c9/sortedcontainers-2.3.0-py2.py3-none-any.whl
Installing collected packages: sortedcontainers, hypothesis
Successfully installed hypothesis-5.16.0 sortedcontainers-2.3.0
WARNING: You are using pip version 19.2.3, however version 21.0.1 is available.
You should consider upgrading via the 'pip install --upgrade pip' command.
Collecting jdcal==1.4.1
  Using cached https://files.pythonhosted.org/packages/f0/da/572cbc0bc582390480bbd7c4e93d14dc46079778ed915b505dc494b37c57/jdcal-1.4.1-py2.py3-none-any.whl
Installing collected packages: jdcal
Successfully installed jdcal-1.4.1
WARNING: You are using pip version 19.2.3, however version 21.0.1 is available.
You should consider upgrading via the 'pip install --upgrade pip' command.
Collecting more-itertools==8.3.0
  Using cached https://files.pythonhosted.org/packages/06/b1/2dcadc4861c505a807d5c6d88928450fe5afcf352f205432572a10d74657/more_itertools-8.3.0-py3-none-any.whl
Installing collected packages: more-itertools
Successfully installed more-itertools-8.3.0
WARNING: You are using pip version 19.2.3, however version 21.0.1 is available.
You should consider upgrading via the 'pip install --upgrade pip' command.
Collecting numpy==1.18.4
  Using cached https://files.pythonhosted.org/packages/cf/5d/e8198f11dd73a91f7bde15ca88a2b78913fa2b416ae2dc2a6aeafcf4c63d/numpy-1.18.4-cp38-cp38-manylinux1_x86_64.whl
Installing collected packages: numpy
Successfully installed numpy-1.18.4
WARNING: You are using pip version 19.2.3, however version 21.0.1 is available.
You should consider upgrading via the 'pip install --upgrade pip' command.
Collecting openpyxl==3.0.3
  Using cached https://files.pythonhosted.org/packages/95/8c/83563c60489954e5b80f9e2596b93a68e1ac4e4a730deb1aae632066d704/openpyxl-3.0.3.tar.gz
Requirement already satisfied: jdcal in ./env/lib/python3.8/site-packages (from openpyxl==3.0.3) (1.4.1)
Requirement already satisfied: et_xmlfile in ./env/lib/python3.8/site-packages (from openpyxl==3.0.3) (1.0.1)
Installing collected packages: openpyxl
  Running setup.py install for openpyxl: started
    Running setup.py install for openpyxl: finished with status 'done'
Successfully installed openpyxl-3.0.3
WARNING: You are using pip version 19.2.3, however version 21.0.1 is available.
You should consider upgrading via the 'pip install --upgrade pip' command.
Collecting packaging==20.4
  Using cached https://files.pythonhosted.org/packages/46/19/c5ab91b1b05cfe63cccd5cfc971db9214c6dd6ced54e33c30d5af1d2bc43/packaging-20.4-py2.py3-none-any.whl
Collecting pyparsing>=2.0.2 (from packaging==20.4)
  Using cached https://files.pythonhosted.org/packages/8a/bb/488841f56197b13700afd5658fc279a2025a39e22449b7cf29864669b15d/pyparsing-2.4.7-py2.py3-none-any.whl
Collecting six (from packaging==20.4)
  Using cached https://files.pythonhosted.org/packages/ee/ff/48bde5c0f013094d729fe4b0316ba2a24774b3ff1c52d924a8a4cb04078a/six-1.15.0-py2.py3-none-any.whl
Installing collected packages: pyparsing, six, packaging
Successfully installed packaging-20.4 pyparsing-2.4.7 six-1.15.0
WARNING: You are using pip version 19.2.3, however version 21.0.1 is available.
You should consider upgrading via the 'pip install --upgrade pip' command.
Collecting pluggy==0.13.1
  Using cached https://files.pythonhosted.org/packages/a0/28/85c7aa31b80d150b772fbe4a229487bc6644da9ccb7e427dd8cc60cb8a62/pluggy-0.13.1-py2.py3-none-any.whl
Installing collected packages: pluggy
Successfully installed pluggy-0.13.1
WARNING: You are using pip version 19.2.3, however version 21.0.1 is available.
You should consider upgrading via the 'pip install --upgrade pip' command.
Collecting py==1.8.1
  Using cached https://files.pythonhosted.org/packages/99/8d/21e1767c009211a62a8e3067280bfce76e89c9f876180308515942304d2d/py-1.8.1-py2.py3-none-any.whl
Installing collected packages: py
Successfully installed py-1.8.1
WARNING: You are using pip version 19.2.3, however version 21.0.1 is available.
You should consider upgrading via the 'pip install --upgrade pip' command.
Requirement already satisfied: pyparsing==2.4.7 in ./env/lib/python3.8/site-packages (2.4.7)
WARNING: You are using pip version 19.2.3, however version 21.0.1 is available.
You should consider upgrading via the 'pip install --upgrade pip' command.
Collecting pytest==5.4.3
  Using cached https://files.pythonhosted.org/packages/9f/f3/0a83558da436a081344aa6c8b85ea5b5f05071214106036ce341b7769b0b/pytest-5.4.3-py3-none-any.whl
Collecting wcwidth (from pytest==5.4.3)
  Using cached https://files.pythonhosted.org/packages/59/7c/e39aca596badaf1b78e8f547c807b04dae603a433d3e7a7e04d67f2ef3e5/wcwidth-0.2.5-py2.py3-none-any.whl
Requirement already satisfied: more-itertools>=4.0.0 in ./env/lib/python3.8/site-packages (from pytest==5.4.3) (8.3.0)
Requirement already satisfied: packaging in ./env/lib/python3.8/site-packages (from pytest==5.4.3) (20.4)
Requirement already satisfied: pluggy<1.0,>=0.12 in ./env/lib/python3.8/site-packages (from pytest==5.4.3) (0.13.1)
Requirement already satisfied: py>=1.5.0 in ./env/lib/python3.8/site-packages (from pytest==5.4.3) (1.8.1)
Requirement already satisfied: attrs>=17.4.0 in ./env/lib/python3.8/site-packages (from pytest==5.4.3) (19.3.0)
Requirement already satisfied: six in ./env/lib/python3.8/site-packages (from packaging->pytest==5.4.3) (1.15.0)
Requirement already satisfied: pyparsing>=2.0.2 in ./env/lib/python3.8/site-packages (from packaging->pytest==5.4.3) (2.4.7)
Installing collected packages: wcwidth, pytest
Successfully installed pytest-5.4.3 wcwidth-0.2.5
WARNING: You are using pip version 19.2.3, however version 21.0.1 is available.
You should consider upgrading via the 'pip install --upgrade pip' command.
Collecting python-dateutil==2.8.1
  Using cached https://files.pythonhosted.org/packages/d4/70/d60450c3dd48ef87586924207ae8907090de0b306af2bce5d134d78615cb/python_dateutil-2.8.1-py2.py3-none-any.whl
Requirement already satisfied: six>=1.5 in ./env/lib/python3.8/site-packages (from python-dateutil==2.8.1) (1.15.0)
Installing collected packages: python-dateutil
Successfully installed python-dateutil-2.8.1
WARNING: You are using pip version 19.2.3, however version 21.0.1 is available.
You should consider upgrading via the 'pip install --upgrade pip' command.
Collecting pytz==2020.1
  Using cached https://files.pythonhosted.org/packages/4f/a4/879454d49688e2fad93e59d7d4efda580b783c745fd2ec2a3adf87b0808d/pytz-2020.1-py2.py3-none-any.whl
Installing collected packages: pytz
Successfully installed pytz-2020.1
WARNING: You are using pip version 19.2.3, however version 21.0.1 is available.
You should consider upgrading via the 'pip install --upgrade pip' command.
Requirement already satisfied: six==1.15.0 in ./env/lib/python3.8/site-packages (1.15.0)
WARNING: You are using pip version 19.2.3, however version 21.0.1 is available.
You should consider upgrading via the 'pip install --upgrade pip' command.
Collecting sortedcontainers==2.1.0
  Using cached https://files.pythonhosted.org/packages/13/f3/cf85f7c3a2dbd1a515d51e1f1676d971abe41bba6f4ab5443240d9a78e5b/sortedcontainers-2.1.0-py2.py3-none-any.whl
Installing collected packages: sortedcontainers
  Found existing installation: sortedcontainers 2.3.0
    Uninstalling sortedcontainers-2.3.0:
      Successfully uninstalled sortedcontainers-2.3.0
Successfully installed sortedcontainers-2.1.0
WARNING: You are using pip version 19.2.3, however version 21.0.1 is available.
You should consider upgrading via the 'pip install --upgrade pip' command.
Collecting wcwidth==0.2.3
  Using cached https://files.pythonhosted.org/packages/1b/7b/de30a3962d8fbebbf8d748bfbf20c05c0a7c495df6716e82af109143ba00/wcwidth-0.2.3-py2.py3-none-any.whl
Installing collected packages: wcwidth
  Found existing installation: wcwidth 0.2.5
    Uninstalling wcwidth-0.2.5:
      Successfully uninstalled wcwidth-0.2.5
Successfully installed wcwidth-0.2.3
WARNING: You are using pip version 19.2.3, however version 21.0.1 is available.
You should consider upgrading via the 'pip install --upgrade pip' command.
Collecting xlrd==1.2.0
  Using cached https://files.pythonhosted.org/packages/b0/16/63576a1a001752e34bf8ea62e367997530dc553b689356b9879339cf45a4/xlrd-1.2.0-py2.py3-none-any.whl
Installing collected packages: xlrd
Successfully installed xlrd-1.2.0
WARNING: You are using pip version 19.2.3, however version 21.0.1 is available.
You should consider upgrading via the 'pip install --upgrade pip' command.
Collecting XlsxWriter==1.2.9
  Using cached https://files.pythonhosted.org/packages/c8/a2/e5f28b67b7d883c9a6585c0ef32b4bb002bff0292b3008f3d6d3fc7eee59/XlsxWriter-1.2.9-py2.py3-none-any.whl
Installing collected packages: XlsxWriter
Successfully installed XlsxWriter-1.2.9
WARNING: You are using pip version 19.2.3, however version 21.0.1 is available.
You should consider upgrading via the 'pip install --upgrade pip' command.
Collecting xlwt==1.3.0
  Using cached https://files.pythonhosted.org/packages/44/48/def306413b25c3d01753603b1a222a011b8621aed27cd7f89cbc27e6b0f4/xlwt-1.3.0-py2.py3-none-any.whl
Installing collected packages: xlwt
Successfully installed xlwt-1.3.0
WARNING: You are using pip version 19.2.3, however version 21.0.1 is available.
You should consider upgrading via the 'pip install --upgrade pip' command.
Requirement already satisfied: cython in ./env/lib/python3.8/site-packages (0.29.19)
WARNING: You are using pip version 19.2.3, however version 21.0.1 is available.
You should consider upgrading via the 'pip install --upgrade pip' command.
Requirement already satisfied: numpy in ./env/lib/python3.8/site-packages (1.18.4)
WARNING: You are using pip version 19.2.3, however version 21.0.1 is available.
You should consider upgrading via the 'pip install --upgrade pip' command.
Compiling pandas/_libs/algos.pyx because it depends on /home/sumukher/evals/BugsInPy/framework/bin/temp/pandas/env/lib/python3.8/site-packages/Cython/Includes/numpy/__init__.pxd.
Compiling pandas/_libs/groupby.pyx because it depends on /home/sumukher/evals/BugsInPy/framework/bin/temp/pandas/env/lib/python3.8/site-packages/Cython/Includes/numpy/__init__.pxd.
Compiling pandas/_libs/hashing.pyx because it depends on /home/sumukher/evals/BugsInPy/framework/bin/temp/pandas/env/lib/python3.8/site-packages/Cython/Includes/numpy/__init__.pxd.
Compiling pandas/_libs/hashtable.pyx because it depends on /home/sumukher/evals/BugsInPy/framework/bin/temp/pandas/env/lib/python3.8/site-packages/Cython/Includes/numpy/__init__.pxd.
Compiling pandas/_libs/index.pyx because it changed.
Compiling pandas/_libs/internals.pyx because it depends on /home/sumukher/evals/BugsInPy/framework/bin/temp/pandas/env/lib/python3.8/site-packages/Cython/Includes/numpy/__init__.pxd.
Compiling pandas/_libs/interval.pyx because it depends on /home/sumukher/evals/BugsInPy/framework/bin/temp/pandas/env/lib/python3.8/site-packages/Cython/Includes/numpy/__init__.pxd.
Compiling pandas/_libs/join.pyx because it depends on /home/sumukher/evals/BugsInPy/framework/bin/temp/pandas/env/lib/python3.8/site-packages/Cython/Includes/numpy/__init__.pxd.
Compiling pandas/_libs/lib.pyx because it depends on /home/sumukher/evals/BugsInPy/framework/bin/temp/pandas/env/lib/python3.8/site-packages/Cython/Includes/numpy/__init__.pxd.
Compiling pandas/_libs/missing.pyx because it depends on /home/sumukher/evals/BugsInPy/framework/bin/temp/pandas/env/lib/python3.8/site-packages/Cython/Includes/numpy/__init__.pxd.
Compiling pandas/_libs/parsers.pyx because it changed.
Compiling pandas/_libs/reduction.pyx because it changed.
Compiling pandas/_libs/ops.pyx because it depends on /home/sumukher/evals/BugsInPy/framework/bin/temp/pandas/env/lib/python3.8/site-packages/Cython/Includes/numpy/__init__.pxd.
Compiling pandas/_libs/properties.pyx because it depends on /home/sumukher/evals/BugsInPy/framework/bin/temp/pandas/env/lib/python3.8/site-packages/Cython/Includes/cpython/object.pxd.
Compiling pandas/_libs/reshape.pyx because it depends on /home/sumukher/evals/BugsInPy/framework/bin/temp/pandas/env/lib/python3.8/site-packages/Cython/Includes/numpy/__init__.pxd.
Compiling pandas/_libs/sparse.pyx because it depends on /home/sumukher/evals/BugsInPy/framework/bin/temp/pandas/env/lib/python3.8/site-packages/Cython/Includes/numpy/__init__.pxd.
Compiling pandas/_libs/tslib.pyx because it depends on /home/sumukher/evals/BugsInPy/framework/bin/temp/pandas/env/lib/python3.8/site-packages/Cython/Includes/numpy/__init__.pxd.
Compiling pandas/_libs/tslibs/c_timestamp.pyx because it depends on /home/sumukher/evals/BugsInPy/framework/bin/temp/pandas/env/lib/python3.8/site-packages/Cython/Includes/numpy/__init__.pxd.
Compiling pandas/_libs/tslibs/ccalendar.pyx because it depends on /home/sumukher/evals/BugsInPy/framework/bin/temp/pandas/env/lib/python3.8/site-packages/Cython/Includes/numpy/__init__.pxd.
Compiling pandas/_libs/tslibs/conversion.pyx because it depends on /home/sumukher/evals/BugsInPy/framework/bin/temp/pandas/env/lib/python3.8/site-packages/Cython/Includes/numpy/__init__.pxd.
Compiling pandas/_libs/tslibs/fields.pyx because it depends on /home/sumukher/evals/BugsInPy/framework/bin/temp/pandas/env/lib/python3.8/site-packages/Cython/Includes/numpy/__init__.pxd.
Compiling pandas/_libs/tslibs/frequencies.pyx because it depends on /home/sumukher/evals/BugsInPy/framework/bin/temp/pandas/env/lib/python3.8/site-packages/Cython/Includes/numpy/__init__.pxd.
Compiling pandas/_libs/tslibs/nattype.pyx because it depends on /home/sumukher/evals/BugsInPy/framework/bin/temp/pandas/env/lib/python3.8/site-packages/Cython/Includes/numpy/__init__.pxd.
Compiling pandas/_libs/tslibs/np_datetime.pyx because it depends on /home/sumukher/evals/BugsInPy/framework/bin/temp/pandas/env/lib/python3.8/site-packages/Cython/Includes/numpy/__init__.pxd.
Compiling pandas/_libs/tslibs/offsets.pyx because it depends on /home/sumukher/evals/BugsInPy/framework/bin/temp/pandas/env/lib/python3.8/site-packages/Cython/Includes/numpy/__init__.pxd.
Compiling pandas/_libs/tslibs/parsing.pyx because it depends on /home/sumukher/evals/BugsInPy/framework/bin/temp/pandas/env/lib/python3.8/site-packages/Cython/Includes/numpy/__init__.pxd.
Compiling pandas/_libs/tslibs/period.pyx because it depends on /home/sumukher/evals/BugsInPy/framework/bin/temp/pandas/env/lib/python3.8/site-packages/Cython/Includes/numpy/__init__.pxd.
Compiling pandas/_libs/tslibs/resolution.pyx because it depends on /home/sumukher/evals/BugsInPy/framework/bin/temp/pandas/env/lib/python3.8/site-packages/Cython/Includes/numpy/__init__.pxd.
Compiling pandas/_libs/tslibs/strptime.pyx because it depends on /home/sumukher/evals/BugsInPy/framework/bin/temp/pandas/env/lib/python3.8/site-packages/Cython/Includes/numpy/__init__.pxd.
Compiling pandas/_libs/tslibs/timedeltas.pyx because it depends on /home/sumukher/evals/BugsInPy/framework/bin/temp/pandas/env/lib/python3.8/site-packages/Cython/Includes/numpy/__init__.pxd.
Compiling pandas/_libs/tslibs/timestamps.pyx because it depends on /home/sumukher/evals/BugsInPy/framework/bin/temp/pandas/env/lib/python3.8/site-packages/Cython/Includes/numpy/__init__.pxd.
Compiling pandas/_libs/tslibs/timezones.pyx because it depends on /home/sumukher/evals/BugsInPy/framework/bin/temp/pandas/env/lib/python3.8/site-packages/Cython/Includes/numpy/__init__.pxd.
Compiling pandas/_libs/tslibs/tzconversion.pyx because it depends on /home/sumukher/evals/BugsInPy/framework/bin/temp/pandas/env/lib/python3.8/site-packages/Cython/Includes/numpy/__init__.pxd.
Compiling pandas/_libs/window/aggregations.pyx because it depends on /home/sumukher/evals/BugsInPy/framework/bin/temp/pandas/env/lib/python3.8/site-packages/Cython/Includes/numpy/__init__.pxd.
Compiling pandas/_libs/window/indexers.pyx because it depends on /home/sumukher/evals/BugsInPy/framework/bin/temp/pandas/env/lib/python3.8/site-packages/Cython/Includes/numpy/__init__.pxd.
Compiling pandas/_libs/writers.pyx because it depends on /home/sumukher/evals/BugsInPy/framework/bin/temp/pandas/env/lib/python3.8/site-packages/Cython/Includes/numpy/__init__.pxd.
[ 1/36] Cythonizing pandas/_libs/index.pyx
[ 2/36] Cythonizing pandas/_libs/parsers.pyx
[ 3/36] Cythonizing pandas/_libs/reduction.pyx
[ 4/36] Cythonizing pandas/_libs/algos.pyx
[ 5/36] Cythonizing pandas/_libs/groupby.pyx
[ 6/36] Cythonizing pandas/_libs/hashing.pyx
[ 7/36] Cythonizing pandas/_libs/hashtable.pyx
[ 8/36] Cythonizing pandas/_libs/internals.pyx
[ 9/36] Cythonizing pandas/_libs/interval.pyx
[10/36] Cythonizing pandas/_libs/join.pyx
[11/36] Cythonizing pandas/_libs/lib.pyx
[12/36] Cythonizing pandas/_libs/missing.pyx
[13/36] Cythonizing pandas/_libs/ops.pyx
[14/36] Cythonizing pandas/_libs/reshape.pyx
[15/36] Cythonizing pandas/_libs/sparse.pyx
[16/36] Cythonizing pandas/_libs/tslib.pyx
[17/36] Cythonizing pandas/_libs/tslibs/c_timestamp.pyx
[18/36] Cythonizing pandas/_libs/tslibs/ccalendar.pyx
[19/36] Cythonizing pandas/_libs/tslibs/conversion.pyx
[20/36] Cythonizing pandas/_libs/tslibs/fields.pyx
[21/36] Cythonizing pandas/_libs/tslibs/frequencies.pyx
[22/36] Cythonizing pandas/_libs/tslibs/nattype.pyx
[23/36] Cythonizing pandas/_libs/tslibs/np_datetime.pyx
[24/36] Cythonizing pandas/_libs/tslibs/offsets.pyx
[25/36] Cythonizing pandas/_libs/tslibs/parsing.pyx
[26/36] Cythonizing pandas/_libs/tslibs/period.pyx
[27/36] Cythonizing pandas/_libs/tslibs/resolution.pyx
[28/36] Cythonizing pandas/_libs/tslibs/strptime.pyx
[29/36] Cythonizing pandas/_libs/tslibs/timedeltas.pyx
[30/36] Cythonizing pandas/_libs/tslibs/timestamps.pyx
[31/36] Cythonizing pandas/_libs/tslibs/timezones.pyx
[32/36] Cythonizing pandas/_libs/tslibs/tzconversion.pyx
[33/36] Cythonizing pandas/_libs/window/aggregations.pyx
[34/36] Cythonizing pandas/_libs/window/indexers.pyx
[35/36] Cythonizing pandas/_libs/writers.pyx
[36/36] Cythonizing pandas/_libs/properties.pyx
running build_ext
building 'pandas._libs.algos' extension
gcc -pthread -Wno-unused-result -Wsign-compare -DNDEBUG -g -fwrapv -O3 -Wall -g -fstack-protector --param=ssp-buffer-size=4 -Wformat -Werror=format-security -fPIC -DNPY_NO_DEPRECATED_API=0 -I./pandas/_libs -Ipandas/_libs/src/klib -I/home/sumukher/evals/BugsInPy/framework/bin/temp/pandas/env/lib/python3.8/site-packages/numpy/core/include -I/home/sumukher/evals/BugsInPy/framework/bin/temp/pandas/env/include -I/opt/python/3.8.1/include/python3.8 -c pandas/_libs/algos.c -o build/temp.linux-x86_64-3.8/pandas/_libs/algos.o
gcc -pthread -shared -L/opt/python/3.8.1/lib -Wl,-rpath=/opt/python/3.8.1/lib -L/opt/python/3.8.1/lib -Wl,-rpath=/opt/python/3.8.1/lib build/temp.linux-x86_64-3.8/pandas/_libs/algos.o -L/opt/python/3.8.1/lib -o /home/sumukher/evals/BugsInPy/framework/bin/temp/pandas/pandas/_libs/algos.cpython-38-x86_64-linux-gnu.so
building 'pandas._libs.groupby' extension
gcc -pthread -Wno-unused-result -Wsign-compare -DNDEBUG -g -fwrapv -O3 -Wall -g -fstack-protector --param=ssp-buffer-size=4 -Wformat -Werror=format-security -fPIC -DNPY_NO_DEPRECATED_API=0 -I./pandas/_libs -I/home/sumukher/evals/BugsInPy/framework/bin/temp/pandas/env/lib/python3.8/site-packages/numpy/core/include -I/home/sumukher/evals/BugsInPy/framework/bin/temp/pandas/env/include -I/opt/python/3.8.1/include/python3.8 -c pandas/_libs/groupby.c -o build/temp.linux-x86_64-3.8/pandas/_libs/groupby.o
gcc -pthread -shared -L/opt/python/3.8.1/lib -Wl,-rpath=/opt/python/3.8.1/lib -L/opt/python/3.8.1/lib -Wl,-rpath=/opt/python/3.8.1/lib build/temp.linux-x86_64-3.8/pandas/_libs/groupby.o -L/opt/python/3.8.1/lib -o /home/sumukher/evals/BugsInPy/framework/bin/temp/pandas/pandas/_libs/groupby.cpython-38-x86_64-linux-gnu.so
building 'pandas._libs.hashing' extension
gcc -pthread -Wno-unused-result -Wsign-compare -DNDEBUG -g -fwrapv -O3 -Wall -g -fstack-protector --param=ssp-buffer-size=4 -Wformat -Werror=format-security -fPIC -DNPY_NO_DEPRECATED_API=0 -I./pandas/_libs -I/home/sumukher/evals/BugsInPy/framework/bin/temp/pandas/env/lib/python3.8/site-packages/numpy/core/include -I/home/sumukher/evals/BugsInPy/framework/bin/temp/pandas/env/include -I/opt/python/3.8.1/include/python3.8 -c pandas/_libs/hashing.c -o build/temp.linux-x86_64-3.8/pandas/_libs/hashing.o
pandas/_libs/hashing.c:25687:12: warning: ‘__pyx_memview_set_object’ defined but not used [-Wunused-function]
 static int __pyx_memview_set_object(const char *itemp, PyObject *obj) {
            ^~~~~~~~~~~~~~~~~~~~~~~~
pandas/_libs/hashing.c:25682:20: warning: ‘__pyx_memview_get_object’ defined but not used [-Wunused-function]
   static PyObject *__pyx_memview_get_object(const char *itemp) {
                    ^~~~~~~~~~~~~~~~~~~~~~~~
gcc -pthread -shared -L/opt/python/3.8.1/lib -Wl,-rpath=/opt/python/3.8.1/lib -L/opt/python/3.8.1/lib -Wl,-rpath=/opt/python/3.8.1/lib build/temp.linux-x86_64-3.8/pandas/_libs/hashing.o -L/opt/python/3.8.1/lib -o /home/sumukher/evals/BugsInPy/framework/bin/temp/pandas/pandas/_libs/hashing.cpython-38-x86_64-linux-gnu.so
building 'pandas._libs.hashtable' extension
gcc -pthread -Wno-unused-result -Wsign-compare -DNDEBUG -g -fwrapv -O3 -Wall -g -fstack-protector --param=ssp-buffer-size=4 -Wformat -Werror=format-security -fPIC -DNPY_NO_DEPRECATED_API=0 -I./pandas/_libs -Ipandas/_libs/src/klib -I/home/sumukher/evals/BugsInPy/framework/bin/temp/pandas/env/lib/python3.8/site-packages/numpy/core/include -I/home/sumukher/evals/BugsInPy/framework/bin/temp/pandas/env/include -I/opt/python/3.8.1/include/python3.8 -c pandas/_libs/hashtable.c -o build/temp.linux-x86_64-3.8/pandas/_libs/hashtable.o
pandas/_libs/hashtable.c:64477:12: warning: ‘__pyx_memview_set_object’ defined but not used [-Wunused-function]
 static int __pyx_memview_set_object(const char *itemp, PyObject *obj) {
            ^~~~~~~~~~~~~~~~~~~~~~~~
pandas/_libs/hashtable.c:64472:20: warning: ‘__pyx_memview_get_object’ defined but not used [-Wunused-function]
   static PyObject *__pyx_memview_get_object(const char *itemp) {
                    ^~~~~~~~~~~~~~~~~~~~~~~~
gcc -pthread -shared -L/opt/python/3.8.1/lib -Wl,-rpath=/opt/python/3.8.1/lib -L/opt/python/3.8.1/lib -Wl,-rpath=/opt/python/3.8.1/lib build/temp.linux-x86_64-3.8/pandas/_libs/hashtable.o -L/opt/python/3.8.1/lib -o /home/sumukher/evals/BugsInPy/framework/bin/temp/pandas/pandas/_libs/hashtable.cpython-38-x86_64-linux-gnu.so
building 'pandas._libs.index' extension
gcc -pthread -Wno-unused-result -Wsign-compare -DNDEBUG -g -fwrapv -O3 -Wall -g -fstack-protector --param=ssp-buffer-size=4 -Wformat -Werror=format-security -fPIC -DNPY_NO_DEPRECATED_API=0 -I./pandas/_libs -Ipandas/_libs/src/klib -I/home/sumukher/evals/BugsInPy/framework/bin/temp/pandas/env/lib/python3.8/site-packages/numpy/core/include -I/home/sumukher/evals/BugsInPy/framework/bin/temp/pandas/env/include -I/opt/python/3.8.1/include/python3.8 -c pandas/_libs/index.c -o build/temp.linux-x86_64-3.8/pandas/_libs/index.o
gcc -pthread -shared -L/opt/python/3.8.1/lib -Wl,-rpath=/opt/python/3.8.1/lib -L/opt/python/3.8.1/lib -Wl,-rpath=/opt/python/3.8.1/lib build/temp.linux-x86_64-3.8/pandas/_libs/index.o -L/opt/python/3.8.1/lib -o /home/sumukher/evals/BugsInPy/framework/bin/temp/pandas/pandas/_libs/index.cpython-38-x86_64-linux-gnu.so
building 'pandas._libs.internals' extension
gcc -pthread -Wno-unused-result -Wsign-compare -DNDEBUG -g -fwrapv -O3 -Wall -g -fstack-protector --param=ssp-buffer-size=4 -Wformat -Werror=format-security -fPIC -DNPY_NO_DEPRECATED_API=0 -I/home/sumukher/evals/BugsInPy/framework/bin/temp/pandas/env/lib/python3.8/site-packages/numpy/core/include -I/home/sumukher/evals/BugsInPy/framework/bin/temp/pandas/env/include -I/opt/python/3.8.1/include/python3.8 -c pandas/_libs/internals.c -o build/temp.linux-x86_64-3.8/pandas/_libs/internals.o
pandas/_libs/internals.c: In function ‘__pyx_gb_6pandas_5_libs_9internals_4generator’:
pandas/_libs/internals.c:9038:36: warning: ‘__pyx_t_2’ may be used uninitialized in this function [-Wmaybe-uninitialized]
         __pyx_cur_scope->__pyx_t_4 = __pyx_t_2;
         ~~~~~~~~~~~~~~~~~~~~~~~~~~~^~~~~~~~~~~
gcc -pthread -shared -L/opt/python/3.8.1/lib -Wl,-rpath=/opt/python/3.8.1/lib -L/opt/python/3.8.1/lib -Wl,-rpath=/opt/python/3.8.1/lib build/temp.linux-x86_64-3.8/pandas/_libs/internals.o -L/opt/python/3.8.1/lib -o /home/sumukher/evals/BugsInPy/framework/bin/temp/pandas/pandas/_libs/internals.cpython-38-x86_64-linux-gnu.so
building 'pandas._libs.interval' extension
gcc -pthread -Wno-unused-result -Wsign-compare -DNDEBUG -g -fwrapv -O3 -Wall -g -fstack-protector --param=ssp-buffer-size=4 -Wformat -Werror=format-security -fPIC -DNPY_NO_DEPRECATED_API=0 -I./pandas/_libs -Ipandas/_libs/src/klib -I/home/sumukher/evals/BugsInPy/framework/bin/temp/pandas/env/lib/python3.8/site-packages/numpy/core/include -I/home/sumukher/evals/BugsInPy/framework/bin/temp/pandas/env/include -I/opt/python/3.8.1/include/python3.8 -c pandas/_libs/interval.c -o build/temp.linux-x86_64-3.8/pandas/_libs/interval.o
gcc -pthread -shared -L/opt/python/3.8.1/lib -Wl,-rpath=/opt/python/3.8.1/lib -L/opt/python/3.8.1/lib -Wl,-rpath=/opt/python/3.8.1/lib build/temp.linux-x86_64-3.8/pandas/_libs/interval.o -L/opt/python/3.8.1/lib -o /home/sumukher/evals/BugsInPy/framework/bin/temp/pandas/pandas/_libs/interval.cpython-38-x86_64-linux-gnu.so
building 'pandas._libs.join' extension
gcc -pthread -Wno-unused-result -Wsign-compare -DNDEBUG -g -fwrapv -O3 -Wall -g -fstack-protector --param=ssp-buffer-size=4 -Wformat -Werror=format-security -fPIC -DNPY_NO_DEPRECATED_API=0 -Ipandas/_libs/src/klib -I/home/sumukher/evals/BugsInPy/framework/bin/temp/pandas/env/lib/python3.8/site-packages/numpy/core/include -I/home/sumukher/evals/BugsInPy/framework/bin/temp/pandas/env/include -I/opt/python/3.8.1/include/python3.8 -c pandas/_libs/join.c -o build/temp.linux-x86_64-3.8/pandas/_libs/join.o
gcc -pthread -shared -L/opt/python/3.8.1/lib -Wl,-rpath=/opt/python/3.8.1/lib -L/opt/python/3.8.1/lib -Wl,-rpath=/opt/python/3.8.1/lib build/temp.linux-x86_64-3.8/pandas/_libs/join.o -L/opt/python/3.8.1/lib -o /home/sumukher/evals/BugsInPy/framework/bin/temp/pandas/pandas/_libs/join.cpython-38-x86_64-linux-gnu.so
building 'pandas._libs.lib' extension
gcc -pthread -Wno-unused-result -Wsign-compare -DNDEBUG -g -fwrapv -O3 -Wall -g -fstack-protector --param=ssp-buffer-size=4 -Wformat -Werror=format-security -fPIC -DNPY_NO_DEPRECATED_API=0 -Ipandas/_libs -I./pandas/_libs/tslibs -I./pandas/_libs -Ipandas/_libs/src/klib -I/home/sumukher/evals/BugsInPy/framework/bin/temp/pandas/env/lib/python3.8/site-packages/numpy/core/include -I/home/sumukher/evals/BugsInPy/framework/bin/temp/pandas/env/include -I/opt/python/3.8.1/include/python3.8 -c pandas/_libs/lib.c -o build/temp.linux-x86_64-3.8/pandas/_libs/lib.o
gcc -pthread -Wno-unused-result -Wsign-compare -DNDEBUG -g -fwrapv -O3 -Wall -g -fstack-protector --param=ssp-buffer-size=4 -Wformat -Werror=format-security -fPIC -DNPY_NO_DEPRECATED_API=0 -Ipandas/_libs -I./pandas/_libs/tslibs -I./pandas/_libs -Ipandas/_libs/src/klib -I/home/sumukher/evals/BugsInPy/framework/bin/temp/pandas/env/lib/python3.8/site-packages/numpy/core/include -I/home/sumukher/evals/BugsInPy/framework/bin/temp/pandas/env/include -I/opt/python/3.8.1/include/python3.8 -c pandas/_libs/src/parser/tokenizer.c -o build/temp.linux-x86_64-3.8/pandas/_libs/src/parser/tokenizer.o
gcc -pthread -shared -L/opt/python/3.8.1/lib -Wl,-rpath=/opt/python/3.8.1/lib -L/opt/python/3.8.1/lib -Wl,-rpath=/opt/python/3.8.1/lib build/temp.linux-x86_64-3.8/pandas/_libs/lib.o build/temp.linux-x86_64-3.8/pandas/_libs/src/parser/tokenizer.o -L/opt/python/3.8.1/lib -o /home/sumukher/evals/BugsInPy/framework/bin/temp/pandas/pandas/_libs/lib.cpython-38-x86_64-linux-gnu.so
building 'pandas._libs.missing' extension
gcc -pthread -Wno-unused-result -Wsign-compare -DNDEBUG -g -fwrapv -O3 -Wall -g -fstack-protector --param=ssp-buffer-size=4 -Wformat -Werror=format-security -fPIC -DNPY_NO_DEPRECATED_API=0 -I./pandas/_libs -I./pandas/_libs/tslibs -I/home/sumukher/evals/BugsInPy/framework/bin/temp/pandas/env/lib/python3.8/site-packages/numpy/core/include -I/home/sumukher/evals/BugsInPy/framework/bin/temp/pandas/env/include -I/opt/python/3.8.1/include/python3.8 -c pandas/_libs/missing.c -o build/temp.linux-x86_64-3.8/pandas/_libs/missing.o
gcc -pthread -shared -L/opt/python/3.8.1/lib -Wl,-rpath=/opt/python/3.8.1/lib -L/opt/python/3.8.1/lib -Wl,-rpath=/opt/python/3.8.1/lib build/temp.linux-x86_64-3.8/pandas/_libs/missing.o -L/opt/python/3.8.1/lib -o /home/sumukher/evals/BugsInPy/framework/bin/temp/pandas/pandas/_libs/missing.cpython-38-x86_64-linux-gnu.so
building 'pandas._libs.parsers' extension
gcc -pthread -Wno-unused-result -Wsign-compare -DNDEBUG -g -fwrapv -O3 -Wall -g -fstack-protector --param=ssp-buffer-size=4 -Wformat -Werror=format-security -fPIC -DNPY_NO_DEPRECATED_API=0 -I./pandas/_libs -Ipandas/_libs/src/klib -Ipandas/_libs/src -I/home/sumukher/evals/BugsInPy/framework/bin/temp/pandas/env/lib/python3.8/site-packages/numpy/core/include -I/home/sumukher/evals/BugsInPy/framework/bin/temp/pandas/env/include -I/opt/python/3.8.1/include/python3.8 -c pandas/_libs/parsers.c -o build/temp.linux-x86_64-3.8/pandas/_libs/parsers.o
pandas/_libs/parsers.c: In function ‘__pyx_f_6pandas_5_libs_7parsers_10TextReader__get_header’:
pandas/_libs/parsers.c:9333:27: warning: ‘__pyx_v_data_line’ may be used uninitialized in this function [-Wmaybe-uninitialized]
   __pyx_t_5numpy_uint64_t __pyx_v_data_line;
                           ^~~~~~~~~~~~~~~~~
gcc -pthread -Wno-unused-result -Wsign-compare -DNDEBUG -g -fwrapv -O3 -Wall -g -fstack-protector --param=ssp-buffer-size=4 -Wformat -Werror=format-security -fPIC -DNPY_NO_DEPRECATED_API=0 -I./pandas/_libs -Ipandas/_libs/src/klib -Ipandas/_libs/src -I/home/sumukher/evals/BugsInPy/framework/bin/temp/pandas/env/lib/python3.8/site-packages/numpy/core/include -I/home/sumukher/evals/BugsInPy/framework/bin/temp/pandas/env/include -I/opt/python/3.8.1/include/python3.8 -c pandas/_libs/src/parser/tokenizer.c -o build/temp.linux-x86_64-3.8/pandas/_libs/src/parser/tokenizer.o
gcc -pthread -Wno-unused-result -Wsign-compare -DNDEBUG -g -fwrapv -O3 -Wall -g -fstack-protector --param=ssp-buffer-size=4 -Wformat -Werror=format-security -fPIC -DNPY_NO_DEPRECATED_API=0 -I./pandas/_libs -Ipandas/_libs/src/klib -Ipandas/_libs/src -I/home/sumukher/evals/BugsInPy/framework/bin/temp/pandas/env/lib/python3.8/site-packages/numpy/core/include -I/home/sumukher/evals/BugsInPy/framework/bin/temp/pandas/env/include -I/opt/python/3.8.1/include/python3.8 -c pandas/_libs/src/parser/io.c -o build/temp.linux-x86_64-3.8/pandas/_libs/src/parser/io.o
gcc -pthread -shared -L/opt/python/3.8.1/lib -Wl,-rpath=/opt/python/3.8.1/lib -L/opt/python/3.8.1/lib -Wl,-rpath=/opt/python/3.8.1/lib build/temp.linux-x86_64-3.8/pandas/_libs/parsers.o build/temp.linux-x86_64-3.8/pandas/_libs/src/parser/tokenizer.o build/temp.linux-x86_64-3.8/pandas/_libs/src/parser/io.o -L/opt/python/3.8.1/lib -o /home/sumukher/evals/BugsInPy/framework/bin/temp/pandas/pandas/_libs/parsers.cpython-38-x86_64-linux-gnu.so
building 'pandas._libs.reduction' extension
gcc -pthread -Wno-unused-result -Wsign-compare -DNDEBUG -g -fwrapv -O3 -Wall -g -fstack-protector --param=ssp-buffer-size=4 -Wformat -Werror=format-security -fPIC -DNPY_NO_DEPRECATED_API=0 -I./pandas/_libs -I/home/sumukher/evals/BugsInPy/framework/bin/temp/pandas/env/lib/python3.8/site-packages/numpy/core/include -I/home/sumukher/evals/BugsInPy/framework/bin/temp/pandas/env/include -I/opt/python/3.8.1/include/python3.8 -c pandas/_libs/reduction.c -o build/temp.linux-x86_64-3.8/pandas/_libs/reduction.o
gcc -pthread -shared -L/opt/python/3.8.1/lib -Wl,-rpath=/opt/python/3.8.1/lib -L/opt/python/3.8.1/lib -Wl,-rpath=/opt/python/3.8.1/lib build/temp.linux-x86_64-3.8/pandas/_libs/reduction.o -L/opt/python/3.8.1/lib -o /home/sumukher/evals/BugsInPy/framework/bin/temp/pandas/pandas/_libs/reduction.cpython-38-x86_64-linux-gnu.so
building 'pandas._libs.ops' extension
gcc -pthread -Wno-unused-result -Wsign-compare -DNDEBUG -g -fwrapv -O3 -Wall -g -fstack-protector --param=ssp-buffer-size=4 -Wformat -Werror=format-security -fPIC -DNPY_NO_DEPRECATED_API=0 -I./pandas/_libs -I/home/sumukher/evals/BugsInPy/framework/bin/temp/pandas/env/lib/python3.8/site-packages/numpy/core/include -I/home/sumukher/evals/BugsInPy/framework/bin/temp/pandas/env/include -I/opt/python/3.8.1/include/python3.8 -c pandas/_libs/ops.c -o build/temp.linux-x86_64-3.8/pandas/_libs/ops.o
gcc -pthread -shared -L/opt/python/3.8.1/lib -Wl,-rpath=/opt/python/3.8.1/lib -L/opt/python/3.8.1/lib -Wl,-rpath=/opt/python/3.8.1/lib build/temp.linux-x86_64-3.8/pandas/_libs/ops.o -L/opt/python/3.8.1/lib -o /home/sumukher/evals/BugsInPy/framework/bin/temp/pandas/pandas/_libs/ops.cpython-38-x86_64-linux-gnu.so
building 'pandas._libs.properties' extension
gcc -pthread -Wno-unused-result -Wsign-compare -DNDEBUG -g -fwrapv -O3 -Wall -g -fstack-protector --param=ssp-buffer-size=4 -Wformat -Werror=format-security -fPIC -DNPY_NO_DEPRECATED_API=0 -I/home/sumukher/evals/BugsInPy/framework/bin/temp/pandas/env/lib/python3.8/site-packages/numpy/core/include -I/home/sumukher/evals/BugsInPy/framework/bin/temp/pandas/env/include -I/opt/python/3.8.1/include/python3.8 -c pandas/_libs/properties.c -o build/temp.linux-x86_64-3.8/pandas/_libs/properties.o
gcc -pthread -shared -L/opt/python/3.8.1/lib -Wl,-rpath=/opt/python/3.8.1/lib -L/opt/python/3.8.1/lib -Wl,-rpath=/opt/python/3.8.1/lib build/temp.linux-x86_64-3.8/pandas/_libs/properties.o -L/opt/python/3.8.1/lib -o /home/sumukher/evals/BugsInPy/framework/bin/temp/pandas/pandas/_libs/properties.cpython-38-x86_64-linux-gnu.so
building 'pandas._libs.reshape' extension
gcc -pthread -Wno-unused-result -Wsign-compare -DNDEBUG -g -fwrapv -O3 -Wall -g -fstack-protector --param=ssp-buffer-size=4 -Wformat -Werror=format-security -fPIC -DNPY_NO_DEPRECATED_API=0 -I/home/sumukher/evals/BugsInPy/framework/bin/temp/pandas/env/lib/python3.8/site-packages/numpy/core/include -I/home/sumukher/evals/BugsInPy/framework/bin/temp/pandas/env/include -I/opt/python/3.8.1/include/python3.8 -c pandas/_libs/reshape.c -o build/temp.linux-x86_64-3.8/pandas/_libs/reshape.o
gcc -pthread -shared -L/opt/python/3.8.1/lib -Wl,-rpath=/opt/python/3.8.1/lib -L/opt/python/3.8.1/lib -Wl,-rpath=/opt/python/3.8.1/lib build/temp.linux-x86_64-3.8/pandas/_libs/reshape.o -L/opt/python/3.8.1/lib -o /home/sumukher/evals/BugsInPy/framework/bin/temp/pandas/pandas/_libs/reshape.cpython-38-x86_64-linux-gnu.so
building 'pandas._libs.sparse' extension
gcc -pthread -Wno-unused-result -Wsign-compare -DNDEBUG -g -fwrapv -O3 -Wall -g -fstack-protector --param=ssp-buffer-size=4 -Wformat -Werror=format-security -fPIC -DNPY_NO_DEPRECATED_API=0 -I/home/sumukher/evals/BugsInPy/framework/bin/temp/pandas/env/lib/python3.8/site-packages/numpy/core/include -I/home/sumukher/evals/BugsInPy/framework/bin/temp/pandas/env/include -I/opt/python/3.8.1/include/python3.8 -c pandas/_libs/sparse.c -o build/temp.linux-x86_64-3.8/pandas/_libs/sparse.o
gcc -pthread -shared -L/opt/python/3.8.1/lib -Wl,-rpath=/opt/python/3.8.1/lib -L/opt/python/3.8.1/lib -Wl,-rpath=/opt/python/3.8.1/lib build/temp.linux-x86_64-3.8/pandas/_libs/sparse.o -L/opt/python/3.8.1/lib -o /home/sumukher/evals/BugsInPy/framework/bin/temp/pandas/pandas/_libs/sparse.cpython-38-x86_64-linux-gnu.so
building 'pandas._libs.tslib' extension
gcc -pthread -Wno-unused-result -Wsign-compare -DNDEBUG -g -fwrapv -O3 -Wall -g -fstack-protector --param=ssp-buffer-size=4 -Wformat -Werror=format-security -fPIC -DNPY_NO_DEPRECATED_API=0 -I./pandas/_libs/tslibs -I./pandas/_libs -I/home/sumukher/evals/BugsInPy/framework/bin/temp/pandas/env/lib/python3.8/site-packages/numpy/core/include -I/home/sumukher/evals/BugsInPy/framework/bin/temp/pandas/env/include -I/opt/python/3.8.1/include/python3.8 -c pandas/_libs/tslib.c -o build/temp.linux-x86_64-3.8/pandas/_libs/tslib.o
gcc -pthread -shared -L/opt/python/3.8.1/lib -Wl,-rpath=/opt/python/3.8.1/lib -L/opt/python/3.8.1/lib -Wl,-rpath=/opt/python/3.8.1/lib build/temp.linux-x86_64-3.8/pandas/_libs/tslib.o -L/opt/python/3.8.1/lib -o /home/sumukher/evals/BugsInPy/framework/bin/temp/pandas/pandas/_libs/tslib.cpython-38-x86_64-linux-gnu.so
building 'pandas._libs.tslibs.c_timestamp' extension
gcc -pthread -Wno-unused-result -Wsign-compare -DNDEBUG -g -fwrapv -O3 -Wall -g -fstack-protector --param=ssp-buffer-size=4 -Wformat -Werror=format-security -fPIC -DNPY_NO_DEPRECATED_API=0 -I./pandas/_libs/tslibs -I/home/sumukher/evals/BugsInPy/framework/bin/temp/pandas/env/lib/python3.8/site-packages/numpy/core/include -I/home/sumukher/evals/BugsInPy/framework/bin/temp/pandas/env/include -I/opt/python/3.8.1/include/python3.8 -c pandas/_libs/tslibs/c_timestamp.c -o build/temp.linux-x86_64-3.8/pandas/_libs/tslibs/c_timestamp.o
gcc -pthread -shared -L/opt/python/3.8.1/lib -Wl,-rpath=/opt/python/3.8.1/lib -L/opt/python/3.8.1/lib -Wl,-rpath=/opt/python/3.8.1/lib build/temp.linux-x86_64-3.8/pandas/_libs/tslibs/c_timestamp.o -L/opt/python/3.8.1/lib -o /home/sumukher/evals/BugsInPy/framework/bin/temp/pandas/pandas/_libs/tslibs/c_timestamp.cpython-38-x86_64-linux-gnu.so
building 'pandas._libs.tslibs.ccalendar' extension
gcc -pthread -Wno-unused-result -Wsign-compare -DNDEBUG -g -fwrapv -O3 -Wall -g -fstack-protector --param=ssp-buffer-size=4 -Wformat -Werror=format-security -fPIC -DNPY_NO_DEPRECATED_API=0 -I/home/sumukher/evals/BugsInPy/framework/bin/temp/pandas/env/lib/python3.8/site-packages/numpy/core/include -I/home/sumukher/evals/BugsInPy/framework/bin/temp/pandas/env/include -I/opt/python/3.8.1/include/python3.8 -c pandas/_libs/tslibs/ccalendar.c -o build/temp.linux-x86_64-3.8/pandas/_libs/tslibs/ccalendar.o
gcc -pthread -shared -L/opt/python/3.8.1/lib -Wl,-rpath=/opt/python/3.8.1/lib -L/opt/python/3.8.1/lib -Wl,-rpath=/opt/python/3.8.1/lib build/temp.linux-x86_64-3.8/pandas/_libs/tslibs/ccalendar.o -L/opt/python/3.8.1/lib -o /home/sumukher/evals/BugsInPy/framework/bin/temp/pandas/pandas/_libs/tslibs/ccalendar.cpython-38-x86_64-linux-gnu.so
building 'pandas._libs.tslibs.conversion' extension
gcc -pthread -Wno-unused-result -Wsign-compare -DNDEBUG -g -fwrapv -O3 -Wall -g -fstack-protector --param=ssp-buffer-size=4 -Wformat -Werror=format-security -fPIC -DNPY_NO_DEPRECATED_API=0 -I./pandas/_libs/tslibs -I/home/sumukher/evals/BugsInPy/framework/bin/temp/pandas/env/lib/python3.8/site-packages/numpy/core/include -I/home/sumukher/evals/BugsInPy/framework/bin/temp/pandas/env/include -I/opt/python/3.8.1/include/python3.8 -c pandas/_libs/tslibs/conversion.c -o build/temp.linux-x86_64-3.8/pandas/_libs/tslibs/conversion.o
pandas/_libs/tslibs/conversion.c:33477:12: warning: ‘__pyx_memview_set_object’ defined but not used [-Wunused-function]
 static int __pyx_memview_set_object(const char *itemp, PyObject *obj) {
            ^~~~~~~~~~~~~~~~~~~~~~~~
pandas/_libs/tslibs/conversion.c:33472:20: warning: ‘__pyx_memview_get_object’ defined but not used [-Wunused-function]
   static PyObject *__pyx_memview_get_object(const char *itemp) {
                    ^~~~~~~~~~~~~~~~~~~~~~~~
gcc -pthread -Wno-unused-result -Wsign-compare -DNDEBUG -g -fwrapv -O3 -Wall -g -fstack-protector --param=ssp-buffer-size=4 -Wformat -Werror=format-security -fPIC -DNPY_NO_DEPRECATED_API=0 -I./pandas/_libs/tslibs -I/home/sumukher/evals/BugsInPy/framework/bin/temp/pandas/env/lib/python3.8/site-packages/numpy/core/include -I/home/sumukher/evals/BugsInPy/framework/bin/temp/pandas/env/include -I/opt/python/3.8.1/include/python3.8 -c pandas/_libs/tslibs/src/datetime/np_datetime.c -o build/temp.linux-x86_64-3.8/pandas/_libs/tslibs/src/datetime/np_datetime.o
In file included from pandas/_libs/tslibs/src/datetime/np_datetime.c:24:0:
/opt/python/3.8.1/include/python3.8/datetime.h:189:25: warning: ‘PyDateTimeAPI’ defined but not used [-Wunused-variable]
 static PyDateTime_CAPI *PyDateTimeAPI = NULL;
                         ^~~~~~~~~~~~~
gcc -pthread -shared -L/opt/python/3.8.1/lib -Wl,-rpath=/opt/python/3.8.1/lib -L/opt/python/3.8.1/lib -Wl,-rpath=/opt/python/3.8.1/lib build/temp.linux-x86_64-3.8/pandas/_libs/tslibs/conversion.o build/temp.linux-x86_64-3.8/pandas/_libs/tslibs/src/datetime/np_datetime.o -L/opt/python/3.8.1/lib -o /home/sumukher/evals/BugsInPy/framework/bin/temp/pandas/pandas/_libs/tslibs/conversion.cpython-38-x86_64-linux-gnu.so
building 'pandas._libs.tslibs.fields' extension
gcc -pthread -Wno-unused-result -Wsign-compare -DNDEBUG -g -fwrapv -O3 -Wall -g -fstack-protector --param=ssp-buffer-size=4 -Wformat -Werror=format-security -fPIC -DNPY_NO_DEPRECATED_API=0 -I./pandas/_libs/tslibs -I/home/sumukher/evals/BugsInPy/framework/bin/temp/pandas/env/lib/python3.8/site-packages/numpy/core/include -I/home/sumukher/evals/BugsInPy/framework/bin/temp/pandas/env/include -I/opt/python/3.8.1/include/python3.8 -c pandas/_libs/tslibs/fields.c -o build/temp.linux-x86_64-3.8/pandas/_libs/tslibs/fields.o
gcc -pthread -shared -L/opt/python/3.8.1/lib -Wl,-rpath=/opt/python/3.8.1/lib -L/opt/python/3.8.1/lib -Wl,-rpath=/opt/python/3.8.1/lib build/temp.linux-x86_64-3.8/pandas/_libs/tslibs/fields.o -L/opt/python/3.8.1/lib -o /home/sumukher/evals/BugsInPy/framework/bin/temp/pandas/pandas/_libs/tslibs/fields.cpython-38-x86_64-linux-gnu.so
building 'pandas._libs.tslibs.frequencies' extension
gcc -pthread -Wno-unused-result -Wsign-compare -DNDEBUG -g -fwrapv -O3 -Wall -g -fstack-protector --param=ssp-buffer-size=4 -Wformat -Werror=format-security -fPIC -DNPY_NO_DEPRECATED_API=0 -I/home/sumukher/evals/BugsInPy/framework/bin/temp/pandas/env/lib/python3.8/site-packages/numpy/core/include -I/home/sumukher/evals/BugsInPy/framework/bin/temp/pandas/env/include -I/opt/python/3.8.1/include/python3.8 -c pandas/_libs/tslibs/frequencies.c -o build/temp.linux-x86_64-3.8/pandas/_libs/tslibs/frequencies.o
gcc -pthread -shared -L/opt/python/3.8.1/lib -Wl,-rpath=/opt/python/3.8.1/lib -L/opt/python/3.8.1/lib -Wl,-rpath=/opt/python/3.8.1/lib build/temp.linux-x86_64-3.8/pandas/_libs/tslibs/frequencies.o -L/opt/python/3.8.1/lib -o /home/sumukher/evals/BugsInPy/framework/bin/temp/pandas/pandas/_libs/tslibs/frequencies.cpython-38-x86_64-linux-gnu.so
building 'pandas._libs.tslibs.nattype' extension
gcc -pthread -Wno-unused-result -Wsign-compare -DNDEBUG -g -fwrapv -O3 -Wall -g -fstack-protector --param=ssp-buffer-size=4 -Wformat -Werror=format-security -fPIC -DNPY_NO_DEPRECATED_API=0 -I./pandas/_libs/tslibs -I/home/sumukher/evals/BugsInPy/framework/bin/temp/pandas/env/lib/python3.8/site-packages/numpy/core/include -I/home/sumukher/evals/BugsInPy/framework/bin/temp/pandas/env/include -I/opt/python/3.8.1/include/python3.8 -c pandas/_libs/tslibs/nattype.c -o build/temp.linux-x86_64-3.8/pandas/_libs/tslibs/nattype.o
gcc -pthread -shared -L/opt/python/3.8.1/lib -Wl,-rpath=/opt/python/3.8.1/lib -L/opt/python/3.8.1/lib -Wl,-rpath=/opt/python/3.8.1/lib build/temp.linux-x86_64-3.8/pandas/_libs/tslibs/nattype.o -L/opt/python/3.8.1/lib -o /home/sumukher/evals/BugsInPy/framework/bin/temp/pandas/pandas/_libs/tslibs/nattype.cpython-38-x86_64-linux-gnu.so
building 'pandas._libs.tslibs.np_datetime' extension
gcc -pthread -Wno-unused-result -Wsign-compare -DNDEBUG -g -fwrapv -O3 -Wall -g -fstack-protector --param=ssp-buffer-size=4 -Wformat -Werror=format-security -fPIC -DNPY_NO_DEPRECATED_API=0 -Ipandas/_libs/tslibs -I./pandas/_libs/tslibs -I/home/sumukher/evals/BugsInPy/framework/bin/temp/pandas/env/lib/python3.8/site-packages/numpy/core/include -I/home/sumukher/evals/BugsInPy/framework/bin/temp/pandas/env/include -I/opt/python/3.8.1/include/python3.8 -c pandas/_libs/tslibs/np_datetime.c -o build/temp.linux-x86_64-3.8/pandas/_libs/tslibs/np_datetime.o
gcc -pthread -Wno-unused-result -Wsign-compare -DNDEBUG -g -fwrapv -O3 -Wall -g -fstack-protector --param=ssp-buffer-size=4 -Wformat -Werror=format-security -fPIC -DNPY_NO_DEPRECATED_API=0 -Ipandas/_libs/tslibs -I./pandas/_libs/tslibs -I/home/sumukher/evals/BugsInPy/framework/bin/temp/pandas/env/lib/python3.8/site-packages/numpy/core/include -I/home/sumukher/evals/BugsInPy/framework/bin/temp/pandas/env/include -I/opt/python/3.8.1/include/python3.8 -c pandas/_libs/tslibs/src/datetime/np_datetime.c -o build/temp.linux-x86_64-3.8/pandas/_libs/tslibs/src/datetime/np_datetime.o
In file included from pandas/_libs/tslibs/src/datetime/np_datetime.c:24:0:
/opt/python/3.8.1/include/python3.8/datetime.h:189:25: warning: ‘PyDateTimeAPI’ defined but not used [-Wunused-variable]
 static PyDateTime_CAPI *PyDateTimeAPI = NULL;
                         ^~~~~~~~~~~~~
gcc -pthread -Wno-unused-result -Wsign-compare -DNDEBUG -g -fwrapv -O3 -Wall -g -fstack-protector --param=ssp-buffer-size=4 -Wformat -Werror=format-security -fPIC -DNPY_NO_DEPRECATED_API=0 -Ipandas/_libs/tslibs -I./pandas/_libs/tslibs -I/home/sumukher/evals/BugsInPy/framework/bin/temp/pandas/env/lib/python3.8/site-packages/numpy/core/include -I/home/sumukher/evals/BugsInPy/framework/bin/temp/pandas/env/include -I/opt/python/3.8.1/include/python3.8 -c pandas/_libs/tslibs/src/datetime/np_datetime_strings.c -o build/temp.linux-x86_64-3.8/pandas/_libs/tslibs/src/datetime/np_datetime_strings.o
In file included from pandas/_libs/tslibs/src/datetime/np_datetime.h:25:0,
                 from pandas/_libs/tslibs/src/datetime/np_datetime_strings.c:37:
/opt/python/3.8.1/include/python3.8/datetime.h:189:25: warning: ‘PyDateTimeAPI’ defined but not used [-Wunused-variable]
 static PyDateTime_CAPI *PyDateTimeAPI = NULL;
                         ^~~~~~~~~~~~~
gcc -pthread -shared -L/opt/python/3.8.1/lib -Wl,-rpath=/opt/python/3.8.1/lib -L/opt/python/3.8.1/lib -Wl,-rpath=/opt/python/3.8.1/lib build/temp.linux-x86_64-3.8/pandas/_libs/tslibs/np_datetime.o build/temp.linux-x86_64-3.8/pandas/_libs/tslibs/src/datetime/np_datetime.o build/temp.linux-x86_64-3.8/pandas/_libs/tslibs/src/datetime/np_datetime_strings.o -L/opt/python/3.8.1/lib -o /home/sumukher/evals/BugsInPy/framework/bin/temp/pandas/pandas/_libs/tslibs/np_datetime.cpython-38-x86_64-linux-gnu.so
building 'pandas._libs.tslibs.offsets' extension
gcc -pthread -Wno-unused-result -Wsign-compare -DNDEBUG -g -fwrapv -O3 -Wall -g -fstack-protector --param=ssp-buffer-size=4 -Wformat -Werror=format-security -fPIC -DNPY_NO_DEPRECATED_API=0 -I./pandas/_libs/tslibs -Ipandas/_libs/tslibs -I/home/sumukher/evals/BugsInPy/framework/bin/temp/pandas/env/lib/python3.8/site-packages/numpy/core/include -I/home/sumukher/evals/BugsInPy/framework/bin/temp/pandas/env/include -I/opt/python/3.8.1/include/python3.8 -c pandas/_libs/tslibs/offsets.c -o build/temp.linux-x86_64-3.8/pandas/_libs/tslibs/offsets.o
gcc -pthread -shared -L/opt/python/3.8.1/lib -Wl,-rpath=/opt/python/3.8.1/lib -L/opt/python/3.8.1/lib -Wl,-rpath=/opt/python/3.8.1/lib build/temp.linux-x86_64-3.8/pandas/_libs/tslibs/offsets.o -L/opt/python/3.8.1/lib -o /home/sumukher/evals/BugsInPy/framework/bin/temp/pandas/pandas/_libs/tslibs/offsets.cpython-38-x86_64-linux-gnu.so
building 'pandas._libs.tslibs.parsing' extension
gcc -pthread -Wno-unused-result -Wsign-compare -DNDEBUG -g -fwrapv -O3 -Wall -g -fstack-protector --param=ssp-buffer-size=4 -Wformat -Werror=format-security -fPIC -DNPY_NO_DEPRECATED_API=0 -Ipandas/_libs/tslibs -Ipandas/_libs/src/klib -I/home/sumukher/evals/BugsInPy/framework/bin/temp/pandas/env/lib/python3.8/site-packages/numpy/core/include -I/home/sumukher/evals/BugsInPy/framework/bin/temp/pandas/env/include -I/opt/python/3.8.1/include/python3.8 -c pandas/_libs/tslibs/parsing.c -o build/temp.linux-x86_64-3.8/pandas/_libs/tslibs/parsing.o
gcc -pthread -Wno-unused-result -Wsign-compare -DNDEBUG -g -fwrapv -O3 -Wall -g -fstack-protector --param=ssp-buffer-size=4 -Wformat -Werror=format-security -fPIC -DNPY_NO_DEPRECATED_API=0 -Ipandas/_libs/tslibs -Ipandas/_libs/src/klib -I/home/sumukher/evals/BugsInPy/framework/bin/temp/pandas/env/lib/python3.8/site-packages/numpy/core/include -I/home/sumukher/evals/BugsInPy/framework/bin/temp/pandas/env/include -I/opt/python/3.8.1/include/python3.8 -c pandas/_libs/src/parser/tokenizer.c -o build/temp.linux-x86_64-3.8/pandas/_libs/src/parser/tokenizer.o
gcc -pthread -shared -L/opt/python/3.8.1/lib -Wl,-rpath=/opt/python/3.8.1/lib -L/opt/python/3.8.1/lib -Wl,-rpath=/opt/python/3.8.1/lib build/temp.linux-x86_64-3.8/pandas/_libs/tslibs/parsing.o build/temp.linux-x86_64-3.8/pandas/_libs/src/parser/tokenizer.o -L/opt/python/3.8.1/lib -o /home/sumukher/evals/BugsInPy/framework/bin/temp/pandas/pandas/_libs/tslibs/parsing.cpython-38-x86_64-linux-gnu.so
building 'pandas._libs.tslibs.period' extension
gcc -pthread -Wno-unused-result -Wsign-compare -DNDEBUG -g -fwrapv -O3 -Wall -g -fstack-protector --param=ssp-buffer-size=4 -Wformat -Werror=format-security -fPIC -DNPY_NO_DEPRECATED_API=0 -Ipandas/_libs/tslibs -I./pandas/_libs/tslibs -I/home/sumukher/evals/BugsInPy/framework/bin/temp/pandas/env/lib/python3.8/site-packages/numpy/core/include -I/home/sumukher/evals/BugsInPy/framework/bin/temp/pandas/env/include -I/opt/python/3.8.1/include/python3.8 -c pandas/_libs/tslibs/period.c -o build/temp.linux-x86_64-3.8/pandas/_libs/tslibs/period.o
gcc -pthread -Wno-unused-result -Wsign-compare -DNDEBUG -g -fwrapv -O3 -Wall -g -fstack-protector --param=ssp-buffer-size=4 -Wformat -Werror=format-security -fPIC -DNPY_NO_DEPRECATED_API=0 -Ipandas/_libs/tslibs -I./pandas/_libs/tslibs -I/home/sumukher/evals/BugsInPy/framework/bin/temp/pandas/env/lib/python3.8/site-packages/numpy/core/include -I/home/sumukher/evals/BugsInPy/framework/bin/temp/pandas/env/include -I/opt/python/3.8.1/include/python3.8 -c pandas/_libs/tslibs/src/datetime/np_datetime.c -o build/temp.linux-x86_64-3.8/pandas/_libs/tslibs/src/datetime/np_datetime.o
In file included from pandas/_libs/tslibs/src/datetime/np_datetime.c:24:0:
/opt/python/3.8.1/include/python3.8/datetime.h:189:25: warning: ‘PyDateTimeAPI’ defined but not used [-Wunused-variable]
 static PyDateTime_CAPI *PyDateTimeAPI = NULL;
                         ^~~~~~~~~~~~~
gcc -pthread -shared -L/opt/python/3.8.1/lib -Wl,-rpath=/opt/python/3.8.1/lib -L/opt/python/3.8.1/lib -Wl,-rpath=/opt/python/3.8.1/lib build/temp.linux-x86_64-3.8/pandas/_libs/tslibs/period.o build/temp.linux-x86_64-3.8/pandas/_libs/tslibs/src/datetime/np_datetime.o -L/opt/python/3.8.1/lib -o /home/sumukher/evals/BugsInPy/framework/bin/temp/pandas/pandas/_libs/tslibs/period.cpython-38-x86_64-linux-gnu.so
building 'pandas._libs.tslibs.resolution' extension
gcc -pthread -Wno-unused-result -Wsign-compare -DNDEBUG -g -fwrapv -O3 -Wall -g -fstack-protector --param=ssp-buffer-size=4 -Wformat -Werror=format-security -fPIC -DNPY_NO_DEPRECATED_API=0 -I./pandas/_libs/tslibs -Ipandas/_libs/tslibs -I/home/sumukher/evals/BugsInPy/framework/bin/temp/pandas/env/lib/python3.8/site-packages/numpy/core/include -I/home/sumukher/evals/BugsInPy/framework/bin/temp/pandas/env/include -I/opt/python/3.8.1/include/python3.8 -c pandas/_libs/tslibs/resolution.c -o build/temp.linux-x86_64-3.8/pandas/_libs/tslibs/resolution.o
gcc -pthread -shared -L/opt/python/3.8.1/lib -Wl,-rpath=/opt/python/3.8.1/lib -L/opt/python/3.8.1/lib -Wl,-rpath=/opt/python/3.8.1/lib build/temp.linux-x86_64-3.8/pandas/_libs/tslibs/resolution.o -L/opt/python/3.8.1/lib -o /home/sumukher/evals/BugsInPy/framework/bin/temp/pandas/pandas/_libs/tslibs/resolution.cpython-38-x86_64-linux-gnu.so
building 'pandas._libs.tslibs.strptime' extension
gcc -pthread -Wno-unused-result -Wsign-compare -DNDEBUG -g -fwrapv -O3 -Wall -g -fstack-protector --param=ssp-buffer-size=4 -Wformat -Werror=format-security -fPIC -DNPY_NO_DEPRECATED_API=0 -I./pandas/_libs/tslibs -Ipandas/_libs/tslibs -I/home/sumukher/evals/BugsInPy/framework/bin/temp/pandas/env/lib/python3.8/site-packages/numpy/core/include -I/home/sumukher/evals/BugsInPy/framework/bin/temp/pandas/env/include -I/opt/python/3.8.1/include/python3.8 -c pandas/_libs/tslibs/strptime.c -o build/temp.linux-x86_64-3.8/pandas/_libs/tslibs/strptime.o
gcc -pthread -shared -L/opt/python/3.8.1/lib -Wl,-rpath=/opt/python/3.8.1/lib -L/opt/python/3.8.1/lib -Wl,-rpath=/opt/python/3.8.1/lib build/temp.linux-x86_64-3.8/pandas/_libs/tslibs/strptime.o -L/opt/python/3.8.1/lib -o /home/sumukher/evals/BugsInPy/framework/bin/temp/pandas/pandas/_libs/tslibs/strptime.cpython-38-x86_64-linux-gnu.so
building 'pandas._libs.tslibs.timedeltas' extension
gcc -pthread -Wno-unused-result -Wsign-compare -DNDEBUG -g -fwrapv -O3 -Wall -g -fstack-protector --param=ssp-buffer-size=4 -Wformat -Werror=format-security -fPIC -DNPY_NO_DEPRECATED_API=0 -I./pandas/_libs/tslibs -Ipandas/_libs/tslibs -I/home/sumukher/evals/BugsInPy/framework/bin/temp/pandas/env/lib/python3.8/site-packages/numpy/core/include -I/home/sumukher/evals/BugsInPy/framework/bin/temp/pandas/env/include -I/opt/python/3.8.1/include/python3.8 -c pandas/_libs/tslibs/timedeltas.c -o build/temp.linux-x86_64-3.8/pandas/_libs/tslibs/timedeltas.o
gcc -pthread -shared -L/opt/python/3.8.1/lib -Wl,-rpath=/opt/python/3.8.1/lib -L/opt/python/3.8.1/lib -Wl,-rpath=/opt/python/3.8.1/lib build/temp.linux-x86_64-3.8/pandas/_libs/tslibs/timedeltas.o -L/opt/python/3.8.1/lib -o /home/sumukher/evals/BugsInPy/framework/bin/temp/pandas/pandas/_libs/tslibs/timedeltas.cpython-38-x86_64-linux-gnu.so
building 'pandas._libs.tslibs.timestamps' extension
gcc -pthread -Wno-unused-result -Wsign-compare -DNDEBUG -g -fwrapv -O3 -Wall -g -fstack-protector --param=ssp-buffer-size=4 -Wformat -Werror=format-security -fPIC -DNPY_NO_DEPRECATED_API=0 -I./pandas/_libs/tslibs -Ipandas/_libs/tslibs -I/home/sumukher/evals/BugsInPy/framework/bin/temp/pandas/env/lib/python3.8/site-packages/numpy/core/include -I/home/sumukher/evals/BugsInPy/framework/bin/temp/pandas/env/include -I/opt/python/3.8.1/include/python3.8 -c pandas/_libs/tslibs/timestamps.c -o build/temp.linux-x86_64-3.8/pandas/_libs/tslibs/timestamps.o
gcc -pthread -shared -L/opt/python/3.8.1/lib -Wl,-rpath=/opt/python/3.8.1/lib -L/opt/python/3.8.1/lib -Wl,-rpath=/opt/python/3.8.1/lib build/temp.linux-x86_64-3.8/pandas/_libs/tslibs/timestamps.o -L/opt/python/3.8.1/lib -o /home/sumukher/evals/BugsInPy/framework/bin/temp/pandas/pandas/_libs/tslibs/timestamps.cpython-38-x86_64-linux-gnu.so
building 'pandas._libs.tslibs.timezones' extension
gcc -pthread -Wno-unused-result -Wsign-compare -DNDEBUG -g -fwrapv -O3 -Wall -g -fstack-protector --param=ssp-buffer-size=4 -Wformat -Werror=format-security -fPIC -DNPY_NO_DEPRECATED_API=0 -I/home/sumukher/evals/BugsInPy/framework/bin/temp/pandas/env/lib/python3.8/site-packages/numpy/core/include -I/home/sumukher/evals/BugsInPy/framework/bin/temp/pandas/env/include -I/opt/python/3.8.1/include/python3.8 -c pandas/_libs/tslibs/timezones.c -o build/temp.linux-x86_64-3.8/pandas/_libs/tslibs/timezones.o
gcc -pthread -shared -L/opt/python/3.8.1/lib -Wl,-rpath=/opt/python/3.8.1/lib -L/opt/python/3.8.1/lib -Wl,-rpath=/opt/python/3.8.1/lib build/temp.linux-x86_64-3.8/pandas/_libs/tslibs/timezones.o -L/opt/python/3.8.1/lib -o /home/sumukher/evals/BugsInPy/framework/bin/temp/pandas/pandas/_libs/tslibs/timezones.cpython-38-x86_64-linux-gnu.so
building 'pandas._libs.tslibs.tzconversion' extension
gcc -pthread -Wno-unused-result -Wsign-compare -DNDEBUG -g -fwrapv -O3 -Wall -g -fstack-protector --param=ssp-buffer-size=4 -Wformat -Werror=format-security -fPIC -DNPY_NO_DEPRECATED_API=0 -I./pandas/_libs/tslibs -Ipandas/_libs/tslibs -I/home/sumukher/evals/BugsInPy/framework/bin/temp/pandas/env/lib/python3.8/site-packages/numpy/core/include -I/home/sumukher/evals/BugsInPy/framework/bin/temp/pandas/env/include -I/opt/python/3.8.1/include/python3.8 -c pandas/_libs/tslibs/tzconversion.c -o build/temp.linux-x86_64-3.8/pandas/_libs/tslibs/tzconversion.o
gcc -pthread -shared -L/opt/python/3.8.1/lib -Wl,-rpath=/opt/python/3.8.1/lib -L/opt/python/3.8.1/lib -Wl,-rpath=/opt/python/3.8.1/lib build/temp.linux-x86_64-3.8/pandas/_libs/tslibs/tzconversion.o -L/opt/python/3.8.1/lib -o /home/sumukher/evals/BugsInPy/framework/bin/temp/pandas/pandas/_libs/tslibs/tzconversion.cpython-38-x86_64-linux-gnu.so
building 'pandas._libs.window.aggregations' extension
gcc -pthread -Wno-unused-result -Wsign-compare -DNDEBUG -g -fwrapv -O3 -Wall -g -fstack-protector --param=ssp-buffer-size=4 -Wformat -Werror=format-security -fPIC -DNPY_NO_DEPRECATED_API=0 -Ipandas/_libs/window -I./pandas/_libs -I/home/sumukher/evals/BugsInPy/framework/bin/temp/pandas/env/lib/python3.8/site-packages/numpy/core/include -I/home/sumukher/evals/BugsInPy/framework/bin/temp/pandas/env/include -I/opt/python/3.8.1/include/python3.8 -c pandas/_libs/window/aggregations.cpp -o build/temp.linux-x86_64-3.8/pandas/_libs/window/aggregations.o
g++ -pthread -shared -L/opt/python/3.8.1/lib -Wl,-rpath=/opt/python/3.8.1/lib -L/opt/python/3.8.1/lib -Wl,-rpath=/opt/python/3.8.1/lib build/temp.linux-x86_64-3.8/pandas/_libs/window/aggregations.o -L/opt/python/3.8.1/lib -o /home/sumukher/evals/BugsInPy/framework/bin/temp/pandas/pandas/_libs/window/aggregations.cpython-38-x86_64-linux-gnu.so
building 'pandas._libs.window.indexers' extension
gcc -pthread -Wno-unused-result -Wsign-compare -DNDEBUG -g -fwrapv -O3 -Wall -g -fstack-protector --param=ssp-buffer-size=4 -Wformat -Werror=format-security -fPIC -DNPY_NO_DEPRECATED_API=0 -I/home/sumukher/evals/BugsInPy/framework/bin/temp/pandas/env/lib/python3.8/site-packages/numpy/core/include -I/home/sumukher/evals/BugsInPy/framework/bin/temp/pandas/env/include -I/opt/python/3.8.1/include/python3.8 -c pandas/_libs/window/indexers.c -o build/temp.linux-x86_64-3.8/pandas/_libs/window/indexers.o
gcc -pthread -shared -L/opt/python/3.8.1/lib -Wl,-rpath=/opt/python/3.8.1/lib -L/opt/python/3.8.1/lib -Wl,-rpath=/opt/python/3.8.1/lib build/temp.linux-x86_64-3.8/pandas/_libs/window/indexers.o -L/opt/python/3.8.1/lib -o /home/sumukher/evals/BugsInPy/framework/bin/temp/pandas/pandas/_libs/window/indexers.cpython-38-x86_64-linux-gnu.so
building 'pandas._libs.writers' extension
gcc -pthread -Wno-unused-result -Wsign-compare -DNDEBUG -g -fwrapv -O3 -Wall -g -fstack-protector --param=ssp-buffer-size=4 -Wformat -Werror=format-security -fPIC -DNPY_NO_DEPRECATED_API=0 -I/home/sumukher/evals/BugsInPy/framework/bin/temp/pandas/env/lib/python3.8/site-packages/numpy/core/include -I/home/sumukher/evals/BugsInPy/framework/bin/temp/pandas/env/include -I/opt/python/3.8.1/include/python3.8 -c pandas/_libs/writers.c -o build/temp.linux-x86_64-3.8/pandas/_libs/writers.o
pandas/_libs/writers.c: In function ‘__pyx_pw_6pandas_5_libs_7writers_1write_csv_rows’:
pandas/_libs/writers.c:3440:15: warning: ‘__pyx_v_j’ may be used uninitialized in this function [-Wmaybe-uninitialized]
     __pyx_t_1 = (__pyx_v_j + 1);
     ~~~~~~~~~~^~~~~~~~~~~~~~~~~
pandas/_libs/writers.c:2913:14: note: ‘__pyx_v_j’ was declared here
   Py_ssize_t __pyx_v_j;
              ^~~~~~~~~
gcc -pthread -shared -L/opt/python/3.8.1/lib -Wl,-rpath=/opt/python/3.8.1/lib -L/opt/python/3.8.1/lib -Wl,-rpath=/opt/python/3.8.1/lib build/temp.linux-x86_64-3.8/pandas/_libs/writers.o -L/opt/python/3.8.1/lib -o /home/sumukher/evals/BugsInPy/framework/bin/temp/pandas/pandas/_libs/writers.cpython-38-x86_64-linux-gnu.so
warning: pandas/_libs/groupby.pyx:1087:26: Unreachable code
warning: pandas/_libs/window/aggregations.pyx:60:4: Buffer unpacking not optimized away.
warning: pandas/_libs/window/aggregations.pyx:60:4: Buffer unpacking not optimized away.
warning: pandas/_libs/window/aggregations.pyx:60:36: Buffer unpacking not optimized away.
warning: pandas/_libs/window/aggregations.pyx:60:36: Buffer unpacking not optimized away.
Requirement already satisfied: atomicwrites==1.4.0 in ./env/lib/python3.8/site-packages (1.4.0)
WARNING: You are using pip version 19.2.3, however version 21.0.1 is available.
You should consider upgrading via the 'pip install --upgrade pip' command.
Requirement already satisfied: attrs==19.3.0 in ./env/lib/python3.8/site-packages (19.3.0)
WARNING: You are using pip version 19.2.3, however version 21.0.1 is available.
You should consider upgrading via the 'pip install --upgrade pip' command.
Requirement already satisfied: colorama==0.4.3 in ./env/lib/python3.8/site-packages (0.4.3)
WARNING: You are using pip version 19.2.3, however version 21.0.1 is available.
You should consider upgrading via the 'pip install --upgrade pip' command.
Requirement already satisfied: Cython==0.29.19 in ./env/lib/python3.8/site-packages (0.29.19)
WARNING: You are using pip version 19.2.3, however version 21.0.1 is available.
You should consider upgrading via the 'pip install --upgrade pip' command.
Requirement already satisfied: et-xmlfile==1.0.1 in ./env/lib/python3.8/site-packages (1.0.1)
WARNING: You are using pip version 19.2.3, however version 21.0.1 is available.
You should consider upgrading via the 'pip install --upgrade pip' command.
Requirement already satisfied: hypothesis==5.16.0 in ./env/lib/python3.8/site-packages (5.16.0)
Requirement already satisfied: sortedcontainers<3.0.0,>=2.1.0 in ./env/lib/python3.8/site-packages (from hypothesis==5.16.0) (2.1.0)
Requirement already satisfied: attrs>=19.2.0 in ./env/lib/python3.8/site-packages (from hypothesis==5.16.0) (19.3.0)
WARNING: You are using pip version 19.2.3, however version 21.0.1 is available.
You should consider upgrading via the 'pip install --upgrade pip' command.
Requirement already satisfied: jdcal==1.4.1 in ./env/lib/python3.8/site-packages (1.4.1)
WARNING: You are using pip version 19.2.3, however version 21.0.1 is available.
You should consider upgrading via the 'pip install --upgrade pip' command.
Requirement already satisfied: more-itertools==8.3.0 in ./env/lib/python3.8/site-packages (8.3.0)
WARNING: You are using pip version 19.2.3, however version 21.0.1 is available.
You should consider upgrading via the 'pip install --upgrade pip' command.
Requirement already satisfied: numpy==1.18.4 in ./env/lib/python3.8/site-packages (1.18.4)
WARNING: You are using pip version 19.2.3, however version 21.0.1 is available.
You should consider upgrading via the 'pip install --upgrade pip' command.
Requirement already satisfied: openpyxl==3.0.3 in ./env/lib/python3.8/site-packages (3.0.3)
Requirement already satisfied: jdcal in ./env/lib/python3.8/site-packages (from openpyxl==3.0.3) (1.4.1)
Requirement already satisfied: et_xmlfile in ./env/lib/python3.8/site-packages (from openpyxl==3.0.3) (1.0.1)
WARNING: You are using pip version 19.2.3, however version 21.0.1 is available.
You should consider upgrading via the 'pip install --upgrade pip' command.
Requirement already satisfied: packaging==20.4 in ./env/lib/python3.8/site-packages (20.4)
Requirement already satisfied: pyparsing>=2.0.2 in ./env/lib/python3.8/site-packages (from packaging==20.4) (2.4.7)
Requirement already satisfied: six in ./env/lib/python3.8/site-packages (from packaging==20.4) (1.15.0)
WARNING: You are using pip version 19.2.3, however version 21.0.1 is available.
You should consider upgrading via the 'pip install --upgrade pip' command.
Requirement already satisfied: pluggy==0.13.1 in ./env/lib/python3.8/site-packages (0.13.1)
WARNING: You are using pip version 19.2.3, however version 21.0.1 is available.
You should consider upgrading via the 'pip install --upgrade pip' command.
Requirement already satisfied: py==1.8.1 in ./env/lib/python3.8/site-packages (1.8.1)
WARNING: You are using pip version 19.2.3, however version 21.0.1 is available.
You should consider upgrading via the 'pip install --upgrade pip' command.
Requirement already satisfied: pyparsing==2.4.7 in ./env/lib/python3.8/site-packages (2.4.7)
WARNING: You are using pip version 19.2.3, however version 21.0.1 is available.
You should consider upgrading via the 'pip install --upgrade pip' command.
Requirement already satisfied: pytest==5.4.3 in ./env/lib/python3.8/site-packages (5.4.3)
Requirement already satisfied: attrs>=17.4.0 in ./env/lib/python3.8/site-packages (from pytest==5.4.3) (19.3.0)
Requirement already satisfied: py>=1.5.0 in ./env/lib/python3.8/site-packages (from pytest==5.4.3) (1.8.1)
Requirement already satisfied: packaging in ./env/lib/python3.8/site-packages (from pytest==5.4.3) (20.4)
Requirement already satisfied: more-itertools>=4.0.0 in ./env/lib/python3.8/site-packages (from pytest==5.4.3) (8.3.0)
Requirement already satisfied: wcwidth in ./env/lib/python3.8/site-packages (from pytest==5.4.3) (0.2.3)
Requirement already satisfied: pluggy<1.0,>=0.12 in ./env/lib/python3.8/site-packages (from pytest==5.4.3) (0.13.1)
Requirement already satisfied: six in ./env/lib/python3.8/site-packages (from packaging->pytest==5.4.3) (1.15.0)
Requirement already satisfied: pyparsing>=2.0.2 in ./env/lib/python3.8/site-packages (from packaging->pytest==5.4.3) (2.4.7)
WARNING: You are using pip version 19.2.3, however version 21.0.1 is available.
You should consider upgrading via the 'pip install --upgrade pip' command.
Requirement already satisfied: python-dateutil==2.8.1 in ./env/lib/python3.8/site-packages (2.8.1)
Requirement already satisfied: six>=1.5 in ./env/lib/python3.8/site-packages (from python-dateutil==2.8.1) (1.15.0)
WARNING: You are using pip version 19.2.3, however version 21.0.1 is available.
You should consider upgrading via the 'pip install --upgrade pip' command.
Requirement already satisfied: pytz==2020.1 in ./env/lib/python3.8/site-packages (2020.1)
WARNING: You are using pip version 19.2.3, however version 21.0.1 is available.
You should consider upgrading via the 'pip install --upgrade pip' command.
Requirement already satisfied: six==1.15.0 in ./env/lib/python3.8/site-packages (1.15.0)
WARNING: You are using pip version 19.2.3, however version 21.0.1 is available.
You should consider upgrading via the 'pip install --upgrade pip' command.
Requirement already satisfied: sortedcontainers==2.1.0 in ./env/lib/python3.8/site-packages (2.1.0)
WARNING: You are using pip version 19.2.3, however version 21.0.1 is available.
You should consider upgrading via the 'pip install --upgrade pip' command.
Requirement already satisfied: wcwidth==0.2.3 in ./env/lib/python3.8/site-packages (0.2.3)
WARNING: You are using pip version 19.2.3, however version 21.0.1 is available.
You should consider upgrading via the 'pip install --upgrade pip' command.
Requirement already satisfied: xlrd==1.2.0 in ./env/lib/python3.8/site-packages (1.2.0)
WARNING: You are using pip version 19.2.3, however version 21.0.1 is available.
You should consider upgrading via the 'pip install --upgrade pip' command.
Requirement already satisfied: XlsxWriter==1.2.9 in ./env/lib/python3.8/site-packages (1.2.9)
WARNING: You are using pip version 19.2.3, however version 21.0.1 is available.
You should consider upgrading via the 'pip install --upgrade pip' command.
Requirement already satisfied: xlwt==1.3.0 in ./env/lib/python3.8/site-packages (1.3.0)
WARNING: You are using pip version 19.2.3, however version 21.0.1 is available.
You should consider upgrading via the 'pip install --upgrade pip' command.
pytest pandas/tests/series/indexing/test_xs.py::test_xs_datetimelike_wrapping
RUN EVERY COMMAND
0


============================= test session starts ==============================
platform linux -- Python 3.8.1, pytest-5.4.3, py-1.8.1, pluggy-0.13.1
rootdir: /home/sumukher/evals/BugsInPy/framework/bin/temp/pandas, inifile: setup.cfg
plugins: hypothesis-5.16.0
collected 1 item

pandas/tests/series/indexing/test_xs.py .                                [100%]

============================== 1 passed in 0.06s ===============================
