PROJECT_NAME: PySnooper
BUG_ID: 3
VERSION_ID: 1
WORK_DIR: /home/sumukher/evals/BugsInPy/framework/bin/temp
https://github.com/cool-RR/PySnooper
github_url="https://github.com/cool-RR/PySnooper"
status="OK" 
cause="N.A."
fatal: destination path '/home/sumukher/evals/BugsInPy/framework/bin/temp/PySnooper' already exists and is not an empty directory.
HEAD is now at 15555ed Fix #2
'/home/sumukher/evals/BugsInPy/framework/bin/temp/PySnooper/pysnooper/pysnooper.py' -> '/home/sumukher/evals/BugsInPy/projects/PySnooper/bugs/3/pysnooper.py'
'/home/sumukher/evals/BugsInPy/framework/bin/temp/PySnooper/tests/test_pysnooper.py' -> '/home/sumukher/evals/BugsInPy/projects/PySnooper/bugs/3/test_pysnooper.py'
'/home/sumukher/evals/BugsInPy/framework/bin/temp/PySnooper/tests/test_pysnooper.py' -> '/home/sumukher/evals/BugsInPy/projects/PySnooper/bugs/3/test_pysnooper.py'
HEAD is now at 6e3d797 Remove tests package, add docstsring
Removing .benchmarks/
Removing bugsinpy_bug.info
Removing bugsinpy_compile_flag
Removing bugsinpy_fail.txt
Removing bugsinpy_patchfile.info
Removing bugsinpy_requirements.txt
Removing bugsinpy_run_test.sh
Removing bugsinpy_setup.sh
Removing env/bin/
Removing env/include/
Removing env/lib/python3.8/site-packages/PySnooper-0.0.6-py3.8.egg
Removing env/lib/python3.8/site-packages/decorator-4.4.2-py3.8.egg/
Removing env/lib/python3.8/site-packages/easy-install.pth
Removing env/lib/python3.8/site-packages/easy_install.py
Removing env/lib/python3.8/site-packages/future-0.18.2-py3.8.egg/EGG-INFO/
Removing env/lib/python3.8/site-packages/future-0.18.2-py3.8.egg/future/__init__.py
Removing env/lib/python3.8/site-packages/future-0.18.2-py3.8.egg/future/backports/__init__.py
Removing env/lib/python3.8/site-packages/future-0.18.2-py3.8.egg/future/backports/_markupbase.py
Removing env/lib/python3.8/site-packages/future-0.18.2-py3.8.egg/future/backports/datetime.py
Removing env/lib/python3.8/site-packages/future-0.18.2-py3.8.egg/future/backports/email/__init__.py
Removing env/lib/python3.8/site-packages/future-0.18.2-py3.8.egg/future/backports/email/_encoded_words.py
Removing env/lib/python3.8/site-packages/future-0.18.2-py3.8.egg/future/backports/email/_header_value_parser.py
Removing env/lib/python3.8/site-packages/future-0.18.2-py3.8.egg/future/backports/email/_parseaddr.py
Removing env/lib/python3.8/site-packages/future-0.18.2-py3.8.egg/future/backports/email/_policybase.py
Removing env/lib/python3.8/site-packages/future-0.18.2-py3.8.egg/future/backports/email/base64mime.py
Removing env/lib/python3.8/site-packages/future-0.18.2-py3.8.egg/future/backports/email/charset.py
Removing env/lib/python3.8/site-packages/future-0.18.2-py3.8.egg/future/backports/email/encoders.py
Removing env/lib/python3.8/site-packages/future-0.18.2-py3.8.egg/future/backports/email/errors.py
Removing env/lib/python3.8/site-packages/future-0.18.2-py3.8.egg/future/backports/email/feedparser.py
Removing env/lib/python3.8/site-packages/future-0.18.2-py3.8.egg/future/backports/email/generator.py
Removing env/lib/python3.8/site-packages/future-0.18.2-py3.8.egg/future/backports/email/header.py
Removing env/lib/python3.8/site-packages/future-0.18.2-py3.8.egg/future/backports/email/headerregistry.py
Removing env/lib/python3.8/site-packages/future-0.18.2-py3.8.egg/future/backports/email/iterators.py
Removing env/lib/python3.8/site-packages/future-0.18.2-py3.8.egg/future/backports/email/message.py
Removing env/lib/python3.8/site-packages/future-0.18.2-py3.8.egg/future/backports/email/mime/__init__.py
Removing env/lib/python3.8/site-packages/future-0.18.2-py3.8.egg/future/backports/email/mime/application.py
Removing env/lib/python3.8/site-packages/future-0.18.2-py3.8.egg/future/backports/email/mime/audio.py
Removing env/lib/python3.8/site-packages/future-0.18.2-py3.8.egg/future/backports/email/mime/base.py
Removing env/lib/python3.8/site-packages/future-0.18.2-py3.8.egg/future/backports/email/mime/image.py
Removing env/lib/python3.8/site-packages/future-0.18.2-py3.8.egg/future/backports/email/mime/message.py
Removing env/lib/python3.8/site-packages/future-0.18.2-py3.8.egg/future/backports/email/mime/multipart.py
Removing env/lib/python3.8/site-packages/future-0.18.2-py3.8.egg/future/backports/email/mime/nonmultipart.py
Removing env/lib/python3.8/site-packages/future-0.18.2-py3.8.egg/future/backports/email/mime/text.py
Removing env/lib/python3.8/site-packages/future-0.18.2-py3.8.egg/future/backports/email/parser.py
Removing env/lib/python3.8/site-packages/future-0.18.2-py3.8.egg/future/backports/email/policy.py
Removing env/lib/python3.8/site-packages/future-0.18.2-py3.8.egg/future/backports/email/quoprimime.py
Removing env/lib/python3.8/site-packages/future-0.18.2-py3.8.egg/future/backports/email/utils.py
Removing env/lib/python3.8/site-packages/future-0.18.2-py3.8.egg/future/backports/html/__init__.py
Removing env/lib/python3.8/site-packages/future-0.18.2-py3.8.egg/future/backports/html/entities.py
Removing env/lib/python3.8/site-packages/future-0.18.2-py3.8.egg/future/backports/html/parser.py
Removing env/lib/python3.8/site-packages/future-0.18.2-py3.8.egg/future/backports/http/__init__.py
Removing env/lib/python3.8/site-packages/future-0.18.2-py3.8.egg/future/backports/http/client.py
Removing env/lib/python3.8/site-packages/future-0.18.2-py3.8.egg/future/backports/http/cookiejar.py
Removing env/lib/python3.8/site-packages/future-0.18.2-py3.8.egg/future/backports/http/cookies.py
Removing env/lib/python3.8/site-packages/future-0.18.2-py3.8.egg/future/backports/http/server.py
Removing env/lib/python3.8/site-packages/future-0.18.2-py3.8.egg/future/backports/misc.py
Removing env/lib/python3.8/site-packages/future-0.18.2-py3.8.egg/future/backports/socket.py
Removing env/lib/python3.8/site-packages/future-0.18.2-py3.8.egg/future/backports/socketserver.py
Removing env/lib/python3.8/site-packages/future-0.18.2-py3.8.egg/future/backports/test/__init__.py
Removing env/lib/python3.8/site-packages/future-0.18.2-py3.8.egg/future/backports/test/badcert.pem
Removing env/lib/python3.8/site-packages/future-0.18.2-py3.8.egg/future/backports/test/badkey.pem
Removing env/lib/python3.8/site-packages/future-0.18.2-py3.8.egg/future/backports/test/dh512.pem
Removing env/lib/python3.8/site-packages/future-0.18.2-py3.8.egg/future/backports/test/https_svn_python_org_root.pem
Removing env/lib/python3.8/site-packages/future-0.18.2-py3.8.egg/future/backports/test/keycert.passwd.pem
Removing env/lib/python3.8/site-packages/future-0.18.2-py3.8.egg/future/backports/test/keycert.pem
Removing env/lib/python3.8/site-packages/future-0.18.2-py3.8.egg/future/backports/test/keycert2.pem
Removing env/lib/python3.8/site-packages/future-0.18.2-py3.8.egg/future/backports/test/nokia.pem
Removing env/lib/python3.8/site-packages/future-0.18.2-py3.8.egg/future/backports/test/nullbytecert.pem
Removing env/lib/python3.8/site-packages/future-0.18.2-py3.8.egg/future/backports/test/nullcert.pem
Removing env/lib/python3.8/site-packages/future-0.18.2-py3.8.egg/future/backports/test/pystone.py
Removing env/lib/python3.8/site-packages/future-0.18.2-py3.8.egg/future/backports/test/sha256.pem
Removing env/lib/python3.8/site-packages/future-0.18.2-py3.8.egg/future/backports/test/ssl_cert.pem
Removing env/lib/python3.8/site-packages/future-0.18.2-py3.8.egg/future/backports/test/ssl_key.passwd.pem
Removing env/lib/python3.8/site-packages/future-0.18.2-py3.8.egg/future/backports/test/ssl_key.pem
Removing env/lib/python3.8/site-packages/future-0.18.2-py3.8.egg/future/backports/test/ssl_servers.py
Removing env/lib/python3.8/site-packages/future-0.18.2-py3.8.egg/future/backports/test/support.py
Removing env/lib/python3.8/site-packages/future-0.18.2-py3.8.egg/future/backports/total_ordering.py
Removing env/lib/python3.8/site-packages/future-0.18.2-py3.8.egg/future/backports/urllib/__init__.py
Removing env/lib/python3.8/site-packages/future-0.18.2-py3.8.egg/future/backports/urllib/error.py
Removing env/lib/python3.8/site-packages/future-0.18.2-py3.8.egg/future/backports/urllib/parse.py
Removing env/lib/python3.8/site-packages/future-0.18.2-py3.8.egg/future/backports/urllib/request.py
Removing env/lib/python3.8/site-packages/future-0.18.2-py3.8.egg/future/backports/urllib/response.py
Removing env/lib/python3.8/site-packages/future-0.18.2-py3.8.egg/future/backports/urllib/robotparser.py
Removing env/lib/python3.8/site-packages/future-0.18.2-py3.8.egg/future/backports/xmlrpc/__init__.py
Removing env/lib/python3.8/site-packages/future-0.18.2-py3.8.egg/future/backports/xmlrpc/client.py
Removing env/lib/python3.8/site-packages/future-0.18.2-py3.8.egg/future/backports/xmlrpc/server.py
Removing env/lib/python3.8/site-packages/future-0.18.2-py3.8.egg/future/builtins/__init__.py
Removing env/lib/python3.8/site-packages/future-0.18.2-py3.8.egg/future/builtins/disabled.py
Removing env/lib/python3.8/site-packages/future-0.18.2-py3.8.egg/future/builtins/iterators.py
Removing env/lib/python3.8/site-packages/future-0.18.2-py3.8.egg/future/builtins/misc.py
Removing env/lib/python3.8/site-packages/future-0.18.2-py3.8.egg/future/builtins/new_min_max.py
Removing env/lib/python3.8/site-packages/future-0.18.2-py3.8.egg/future/builtins/newnext.py
Removing env/lib/python3.8/site-packages/future-0.18.2-py3.8.egg/future/builtins/newround.py
Removing env/lib/python3.8/site-packages/future-0.18.2-py3.8.egg/future/builtins/newsuper.py
Removing env/lib/python3.8/site-packages/future-0.18.2-py3.8.egg/future/moves/__init__.py
Removing env/lib/python3.8/site-packages/future-0.18.2-py3.8.egg/future/moves/_dummy_thread.py
Removing env/lib/python3.8/site-packages/future-0.18.2-py3.8.egg/future/moves/_markupbase.py
Removing env/lib/python3.8/site-packages/future-0.18.2-py3.8.egg/future/moves/_thread.py
Removing env/lib/python3.8/site-packages/future-0.18.2-py3.8.egg/future/moves/builtins.py
Removing env/lib/python3.8/site-packages/future-0.18.2-py3.8.egg/future/moves/collections.py
Removing env/lib/python3.8/site-packages/future-0.18.2-py3.8.egg/future/moves/configparser.py
Removing env/lib/python3.8/site-packages/future-0.18.2-py3.8.egg/future/moves/copyreg.py
Removing env/lib/python3.8/site-packages/future-0.18.2-py3.8.egg/future/moves/dbm/__init__.py
Removing env/lib/python3.8/site-packages/future-0.18.2-py3.8.egg/future/moves/dbm/dumb.py
Removing env/lib/python3.8/site-packages/future-0.18.2-py3.8.egg/future/moves/dbm/gnu.py
Removing env/lib/python3.8/site-packages/future-0.18.2-py3.8.egg/future/moves/dbm/ndbm.py
Removing env/lib/python3.8/site-packages/future-0.18.2-py3.8.egg/future/moves/html/__init__.py
Removing env/lib/python3.8/site-packages/future-0.18.2-py3.8.egg/future/moves/html/entities.py
Removing env/lib/python3.8/site-packages/future-0.18.2-py3.8.egg/future/moves/html/parser.py
Removing env/lib/python3.8/site-packages/future-0.18.2-py3.8.egg/future/moves/http/__init__.py
Removing env/lib/python3.8/site-packages/future-0.18.2-py3.8.egg/future/moves/http/client.py
Removing env/lib/python3.8/site-packages/future-0.18.2-py3.8.egg/future/moves/http/cookiejar.py
Removing env/lib/python3.8/site-packages/future-0.18.2-py3.8.egg/future/moves/http/cookies.py
Removing env/lib/python3.8/site-packages/future-0.18.2-py3.8.egg/future/moves/http/server.py
Removing env/lib/python3.8/site-packages/future-0.18.2-py3.8.egg/future/moves/itertools.py
Removing env/lib/python3.8/site-packages/future-0.18.2-py3.8.egg/future/moves/pickle.py
Removing env/lib/python3.8/site-packages/future-0.18.2-py3.8.egg/future/moves/queue.py
Removing env/lib/python3.8/site-packages/future-0.18.2-py3.8.egg/future/moves/reprlib.py
Removing env/lib/python3.8/site-packages/future-0.18.2-py3.8.egg/future/moves/socketserver.py
Removing env/lib/python3.8/site-packages/future-0.18.2-py3.8.egg/future/moves/subprocess.py
Removing env/lib/python3.8/site-packages/future-0.18.2-py3.8.egg/future/moves/sys.py
Removing env/lib/python3.8/site-packages/future-0.18.2-py3.8.egg/future/moves/test/__init__.py
Removing env/lib/python3.8/site-packages/future-0.18.2-py3.8.egg/future/moves/test/support.py
Removing env/lib/python3.8/site-packages/future-0.18.2-py3.8.egg/future/moves/tkinter/__init__.py
Removing env/lib/python3.8/site-packages/future-0.18.2-py3.8.egg/future/moves/tkinter/colorchooser.py
Removing env/lib/python3.8/site-packages/future-0.18.2-py3.8.egg/future/moves/tkinter/commondialog.py
Removing env/lib/python3.8/site-packages/future-0.18.2-py3.8.egg/future/moves/tkinter/constants.py
Removing env/lib/python3.8/site-packages/future-0.18.2-py3.8.egg/future/moves/tkinter/dialog.py
Removing env/lib/python3.8/site-packages/future-0.18.2-py3.8.egg/future/moves/tkinter/dnd.py
Removing env/lib/python3.8/site-packages/future-0.18.2-py3.8.egg/future/moves/tkinter/filedialog.py
Removing env/lib/python3.8/site-packages/future-0.18.2-py3.8.egg/future/moves/tkinter/font.py
Removing env/lib/python3.8/site-packages/future-0.18.2-py3.8.egg/future/moves/tkinter/messagebox.py
Removing env/lib/python3.8/site-packages/future-0.18.2-py3.8.egg/future/moves/tkinter/scrolledtext.py
Removing env/lib/python3.8/site-packages/future-0.18.2-py3.8.egg/future/moves/tkinter/simpledialog.py
Removing env/lib/python3.8/site-packages/future-0.18.2-py3.8.egg/future/moves/tkinter/tix.py
Removing env/lib/python3.8/site-packages/future-0.18.2-py3.8.egg/future/moves/tkinter/ttk.py
Removing env/lib/python3.8/site-packages/future-0.18.2-py3.8.egg/future/moves/urllib/__init__.py
Removing env/lib/python3.8/site-packages/future-0.18.2-py3.8.egg/future/moves/urllib/error.py
Removing env/lib/python3.8/site-packages/future-0.18.2-py3.8.egg/future/moves/urllib/parse.py
Removing env/lib/python3.8/site-packages/future-0.18.2-py3.8.egg/future/moves/urllib/request.py
Removing env/lib/python3.8/site-packages/future-0.18.2-py3.8.egg/future/moves/urllib/response.py
Removing env/lib/python3.8/site-packages/future-0.18.2-py3.8.egg/future/moves/urllib/robotparser.py
Removing env/lib/python3.8/site-packages/future-0.18.2-py3.8.egg/future/moves/winreg.py
Removing env/lib/python3.8/site-packages/future-0.18.2-py3.8.egg/future/moves/xmlrpc/__init__.py
Removing env/lib/python3.8/site-packages/future-0.18.2-py3.8.egg/future/moves/xmlrpc/client.py
Removing env/lib/python3.8/site-packages/future-0.18.2-py3.8.egg/future/moves/xmlrpc/server.py
Removing env/lib/python3.8/site-packages/future-0.18.2-py3.8.egg/future/standard_library/__init__.py
Removing env/lib/python3.8/site-packages/future-0.18.2-py3.8.egg/future/tests/__init__.py
Removing env/lib/python3.8/site-packages/future-0.18.2-py3.8.egg/future/tests/base.py
Removing env/lib/python3.8/site-packages/future-0.18.2-py3.8.egg/future/types/__init__.py
Removing env/lib/python3.8/site-packages/future-0.18.2-py3.8.egg/future/types/newbytes.py
Removing env/lib/python3.8/site-packages/future-0.18.2-py3.8.egg/future/types/newdict.py
Removing env/lib/python3.8/site-packages/future-0.18.2-py3.8.egg/future/types/newint.py
Removing env/lib/python3.8/site-packages/future-0.18.2-py3.8.egg/future/types/newlist.py
Removing env/lib/python3.8/site-packages/future-0.18.2-py3.8.egg/future/types/newmemoryview.py
Removing env/lib/python3.8/site-packages/future-0.18.2-py3.8.egg/future/types/newobject.py
Removing env/lib/python3.8/site-packages/future-0.18.2-py3.8.egg/future/types/newopen.py
Removing env/lib/python3.8/site-packages/future-0.18.2-py3.8.egg/future/types/newrange.py
Removing env/lib/python3.8/site-packages/future-0.18.2-py3.8.egg/future/types/newstr.py
Removing env/lib/python3.8/site-packages/future-0.18.2-py3.8.egg/future/utils/__init__.py
Removing env/lib/python3.8/site-packages/future-0.18.2-py3.8.egg/future/utils/surrogateescape.py
Removing env/lib/python3.8/site-packages/future-0.18.2-py3.8.egg/libfuturize/__init__.py
Removing env/lib/python3.8/site-packages/future-0.18.2-py3.8.egg/libfuturize/fixer_util.py
Removing env/lib/python3.8/site-packages/future-0.18.2-py3.8.egg/libfuturize/fixes/__init__.py
Removing env/lib/python3.8/site-packages/future-0.18.2-py3.8.egg/libfuturize/fixes/fix_UserDict.py
Removing env/lib/python3.8/site-packages/future-0.18.2-py3.8.egg/libfuturize/fixes/fix_absolute_import.py
Removing env/lib/python3.8/site-packages/future-0.18.2-py3.8.egg/libfuturize/fixes/fix_add__future__imports_except_unicode_literals.py
Removing env/lib/python3.8/site-packages/future-0.18.2-py3.8.egg/libfuturize/fixes/fix_basestring.py
Removing env/lib/python3.8/site-packages/future-0.18.2-py3.8.egg/libfuturize/fixes/fix_bytes.py
Removing env/lib/python3.8/site-packages/future-0.18.2-py3.8.egg/libfuturize/fixes/fix_cmp.py
Removing env/lib/python3.8/site-packages/future-0.18.2-py3.8.egg/libfuturize/fixes/fix_division.py
Removing env/lib/python3.8/site-packages/future-0.18.2-py3.8.egg/libfuturize/fixes/fix_division_safe.py
Removing env/lib/python3.8/site-packages/future-0.18.2-py3.8.egg/libfuturize/fixes/fix_execfile.py
Removing env/lib/python3.8/site-packages/future-0.18.2-py3.8.egg/libfuturize/fixes/fix_future_builtins.py
Removing env/lib/python3.8/site-packages/future-0.18.2-py3.8.egg/libfuturize/fixes/fix_future_standard_library.py
Removing env/lib/python3.8/site-packages/future-0.18.2-py3.8.egg/libfuturize/fixes/fix_future_standard_library_urllib.py
Removing env/lib/python3.8/site-packages/future-0.18.2-py3.8.egg/libfuturize/fixes/fix_input.py
Removing env/lib/python3.8/site-packages/future-0.18.2-py3.8.egg/libfuturize/fixes/fix_metaclass.py
Removing env/lib/python3.8/site-packages/future-0.18.2-py3.8.egg/libfuturize/fixes/fix_next_call.py
Removing env/lib/python3.8/site-packages/future-0.18.2-py3.8.egg/libfuturize/fixes/fix_object.py
Removing env/lib/python3.8/site-packages/future-0.18.2-py3.8.egg/libfuturize/fixes/fix_oldstr_wrap.py
Removing env/lib/python3.8/site-packages/future-0.18.2-py3.8.egg/libfuturize/fixes/fix_order___future__imports.py
Removing env/lib/python3.8/site-packages/future-0.18.2-py3.8.egg/libfuturize/fixes/fix_print.py
Removing env/lib/python3.8/site-packages/future-0.18.2-py3.8.egg/libfuturize/fixes/fix_print_with_import.py
Removing env/lib/python3.8/site-packages/future-0.18.2-py3.8.egg/libfuturize/fixes/fix_raise.py
Removing env/lib/python3.8/site-packages/future-0.18.2-py3.8.egg/libfuturize/fixes/fix_remove_old__future__imports.py
Removing env/lib/python3.8/site-packages/future-0.18.2-py3.8.egg/libfuturize/fixes/fix_unicode_keep_u.py
Removing env/lib/python3.8/site-packages/future-0.18.2-py3.8.egg/libfuturize/fixes/fix_unicode_literals_import.py
Removing env/lib/python3.8/site-packages/future-0.18.2-py3.8.egg/libfuturize/fixes/fix_xrange_with_import.py
Removing env/lib/python3.8/site-packages/future-0.18.2-py3.8.egg/libfuturize/main.py
Removing env/lib/python3.8/site-packages/future-0.18.2-py3.8.egg/libpasteurize/__init__.py
Removing env/lib/python3.8/site-packages/future-0.18.2-py3.8.egg/libpasteurize/fixes/__init__.py
Removing env/lib/python3.8/site-packages/future-0.18.2-py3.8.egg/libpasteurize/fixes/feature_base.py
Removing env/lib/python3.8/site-packages/future-0.18.2-py3.8.egg/libpasteurize/fixes/fix_add_all__future__imports.py
Removing env/lib/python3.8/site-packages/future-0.18.2-py3.8.egg/libpasteurize/fixes/fix_add_all_future_builtins.py
Removing env/lib/python3.8/site-packages/future-0.18.2-py3.8.egg/libpasteurize/fixes/fix_add_future_standard_library_import.py
Removing env/lib/python3.8/site-packages/future-0.18.2-py3.8.egg/libpasteurize/fixes/fix_annotations.py
Removing env/lib/python3.8/site-packages/future-0.18.2-py3.8.egg/libpasteurize/fixes/fix_division.py
Removing env/lib/python3.8/site-packages/future-0.18.2-py3.8.egg/libpasteurize/fixes/fix_features.py
Removing env/lib/python3.8/site-packages/future-0.18.2-py3.8.egg/libpasteurize/fixes/fix_fullargspec.py
Removing env/lib/python3.8/site-packages/future-0.18.2-py3.8.egg/libpasteurize/fixes/fix_future_builtins.py
Removing env/lib/python3.8/site-packages/future-0.18.2-py3.8.egg/libpasteurize/fixes/fix_getcwd.py
Removing env/lib/python3.8/site-packages/future-0.18.2-py3.8.egg/libpasteurize/fixes/fix_imports.py
Removing env/lib/python3.8/site-packages/future-0.18.2-py3.8.egg/libpasteurize/fixes/fix_imports2.py
Removing env/lib/python3.8/site-packages/future-0.18.2-py3.8.egg/libpasteurize/fixes/fix_kwargs.py
Removing env/lib/python3.8/site-packages/future-0.18.2-py3.8.egg/libpasteurize/fixes/fix_memoryview.py
Removing env/lib/python3.8/site-packages/future-0.18.2-py3.8.egg/libpasteurize/fixes/fix_metaclass.py
Removing env/lib/python3.8/site-packages/future-0.18.2-py3.8.egg/libpasteurize/fixes/fix_newstyle.py
Removing env/lib/python3.8/site-packages/future-0.18.2-py3.8.egg/libpasteurize/fixes/fix_next.py
Removing env/lib/python3.8/site-packages/future-0.18.2-py3.8.egg/libpasteurize/fixes/fix_printfunction.py
Removing env/lib/python3.8/site-packages/future-0.18.2-py3.8.egg/libpasteurize/fixes/fix_raise.py
Removing env/lib/python3.8/site-packages/future-0.18.2-py3.8.egg/libpasteurize/fixes/fix_raise_.py
Removing env/lib/python3.8/site-packages/future-0.18.2-py3.8.egg/libpasteurize/fixes/fix_throw.py
Removing env/lib/python3.8/site-packages/future-0.18.2-py3.8.egg/libpasteurize/fixes/fix_unpacking.py
Removing env/lib/python3.8/site-packages/future-0.18.2-py3.8.egg/libpasteurize/main.py
Removing env/lib/python3.8/site-packages/future-0.18.2-py3.8.egg/past/__init__.py
Removing env/lib/python3.8/site-packages/future-0.18.2-py3.8.egg/past/builtins/__init__.py
Removing env/lib/python3.8/site-packages/future-0.18.2-py3.8.egg/past/builtins/misc.py
Removing env/lib/python3.8/site-packages/future-0.18.2-py3.8.egg/past/builtins/noniterators.py
Removing env/lib/python3.8/site-packages/future-0.18.2-py3.8.egg/past/translation/__init__.py
Removing env/lib/python3.8/site-packages/future-0.18.2-py3.8.egg/past/types/__init__.py
Removing env/lib/python3.8/site-packages/future-0.18.2-py3.8.egg/past/types/basestring.py
Removing env/lib/python3.8/site-packages/future-0.18.2-py3.8.egg/past/types/olddict.py
Removing env/lib/python3.8/site-packages/future-0.18.2-py3.8.egg/past/types/oldstr.py
Removing env/lib/python3.8/site-packages/future-0.18.2-py3.8.egg/past/utils/__init__.py
Removing env/lib/python3.8/site-packages/pip-19.2.3.dist-info/
Removing env/lib/python3.8/site-packages/pip/__init__.py
Removing env/lib/python3.8/site-packages/pip/__main__.py
Removing env/lib/python3.8/site-packages/pip/_internal/__init__.py
Removing env/lib/python3.8/site-packages/pip/_internal/build_env.py
Removing env/lib/python3.8/site-packages/pip/_internal/cache.py
Removing env/lib/python3.8/site-packages/pip/_internal/cli/__init__.py
Removing env/lib/python3.8/site-packages/pip/_internal/cli/autocompletion.py
Removing env/lib/python3.8/site-packages/pip/_internal/cli/base_command.py
Removing env/lib/python3.8/site-packages/pip/_internal/cli/cmdoptions.py
Removing env/lib/python3.8/site-packages/pip/_internal/cli/main_parser.py
Removing env/lib/python3.8/site-packages/pip/_internal/cli/parser.py
Removing env/lib/python3.8/site-packages/pip/_internal/cli/status_codes.py
Removing env/lib/python3.8/site-packages/pip/_internal/commands/__init__.py
Removing env/lib/python3.8/site-packages/pip/_internal/commands/check.py
Removing env/lib/python3.8/site-packages/pip/_internal/commands/completion.py
Removing env/lib/python3.8/site-packages/pip/_internal/commands/configuration.py
Removing env/lib/python3.8/site-packages/pip/_internal/commands/debug.py
Removing env/lib/python3.8/site-packages/pip/_internal/commands/download.py
Removing env/lib/python3.8/site-packages/pip/_internal/commands/freeze.py
Removing env/lib/python3.8/site-packages/pip/_internal/commands/hash.py
Removing env/lib/python3.8/site-packages/pip/_internal/commands/help.py
Removing env/lib/python3.8/site-packages/pip/_internal/commands/install.py
Removing env/lib/python3.8/site-packages/pip/_internal/commands/list.py
Removing env/lib/python3.8/site-packages/pip/_internal/commands/search.py
Removing env/lib/python3.8/site-packages/pip/_internal/commands/show.py
Removing env/lib/python3.8/site-packages/pip/_internal/commands/uninstall.py
Removing env/lib/python3.8/site-packages/pip/_internal/commands/wheel.py
Removing env/lib/python3.8/site-packages/pip/_internal/configuration.py
Removing env/lib/python3.8/site-packages/pip/_internal/distributions/__init__.py
Removing env/lib/python3.8/site-packages/pip/_internal/distributions/base.py
Removing env/lib/python3.8/site-packages/pip/_internal/distributions/installed.py
Removing env/lib/python3.8/site-packages/pip/_internal/distributions/source.py
Removing env/lib/python3.8/site-packages/pip/_internal/distributions/wheel.py
Removing env/lib/python3.8/site-packages/pip/_internal/download.py
Removing env/lib/python3.8/site-packages/pip/_internal/exceptions.py
Removing env/lib/python3.8/site-packages/pip/_internal/index.py
Removing env/lib/python3.8/site-packages/pip/_internal/legacy_resolve.py
Removing env/lib/python3.8/site-packages/pip/_internal/locations.py
Removing env/lib/python3.8/site-packages/pip/_internal/models/__init__.py
Removing env/lib/python3.8/site-packages/pip/_internal/models/candidate.py
Removing env/lib/python3.8/site-packages/pip/_internal/models/format_control.py
Removing env/lib/python3.8/site-packages/pip/_internal/models/index.py
Removing env/lib/python3.8/site-packages/pip/_internal/models/link.py
Removing env/lib/python3.8/site-packages/pip/_internal/models/search_scope.py
Removing env/lib/python3.8/site-packages/pip/_internal/models/selection_prefs.py
Removing env/lib/python3.8/site-packages/pip/_internal/models/target_python.py
Removing env/lib/python3.8/site-packages/pip/_internal/operations/__init__.py
Removing env/lib/python3.8/site-packages/pip/_internal/operations/check.py
Removing env/lib/python3.8/site-packages/pip/_internal/operations/freeze.py
Removing env/lib/python3.8/site-packages/pip/_internal/operations/prepare.py
Removing env/lib/python3.8/site-packages/pip/_internal/pep425tags.py
Removing env/lib/python3.8/site-packages/pip/_internal/pyproject.py
Removing env/lib/python3.8/site-packages/pip/_internal/req/__init__.py
Removing env/lib/python3.8/site-packages/pip/_internal/req/constructors.py
Removing env/lib/python3.8/site-packages/pip/_internal/req/req_file.py
Removing env/lib/python3.8/site-packages/pip/_internal/req/req_install.py
Removing env/lib/python3.8/site-packages/pip/_internal/req/req_set.py
Removing env/lib/python3.8/site-packages/pip/_internal/req/req_tracker.py
Removing env/lib/python3.8/site-packages/pip/_internal/req/req_uninstall.py
Removing env/lib/python3.8/site-packages/pip/_internal/utils/__init__.py
Removing env/lib/python3.8/site-packages/pip/_internal/utils/appdirs.py
Removing env/lib/python3.8/site-packages/pip/_internal/utils/compat.py
Removing env/lib/python3.8/site-packages/pip/_internal/utils/deprecation.py
Removing env/lib/python3.8/site-packages/pip/_internal/utils/encoding.py
Removing env/lib/python3.8/site-packages/pip/_internal/utils/filesystem.py
Removing env/lib/python3.8/site-packages/pip/_internal/utils/glibc.py
Removing env/lib/python3.8/site-packages/pip/_internal/utils/hashes.py
Removing env/lib/python3.8/site-packages/pip/_internal/utils/logging.py
Removing env/lib/python3.8/site-packages/pip/_internal/utils/marker_files.py
Removing env/lib/python3.8/site-packages/pip/_internal/utils/misc.py
Removing env/lib/python3.8/site-packages/pip/_internal/utils/models.py
Removing env/lib/python3.8/site-packages/pip/_internal/utils/outdated.py
Removing env/lib/python3.8/site-packages/pip/_internal/utils/packaging.py
Removing env/lib/python3.8/site-packages/pip/_internal/utils/setuptools_build.py
Removing env/lib/python3.8/site-packages/pip/_internal/utils/temp_dir.py
Removing env/lib/python3.8/site-packages/pip/_internal/utils/typing.py
Removing env/lib/python3.8/site-packages/pip/_internal/utils/ui.py
Removing env/lib/python3.8/site-packages/pip/_internal/utils/virtualenv.py
Removing env/lib/python3.8/site-packages/pip/_internal/vcs/__init__.py
Removing env/lib/python3.8/site-packages/pip/_internal/vcs/bazaar.py
Removing env/lib/python3.8/site-packages/pip/_internal/vcs/git.py
Removing env/lib/python3.8/site-packages/pip/_internal/vcs/mercurial.py
Removing env/lib/python3.8/site-packages/pip/_internal/vcs/subversion.py
Removing env/lib/python3.8/site-packages/pip/_internal/vcs/versioncontrol.py
Removing env/lib/python3.8/site-packages/pip/_internal/wheel.py
Removing env/lib/python3.8/site-packages/pip/_vendor/__init__.py
Removing env/lib/python3.8/site-packages/pip/_vendor/appdirs.py
Removing env/lib/python3.8/site-packages/pip/_vendor/cachecontrol/__init__.py
Removing env/lib/python3.8/site-packages/pip/_vendor/cachecontrol/_cmd.py
Removing env/lib/python3.8/site-packages/pip/_vendor/cachecontrol/adapter.py
Removing env/lib/python3.8/site-packages/pip/_vendor/cachecontrol/cache.py
Removing env/lib/python3.8/site-packages/pip/_vendor/cachecontrol/caches/__init__.py
Removing env/lib/python3.8/site-packages/pip/_vendor/cachecontrol/caches/file_cache.py
Removing env/lib/python3.8/site-packages/pip/_vendor/cachecontrol/caches/redis_cache.py
Removing env/lib/python3.8/site-packages/pip/_vendor/cachecontrol/compat.py
Removing env/lib/python3.8/site-packages/pip/_vendor/cachecontrol/controller.py
Removing env/lib/python3.8/site-packages/pip/_vendor/cachecontrol/filewrapper.py
Removing env/lib/python3.8/site-packages/pip/_vendor/cachecontrol/heuristics.py
Removing env/lib/python3.8/site-packages/pip/_vendor/cachecontrol/serialize.py
Removing env/lib/python3.8/site-packages/pip/_vendor/cachecontrol/wrapper.py
Removing env/lib/python3.8/site-packages/pip/_vendor/certifi/__init__.py
Removing env/lib/python3.8/site-packages/pip/_vendor/certifi/__main__.py
Removing env/lib/python3.8/site-packages/pip/_vendor/certifi/cacert.pem
Removing env/lib/python3.8/site-packages/pip/_vendor/certifi/core.py
Removing env/lib/python3.8/site-packages/pip/_vendor/chardet/__init__.py
Removing env/lib/python3.8/site-packages/pip/_vendor/chardet/big5freq.py
Removing env/lib/python3.8/site-packages/pip/_vendor/chardet/big5prober.py
Removing env/lib/python3.8/site-packages/pip/_vendor/chardet/chardistribution.py
Removing env/lib/python3.8/site-packages/pip/_vendor/chardet/charsetgroupprober.py
Removing env/lib/python3.8/site-packages/pip/_vendor/chardet/charsetprober.py
Removing env/lib/python3.8/site-packages/pip/_vendor/chardet/cli/__init__.py
Removing env/lib/python3.8/site-packages/pip/_vendor/chardet/cli/chardetect.py
Removing env/lib/python3.8/site-packages/pip/_vendor/chardet/codingstatemachine.py
Removing env/lib/python3.8/site-packages/pip/_vendor/chardet/compat.py
Removing env/lib/python3.8/site-packages/pip/_vendor/chardet/cp949prober.py
Removing env/lib/python3.8/site-packages/pip/_vendor/chardet/enums.py
Removing env/lib/python3.8/site-packages/pip/_vendor/chardet/escprober.py
Removing env/lib/python3.8/site-packages/pip/_vendor/chardet/escsm.py
Removing env/lib/python3.8/site-packages/pip/_vendor/chardet/eucjpprober.py
Removing env/lib/python3.8/site-packages/pip/_vendor/chardet/euckrfreq.py
Removing env/lib/python3.8/site-packages/pip/_vendor/chardet/euckrprober.py
Removing env/lib/python3.8/site-packages/pip/_vendor/chardet/euctwfreq.py
Removing env/lib/python3.8/site-packages/pip/_vendor/chardet/euctwprober.py
Removing env/lib/python3.8/site-packages/pip/_vendor/chardet/gb2312freq.py
Removing env/lib/python3.8/site-packages/pip/_vendor/chardet/gb2312prober.py
Removing env/lib/python3.8/site-packages/pip/_vendor/chardet/hebrewprober.py
Removing env/lib/python3.8/site-packages/pip/_vendor/chardet/jisfreq.py
Removing env/lib/python3.8/site-packages/pip/_vendor/chardet/jpcntx.py
Removing env/lib/python3.8/site-packages/pip/_vendor/chardet/langbulgarianmodel.py
Removing env/lib/python3.8/site-packages/pip/_vendor/chardet/langcyrillicmodel.py
Removing env/lib/python3.8/site-packages/pip/_vendor/chardet/langgreekmodel.py
Removing env/lib/python3.8/site-packages/pip/_vendor/chardet/langhebrewmodel.py
Removing env/lib/python3.8/site-packages/pip/_vendor/chardet/langhungarianmodel.py
Removing env/lib/python3.8/site-packages/pip/_vendor/chardet/langthaimodel.py
Removing env/lib/python3.8/site-packages/pip/_vendor/chardet/langturkishmodel.py
Removing env/lib/python3.8/site-packages/pip/_vendor/chardet/latin1prober.py
Removing env/lib/python3.8/site-packages/pip/_vendor/chardet/mbcharsetprober.py
Removing env/lib/python3.8/site-packages/pip/_vendor/chardet/mbcsgroupprober.py
Removing env/lib/python3.8/site-packages/pip/_vendor/chardet/mbcssm.py
Removing env/lib/python3.8/site-packages/pip/_vendor/chardet/sbcharsetprober.py
Removing env/lib/python3.8/site-packages/pip/_vendor/chardet/sbcsgroupprober.py
Removing env/lib/python3.8/site-packages/pip/_vendor/chardet/sjisprober.py
Removing env/lib/python3.8/site-packages/pip/_vendor/chardet/universaldetector.py
Removing env/lib/python3.8/site-packages/pip/_vendor/chardet/utf8prober.py
Removing env/lib/python3.8/site-packages/pip/_vendor/chardet/version.py
Removing env/lib/python3.8/site-packages/pip/_vendor/colorama/__init__.py
Removing env/lib/python3.8/site-packages/pip/_vendor/colorama/ansi.py
Removing env/lib/python3.8/site-packages/pip/_vendor/colorama/ansitowin32.py
Removing env/lib/python3.8/site-packages/pip/_vendor/colorama/initialise.py
Removing env/lib/python3.8/site-packages/pip/_vendor/colorama/win32.py
Removing env/lib/python3.8/site-packages/pip/_vendor/colorama/winterm.py
Removing env/lib/python3.8/site-packages/pip/_vendor/distlib/__init__.py
Removing env/lib/python3.8/site-packages/pip/_vendor/distlib/_backport/__init__.py
Removing env/lib/python3.8/site-packages/pip/_vendor/distlib/_backport/misc.py
Removing env/lib/python3.8/site-packages/pip/_vendor/distlib/_backport/shutil.py
Removing env/lib/python3.8/site-packages/pip/_vendor/distlib/_backport/sysconfig.cfg
Removing env/lib/python3.8/site-packages/pip/_vendor/distlib/_backport/sysconfig.py
Removing env/lib/python3.8/site-packages/pip/_vendor/distlib/_backport/tarfile.py
Removing env/lib/python3.8/site-packages/pip/_vendor/distlib/compat.py
Removing env/lib/python3.8/site-packages/pip/_vendor/distlib/database.py
Removing env/lib/python3.8/site-packages/pip/_vendor/distlib/index.py
Removing env/lib/python3.8/site-packages/pip/_vendor/distlib/locators.py
Removing env/lib/python3.8/site-packages/pip/_vendor/distlib/manifest.py
Removing env/lib/python3.8/site-packages/pip/_vendor/distlib/markers.py
Removing env/lib/python3.8/site-packages/pip/_vendor/distlib/metadata.py
Removing env/lib/python3.8/site-packages/pip/_vendor/distlib/resources.py
Removing env/lib/python3.8/site-packages/pip/_vendor/distlib/scripts.py
Removing env/lib/python3.8/site-packages/pip/_vendor/distlib/t32.exe
Removing env/lib/python3.8/site-packages/pip/_vendor/distlib/t64.exe
Removing env/lib/python3.8/site-packages/pip/_vendor/distlib/util.py
Removing env/lib/python3.8/site-packages/pip/_vendor/distlib/version.py
Removing env/lib/python3.8/site-packages/pip/_vendor/distlib/w32.exe
Removing env/lib/python3.8/site-packages/pip/_vendor/distlib/w64.exe
Removing env/lib/python3.8/site-packages/pip/_vendor/distlib/wheel.py
Removing env/lib/python3.8/site-packages/pip/_vendor/distro.py
Removing env/lib/python3.8/site-packages/pip/_vendor/html5lib/__init__.py
Removing env/lib/python3.8/site-packages/pip/_vendor/html5lib/_ihatexml.py
Removing env/lib/python3.8/site-packages/pip/_vendor/html5lib/_inputstream.py
Removing env/lib/python3.8/site-packages/pip/_vendor/html5lib/_tokenizer.py
Removing env/lib/python3.8/site-packages/pip/_vendor/html5lib/_trie/__init__.py
Removing env/lib/python3.8/site-packages/pip/_vendor/html5lib/_trie/_base.py
Removing env/lib/python3.8/site-packages/pip/_vendor/html5lib/_trie/datrie.py
Removing env/lib/python3.8/site-packages/pip/_vendor/html5lib/_trie/py.py
Removing env/lib/python3.8/site-packages/pip/_vendor/html5lib/_utils.py
Removing env/lib/python3.8/site-packages/pip/_vendor/html5lib/constants.py
Removing env/lib/python3.8/site-packages/pip/_vendor/html5lib/filters/__init__.py
Removing env/lib/python3.8/site-packages/pip/_vendor/html5lib/filters/alphabeticalattributes.py
Removing env/lib/python3.8/site-packages/pip/_vendor/html5lib/filters/base.py
Removing env/lib/python3.8/site-packages/pip/_vendor/html5lib/filters/inject_meta_charset.py
Removing env/lib/python3.8/site-packages/pip/_vendor/html5lib/filters/lint.py
Removing env/lib/python3.8/site-packages/pip/_vendor/html5lib/filters/optionaltags.py
Removing env/lib/python3.8/site-packages/pip/_vendor/html5lib/filters/sanitizer.py
Removing env/lib/python3.8/site-packages/pip/_vendor/html5lib/filters/whitespace.py
Removing env/lib/python3.8/site-packages/pip/_vendor/html5lib/html5parser.py
Removing env/lib/python3.8/site-packages/pip/_vendor/html5lib/serializer.py
Removing env/lib/python3.8/site-packages/pip/_vendor/html5lib/treeadapters/__init__.py
Removing env/lib/python3.8/site-packages/pip/_vendor/html5lib/treeadapters/genshi.py
Removing env/lib/python3.8/site-packages/pip/_vendor/html5lib/treeadapters/sax.py
Removing env/lib/python3.8/site-packages/pip/_vendor/html5lib/treebuilders/__init__.py
Removing env/lib/python3.8/site-packages/pip/_vendor/html5lib/treebuilders/base.py
Removing env/lib/python3.8/site-packages/pip/_vendor/html5lib/treebuilders/dom.py
Removing env/lib/python3.8/site-packages/pip/_vendor/html5lib/treebuilders/etree.py
Removing env/lib/python3.8/site-packages/pip/_vendor/html5lib/treebuilders/etree_lxml.py
Removing env/lib/python3.8/site-packages/pip/_vendor/html5lib/treewalkers/__init__.py
Removing env/lib/python3.8/site-packages/pip/_vendor/html5lib/treewalkers/base.py
Removing env/lib/python3.8/site-packages/pip/_vendor/html5lib/treewalkers/dom.py
Removing env/lib/python3.8/site-packages/pip/_vendor/html5lib/treewalkers/etree.py
Removing env/lib/python3.8/site-packages/pip/_vendor/html5lib/treewalkers/etree_lxml.py
Removing env/lib/python3.8/site-packages/pip/_vendor/html5lib/treewalkers/genshi.py
Removing env/lib/python3.8/site-packages/pip/_vendor/idna/__init__.py
Removing env/lib/python3.8/site-packages/pip/_vendor/idna/codec.py
Removing env/lib/python3.8/site-packages/pip/_vendor/idna/compat.py
Removing env/lib/python3.8/site-packages/pip/_vendor/idna/core.py
Removing env/lib/python3.8/site-packages/pip/_vendor/idna/idnadata.py
Removing env/lib/python3.8/site-packages/pip/_vendor/idna/intranges.py
Removing env/lib/python3.8/site-packages/pip/_vendor/idna/package_data.py
Removing env/lib/python3.8/site-packages/pip/_vendor/idna/uts46data.py
Removing env/lib/python3.8/site-packages/pip/_vendor/ipaddress.py
Removing env/lib/python3.8/site-packages/pip/_vendor/lockfile/__init__.py
Removing env/lib/python3.8/site-packages/pip/_vendor/lockfile/linklockfile.py
Removing env/lib/python3.8/site-packages/pip/_vendor/lockfile/mkdirlockfile.py
Removing env/lib/python3.8/site-packages/pip/_vendor/lockfile/pidlockfile.py
Removing env/lib/python3.8/site-packages/pip/_vendor/lockfile/sqlitelockfile.py
Removing env/lib/python3.8/site-packages/pip/_vendor/lockfile/symlinklockfile.py
Removing env/lib/python3.8/site-packages/pip/_vendor/msgpack/__init__.py
Removing env/lib/python3.8/site-packages/pip/_vendor/msgpack/_version.py
Removing env/lib/python3.8/site-packages/pip/_vendor/msgpack/exceptions.py
Removing env/lib/python3.8/site-packages/pip/_vendor/msgpack/fallback.py
Removing env/lib/python3.8/site-packages/pip/_vendor/packaging/__about__.py
Removing env/lib/python3.8/site-packages/pip/_vendor/packaging/__init__.py
Removing env/lib/python3.8/site-packages/pip/_vendor/packaging/_compat.py
Removing env/lib/python3.8/site-packages/pip/_vendor/packaging/_structures.py
Removing env/lib/python3.8/site-packages/pip/_vendor/packaging/markers.py
Removing env/lib/python3.8/site-packages/pip/_vendor/packaging/requirements.py
Removing env/lib/python3.8/site-packages/pip/_vendor/packaging/specifiers.py
Removing env/lib/python3.8/site-packages/pip/_vendor/packaging/utils.py
Removing env/lib/python3.8/site-packages/pip/_vendor/packaging/version.py
Removing env/lib/python3.8/site-packages/pip/_vendor/pep517/__init__.py
Removing env/lib/python3.8/site-packages/pip/_vendor/pep517/_in_process.py
Removing env/lib/python3.8/site-packages/pip/_vendor/pep517/build.py
Removing env/lib/python3.8/site-packages/pip/_vendor/pep517/check.py
Removing env/lib/python3.8/site-packages/pip/_vendor/pep517/colorlog.py
Removing env/lib/python3.8/site-packages/pip/_vendor/pep517/compat.py
Removing env/lib/python3.8/site-packages/pip/_vendor/pep517/envbuild.py
Removing env/lib/python3.8/site-packages/pip/_vendor/pep517/wrappers.py
Removing env/lib/python3.8/site-packages/pip/_vendor/pkg_resources/__init__.py
Removing env/lib/python3.8/site-packages/pip/_vendor/pkg_resources/py31compat.py
Removing env/lib/python3.8/site-packages/pip/_vendor/progress/__init__.py
Removing env/lib/python3.8/site-packages/pip/_vendor/progress/bar.py
Removing env/lib/python3.8/site-packages/pip/_vendor/progress/counter.py
Removing env/lib/python3.8/site-packages/pip/_vendor/progress/spinner.py
Removing env/lib/python3.8/site-packages/pip/_vendor/pyparsing.py
Removing env/lib/python3.8/site-packages/pip/_vendor/pytoml/__init__.py
Removing env/lib/python3.8/site-packages/pip/_vendor/pytoml/core.py
Removing env/lib/python3.8/site-packages/pip/_vendor/pytoml/parser.py
Removing env/lib/python3.8/site-packages/pip/_vendor/pytoml/test.py
Removing env/lib/python3.8/site-packages/pip/_vendor/pytoml/utils.py
Removing env/lib/python3.8/site-packages/pip/_vendor/pytoml/writer.py
Removing env/lib/python3.8/site-packages/pip/_vendor/requests/__init__.py
Removing env/lib/python3.8/site-packages/pip/_vendor/requests/__version__.py
Removing env/lib/python3.8/site-packages/pip/_vendor/requests/_internal_utils.py
Removing env/lib/python3.8/site-packages/pip/_vendor/requests/adapters.py
Removing env/lib/python3.8/site-packages/pip/_vendor/requests/api.py
Removing env/lib/python3.8/site-packages/pip/_vendor/requests/auth.py
Removing env/lib/python3.8/site-packages/pip/_vendor/requests/certs.py
Removing env/lib/python3.8/site-packages/pip/_vendor/requests/compat.py
Removing env/lib/python3.8/site-packages/pip/_vendor/requests/cookies.py
Removing env/lib/python3.8/site-packages/pip/_vendor/requests/exceptions.py
Removing env/lib/python3.8/site-packages/pip/_vendor/requests/help.py
Removing env/lib/python3.8/site-packages/pip/_vendor/requests/hooks.py
Removing env/lib/python3.8/site-packages/pip/_vendor/requests/models.py
Removing env/lib/python3.8/site-packages/pip/_vendor/requests/packages.py
Removing env/lib/python3.8/site-packages/pip/_vendor/requests/sessions.py
Removing env/lib/python3.8/site-packages/pip/_vendor/requests/status_codes.py
Removing env/lib/python3.8/site-packages/pip/_vendor/requests/structures.py
Removing env/lib/python3.8/site-packages/pip/_vendor/requests/utils.py
Removing env/lib/python3.8/site-packages/pip/_vendor/retrying.py
Removing env/lib/python3.8/site-packages/pip/_vendor/six.py
Removing env/lib/python3.8/site-packages/pip/_vendor/urllib3/__init__.py
Removing env/lib/python3.8/site-packages/pip/_vendor/urllib3/_collections.py
Removing env/lib/python3.8/site-packages/pip/_vendor/urllib3/connection.py
Removing env/lib/python3.8/site-packages/pip/_vendor/urllib3/connectionpool.py
Removing env/lib/python3.8/site-packages/pip/_vendor/urllib3/contrib/__init__.py
Removing env/lib/python3.8/site-packages/pip/_vendor/urllib3/contrib/_appengine_environ.py
Removing env/lib/python3.8/site-packages/pip/_vendor/urllib3/contrib/_securetransport/__init__.py
Removing env/lib/python3.8/site-packages/pip/_vendor/urllib3/contrib/_securetransport/bindings.py
Removing env/lib/python3.8/site-packages/pip/_vendor/urllib3/contrib/_securetransport/low_level.py
Removing env/lib/python3.8/site-packages/pip/_vendor/urllib3/contrib/appengine.py
Removing env/lib/python3.8/site-packages/pip/_vendor/urllib3/contrib/ntlmpool.py
Removing env/lib/python3.8/site-packages/pip/_vendor/urllib3/contrib/pyopenssl.py
Removing env/lib/python3.8/site-packages/pip/_vendor/urllib3/contrib/securetransport.py
Removing env/lib/python3.8/site-packages/pip/_vendor/urllib3/contrib/socks.py
Removing env/lib/python3.8/site-packages/pip/_vendor/urllib3/exceptions.py
Removing env/lib/python3.8/site-packages/pip/_vendor/urllib3/fields.py
Removing env/lib/python3.8/site-packages/pip/_vendor/urllib3/filepost.py
Removing env/lib/python3.8/site-packages/pip/_vendor/urllib3/packages/__init__.py
Removing env/lib/python3.8/site-packages/pip/_vendor/urllib3/packages/backports/__init__.py
Removing env/lib/python3.8/site-packages/pip/_vendor/urllib3/packages/backports/makefile.py
Removing env/lib/python3.8/site-packages/pip/_vendor/urllib3/packages/rfc3986/__init__.py
Removing env/lib/python3.8/site-packages/pip/_vendor/urllib3/packages/rfc3986/_mixin.py
Removing env/lib/python3.8/site-packages/pip/_vendor/urllib3/packages/rfc3986/abnf_regexp.py
Removing env/lib/python3.8/site-packages/pip/_vendor/urllib3/packages/rfc3986/api.py
Removing env/lib/python3.8/site-packages/pip/_vendor/urllib3/packages/rfc3986/builder.py
Removing env/lib/python3.8/site-packages/pip/_vendor/urllib3/packages/rfc3986/compat.py
Removing env/lib/python3.8/site-packages/pip/_vendor/urllib3/packages/rfc3986/exceptions.py
Removing env/lib/python3.8/site-packages/pip/_vendor/urllib3/packages/rfc3986/iri.py
Removing env/lib/python3.8/site-packages/pip/_vendor/urllib3/packages/rfc3986/misc.py
Removing env/lib/python3.8/site-packages/pip/_vendor/urllib3/packages/rfc3986/normalizers.py
Removing env/lib/python3.8/site-packages/pip/_vendor/urllib3/packages/rfc3986/parseresult.py
Removing env/lib/python3.8/site-packages/pip/_vendor/urllib3/packages/rfc3986/uri.py
Removing env/lib/python3.8/site-packages/pip/_vendor/urllib3/packages/rfc3986/validators.py
Removing env/lib/python3.8/site-packages/pip/_vendor/urllib3/packages/six.py
Removing env/lib/python3.8/site-packages/pip/_vendor/urllib3/packages/ssl_match_hostname/__init__.py
Removing env/lib/python3.8/site-packages/pip/_vendor/urllib3/packages/ssl_match_hostname/_implementation.py
Removing env/lib/python3.8/site-packages/pip/_vendor/urllib3/poolmanager.py
Removing env/lib/python3.8/site-packages/pip/_vendor/urllib3/request.py
Removing env/lib/python3.8/site-packages/pip/_vendor/urllib3/response.py
Removing env/lib/python3.8/site-packages/pip/_vendor/urllib3/util/__init__.py
Removing env/lib/python3.8/site-packages/pip/_vendor/urllib3/util/connection.py
Removing env/lib/python3.8/site-packages/pip/_vendor/urllib3/util/queue.py
Removing env/lib/python3.8/site-packages/pip/_vendor/urllib3/util/request.py
Removing env/lib/python3.8/site-packages/pip/_vendor/urllib3/util/response.py
Removing env/lib/python3.8/site-packages/pip/_vendor/urllib3/util/retry.py
Removing env/lib/python3.8/site-packages/pip/_vendor/urllib3/util/ssl_.py
Removing env/lib/python3.8/site-packages/pip/_vendor/urllib3/util/timeout.py
Removing env/lib/python3.8/site-packages/pip/_vendor/urllib3/util/url.py
Removing env/lib/python3.8/site-packages/pip/_vendor/urllib3/util/wait.py
Removing env/lib/python3.8/site-packages/pip/_vendor/webencodings/__init__.py
Removing env/lib/python3.8/site-packages/pip/_vendor/webencodings/labels.py
Removing env/lib/python3.8/site-packages/pip/_vendor/webencodings/mklabels.py
Removing env/lib/python3.8/site-packages/pip/_vendor/webencodings/tests.py
Removing env/lib/python3.8/site-packages/pip/_vendor/webencodings/x_user_defined.py
Removing env/lib/python3.8/site-packages/pkg_resources/__init__.py
Removing env/lib/python3.8/site-packages/pkg_resources/_vendor/__init__.py
Removing env/lib/python3.8/site-packages/pkg_resources/_vendor/appdirs.py
Removing env/lib/python3.8/site-packages/pkg_resources/_vendor/packaging/__about__.py
Removing env/lib/python3.8/site-packages/pkg_resources/_vendor/packaging/__init__.py
Removing env/lib/python3.8/site-packages/pkg_resources/_vendor/packaging/_compat.py
Removing env/lib/python3.8/site-packages/pkg_resources/_vendor/packaging/_structures.py
Removing env/lib/python3.8/site-packages/pkg_resources/_vendor/packaging/markers.py
Removing env/lib/python3.8/site-packages/pkg_resources/_vendor/packaging/requirements.py
Removing env/lib/python3.8/site-packages/pkg_resources/_vendor/packaging/specifiers.py
Removing env/lib/python3.8/site-packages/pkg_resources/_vendor/packaging/utils.py
Removing env/lib/python3.8/site-packages/pkg_resources/_vendor/packaging/version.py
Removing env/lib/python3.8/site-packages/pkg_resources/_vendor/pyparsing.py
Removing env/lib/python3.8/site-packages/pkg_resources/_vendor/six.py
Removing env/lib/python3.8/site-packages/pkg_resources/extern/__init__.py
Removing env/lib/python3.8/site-packages/pkg_resources/py31compat.py
Removing env/lib/python3.8/site-packages/setuptools-41.2.0.dist-info/
Removing env/lib/python3.8/site-packages/setuptools/__init__.py
Removing env/lib/python3.8/site-packages/setuptools/_deprecation_warning.py
Removing env/lib/python3.8/site-packages/setuptools/_vendor/__init__.py
Removing env/lib/python3.8/site-packages/setuptools/_vendor/packaging/__about__.py
Removing env/lib/python3.8/site-packages/setuptools/_vendor/packaging/__init__.py
Removing env/lib/python3.8/site-packages/setuptools/_vendor/packaging/_compat.py
Removing env/lib/python3.8/site-packages/setuptools/_vendor/packaging/_structures.py
Removing env/lib/python3.8/site-packages/setuptools/_vendor/packaging/markers.py
Removing env/lib/python3.8/site-packages/setuptools/_vendor/packaging/requirements.py
Removing env/lib/python3.8/site-packages/setuptools/_vendor/packaging/specifiers.py
Removing env/lib/python3.8/site-packages/setuptools/_vendor/packaging/utils.py
Removing env/lib/python3.8/site-packages/setuptools/_vendor/packaging/version.py
Removing env/lib/python3.8/site-packages/setuptools/_vendor/pyparsing.py
Removing env/lib/python3.8/site-packages/setuptools/_vendor/six.py
Removing env/lib/python3.8/site-packages/setuptools/archive_util.py
Removing env/lib/python3.8/site-packages/setuptools/build_meta.py
Removing env/lib/python3.8/site-packages/setuptools/cli-32.exe
Removing env/lib/python3.8/site-packages/setuptools/cli-64.exe
Removing env/lib/python3.8/site-packages/setuptools/cli.exe
Removing env/lib/python3.8/site-packages/setuptools/command/__init__.py
Removing env/lib/python3.8/site-packages/setuptools/command/alias.py
Removing env/lib/python3.8/site-packages/setuptools/command/bdist_egg.py
Removing env/lib/python3.8/site-packages/setuptools/command/bdist_rpm.py
Removing env/lib/python3.8/site-packages/setuptools/command/bdist_wininst.py
Removing env/lib/python3.8/site-packages/setuptools/command/build_clib.py
Removing env/lib/python3.8/site-packages/setuptools/command/build_ext.py
Removing env/lib/python3.8/site-packages/setuptools/command/build_py.py
Removing env/lib/python3.8/site-packages/setuptools/command/develop.py
Removing env/lib/python3.8/site-packages/setuptools/command/dist_info.py
Removing env/lib/python3.8/site-packages/setuptools/command/easy_install.py
Removing env/lib/python3.8/site-packages/setuptools/command/egg_info.py
Removing env/lib/python3.8/site-packages/setuptools/command/install.py
Removing env/lib/python3.8/site-packages/setuptools/command/install_egg_info.py
Removing env/lib/python3.8/site-packages/setuptools/command/install_lib.py
Removing env/lib/python3.8/site-packages/setuptools/command/install_scripts.py
Removing env/lib/python3.8/site-packages/setuptools/command/launcher manifest.xml
Removing env/lib/python3.8/site-packages/setuptools/command/py36compat.py
Removing env/lib/python3.8/site-packages/setuptools/command/register.py
Removing env/lib/python3.8/site-packages/setuptools/command/rotate.py
Removing env/lib/python3.8/site-packages/setuptools/command/saveopts.py
Removing env/lib/python3.8/site-packages/setuptools/command/sdist.py
Removing env/lib/python3.8/site-packages/setuptools/command/setopt.py
Removing env/lib/python3.8/site-packages/setuptools/command/test.py
Removing env/lib/python3.8/site-packages/setuptools/command/upload.py
Removing env/lib/python3.8/site-packages/setuptools/command/upload_docs.py
Removing env/lib/python3.8/site-packages/setuptools/config.py
Removing env/lib/python3.8/site-packages/setuptools/dep_util.py
Removing env/lib/python3.8/site-packages/setuptools/depends.py
Removing env/lib/python3.8/site-packages/setuptools/dist.py
Removing env/lib/python3.8/site-packages/setuptools/extension.py
Removing env/lib/python3.8/site-packages/setuptools/extern/__init__.py
Removing env/lib/python3.8/site-packages/setuptools/glibc.py
Removing env/lib/python3.8/site-packages/setuptools/glob.py
Removing env/lib/python3.8/site-packages/setuptools/gui-32.exe
Removing env/lib/python3.8/site-packages/setuptools/gui-64.exe
Removing env/lib/python3.8/site-packages/setuptools/gui.exe
Removing env/lib/python3.8/site-packages/setuptools/launch.py
Removing env/lib/python3.8/site-packages/setuptools/lib2to3_ex.py
Removing env/lib/python3.8/site-packages/setuptools/monkey.py
Removing env/lib/python3.8/site-packages/setuptools/msvc.py
Removing env/lib/python3.8/site-packages/setuptools/namespaces.py
Removing env/lib/python3.8/site-packages/setuptools/package_index.py
Removing env/lib/python3.8/site-packages/setuptools/pep425tags.py
Removing env/lib/python3.8/site-packages/setuptools/py27compat.py
Removing env/lib/python3.8/site-packages/setuptools/py31compat.py
Removing env/lib/python3.8/site-packages/setuptools/py33compat.py
Removing env/lib/python3.8/site-packages/setuptools/sandbox.py
Removing env/lib/python3.8/site-packages/setuptools/script (dev).tmpl
Removing env/lib/python3.8/site-packages/setuptools/script.tmpl
Removing env/lib/python3.8/site-packages/setuptools/site-patch.py
Removing env/lib/python3.8/site-packages/setuptools/ssl_support.py
Removing env/lib/python3.8/site-packages/setuptools/unicode_utils.py
Removing env/lib/python3.8/site-packages/setuptools/version.py
Removing env/lib/python3.8/site-packages/setuptools/wheel.py
Removing env/lib/python3.8/site-packages/setuptools/windows_support.py
Removing env/lib/python3.8/site-packages/six-1.15.0-py3.8.egg/
Removing env/lib64
Removing env/pyvenv.cfg
python setup.py install
pip install decorator
dos2unix: converting file /home/sumukher/evals/BugsInPy/framework/bin/temp/PySnooper/bugsinpy_requirements.txt to Unix format...
running install
running bdist_egg
running egg_info
writing PySnooper.egg-info/PKG-INFO
writing dependency_links to PySnooper.egg-info/dependency_links.txt
writing requirements to PySnooper.egg-info/requires.txt
writing top-level names to PySnooper.egg-info/top_level.txt
reading manifest file 'PySnooper.egg-info/SOURCES.txt'
writing manifest file 'PySnooper.egg-info/SOURCES.txt'
installing library code to build/bdist.linux-x86_64/egg
running install_lib
running build_py
copying pysnooper/pysnooper.py -> build/lib/pysnooper
creating build/bdist.linux-x86_64/egg
creating build/bdist.linux-x86_64/egg/pysnooper
copying build/lib/pysnooper/__init__.py -> build/bdist.linux-x86_64/egg/pysnooper
copying build/lib/pysnooper/tracer.py -> build/bdist.linux-x86_64/egg/pysnooper
copying build/lib/pysnooper/pycompat.py -> build/bdist.linux-x86_64/egg/pysnooper
copying build/lib/pysnooper/pysnooper.py -> build/bdist.linux-x86_64/egg/pysnooper
copying build/lib/pysnooper/variables.py -> build/bdist.linux-x86_64/egg/pysnooper
copying build/lib/pysnooper/utils.py -> build/bdist.linux-x86_64/egg/pysnooper
creating build/bdist.linux-x86_64/egg/tests
creating build/bdist.linux-x86_64/egg/tests/samples
copying build/lib/tests/samples/recursion.py -> build/bdist.linux-x86_64/egg/tests/samples
copying build/lib/tests/samples/indentation.py -> build/bdist.linux-x86_64/egg/tests/samples
copying build/lib/tests/samples/__init__.py -> build/bdist.linux-x86_64/egg/tests/samples
copying build/lib/tests/samples/exception.py -> build/bdist.linux-x86_64/egg/tests/samples
byte-compiling build/bdist.linux-x86_64/egg/pysnooper/__init__.py to __init__.cpython-38.pyc
byte-compiling build/bdist.linux-x86_64/egg/pysnooper/tracer.py to tracer.cpython-38.pyc
byte-compiling build/bdist.linux-x86_64/egg/pysnooper/pycompat.py to pycompat.cpython-38.pyc
byte-compiling build/bdist.linux-x86_64/egg/pysnooper/pysnooper.py to pysnooper.cpython-38.pyc
byte-compiling build/bdist.linux-x86_64/egg/pysnooper/variables.py to variables.cpython-38.pyc
byte-compiling build/bdist.linux-x86_64/egg/pysnooper/utils.py to utils.cpython-38.pyc
byte-compiling build/bdist.linux-x86_64/egg/tests/samples/recursion.py to recursion.cpython-38.pyc
byte-compiling build/bdist.linux-x86_64/egg/tests/samples/indentation.py to indentation.cpython-38.pyc
byte-compiling build/bdist.linux-x86_64/egg/tests/samples/__init__.py to __init__.cpython-38.pyc
byte-compiling build/bdist.linux-x86_64/egg/tests/samples/exception.py to exception.cpython-38.pyc
creating build/bdist.linux-x86_64/egg/EGG-INFO
copying PySnooper.egg-info/PKG-INFO -> build/bdist.linux-x86_64/egg/EGG-INFO
copying PySnooper.egg-info/SOURCES.txt -> build/bdist.linux-x86_64/egg/EGG-INFO
copying PySnooper.egg-info/dependency_links.txt -> build/bdist.linux-x86_64/egg/EGG-INFO
copying PySnooper.egg-info/requires.txt -> build/bdist.linux-x86_64/egg/EGG-INFO
copying PySnooper.egg-info/top_level.txt -> build/bdist.linux-x86_64/egg/EGG-INFO
zip_safe flag not set; analyzing archive contents...
creating 'dist/PySnooper-0.0.6-py3.8.egg' and adding 'build/bdist.linux-x86_64/egg' to it
removing 'build/bdist.linux-x86_64/egg' (and everything under it)
Processing PySnooper-0.0.6-py3.8.egg
Copying PySnooper-0.0.6-py3.8.egg to /home/sumukher/evals/BugsInPy/framework/bin/temp/PySnooper/env/lib/python3.8/site-packages
Adding PySnooper 0.0.6 to easy-install.pth file

Installed /home/sumukher/evals/BugsInPy/framework/bin/temp/PySnooper/env/lib/python3.8/site-packages/PySnooper-0.0.6-py3.8.egg
Processing dependencies for PySnooper==0.0.6
Searching for six>=1.12.0
Reading https://pypi.org/simple/six/
Downloading https://files.pythonhosted.org/packages/ee/ff/48bde5c0f013094d729fe4b0316ba2a24774b3ff1c52d924a8a4cb04078a/six-1.15.0-py2.py3-none-any.whl#sha256=8b74bedcbbbaca38ff6d7491d76f2b06b3592611af620f8426e82dddb04a5ced
Best match: six 1.15.0
Processing six-1.15.0-py2.py3-none-any.whl
Installing six-1.15.0-py2.py3-none-any.whl to /home/sumukher/evals/BugsInPy/framework/bin/temp/PySnooper/env/lib/python3.8/site-packages
Adding six 1.15.0 to easy-install.pth file

Installed /home/sumukher/evals/BugsInPy/framework/bin/temp/PySnooper/env/lib/python3.8/site-packages/six-1.15.0-py3.8.egg
Searching for future>=0.17.1
Reading https://pypi.org/simple/future/
Downloading https://files.pythonhosted.org/packages/45/0b/38b06fd9b92dc2b68d58b75f900e97884c45bedd2ff83203d933cf5851c9/future-0.18.2.tar.gz#sha256=b1bead90b70cf6ec3f0710ae53a525360fa360d306a86583adc6bf83a4db537d
Best match: future 0.18.2
Processing future-0.18.2.tar.gz
Writing /tmp/easy_install-iyu4mq5p/future-0.18.2/setup.cfg
Running future-0.18.2/setup.py -q bdist_egg --dist-dir /tmp/easy_install-iyu4mq5p/future-0.18.2/egg-dist-tmp-rfl0jhoh
warning: no files found matching '*.au' under directory 'tests'
warning: no files found matching '*.gif' under directory 'tests'
warning: no files found matching '*.txt' under directory 'tests'
zip_safe flag not set; analyzing archive contents...
future.backports.test.__pycache__.ssl_servers.cpython-38: module references __file__
future.backports.test.__pycache__.support.cpython-38: module references __file__
future.standard_library.__pycache__.__init__.cpython-38: module references __file__
future.standard_library.__pycache__.__init__.cpython-38: module references __path__
future.utils.__pycache__.__init__.cpython-38: module MAY be using inspect.stack
past.builtins.__pycache__.misc.cpython-38: module MAY be using inspect.stack
past.translation.__pycache__.__init__.cpython-38: module references __file__
past.translation.__pycache__.__init__.cpython-38: module references __path__
creating /home/sumukher/evals/BugsInPy/framework/bin/temp/PySnooper/env/lib/python3.8/site-packages/future-0.18.2-py3.8.egg
Extracting future-0.18.2-py3.8.egg to /home/sumukher/evals/BugsInPy/framework/bin/temp/PySnooper/env/lib/python3.8/site-packages
Adding future 0.18.2 to easy-install.pth file
Installing futurize script to /home/sumukher/evals/BugsInPy/framework/bin/temp/PySnooper/env/bin
Installing pasteurize script to /home/sumukher/evals/BugsInPy/framework/bin/temp/PySnooper/env/bin

Installed /home/sumukher/evals/BugsInPy/framework/bin/temp/PySnooper/env/lib/python3.8/site-packages/future-0.18.2-py3.8.egg
Searching for decorator>=4.3.0
Reading https://pypi.org/simple/decorator/
Downloading https://files.pythonhosted.org/packages/ed/1b/72a1821152d07cf1d8b6fce298aeb06a7eb90f4d6d41acec9861e7cc6df0/decorator-4.4.2-py2.py3-none-any.whl#sha256=41fa54c2a0cc4ba648be4fd43cff00aedf5b9465c9bf18d64325bc225f08f760
Best match: decorator 4.4.2
Processing decorator-4.4.2-py2.py3-none-any.whl
Installing decorator-4.4.2-py2.py3-none-any.whl to /home/sumukher/evals/BugsInPy/framework/bin/temp/PySnooper/env/lib/python3.8/site-packages
Adding decorator 4.4.2 to easy-install.pth file

Installed /home/sumukher/evals/BugsInPy/framework/bin/temp/PySnooper/env/lib/python3.8/site-packages/decorator-4.4.2-py3.8.egg
Finished processing dependencies for PySnooper==0.0.6
Requirement already satisfied: decorator in ./env/lib/python3.8/site-packages/decorator-4.4.2-py3.8.egg (4.4.2)
WARNING: You are using pip version 19.2.3, however version 21.0.1 is available.
You should consider upgrading via the 'pip install --upgrade pip' command.
pytest -q -s tests/test_pysnooper.py::test_file_output
RUN EVERY COMMAND
0



==================================== ERRORS ====================================
___________________ ERROR collecting tests/test_pysnooper.py ___________________
ImportError while importing test module '/home/sumukher/evals/BugsInPy/framework/bin/temp/PySnooper/tests/test_pysnooper.py'.
Hint: make sure your test modules/packages have valid Python names.
Traceback:
tests/test_pysnooper.py:8: in <module>
    from python_toolbox import caching
E   ModuleNotFoundError: No module named 'python_toolbox'
=========================== short test summary info ============================
ERROR tests/test_pysnooper.py
1 error in 0.08s
ERROR: not found: /home/sumukher/evals/BugsInPy/framework/bin/temp/PySnooper/tests/test_pysnooper.py::test_file_output
(no name '/home/sumukher/evals/BugsInPy/framework/bin/temp/PySnooper/tests/test_pysnooper.py::test_file_output' in any of [<Module test_pysnooper.py>])
