PROJECT_NAME: scrapy
BUG_ID: 10
VERSION_ID: 1
WORK_DIR: /home/sumukher/evals/BugsInPy/framework/bin/temp
https://github.com/scrapy/scrapy
github_url="https://github.com/scrapy/scrapy"
status="OK" 
Cloning into '/home/sumukher/evals/BugsInPy/framework/bin/temp/scrapy'...
HEAD is now at db408528 Do not interpret non-ASCII bytes in "Location" and percent-encode them (#2322)
'/home/sumukher/evals/BugsInPy/framework/bin/temp/scrapy/scrapy/downloadermiddlewares/redirect.py' -> '/home/sumukher/evals/BugsInPy/projects/scrapy/bugs/10/redirect.py'
'/home/sumukher/evals/BugsInPy/framework/bin/temp/scrapy/tests/test_downloadermiddleware_redirect.py' -> '/home/sumukher/evals/BugsInPy/projects/scrapy/bugs/10/test_downloadermiddleware_redirect.py'
'/home/sumukher/evals/BugsInPy/framework/bin/temp/scrapy/tests/test_downloadermiddleware_redirect.py' -> '/home/sumukher/evals/BugsInPy/projects/scrapy/bugs/10/test_downloadermiddleware_redirect.py'
HEAD is now at 6cc83c04 Merge pull request #2330 from lfmattossch/note-python2-name
pip install Twisted
pip install pytest
pip install Pillow
pip install utils
pip install mitmproxy
pip install leveldb

dos2unix: converting UTF-16LE file /home/sumukher/evals/BugsInPy/framework/bin/temp/scrapy/bugsinpy_requirements.txt to UTF-8 Unix format...
Collecting appdirs==1.4.4
  Using cached https://files.pythonhosted.org/packages/3b/00/2344469e2084fb287c2e0b57b72910309874c3245463acd6cf5e3db69324/appdirs-1.4.4-py2.py3-none-any.whl
Installing collected packages: appdirs
Successfully installed appdirs-1.4.4
WARNING: You are using pip version 19.2.3, however version 21.0.1 is available.
You should consider upgrading via the 'pip install --upgrade pip' command.
Collecting atomicwrites==1.4.0
  Using cached https://files.pythonhosted.org/packages/2c/a0/da5f49008ec6e9a658dbf5d7310a4debd397bce0b4db03cf8a410066bb87/atomicwrites-1.4.0-py2.py3-none-any.whl
Installing collected packages: atomicwrites
Successfully installed atomicwrites-1.4.0
WARNING: You are using pip version 19.2.3, however version 21.0.1 is available.
You should consider upgrading via the 'pip install --upgrade pip' command.
Collecting attrs==19.3.0
  Using cached https://files.pythonhosted.org/packages/a2/db/4313ab3be961f7a763066401fb77f7748373b6094076ae2bda2806988af6/attrs-19.3.0-py2.py3-none-any.whl
Installing collected packages: attrs
Successfully installed attrs-19.3.0
WARNING: You are using pip version 19.2.3, however version 21.0.1 is available.
You should consider upgrading via the 'pip install --upgrade pip' command.
Collecting Automat==20.2.0
  Using cached https://files.pythonhosted.org/packages/dd/83/5f6f3c1a562674d65efc320257bdc0873ec53147835aeef7762fe7585273/Automat-20.2.0-py2.py3-none-any.whl
Collecting six (from Automat==20.2.0)
  Using cached https://files.pythonhosted.org/packages/ee/ff/48bde5c0f013094d729fe4b0316ba2a24774b3ff1c52d924a8a4cb04078a/six-1.15.0-py2.py3-none-any.whl
Requirement already satisfied: attrs>=19.2.0 in ./env/lib/python3.8/site-packages (from Automat==20.2.0) (19.3.0)
Installing collected packages: six, Automat
Successfully installed Automat-20.2.0 six-1.15.0
WARNING: You are using pip version 19.2.3, however version 21.0.1 is available.
You should consider upgrading via the 'pip install --upgrade pip' command.
Collecting bcrypt==3.1.7
  Using cached https://files.pythonhosted.org/packages/8b/1d/82826443777dd4a624e38a08957b975e75df859b381ae302cfd7a30783ed/bcrypt-3.1.7-cp34-abi3-manylinux1_x86_64.whl
Requirement already satisfied: six>=1.4.1 in ./env/lib/python3.8/site-packages (from bcrypt==3.1.7) (1.15.0)
Collecting cffi>=1.1 (from bcrypt==3.1.7)
  Using cached https://files.pythonhosted.org/packages/66/c8/56efb65bd9fff582c84f11bbfe2cf70c6abcaa852e35be45583e823bb59d/cffi-1.14.4-cp38-cp38-manylinux1_x86_64.whl
Collecting pycparser (from cffi>=1.1->bcrypt==3.1.7)
  Using cached https://files.pythonhosted.org/packages/ae/e7/d9c3a176ca4b02024debf82342dab36efadfc5776f9c8db077e8f6e71821/pycparser-2.20-py2.py3-none-any.whl
Installing collected packages: pycparser, cffi, bcrypt
Successfully installed bcrypt-3.1.7 cffi-1.14.4 pycparser-2.20
WARNING: You are using pip version 19.2.3, however version 21.0.1 is available.
You should consider upgrading via the 'pip install --upgrade pip' command.
Collecting cffi==1.14.0
  Using cached https://files.pythonhosted.org/packages/49/de/1ab40dd857172da4accad610c25badfdfc23ec7e1bbcc6f9212cfcb3419d/cffi-1.14.0-cp38-cp38-manylinux1_x86_64.whl
Requirement already satisfied: pycparser in ./env/lib/python3.8/site-packages (from cffi==1.14.0) (2.20)
Installing collected packages: cffi
  Found existing installation: cffi 1.14.4
    Uninstalling cffi-1.14.4:
      Successfully uninstalled cffi-1.14.4
Successfully installed cffi-1.14.0
WARNING: You are using pip version 19.2.3, however version 21.0.1 is available.
You should consider upgrading via the 'pip install --upgrade pip' command.
Collecting colorama==0.4.3
  Using cached https://files.pythonhosted.org/packages/c9/dc/45cdef1b4d119eb96316b3117e6d5708a08029992b2fee2c143c7a0a5cc5/colorama-0.4.3-py2.py3-none-any.whl
Installing collected packages: colorama
Successfully installed colorama-0.4.3
WARNING: You are using pip version 19.2.3, however version 21.0.1 is available.
You should consider upgrading via the 'pip install --upgrade pip' command.
Collecting constantly==15.1.0
  Using cached https://files.pythonhosted.org/packages/b9/65/48c1909d0c0aeae6c10213340ce682db01b48ea900a7d9fce7a7910ff318/constantly-15.1.0-py2.py3-none-any.whl
Installing collected packages: constantly
Successfully installed constantly-15.1.0
WARNING: You are using pip version 19.2.3, however version 21.0.1 is available.
You should consider upgrading via the 'pip install --upgrade pip' command.
Collecting cryptography==2.9.2
  Using cached https://files.pythonhosted.org/packages/3c/04/686efee2dcdd25aecf357992e7d9362f443eb182ecd623f882bc9f7a6bba/cryptography-2.9.2-cp35-abi3-manylinux2010_x86_64.whl
Requirement already satisfied: six>=1.4.1 in ./env/lib/python3.8/site-packages (from cryptography==2.9.2) (1.15.0)
Requirement already satisfied: cffi!=1.11.3,>=1.8 in ./env/lib/python3.8/site-packages (from cryptography==2.9.2) (1.14.0)
Requirement already satisfied: pycparser in ./env/lib/python3.8/site-packages (from cffi!=1.11.3,>=1.8->cryptography==2.9.2) (2.20)
Installing collected packages: cryptography
Successfully installed cryptography-2.9.2
WARNING: You are using pip version 19.2.3, however version 21.0.1 is available.
You should consider upgrading via the 'pip install --upgrade pip' command.
Collecting cssselect==1.1.0
  Using cached https://files.pythonhosted.org/packages/3b/d4/3b5c17f00cce85b9a1e6f91096e1cc8e8ede2e1be8e96b87ce1ed09e92c5/cssselect-1.1.0-py2.py3-none-any.whl
Installing collected packages: cssselect
Successfully installed cssselect-1.1.0
WARNING: You are using pip version 19.2.3, however version 21.0.1 is available.
You should consider upgrading via the 'pip install --upgrade pip' command.
Collecting defusedxml==0.6.0
  Using cached https://files.pythonhosted.org/packages/06/74/9b387472866358ebc08732de3da6dc48e44b0aacd2ddaa5cb85ab7e986a2/defusedxml-0.6.0-py2.py3-none-any.whl
Installing collected packages: defusedxml
Successfully installed defusedxml-0.6.0
WARNING: You are using pip version 19.2.3, however version 21.0.1 is available.
You should consider upgrading via the 'pip install --upgrade pip' command.
Collecting h2==3.2.0
  Using cached https://files.pythonhosted.org/packages/25/de/da019bcc539eeab02f6d45836f23858ac467f584bfec7a526ef200242afe/h2-3.2.0-py2.py3-none-any.whl
Collecting hpack<4,>=3.0 (from h2==3.2.0)
  Using cached https://files.pythonhosted.org/packages/8a/cc/e53517f4a1e13f74776ca93271caef378dadec14d71c61c949d759d3db69/hpack-3.0.0-py2.py3-none-any.whl
Collecting hyperframe<6,>=5.2.0 (from h2==3.2.0)
  Using cached https://files.pythonhosted.org/packages/19/0c/bf88182bcb5dce3094e2f3e4fe20db28a9928cb7bd5b08024030e4b140db/hyperframe-5.2.0-py2.py3-none-any.whl
Installing collected packages: hpack, hyperframe, h2
Successfully installed h2-3.2.0 hpack-3.0.0 hyperframe-5.2.0
WARNING: You are using pip version 19.2.3, however version 21.0.1 is available.
You should consider upgrading via the 'pip install --upgrade pip' command.
Requirement already satisfied: hpack==3.0.0 in ./env/lib/python3.8/site-packages (3.0.0)
WARNING: You are using pip version 19.2.3, however version 21.0.1 is available.
You should consider upgrading via the 'pip install --upgrade pip' command.
Requirement already satisfied: hyperframe==5.2.0 in ./env/lib/python3.8/site-packages (5.2.0)
WARNING: You are using pip version 19.2.3, however version 21.0.1 is available.
You should consider upgrading via the 'pip install --upgrade pip' command.
Collecting hyperlink==19.0.0
  Using cached https://files.pythonhosted.org/packages/7f/91/e916ca10a2de1cb7101a9b24da546fb90ee14629e23160086cf3361c4fb8/hyperlink-19.0.0-py2.py3-none-any.whl
Collecting idna>=2.5 (from hyperlink==19.0.0)
  Using cached https://files.pythonhosted.org/packages/29/88/c52aae187d3b128a0f13f36a6c987fc0d408d03a678ad9996516925d8495/idna-3.1-py3-none-any.whl
Installing collected packages: idna, hyperlink
Successfully installed hyperlink-19.0.0 idna-3.1
WARNING: You are using pip version 19.2.3, however version 21.0.1 is available.
You should consider upgrading via the 'pip install --upgrade pip' command.
Collecting idna==2.9
  Using cached https://files.pythonhosted.org/packages/89/e3/afebe61c546d18fb1709a61bee788254b40e736cff7271c7de5de2dc4128/idna-2.9-py2.py3-none-any.whl
Installing collected packages: idna
  Found existing installation: idna 3.1
    Uninstalling idna-3.1:
      Successfully uninstalled idna-3.1
Successfully installed idna-2.9
WARNING: You are using pip version 19.2.3, however version 21.0.1 is available.
You should consider upgrading via the 'pip install --upgrade pip' command.
Collecting incremental==17.5.0
  Using cached https://files.pythonhosted.org/packages/f5/1d/c98a587dc06e107115cf4a58b49de20b19222c83d75335a192052af4c4b7/incremental-17.5.0-py2.py3-none-any.whl
Installing collected packages: incremental
Successfully installed incremental-17.5.0
WARNING: You are using pip version 19.2.3, however version 21.0.1 is available.
You should consider upgrading via the 'pip install --upgrade pip' command.
Collecting lxml==4.5.1
  Using cached https://files.pythonhosted.org/packages/f1/37/63bfd4b000c3daf4cd913ccc8afb891d9cf2dab4bdd6aacf527efe6c9299/lxml-4.5.1-cp38-cp38-manylinux1_x86_64.whl
Installing collected packages: lxml
Successfully installed lxml-4.5.1
WARNING: You are using pip version 19.2.3, however version 21.0.1 is available.
You should consider upgrading via the 'pip install --upgrade pip' command.
Collecting more-itertools==8.3.0
  Using cached https://files.pythonhosted.org/packages/06/b1/2dcadc4861c505a807d5c6d88928450fe5afcf352f205432572a10d74657/more_itertools-8.3.0-py3-none-any.whl
Installing collected packages: more-itertools
Successfully installed more-itertools-8.3.0
WARNING: You are using pip version 19.2.3, however version 21.0.1 is available.
You should consider upgrading via the 'pip install --upgrade pip' command.
Collecting packaging==20.4
  Using cached https://files.pythonhosted.org/packages/46/19/c5ab91b1b05cfe63cccd5cfc971db9214c6dd6ced54e33c30d5af1d2bc43/packaging-20.4-py2.py3-none-any.whl
Collecting pyparsing>=2.0.2 (from packaging==20.4)
  Using cached https://files.pythonhosted.org/packages/8a/bb/488841f56197b13700afd5658fc279a2025a39e22449b7cf29864669b15d/pyparsing-2.4.7-py2.py3-none-any.whl
Requirement already satisfied: six in ./env/lib/python3.8/site-packages (from packaging==20.4) (1.15.0)
Installing collected packages: pyparsing, packaging
Successfully installed packaging-20.4 pyparsing-2.4.7
WARNING: You are using pip version 19.2.3, however version 21.0.1 is available.
You should consider upgrading via the 'pip install --upgrade pip' command.
Collecting parsel==1.6.0
  Using cached https://files.pythonhosted.org/packages/23/1e/9b39d64cbab79d4362cdd7be7f5e9623d45c4a53b3f7522cd8210df52d8e/parsel-1.6.0-py2.py3-none-any.whl
Requirement already satisfied: six>=1.6.0 in ./env/lib/python3.8/site-packages (from parsel==1.6.0) (1.15.0)
Collecting w3lib>=1.19.0 (from parsel==1.6.0)
  Using cached https://files.pythonhosted.org/packages/a3/59/b6b14521090e7f42669cafdb84b0ab89301a42f1f1a82fcf5856661ea3a7/w3lib-1.22.0-py2.py3-none-any.whl
Requirement already satisfied: lxml in ./env/lib/python3.8/site-packages (from parsel==1.6.0) (4.5.1)
Requirement already satisfied: cssselect>=0.9 in ./env/lib/python3.8/site-packages (from parsel==1.6.0) (1.1.0)
Installing collected packages: w3lib, parsel
Successfully installed parsel-1.6.0 w3lib-1.22.0
WARNING: You are using pip version 19.2.3, however version 21.0.1 is available.
You should consider upgrading via the 'pip install --upgrade pip' command.
Collecting pbr==5.4.5
  Using cached https://files.pythonhosted.org/packages/96/ba/aa953a11ec014b23df057ecdbc922fdb40ca8463466b1193f3367d2711a6/pbr-5.4.5-py2.py3-none-any.whl
Installing collected packages: pbr
Successfully installed pbr-5.4.5
WARNING: You are using pip version 19.2.3, however version 21.0.1 is available.
You should consider upgrading via the 'pip install --upgrade pip' command.
Collecting Pillow==7.1.2
  Using cached https://files.pythonhosted.org/packages/06/24/a577011ad2c0dd9793de7fede96af9fb7e97de31f47aa209f5d8e8979124/Pillow-7.1.2-cp38-cp38-manylinux1_x86_64.whl
Installing collected packages: Pillow
Successfully installed Pillow-7.1.2
WARNING: You are using pip version 19.2.3, however version 21.0.1 is available.
You should consider upgrading via the 'pip install --upgrade pip' command.
Collecting pluggy==0.13.1
  Using cached https://files.pythonhosted.org/packages/a0/28/85c7aa31b80d150b772fbe4a229487bc6644da9ccb7e427dd8cc60cb8a62/pluggy-0.13.1-py2.py3-none-any.whl
Installing collected packages: pluggy
Successfully installed pluggy-0.13.1
WARNING: You are using pip version 19.2.3, however version 21.0.1 is available.
You should consider upgrading via the 'pip install --upgrade pip' command.
Collecting priority==1.3.0
  Using cached https://files.pythonhosted.org/packages/de/96/2f4b8da7be255cd41e825c398efd11a6706ff86e66ae198f012204aa2a4f/priority-1.3.0-py2.py3-none-any.whl
Installing collected packages: priority
Successfully installed priority-1.3.0
WARNING: You are using pip version 19.2.3, however version 21.0.1 is available.
You should consider upgrading via the 'pip install --upgrade pip' command.
Collecting Protego==0.1.16
  Using cached https://files.pythonhosted.org/packages/db/6e/bf6d5e4d7cf233b785719aaec2c38f027b9c2ed980a0015ec1a1cced4893/Protego-0.1.16.tar.gz
Requirement already satisfied: six in ./env/lib/python3.8/site-packages (from Protego==0.1.16) (1.15.0)
Installing collected packages: Protego
  Running setup.py install for Protego: started
    Running setup.py install for Protego: finished with status 'done'
Successfully installed Protego-0.1.16
WARNING: You are using pip version 19.2.3, however version 21.0.1 is available.
You should consider upgrading via the 'pip install --upgrade pip' command.
Collecting py==1.8.1
  Using cached https://files.pythonhosted.org/packages/99/8d/21e1767c009211a62a8e3067280bfce76e89c9f876180308515942304d2d/py-1.8.1-py2.py3-none-any.whl
Installing collected packages: py
Successfully installed py-1.8.1
WARNING: You are using pip version 19.2.3, however version 21.0.1 is available.
You should consider upgrading via the 'pip install --upgrade pip' command.
Collecting pyasn1==0.4.8
  Using cached https://files.pythonhosted.org/packages/62/1e/a94a8d635fa3ce4cfc7f506003548d0a2447ae76fd5ca53932970fe3053f/pyasn1-0.4.8-py2.py3-none-any.whl
Installing collected packages: pyasn1
Successfully installed pyasn1-0.4.8
WARNING: You are using pip version 19.2.3, however version 21.0.1 is available.
You should consider upgrading via the 'pip install --upgrade pip' command.
Collecting pyasn1-modules==0.2.8
  Using cached https://files.pythonhosted.org/packages/95/de/214830a981892a3e286c3794f41ae67a4495df1108c3da8a9f62159b9a9d/pyasn1_modules-0.2.8-py2.py3-none-any.whl
Requirement already satisfied: pyasn1<0.5.0,>=0.4.6 in ./env/lib/python3.8/site-packages (from pyasn1-modules==0.2.8) (0.4.8)
Installing collected packages: pyasn1-modules
Successfully installed pyasn1-modules-0.2.8
WARNING: You are using pip version 19.2.3, however version 21.0.1 is available.
You should consider upgrading via the 'pip install --upgrade pip' command.
Requirement already satisfied: pycparser==2.20 in ./env/lib/python3.8/site-packages (2.20)
WARNING: You are using pip version 19.2.3, however version 21.0.1 is available.
You should consider upgrading via the 'pip install --upgrade pip' command.
Collecting PyDispatcher==2.0.5
  Using cached https://files.pythonhosted.org/packages/cd/37/39aca520918ce1935bea9c356bcbb7ed7e52ad4e31bff9b943dfc8e7115b/PyDispatcher-2.0.5.tar.gz
Installing collected packages: PyDispatcher
  Running setup.py install for PyDispatcher: started
    Running setup.py install for PyDispatcher: finished with status 'done'
Successfully installed PyDispatcher-2.0.5
WARNING: You are using pip version 19.2.3, however version 21.0.1 is available.
You should consider upgrading via the 'pip install --upgrade pip' command.
Collecting PyHamcrest==2.0.2
  Using cached https://files.pythonhosted.org/packages/40/16/e54cc65891f01cb62893540f44ffd3e8dab0a22443e1b438f1a9f5574bee/PyHamcrest-2.0.2-py3-none-any.whl
Installing collected packages: PyHamcrest
Successfully installed PyHamcrest-2.0.2
WARNING: You are using pip version 19.2.3, however version 21.0.1 is available.
You should consider upgrading via the 'pip install --upgrade pip' command.
Collecting pyOpenSSL==19.1.0
  Using cached https://files.pythonhosted.org/packages/9e/de/f8342b68fa9e981d348039954657bdf681b2ab93de27443be51865ffa310/pyOpenSSL-19.1.0-py2.py3-none-any.whl
Requirement already satisfied: cryptography>=2.8 in ./env/lib/python3.8/site-packages (from pyOpenSSL==19.1.0) (2.9.2)
Requirement already satisfied: six>=1.5.2 in ./env/lib/python3.8/site-packages (from pyOpenSSL==19.1.0) (1.15.0)
Requirement already satisfied: cffi!=1.11.3,>=1.8 in ./env/lib/python3.8/site-packages (from cryptography>=2.8->pyOpenSSL==19.1.0) (1.14.0)
Requirement already satisfied: pycparser in ./env/lib/python3.8/site-packages (from cffi!=1.11.3,>=1.8->cryptography>=2.8->pyOpenSSL==19.1.0) (2.20)
Installing collected packages: pyOpenSSL
Successfully installed pyOpenSSL-19.1.0
WARNING: You are using pip version 19.2.3, however version 21.0.1 is available.
You should consider upgrading via the 'pip install --upgrade pip' command.
Requirement already satisfied: pyparsing==2.4.7 in ./env/lib/python3.8/site-packages (2.4.7)
WARNING: You are using pip version 19.2.3, however version 21.0.1 is available.
You should consider upgrading via the 'pip install --upgrade pip' command.
Collecting pyserial==3.4
  Using cached https://files.pythonhosted.org/packages/0d/e4/2a744dd9e3be04a0c0907414e2a01a7c88bb3915cbe3c8cc06e209f59c30/pyserial-3.4-py2.py3-none-any.whl
Installing collected packages: pyserial
Successfully installed pyserial-3.4
WARNING: You are using pip version 19.2.3, however version 21.0.1 is available.
You should consider upgrading via the 'pip install --upgrade pip' command.
Collecting pytest==5.4.2
  Using cached https://files.pythonhosted.org/packages/6c/f9/9f2b6c672c8f8bb87a4c1bd52c1b57213627b035305aad745d015b2a62ae/pytest-5.4.2-py3-none-any.whl
Requirement already satisfied: pluggy<1.0,>=0.12 in ./env/lib/python3.8/site-packages (from pytest==5.4.2) (0.13.1)
Requirement already satisfied: py>=1.5.0 in ./env/lib/python3.8/site-packages (from pytest==5.4.2) (1.8.1)
Requirement already satisfied: attrs>=17.4.0 in ./env/lib/python3.8/site-packages (from pytest==5.4.2) (19.3.0)
Collecting wcwidth (from pytest==5.4.2)
  Using cached https://files.pythonhosted.org/packages/59/7c/e39aca596badaf1b78e8f547c807b04dae603a433d3e7a7e04d67f2ef3e5/wcwidth-0.2.5-py2.py3-none-any.whl
Requirement already satisfied: more-itertools>=4.0.0 in ./env/lib/python3.8/site-packages (from pytest==5.4.2) (8.3.0)
Requirement already satisfied: packaging in ./env/lib/python3.8/site-packages (from pytest==5.4.2) (20.4)
Requirement already satisfied: six in ./env/lib/python3.8/site-packages (from packaging->pytest==5.4.2) (1.15.0)
Requirement already satisfied: pyparsing>=2.0.2 in ./env/lib/python3.8/site-packages (from packaging->pytest==5.4.2) (2.4.7)
Installing collected packages: wcwidth, pytest
Successfully installed pytest-5.4.2 wcwidth-0.2.5
WARNING: You are using pip version 19.2.3, however version 21.0.1 is available.
You should consider upgrading via the 'pip install --upgrade pip' command.
Collecting pywin32==227
  ERROR: Could not find a version that satisfies the requirement pywin32==227 (from versions: none)
ERROR: No matching distribution found for pywin32==227
WARNING: You are using pip version 19.2.3, however version 21.0.1 is available.
You should consider upgrading via the 'pip install --upgrade pip' command.
Collecting queuelib==1.5.0
  Using cached https://files.pythonhosted.org/packages/4c/85/ae64e9145f39dd6d14f8af3fa809a270ef3729f3b90b3c0cf5aa242ab0d4/queuelib-1.5.0-py2.py3-none-any.whl
Installing collected packages: queuelib
Successfully installed queuelib-1.5.0
WARNING: You are using pip version 19.2.3, however version 21.0.1 is available.
You should consider upgrading via the 'pip install --upgrade pip' command.
Collecting Scrapy==2.1.0
  Using cached https://files.pythonhosted.org/packages/9a/d3/5af102af577f57f706fcb302ea47d40e09355778488de904b3594d4e48d2/Scrapy-2.1.0-py2.py3-none-any.whl
Requirement already satisfied: queuelib>=1.4.2 in ./env/lib/python3.8/site-packages (from Scrapy==2.1.0) (1.5.0)
Requirement already satisfied: cssselect>=0.9.1 in ./env/lib/python3.8/site-packages (from Scrapy==2.1.0) (1.1.0)
Collecting service-identity>=16.0.0 (from Scrapy==2.1.0)
  Using cached https://files.pythonhosted.org/packages/e9/7c/2195b890023e098f9618d43ebc337d83c8b38d414326685339eb024db2f6/service_identity-18.1.0-py2.py3-none-any.whl
Requirement already satisfied: w3lib>=1.17.0 in ./env/lib/python3.8/site-packages (from Scrapy==2.1.0) (1.22.0)
Requirement already satisfied: lxml>=3.5.0 in ./env/lib/python3.8/site-packages (from Scrapy==2.1.0) (4.5.1)
Collecting zope.interface>=4.1.3 (from Scrapy==2.1.0)
  Using cached https://files.pythonhosted.org/packages/b7/ed/44c57577170ee8edd6cc68de7dda6e99d051e1bb969aade99afba07e8b30/zope.interface-5.2.0-cp38-cp38-manylinux2010_x86_64.whl
Requirement already satisfied: pyOpenSSL>=16.2.0 in ./env/lib/python3.8/site-packages (from Scrapy==2.1.0) (19.1.0)
Requirement already satisfied: PyDispatcher>=2.0.5 in ./env/lib/python3.8/site-packages (from Scrapy==2.1.0) (2.0.5)
Requirement already satisfied: parsel>=1.5.0 in ./env/lib/python3.8/site-packages (from Scrapy==2.1.0) (1.6.0)
Collecting Twisted>=17.9.0 (from Scrapy==2.1.0)
  Using cached https://files.pythonhosted.org/packages/4a/b4/4973c7ccb5be2ec0abc779b7d5f9d5f24b17b0349e23240cfc9dc3bd83cc/Twisted-20.3.0.tar.bz2
Requirement already satisfied: protego>=0.1.15 in ./env/lib/python3.8/site-packages (from Scrapy==2.1.0) (0.1.16)
Requirement already satisfied: cryptography>=2.0 in ./env/lib/python3.8/site-packages (from Scrapy==2.1.0) (2.9.2)
Requirement already satisfied: pyasn1 in ./env/lib/python3.8/site-packages (from service-identity>=16.0.0->Scrapy==2.1.0) (0.4.8)
Requirement already satisfied: pyasn1-modules in ./env/lib/python3.8/site-packages (from service-identity>=16.0.0->Scrapy==2.1.0) (0.2.8)
Requirement already satisfied: attrs>=16.0.0 in ./env/lib/python3.8/site-packages (from service-identity>=16.0.0->Scrapy==2.1.0) (19.3.0)
Requirement already satisfied: six>=1.4.1 in ./env/lib/python3.8/site-packages (from w3lib>=1.17.0->Scrapy==2.1.0) (1.15.0)
Requirement already satisfied: setuptools in ./env/lib/python3.8/site-packages (from zope.interface>=4.1.3->Scrapy==2.1.0) (41.2.0)
Requirement already satisfied: constantly>=15.1 in ./env/lib/python3.8/site-packages (from Twisted>=17.9.0->Scrapy==2.1.0) (15.1.0)
Requirement already satisfied: incremental>=16.10.1 in ./env/lib/python3.8/site-packages (from Twisted>=17.9.0->Scrapy==2.1.0) (17.5.0)
Requirement already satisfied: Automat>=0.3.0 in ./env/lib/python3.8/site-packages (from Twisted>=17.9.0->Scrapy==2.1.0) (20.2.0)
Requirement already satisfied: hyperlink>=17.1.1 in ./env/lib/python3.8/site-packages (from Twisted>=17.9.0->Scrapy==2.1.0) (19.0.0)
Requirement already satisfied: PyHamcrest!=1.10.0,>=1.9.0 in ./env/lib/python3.8/site-packages (from Twisted>=17.9.0->Scrapy==2.1.0) (2.0.2)
Requirement already satisfied: cffi!=1.11.3,>=1.8 in ./env/lib/python3.8/site-packages (from cryptography>=2.0->Scrapy==2.1.0) (1.14.0)
Requirement already satisfied: idna>=2.5 in ./env/lib/python3.8/site-packages (from hyperlink>=17.1.1->Twisted>=17.9.0->Scrapy==2.1.0) (2.9)
Requirement already satisfied: pycparser in ./env/lib/python3.8/site-packages (from cffi!=1.11.3,>=1.8->cryptography>=2.0->Scrapy==2.1.0) (2.20)
Installing collected packages: service-identity, zope.interface, Twisted, Scrapy
  Running setup.py install for Twisted: started
    Running setup.py install for Twisted: finished with status 'done'
Successfully installed Scrapy-2.1.0 Twisted-20.3.0 service-identity-18.1.0 zope.interface-5.2.0
WARNING: You are using pip version 19.2.3, however version 21.0.1 is available.
You should consider upgrading via the 'pip install --upgrade pip' command.
Requirement already satisfied: service-identity==18.1.0 in ./env/lib/python3.8/site-packages (18.1.0)
Requirement already satisfied: attrs>=16.0.0 in ./env/lib/python3.8/site-packages (from service-identity==18.1.0) (19.3.0)
Requirement already satisfied: pyasn1-modules in ./env/lib/python3.8/site-packages (from service-identity==18.1.0) (0.2.8)
Requirement already satisfied: cryptography in ./env/lib/python3.8/site-packages (from service-identity==18.1.0) (2.9.2)
Requirement already satisfied: pyasn1 in ./env/lib/python3.8/site-packages (from service-identity==18.1.0) (0.4.8)
Requirement already satisfied: six>=1.4.1 in ./env/lib/python3.8/site-packages (from cryptography->service-identity==18.1.0) (1.15.0)
Requirement already satisfied: cffi!=1.11.3,>=1.8 in ./env/lib/python3.8/site-packages (from cryptography->service-identity==18.1.0) (1.14.0)
Requirement already satisfied: pycparser in ./env/lib/python3.8/site-packages (from cffi!=1.11.3,>=1.8->cryptography->service-identity==18.1.0) (2.20)
WARNING: You are using pip version 19.2.3, however version 21.0.1 is available.
You should consider upgrading via the 'pip install --upgrade pip' command.
Requirement already satisfied: six==1.15.0 in ./env/lib/python3.8/site-packages (1.15.0)
WARNING: You are using pip version 19.2.3, however version 21.0.1 is available.
You should consider upgrading via the 'pip install --upgrade pip' command.
Collecting SOAPpy==0.12.22
  Using cached https://files.pythonhosted.org/packages/78/1b/29cbe26b2b98804d65e934925ced9810883bdda9eacba3f993ad60bfe271/SOAPpy-0.12.22.zip
Collecting wstools (from SOAPpy==0.12.22)
  Using cached https://files.pythonhosted.org/packages/34/15/8ac03219605ce2ad70020846aeed3223a18d4bd32c2be4053cac5ea6f75e/wstools-0.4.8-py2.py3-none-any.whl
Requirement already satisfied: defusedxml in ./env/lib/python3.8/site-packages (from SOAPpy==0.12.22) (0.6.0)
Requirement already satisfied: six in ./env/lib/python3.8/site-packages (from wstools->SOAPpy==0.12.22) (1.15.0)
Requirement already satisfied: setuptools>=17.1 in ./env/lib/python3.8/site-packages (from wstools->SOAPpy==0.12.22) (41.2.0)
Requirement already satisfied: pbr in ./env/lib/python3.8/site-packages (from wstools->SOAPpy==0.12.22) (5.4.5)
Installing collected packages: wstools, SOAPpy
  Running setup.py install for SOAPpy: started
    Running setup.py install for SOAPpy: finished with status 'done'
Successfully installed SOAPpy-0.12.22 wstools-0.4.8
WARNING: You are using pip version 19.2.3, however version 21.0.1 is available.
You should consider upgrading via the 'pip install --upgrade pip' command.
Collecting testfixtures==6.14.1
  Using cached https://files.pythonhosted.org/packages/0c/36/ee5fce9fb4a4b48bf7e78c3ce2f5f6941dd8295cacc283ee84f59831de71/testfixtures-6.14.1-py2.py3-none-any.whl
Installing collected packages: testfixtures
Successfully installed testfixtures-6.14.1
WARNING: You are using pip version 19.2.3, however version 21.0.1 is available.
You should consider upgrading via the 'pip install --upgrade pip' command.
Requirement already satisfied: Twisted==20.3.0 in ./env/lib/python3.8/site-packages (20.3.0)
Requirement already satisfied: zope.interface>=4.4.2 in ./env/lib/python3.8/site-packages (from Twisted==20.3.0) (5.2.0)
Requirement already satisfied: constantly>=15.1 in ./env/lib/python3.8/site-packages (from Twisted==20.3.0) (15.1.0)
Requirement already satisfied: incremental>=16.10.1 in ./env/lib/python3.8/site-packages (from Twisted==20.3.0) (17.5.0)
Requirement already satisfied: Automat>=0.3.0 in ./env/lib/python3.8/site-packages (from Twisted==20.3.0) (20.2.0)
Requirement already satisfied: hyperlink>=17.1.1 in ./env/lib/python3.8/site-packages (from Twisted==20.3.0) (19.0.0)
Requirement already satisfied: PyHamcrest!=1.10.0,>=1.9.0 in ./env/lib/python3.8/site-packages (from Twisted==20.3.0) (2.0.2)
Requirement already satisfied: attrs>=19.2.0 in ./env/lib/python3.8/site-packages (from Twisted==20.3.0) (19.3.0)
Requirement already satisfied: setuptools in ./env/lib/python3.8/site-packages (from zope.interface>=4.4.2->Twisted==20.3.0) (41.2.0)
Requirement already satisfied: six in ./env/lib/python3.8/site-packages (from Automat>=0.3.0->Twisted==20.3.0) (1.15.0)
Requirement already satisfied: idna>=2.5 in ./env/lib/python3.8/site-packages (from hyperlink>=17.1.1->Twisted==20.3.0) (2.9)
WARNING: You are using pip version 19.2.3, however version 21.0.1 is available.
You should consider upgrading via the 'pip install --upgrade pip' command.
Requirement already satisfied: w3lib==1.22.0 in ./env/lib/python3.8/site-packages (1.22.0)
Requirement already satisfied: six>=1.4.1 in ./env/lib/python3.8/site-packages (from w3lib==1.22.0) (1.15.0)
WARNING: You are using pip version 19.2.3, however version 21.0.1 is available.
You should consider upgrading via the 'pip install --upgrade pip' command.
Collecting wcwidth==0.1.9
  Using cached https://files.pythonhosted.org/packages/f6/d5/1ecdac957e3ea12c1b319fcdee8b6917ffaff8b4644d673c4d72d2f20b49/wcwidth-0.1.9-py2.py3-none-any.whl
Installing collected packages: wcwidth
  Found existing installation: wcwidth 0.2.5
    Uninstalling wcwidth-0.2.5:
      Successfully uninstalled wcwidth-0.2.5
Successfully installed wcwidth-0.1.9
WARNING: You are using pip version 19.2.3, however version 21.0.1 is available.
You should consider upgrading via the 'pip install --upgrade pip' command.
Requirement already satisfied: wstools==0.4.8 in ./env/lib/python3.8/site-packages (0.4.8)
Requirement already satisfied: pbr in ./env/lib/python3.8/site-packages (from wstools==0.4.8) (5.4.5)
Requirement already satisfied: six in ./env/lib/python3.8/site-packages (from wstools==0.4.8) (1.15.0)
Requirement already satisfied: setuptools>=17.1 in ./env/lib/python3.8/site-packages (from wstools==0.4.8) (41.2.0)
WARNING: You are using pip version 19.2.3, however version 21.0.1 is available.
You should consider upgrading via the 'pip install --upgrade pip' command.
Collecting zope.interface==5.1.0
  Using cached https://files.pythonhosted.org/packages/45/87/0d0c79724621056e39ac0385d0171fba3e92645b7947b143347aecf3069f/zope.interface-5.1.0-cp38-cp38-manylinux2010_x86_64.whl
Requirement already satisfied: setuptools in ./env/lib/python3.8/site-packages (from zope.interface==5.1.0) (41.2.0)
Installing collected packages: zope.interface
  Found existing installation: zope.interface 5.2.0
    Uninstalling zope.interface-5.2.0:
      Successfully uninstalled zope.interface-5.2.0
Successfully installed zope.interface-5.1.0
WARNING: You are using pip version 19.2.3, however version 21.0.1 is available.
You should consider upgrading via the 'pip install --upgrade pip' command.
Requirement already satisfied: Twisted in ./env/lib/python3.8/site-packages (20.3.0)
Requirement already satisfied: zope.interface>=4.4.2 in ./env/lib/python3.8/site-packages (from Twisted) (5.1.0)
Requirement already satisfied: constantly>=15.1 in ./env/lib/python3.8/site-packages (from Twisted) (15.1.0)
Requirement already satisfied: incremental>=16.10.1 in ./env/lib/python3.8/site-packages (from Twisted) (17.5.0)
Requirement already satisfied: Automat>=0.3.0 in ./env/lib/python3.8/site-packages (from Twisted) (20.2.0)
Requirement already satisfied: hyperlink>=17.1.1 in ./env/lib/python3.8/site-packages (from Twisted) (19.0.0)
Requirement already satisfied: PyHamcrest!=1.10.0,>=1.9.0 in ./env/lib/python3.8/site-packages (from Twisted) (2.0.2)
Requirement already satisfied: attrs>=19.2.0 in ./env/lib/python3.8/site-packages (from Twisted) (19.3.0)
Requirement already satisfied: setuptools in ./env/lib/python3.8/site-packages (from zope.interface>=4.4.2->Twisted) (41.2.0)
Requirement already satisfied: six in ./env/lib/python3.8/site-packages (from Automat>=0.3.0->Twisted) (1.15.0)
Requirement already satisfied: idna>=2.5 in ./env/lib/python3.8/site-packages (from hyperlink>=17.1.1->Twisted) (2.9)
WARNING: You are using pip version 19.2.3, however version 21.0.1 is available.
You should consider upgrading via the 'pip install --upgrade pip' command.
Requirement already satisfied: pytest in ./env/lib/python3.8/site-packages (5.4.2)
Requirement already satisfied: py>=1.5.0 in ./env/lib/python3.8/site-packages (from pytest) (1.8.1)
Requirement already satisfied: more-itertools>=4.0.0 in ./env/lib/python3.8/site-packages (from pytest) (8.3.0)
Requirement already satisfied: pluggy<1.0,>=0.12 in ./env/lib/python3.8/site-packages (from pytest) (0.13.1)
Requirement already satisfied: attrs>=17.4.0 in ./env/lib/python3.8/site-packages (from pytest) (19.3.0)
Requirement already satisfied: wcwidth in ./env/lib/python3.8/site-packages (from pytest) (0.1.9)
Requirement already satisfied: packaging in ./env/lib/python3.8/site-packages (from pytest) (20.4)
Requirement already satisfied: pyparsing>=2.0.2 in ./env/lib/python3.8/site-packages (from packaging->pytest) (2.4.7)
Requirement already satisfied: six in ./env/lib/python3.8/site-packages (from packaging->pytest) (1.15.0)
WARNING: You are using pip version 19.2.3, however version 21.0.1 is available.
You should consider upgrading via the 'pip install --upgrade pip' command.
Requirement already satisfied: Pillow in ./env/lib/python3.8/site-packages (7.1.2)
WARNING: You are using pip version 19.2.3, however version 21.0.1 is available.
You should consider upgrading via the 'pip install --upgrade pip' command.
Collecting utils
  Using cached https://files.pythonhosted.org/packages/55/e6/c2d2b2703e7debc8b501caae0e6f7ead148fd0faa3c8131292a599930029/utils-1.0.1-py2.py3-none-any.whl
Installing collected packages: utils
Successfully installed utils-1.0.1
WARNING: You are using pip version 19.2.3, however version 21.0.1 is available.
You should consider upgrading via the 'pip install --upgrade pip' command.
Collecting mitmproxy
  Using cached https://files.pythonhosted.org/packages/be/d8/583511356097d06f685505e3bf2c2807cda156b6efd4c6505c629e1f50b0/mitmproxy-6.0.2-py3-none-any.whl
Requirement already satisfied: pyparsing<2.5,>=2.4.2 in ./env/lib/python3.8/site-packages (from mitmproxy) (2.4.7)
Collecting click<8,>=7.0 (from mitmproxy)
  Using cached https://files.pythonhosted.org/packages/d2/3d/fa76db83bf75c4f8d338c2fd15c8d33fdd7ad23a9b5e57eb6c5de26b430e/click-7.1.2-py2.py3-none-any.whl
Collecting urwid<2.2,>=2.1.1 (from mitmproxy)
  Using cached https://files.pythonhosted.org/packages/94/3f/e3010f4a11c08a5690540f7ebd0b0d251cc8a456895b7e49be201f73540c/urwid-2.1.2.tar.gz
Collecting protobuf<3.15,>=3.14 (from mitmproxy)
  Using cached https://files.pythonhosted.org/packages/3e/b2/e4099c78e483e7a612d67eeb0c8740ce15cdeba4a0032da121c791f7d352/protobuf-3.14.0-cp38-cp38-manylinux1_x86_64.whl
Collecting wsproto<1.1,>=1.0 (from mitmproxy)
  Using cached https://files.pythonhosted.org/packages/ea/25/0934b1d00f404d75335b144d4396e01998f25db8953bf54b4d6fe65b80ab/wsproto-1.0.0-py3-none-any.whl
Collecting publicsuffix2<3,>=2.20190812 (from mitmproxy)
  Using cached https://files.pythonhosted.org/packages/9d/16/053c2945c5e3aebeefb4ccd5c5e7639e38bc30ad1bdc7ce86c6d01707726/publicsuffix2-2.20191221-py2.py3-none-any.whl
Collecting zstandard<0.15,>=0.11 (from mitmproxy)
  Downloading https://files.pythonhosted.org/packages/0f/cc/6c3bad7a277222c0e92d9aa2cc3cfcc676b027240308f210e2b17bcee345/zstandard-0.14.1-cp38-cp38-manylinux2010_x86_64.whl (2.2MB)
Collecting sortedcontainers<2.4,>=2.3 (from mitmproxy)
  Using cached https://files.pythonhosted.org/packages/20/4d/a7046ae1a1a4cc4e9bbed194c387086f06b25038be596543d026946330c9/sortedcontainers-2.3.0-py2.py3-none-any.whl
Collecting pyperclip<1.9,>=1.6.0 (from mitmproxy)
  Using cached https://files.pythonhosted.org/packages/6f/4c/0b1d507ad7e8bc31d690d04b4f475e74c2002d060f7994ce8c09612df707/pyperclip-1.8.1.tar.gz
Collecting cryptography<3.4,>=3.3 (from mitmproxy)
  Using cached https://files.pythonhosted.org/packages/c9/de/7054df0620b5411ba45480f0261e1fb66a53f3db31b28e3aa52c026e72d9/cryptography-3.3.1-cp36-abi3-manylinux2010_x86_64.whl
Collecting kaitaistruct<0.10,>=0.7 (from mitmproxy)
  Using cached https://files.pythonhosted.org/packages/33/e1/c75484bce13509d2bb1118585cd832cff228ed99df81753028dbf8f1dbcb/kaitaistruct-0.9.tar.gz
Collecting tornado<7,>=4.3 (from mitmproxy)
  Using cached https://files.pythonhosted.org/packages/7a/4a/4fafa6f032f9e202ce5bc1becacef5588a34fd0f0539fdcc705fa2b5ca4a/tornado-6.1-cp38-cp38-manylinux2010_x86_64.whl
Collecting ldap3<2.9,>=2.8 (from mitmproxy)
  Using cached https://files.pythonhosted.org/packages/01/e7/5f51c1f0261483b999da07b93d67a8dc073eee246b2b3508da521b6af0b0/ldap3-2.8.1-py2.py3-none-any.whl
Collecting certifi>=2019.9.11 (from mitmproxy)
  Using cached https://files.pythonhosted.org/packages/5e/a0/5f06e1e1d463903cf0c0eebeb751791119ed7a4b3737fdc9a77f1cdfb51f/certifi-2020.12.5-py2.py3-none-any.whl
Collecting Brotli<1.1,>=1.0 (from mitmproxy)
  Using cached https://files.pythonhosted.org/packages/68/5f/460520bf0c58ce21653e670635c649bd6e6760d2dbfd3b3ad18ceb8085a6/Brotli-1.0.9-cp38-cp38-manylinux1_x86_64.whl
Collecting h2<5,>=4.0 (from mitmproxy)
  Using cached https://files.pythonhosted.org/packages/bd/c2/5ffec707d0022208787908d9657f782ce35b653baa1e87abecf22a7cf513/h2-4.0.0-py3-none-any.whl
Collecting passlib<1.8,>=1.6.5 (from mitmproxy)
  Using cached https://files.pythonhosted.org/packages/3b/a4/ab6b7589382ca3df236e03faa71deac88cae040af60c071a78d254a62172/passlib-1.7.4-py2.py3-none-any.whl
Collecting pyOpenSSL<20.1,>=20.0 (from mitmproxy)
  Using cached https://files.pythonhosted.org/packages/b2/5e/06351ede29fd4899782ad335c2e02f1f862a887c20a3541f17c3fa1a3525/pyOpenSSL-20.0.1-py2.py3-none-any.whl
Collecting msgpack<1.1.0,>=1.0.0 (from mitmproxy)
  Using cached https://files.pythonhosted.org/packages/08/4b/060848e7f516dc0117693780a59537b80228a7e22e4389a8690b16c20f1d/msgpack-1.0.2-cp38-cp38-manylinux1_x86_64.whl
Requirement already satisfied: pyasn1<0.5,>=0.3.1 in ./env/lib/python3.8/site-packages (from mitmproxy) (0.4.8)
Collecting hyperframe<7,>=6.0 (from mitmproxy)
  Using cached https://files.pythonhosted.org/packages/e7/38/ca89dce3bc19aa5d4d524a66b64ccc40e7bd4e39a80d9791e5e423e1fa1f/hyperframe-6.0.0-py3-none-any.whl
Collecting flask<1.2,>=1.1.1 (from mitmproxy)
  Using cached https://files.pythonhosted.org/packages/f2/28/2a03252dfb9ebf377f40fba6a7841b47083260bf8bd8e737b0c6952df83f/Flask-1.1.2-py2.py3-none-any.whl
Collecting ruamel.yaml<0.17,>=0.16 (from mitmproxy)
  Using cached https://files.pythonhosted.org/packages/7e/39/186f14f3836ac5d2a6a042c8de69988770e8b9abb537610edc429e4914aa/ruamel.yaml-0.16.12-py2.py3-none-any.whl
Collecting asgiref<3.4,>=3.2.10 (from mitmproxy)
  Using cached https://files.pythonhosted.org/packages/89/49/5531992efc62f9c6d08a7199dc31176c8c60f7b2548c6ef245f96f29d0d9/asgiref-3.3.1-py3-none-any.whl
Collecting blinker<1.5,>=1.4 (from mitmproxy)
  Using cached https://files.pythonhosted.org/packages/1b/51/e2a9f3b757eb802f61dc1f2b09c8c99f6eb01cf06416c0671253536517b6/blinker-1.4.tar.gz
Requirement already satisfied: six>=1.9 in ./env/lib/python3.8/site-packages (from protobuf<3.15,>=3.14->mitmproxy) (1.15.0)
Collecting h11<1,>=0.9.0 (from wsproto<1.1,>=1.0->mitmproxy)
  Using cached https://files.pythonhosted.org/packages/60/0f/7a0eeea938eaf61074f29fed9717f2010e8d0e0905d36b38d3275a1e4622/h11-0.12.0-py3-none-any.whl
Requirement already satisfied: cffi>=1.12 in ./env/lib/python3.8/site-packages (from cryptography<3.4,>=3.3->mitmproxy) (1.14.0)
Collecting hpack<5,>=4.0 (from h2<5,>=4.0->mitmproxy)
  Using cached https://files.pythonhosted.org/packages/d5/34/e8b383f35b77c402d28563d2b8f83159319b509bc5f760b15d60b0abf165/hpack-4.0.0-py3-none-any.whl
Collecting Werkzeug>=0.15 (from flask<1.2,>=1.1.1->mitmproxy)
  Using cached https://files.pythonhosted.org/packages/cc/94/5f7079a0e00bd6863ef8f1da638721e9da21e5bacee597595b318f71d62e/Werkzeug-1.0.1-py2.py3-none-any.whl
Collecting Jinja2>=2.10.1 (from flask<1.2,>=1.1.1->mitmproxy)
  Using cached https://files.pythonhosted.org/packages/7e/c2/1eece8c95ddbc9b1aeb64f5783a9e07a286de42191b7204d67b7496ddf35/Jinja2-2.11.3-py2.py3-none-any.whl
Collecting itsdangerous>=0.24 (from flask<1.2,>=1.1.1->mitmproxy)
  Using cached https://files.pythonhosted.org/packages/76/ae/44b03b253d6fade317f32c24d100b3b35c2239807046a4c953c7b89fa49e/itsdangerous-1.1.0-py2.py3-none-any.whl
Collecting ruamel.yaml.clib>=0.1.2; platform_python_implementation == "CPython" and python_version < "3.9" (from ruamel.yaml<0.17,>=0.16->mitmproxy)
  Using cached https://files.pythonhosted.org/packages/e9/08/deec0bc630c3d80a13689f3c5446ec7dfbccb16c485ec0e7470f0ef82018/ruamel.yaml.clib-0.2.2-cp38-cp38-manylinux1_x86_64.whl
Requirement already satisfied: pycparser in ./env/lib/python3.8/site-packages (from cffi>=1.12->cryptography<3.4,>=3.3->mitmproxy) (2.20)
Collecting MarkupSafe>=0.23 (from Jinja2>=2.10.1->flask<1.2,>=1.1.1->mitmproxy)
  Using cached https://files.pythonhosted.org/packages/80/16/98afa5c19296aaf7b16d1eb3c7e997656e6cfad79606e7d3885905615e96/MarkupSafe-1.1.1-cp38-cp38-manylinux2010_x86_64.whl
Installing collected packages: click, urwid, protobuf, h11, wsproto, publicsuffix2, zstandard, sortedcontainers, pyperclip, cryptography, kaitaistruct, tornado, ldap3, certifi, Brotli, hyperframe, hpack, h2, passlib, pyOpenSSL, msgpack, Werkzeug, MarkupSafe, Jinja2, itsdangerous, flask, ruamel.yaml.clib, ruamel.yaml, asgiref, blinker, mitmproxy
  Running setup.py install for urwid: started
    Running setup.py install for urwid: finished with status 'done'
  Running setup.py install for pyperclip: started
    Running setup.py install for pyperclip: finished with status 'done'
  Found existing installation: cryptography 2.9.2
    Uninstalling cryptography-2.9.2:
      Successfully uninstalled cryptography-2.9.2
  Running setup.py install for kaitaistruct: started
    Running setup.py install for kaitaistruct: finished with status 'done'
  Found existing installation: hyperframe 5.2.0
    Uninstalling hyperframe-5.2.0:
      Successfully uninstalled hyperframe-5.2.0
  Found existing installation: hpack 3.0.0
    Uninstalling hpack-3.0.0:
      Successfully uninstalled hpack-3.0.0
  Found existing installation: h2 3.2.0
    Uninstalling h2-3.2.0:
      Successfully uninstalled h2-3.2.0
  Found existing installation: pyOpenSSL 19.1.0
    Uninstalling pyOpenSSL-19.1.0:
      Successfully uninstalled pyOpenSSL-19.1.0
  Running setup.py install for blinker: started
    Running setup.py install for blinker: finished with status 'done'
Successfully installed Brotli-1.0.9 Jinja2-2.11.3 MarkupSafe-1.1.1 Werkzeug-1.0.1 asgiref-3.3.1 blinker-1.4 certifi-2020.12.5 click-7.1.2 cryptography-3.3.1 flask-1.1.2 h11-0.12.0 h2-4.0.0 hpack-4.0.0 hyperframe-6.0.0 itsdangerous-1.1.0 kaitaistruct-0.9 ldap3-2.8.1 mitmproxy-6.0.2 msgpack-1.0.2 passlib-1.7.4 protobuf-3.14.0 publicsuffix2-2.20191221 pyOpenSSL-20.0.1 pyperclip-1.8.1 ruamel.yaml-0.16.12 ruamel.yaml.clib-0.2.2 sortedcontainers-2.3.0 tornado-6.1 urwid-2.1.2 wsproto-1.0.0 zstandard-0.14.1
WARNING: You are using pip version 19.2.3, however version 21.0.1 is available.
You should consider upgrading via the 'pip install --upgrade pip' command.
Collecting leveldb
  Using cached https://files.pythonhosted.org/packages/48/6e/9da3c29c0cbeb5871241ef154f11196867712ee3adc4077a94fa5f7d9dbd/leveldb-0.201.tar.gz
Installing collected packages: leveldb
  Running setup.py install for leveldb: started
    Running setup.py install for leveldb: finished with status 'done'
Successfully installed leveldb-0.201
WARNING: You are using pip version 19.2.3, however version 21.0.1 is available.
You should consider upgrading via the 'pip install --upgrade pip' command.
Requirement already satisfied: appdirs==1.4.4 in ./env/lib/python3.8/site-packages (1.4.4)
WARNING: You are using pip version 19.2.3, however version 21.0.1 is available.
You should consider upgrading via the 'pip install --upgrade pip' command.
Requirement already satisfied: atomicwrites==1.4.0 in ./env/lib/python3.8/site-packages (1.4.0)
WARNING: You are using pip version 19.2.3, however version 21.0.1 is available.
You should consider upgrading via the 'pip install --upgrade pip' command.
Requirement already satisfied: attrs==19.3.0 in ./env/lib/python3.8/site-packages (19.3.0)
WARNING: You are using pip version 19.2.3, however version 21.0.1 is available.
You should consider upgrading via the 'pip install --upgrade pip' command.
Requirement already satisfied: Automat==20.2.0 in ./env/lib/python3.8/site-packages (20.2.0)
Requirement already satisfied: attrs>=19.2.0 in ./env/lib/python3.8/site-packages (from Automat==20.2.0) (19.3.0)
Requirement already satisfied: six in ./env/lib/python3.8/site-packages (from Automat==20.2.0) (1.15.0)
WARNING: You are using pip version 19.2.3, however version 21.0.1 is available.
You should consider upgrading via the 'pip install --upgrade pip' command.
Requirement already satisfied: bcrypt==3.1.7 in ./env/lib/python3.8/site-packages (3.1.7)
Requirement already satisfied: cffi>=1.1 in ./env/lib/python3.8/site-packages (from bcrypt==3.1.7) (1.14.0)
Requirement already satisfied: six>=1.4.1 in ./env/lib/python3.8/site-packages (from bcrypt==3.1.7) (1.15.0)
Requirement already satisfied: pycparser in ./env/lib/python3.8/site-packages (from cffi>=1.1->bcrypt==3.1.7) (2.20)
WARNING: You are using pip version 19.2.3, however version 21.0.1 is available.
You should consider upgrading via the 'pip install --upgrade pip' command.
Requirement already satisfied: cffi==1.14.0 in ./env/lib/python3.8/site-packages (1.14.0)
Requirement already satisfied: pycparser in ./env/lib/python3.8/site-packages (from cffi==1.14.0) (2.20)
WARNING: You are using pip version 19.2.3, however version 21.0.1 is available.
You should consider upgrading via the 'pip install --upgrade pip' command.
Requirement already satisfied: colorama==0.4.3 in ./env/lib/python3.8/site-packages (0.4.3)
WARNING: You are using pip version 19.2.3, however version 21.0.1 is available.
You should consider upgrading via the 'pip install --upgrade pip' command.
Requirement already satisfied: constantly==15.1.0 in ./env/lib/python3.8/site-packages (15.1.0)
WARNING: You are using pip version 19.2.3, however version 21.0.1 is available.
You should consider upgrading via the 'pip install --upgrade pip' command.
Collecting cryptography==2.9.2
  Using cached https://files.pythonhosted.org/packages/3c/04/686efee2dcdd25aecf357992e7d9362f443eb182ecd623f882bc9f7a6bba/cryptography-2.9.2-cp35-abi3-manylinux2010_x86_64.whl
Requirement already satisfied: cffi!=1.11.3,>=1.8 in ./env/lib/python3.8/site-packages (from cryptography==2.9.2) (1.14.0)
Requirement already satisfied: six>=1.4.1 in ./env/lib/python3.8/site-packages (from cryptography==2.9.2) (1.15.0)
Requirement already satisfied: pycparser in ./env/lib/python3.8/site-packages (from cffi!=1.11.3,>=1.8->cryptography==2.9.2) (2.20)
ERROR: pyopenssl 20.0.1 has requirement cryptography>=3.2, but you'll have cryptography 2.9.2 which is incompatible.
ERROR: mitmproxy 6.0.2 has requirement cryptography<3.4,>=3.3, but you'll have cryptography 2.9.2 which is incompatible.
Installing collected packages: cryptography
  Found existing installation: cryptography 3.3.1
    Uninstalling cryptography-3.3.1:
      Successfully uninstalled cryptography-3.3.1
Successfully installed cryptography-2.9.2
WARNING: You are using pip version 19.2.3, however version 21.0.1 is available.
You should consider upgrading via the 'pip install --upgrade pip' command.
Requirement already satisfied: cssselect==1.1.0 in ./env/lib/python3.8/site-packages (1.1.0)
WARNING: You are using pip version 19.2.3, however version 21.0.1 is available.
You should consider upgrading via the 'pip install --upgrade pip' command.
Requirement already satisfied: defusedxml==0.6.0 in ./env/lib/python3.8/site-packages (0.6.0)
WARNING: You are using pip version 19.2.3, however version 21.0.1 is available.
You should consider upgrading via the 'pip install --upgrade pip' command.
Collecting h2==3.2.0
  Using cached https://files.pythonhosted.org/packages/25/de/da019bcc539eeab02f6d45836f23858ac467f584bfec7a526ef200242afe/h2-3.2.0-py2.py3-none-any.whl
Collecting hyperframe<6,>=5.2.0 (from h2==3.2.0)
  Using cached https://files.pythonhosted.org/packages/19/0c/bf88182bcb5dce3094e2f3e4fe20db28a9928cb7bd5b08024030e4b140db/hyperframe-5.2.0-py2.py3-none-any.whl
Collecting hpack<4,>=3.0 (from h2==3.2.0)
  Using cached https://files.pythonhosted.org/packages/8a/cc/e53517f4a1e13f74776ca93271caef378dadec14d71c61c949d759d3db69/hpack-3.0.0-py2.py3-none-any.whl
ERROR: mitmproxy 6.0.2 has requirement cryptography<3.4,>=3.3, but you'll have cryptography 2.9.2 which is incompatible.
ERROR: mitmproxy 6.0.2 has requirement h2<5,>=4.0, but you'll have h2 3.2.0 which is incompatible.
ERROR: mitmproxy 6.0.2 has requirement hyperframe<7,>=6.0, but you'll have hyperframe 5.2.0 which is incompatible.
Installing collected packages: hyperframe, hpack, h2
  Found existing installation: hyperframe 6.0.0
    Uninstalling hyperframe-6.0.0:
      Successfully uninstalled hyperframe-6.0.0
  Found existing installation: hpack 4.0.0
    Uninstalling hpack-4.0.0:
      Successfully uninstalled hpack-4.0.0
  Found existing installation: h2 4.0.0
    Uninstalling h2-4.0.0:
      Successfully uninstalled h2-4.0.0
Successfully installed h2-3.2.0 hpack-3.0.0 hyperframe-5.2.0
WARNING: You are using pip version 19.2.3, however version 21.0.1 is available.
You should consider upgrading via the 'pip install --upgrade pip' command.
Requirement already satisfied: hpack==3.0.0 in ./env/lib/python3.8/site-packages (3.0.0)
WARNING: You are using pip version 19.2.3, however version 21.0.1 is available.
You should consider upgrading via the 'pip install --upgrade pip' command.
Requirement already satisfied: hyperframe==5.2.0 in ./env/lib/python3.8/site-packages (5.2.0)
WARNING: You are using pip version 19.2.3, however version 21.0.1 is available.
You should consider upgrading via the 'pip install --upgrade pip' command.
Requirement already satisfied: hyperlink==19.0.0 in ./env/lib/python3.8/site-packages (19.0.0)
Requirement already satisfied: idna>=2.5 in ./env/lib/python3.8/site-packages (from hyperlink==19.0.0) (2.9)
WARNING: You are using pip version 19.2.3, however version 21.0.1 is available.
You should consider upgrading via the 'pip install --upgrade pip' command.
Requirement already satisfied: idna==2.9 in ./env/lib/python3.8/site-packages (2.9)
WARNING: You are using pip version 19.2.3, however version 21.0.1 is available.
You should consider upgrading via the 'pip install --upgrade pip' command.
Requirement already satisfied: incremental==17.5.0 in ./env/lib/python3.8/site-packages (17.5.0)
WARNING: You are using pip version 19.2.3, however version 21.0.1 is available.
You should consider upgrading via the 'pip install --upgrade pip' command.
Requirement already satisfied: lxml==4.5.1 in ./env/lib/python3.8/site-packages (4.5.1)
WARNING: You are using pip version 19.2.3, however version 21.0.1 is available.
You should consider upgrading via the 'pip install --upgrade pip' command.
Requirement already satisfied: more-itertools==8.3.0 in ./env/lib/python3.8/site-packages (8.3.0)
WARNING: You are using pip version 19.2.3, however version 21.0.1 is available.
You should consider upgrading via the 'pip install --upgrade pip' command.
Requirement already satisfied: packaging==20.4 in ./env/lib/python3.8/site-packages (20.4)
Requirement already satisfied: six in ./env/lib/python3.8/site-packages (from packaging==20.4) (1.15.0)
Requirement already satisfied: pyparsing>=2.0.2 in ./env/lib/python3.8/site-packages (from packaging==20.4) (2.4.7)
WARNING: You are using pip version 19.2.3, however version 21.0.1 is available.
You should consider upgrading via the 'pip install --upgrade pip' command.
Requirement already satisfied: parsel==1.6.0 in ./env/lib/python3.8/site-packages (1.6.0)
Requirement already satisfied: cssselect>=0.9 in ./env/lib/python3.8/site-packages (from parsel==1.6.0) (1.1.0)
Requirement already satisfied: w3lib>=1.19.0 in ./env/lib/python3.8/site-packages (from parsel==1.6.0) (1.22.0)
Requirement already satisfied: six>=1.6.0 in ./env/lib/python3.8/site-packages (from parsel==1.6.0) (1.15.0)
Requirement already satisfied: lxml in ./env/lib/python3.8/site-packages (from parsel==1.6.0) (4.5.1)
WARNING: You are using pip version 19.2.3, however version 21.0.1 is available.
You should consider upgrading via the 'pip install --upgrade pip' command.
Requirement already satisfied: pbr==5.4.5 in ./env/lib/python3.8/site-packages (5.4.5)
WARNING: You are using pip version 19.2.3, however version 21.0.1 is available.
You should consider upgrading via the 'pip install --upgrade pip' command.
Requirement already satisfied: Pillow==7.1.2 in ./env/lib/python3.8/site-packages (7.1.2)
WARNING: You are using pip version 19.2.3, however version 21.0.1 is available.
You should consider upgrading via the 'pip install --upgrade pip' command.
Requirement already satisfied: pluggy==0.13.1 in ./env/lib/python3.8/site-packages (0.13.1)
WARNING: You are using pip version 19.2.3, however version 21.0.1 is available.
You should consider upgrading via the 'pip install --upgrade pip' command.
Requirement already satisfied: priority==1.3.0 in ./env/lib/python3.8/site-packages (1.3.0)
WARNING: You are using pip version 19.2.3, however version 21.0.1 is available.
You should consider upgrading via the 'pip install --upgrade pip' command.
Requirement already satisfied: Protego==0.1.16 in ./env/lib/python3.8/site-packages (0.1.16)
Requirement already satisfied: six in ./env/lib/python3.8/site-packages (from Protego==0.1.16) (1.15.0)
WARNING: You are using pip version 19.2.3, however version 21.0.1 is available.
You should consider upgrading via the 'pip install --upgrade pip' command.
Requirement already satisfied: py==1.8.1 in ./env/lib/python3.8/site-packages (1.8.1)
WARNING: You are using pip version 19.2.3, however version 21.0.1 is available.
You should consider upgrading via the 'pip install --upgrade pip' command.
Requirement already satisfied: pyasn1==0.4.8 in ./env/lib/python3.8/site-packages (0.4.8)
WARNING: You are using pip version 19.2.3, however version 21.0.1 is available.
You should consider upgrading via the 'pip install --upgrade pip' command.
Requirement already satisfied: pyasn1-modules==0.2.8 in ./env/lib/python3.8/site-packages (0.2.8)
Requirement already satisfied: pyasn1<0.5.0,>=0.4.6 in ./env/lib/python3.8/site-packages (from pyasn1-modules==0.2.8) (0.4.8)
WARNING: You are using pip version 19.2.3, however version 21.0.1 is available.
You should consider upgrading via the 'pip install --upgrade pip' command.
Requirement already satisfied: pycparser==2.20 in ./env/lib/python3.8/site-packages (2.20)
WARNING: You are using pip version 19.2.3, however version 21.0.1 is available.
You should consider upgrading via the 'pip install --upgrade pip' command.
Requirement already satisfied: PyDispatcher==2.0.5 in ./env/lib/python3.8/site-packages (2.0.5)
WARNING: You are using pip version 19.2.3, however version 21.0.1 is available.
You should consider upgrading via the 'pip install --upgrade pip' command.
Requirement already satisfied: PyHamcrest==2.0.2 in ./env/lib/python3.8/site-packages (2.0.2)
WARNING: You are using pip version 19.2.3, however version 21.0.1 is available.
You should consider upgrading via the 'pip install --upgrade pip' command.
Collecting pyOpenSSL==19.1.0
  Using cached https://files.pythonhosted.org/packages/9e/de/f8342b68fa9e981d348039954657bdf681b2ab93de27443be51865ffa310/pyOpenSSL-19.1.0-py2.py3-none-any.whl
Requirement already satisfied: cryptography>=2.8 in ./env/lib/python3.8/site-packages (from pyOpenSSL==19.1.0) (2.9.2)
Requirement already satisfied: six>=1.5.2 in ./env/lib/python3.8/site-packages (from pyOpenSSL==19.1.0) (1.15.0)
Requirement already satisfied: cffi!=1.11.3,>=1.8 in ./env/lib/python3.8/site-packages (from cryptography>=2.8->pyOpenSSL==19.1.0) (1.14.0)
Requirement already satisfied: pycparser in ./env/lib/python3.8/site-packages (from cffi!=1.11.3,>=1.8->cryptography>=2.8->pyOpenSSL==19.1.0) (2.20)
ERROR: mitmproxy 6.0.2 has requirement cryptography<3.4,>=3.3, but you'll have cryptography 2.9.2 which is incompatible.
ERROR: mitmproxy 6.0.2 has requirement h2<5,>=4.0, but you'll have h2 3.2.0 which is incompatible.
ERROR: mitmproxy 6.0.2 has requirement hyperframe<7,>=6.0, but you'll have hyperframe 5.2.0 which is incompatible.
ERROR: mitmproxy 6.0.2 has requirement pyOpenSSL<20.1,>=20.0, but you'll have pyopenssl 19.1.0 which is incompatible.
Installing collected packages: pyOpenSSL
  Found existing installation: pyOpenSSL 20.0.1
    Uninstalling pyOpenSSL-20.0.1:
      Successfully uninstalled pyOpenSSL-20.0.1
Successfully installed pyOpenSSL-19.1.0
WARNING: You are using pip version 19.2.3, however version 21.0.1 is available.
You should consider upgrading via the 'pip install --upgrade pip' command.
Requirement already satisfied: pyparsing==2.4.7 in ./env/lib/python3.8/site-packages (2.4.7)
WARNING: You are using pip version 19.2.3, however version 21.0.1 is available.
You should consider upgrading via the 'pip install --upgrade pip' command.
Requirement already satisfied: pyserial==3.4 in ./env/lib/python3.8/site-packages (3.4)
WARNING: You are using pip version 19.2.3, however version 21.0.1 is available.
You should consider upgrading via the 'pip install --upgrade pip' command.
Requirement already satisfied: pytest==5.4.2 in ./env/lib/python3.8/site-packages (5.4.2)
Requirement already satisfied: py>=1.5.0 in ./env/lib/python3.8/site-packages (from pytest==5.4.2) (1.8.1)
Requirement already satisfied: more-itertools>=4.0.0 in ./env/lib/python3.8/site-packages (from pytest==5.4.2) (8.3.0)
Requirement already satisfied: packaging in ./env/lib/python3.8/site-packages (from pytest==5.4.2) (20.4)
Requirement already satisfied: attrs>=17.4.0 in ./env/lib/python3.8/site-packages (from pytest==5.4.2) (19.3.0)
Requirement already satisfied: pluggy<1.0,>=0.12 in ./env/lib/python3.8/site-packages (from pytest==5.4.2) (0.13.1)
Requirement already satisfied: wcwidth in ./env/lib/python3.8/site-packages (from pytest==5.4.2) (0.1.9)
Requirement already satisfied: pyparsing>=2.0.2 in ./env/lib/python3.8/site-packages (from packaging->pytest==5.4.2) (2.4.7)
Requirement already satisfied: six in ./env/lib/python3.8/site-packages (from packaging->pytest==5.4.2) (1.15.0)
WARNING: You are using pip version 19.2.3, however version 21.0.1 is available.
You should consider upgrading via the 'pip install --upgrade pip' command.
Collecting pywin32==227
  ERROR: Could not find a version that satisfies the requirement pywin32==227 (from versions: none)
ERROR: No matching distribution found for pywin32==227
WARNING: You are using pip version 19.2.3, however version 21.0.1 is available.
You should consider upgrading via the 'pip install --upgrade pip' command.
Requirement already satisfied: queuelib==1.5.0 in ./env/lib/python3.8/site-packages (1.5.0)
WARNING: You are using pip version 19.2.3, however version 21.0.1 is available.
You should consider upgrading via the 'pip install --upgrade pip' command.
Requirement already satisfied: Scrapy==2.1.0 in ./env/lib/python3.8/site-packages (2.1.0)
Requirement already satisfied: PyDispatcher>=2.0.5 in ./env/lib/python3.8/site-packages (from Scrapy==2.1.0) (2.0.5)
Requirement already satisfied: queuelib>=1.4.2 in ./env/lib/python3.8/site-packages (from Scrapy==2.1.0) (1.5.0)
Requirement already satisfied: cssselect>=0.9.1 in ./env/lib/python3.8/site-packages (from Scrapy==2.1.0) (1.1.0)
Requirement already satisfied: protego>=0.1.15 in ./env/lib/python3.8/site-packages (from Scrapy==2.1.0) (0.1.16)
Requirement already satisfied: parsel>=1.5.0 in ./env/lib/python3.8/site-packages (from Scrapy==2.1.0) (1.6.0)
Requirement already satisfied: pyOpenSSL>=16.2.0 in ./env/lib/python3.8/site-packages (from Scrapy==2.1.0) (19.1.0)
Requirement already satisfied: cryptography>=2.0 in ./env/lib/python3.8/site-packages (from Scrapy==2.1.0) (2.9.2)
Requirement already satisfied: zope.interface>=4.1.3 in ./env/lib/python3.8/site-packages (from Scrapy==2.1.0) (5.1.0)
Requirement already satisfied: Twisted>=17.9.0 in ./env/lib/python3.8/site-packages (from Scrapy==2.1.0) (20.3.0)
Requirement already satisfied: w3lib>=1.17.0 in ./env/lib/python3.8/site-packages (from Scrapy==2.1.0) (1.22.0)
Requirement already satisfied: lxml>=3.5.0 in ./env/lib/python3.8/site-packages (from Scrapy==2.1.0) (4.5.1)
Requirement already satisfied: service-identity>=16.0.0 in ./env/lib/python3.8/site-packages (from Scrapy==2.1.0) (18.1.0)
Requirement already satisfied: six in ./env/lib/python3.8/site-packages (from protego>=0.1.15->Scrapy==2.1.0) (1.15.0)
Requirement already satisfied: cffi!=1.11.3,>=1.8 in ./env/lib/python3.8/site-packages (from cryptography>=2.0->Scrapy==2.1.0) (1.14.0)
Requirement already satisfied: setuptools in ./env/lib/python3.8/site-packages (from zope.interface>=4.1.3->Scrapy==2.1.0) (41.2.0)
Requirement already satisfied: constantly>=15.1 in ./env/lib/python3.8/site-packages (from Twisted>=17.9.0->Scrapy==2.1.0) (15.1.0)
Requirement already satisfied: incremental>=16.10.1 in ./env/lib/python3.8/site-packages (from Twisted>=17.9.0->Scrapy==2.1.0) (17.5.0)
Requirement already satisfied: Automat>=0.3.0 in ./env/lib/python3.8/site-packages (from Twisted>=17.9.0->Scrapy==2.1.0) (20.2.0)
Requirement already satisfied: hyperlink>=17.1.1 in ./env/lib/python3.8/site-packages (from Twisted>=17.9.0->Scrapy==2.1.0) (19.0.0)
Requirement already satisfied: PyHamcrest!=1.10.0,>=1.9.0 in ./env/lib/python3.8/site-packages (from Twisted>=17.9.0->Scrapy==2.1.0) (2.0.2)
Requirement already satisfied: attrs>=19.2.0 in ./env/lib/python3.8/site-packages (from Twisted>=17.9.0->Scrapy==2.1.0) (19.3.0)
Requirement already satisfied: pyasn1 in ./env/lib/python3.8/site-packages (from service-identity>=16.0.0->Scrapy==2.1.0) (0.4.8)
Requirement already satisfied: pyasn1-modules in ./env/lib/python3.8/site-packages (from service-identity>=16.0.0->Scrapy==2.1.0) (0.2.8)
Requirement already satisfied: pycparser in ./env/lib/python3.8/site-packages (from cffi!=1.11.3,>=1.8->cryptography>=2.0->Scrapy==2.1.0) (2.20)
Requirement already satisfied: idna>=2.5 in ./env/lib/python3.8/site-packages (from hyperlink>=17.1.1->Twisted>=17.9.0->Scrapy==2.1.0) (2.9)
WARNING: You are using pip version 19.2.3, however version 21.0.1 is available.
You should consider upgrading via the 'pip install --upgrade pip' command.
Requirement already satisfied: service-identity==18.1.0 in ./env/lib/python3.8/site-packages (18.1.0)
Requirement already satisfied: attrs>=16.0.0 in ./env/lib/python3.8/site-packages (from service-identity==18.1.0) (19.3.0)
Requirement already satisfied: pyasn1 in ./env/lib/python3.8/site-packages (from service-identity==18.1.0) (0.4.8)
Requirement already satisfied: cryptography in ./env/lib/python3.8/site-packages (from service-identity==18.1.0) (2.9.2)
Requirement already satisfied: pyasn1-modules in ./env/lib/python3.8/site-packages (from service-identity==18.1.0) (0.2.8)
Requirement already satisfied: cffi!=1.11.3,>=1.8 in ./env/lib/python3.8/site-packages (from cryptography->service-identity==18.1.0) (1.14.0)
Requirement already satisfied: six>=1.4.1 in ./env/lib/python3.8/site-packages (from cryptography->service-identity==18.1.0) (1.15.0)
Requirement already satisfied: pycparser in ./env/lib/python3.8/site-packages (from cffi!=1.11.3,>=1.8->cryptography->service-identity==18.1.0) (2.20)
WARNING: You are using pip version 19.2.3, however version 21.0.1 is available.
You should consider upgrading via the 'pip install --upgrade pip' command.
Requirement already satisfied: six==1.15.0 in ./env/lib/python3.8/site-packages (1.15.0)
WARNING: You are using pip version 19.2.3, however version 21.0.1 is available.
You should consider upgrading via the 'pip install --upgrade pip' command.
Requirement already satisfied: SOAPpy==0.12.22 in ./env/lib/python3.8/site-packages (0.12.22)
Requirement already satisfied: wstools in ./env/lib/python3.8/site-packages (from SOAPpy==0.12.22) (0.4.8)
Requirement already satisfied: defusedxml in ./env/lib/python3.8/site-packages (from SOAPpy==0.12.22) (0.6.0)
Requirement already satisfied: pbr in ./env/lib/python3.8/site-packages (from wstools->SOAPpy==0.12.22) (5.4.5)
Requirement already satisfied: six in ./env/lib/python3.8/site-packages (from wstools->SOAPpy==0.12.22) (1.15.0)
Requirement already satisfied: setuptools>=17.1 in ./env/lib/python3.8/site-packages (from wstools->SOAPpy==0.12.22) (41.2.0)
WARNING: You are using pip version 19.2.3, however version 21.0.1 is available.
You should consider upgrading via the 'pip install --upgrade pip' command.
Requirement already satisfied: testfixtures==6.14.1 in ./env/lib/python3.8/site-packages (6.14.1)
WARNING: You are using pip version 19.2.3, however version 21.0.1 is available.
You should consider upgrading via the 'pip install --upgrade pip' command.
Requirement already satisfied: Twisted==20.3.0 in ./env/lib/python3.8/site-packages (20.3.0)
Requirement already satisfied: zope.interface>=4.4.2 in ./env/lib/python3.8/site-packages (from Twisted==20.3.0) (5.1.0)
Requirement already satisfied: constantly>=15.1 in ./env/lib/python3.8/site-packages (from Twisted==20.3.0) (15.1.0)
Requirement already satisfied: incremental>=16.10.1 in ./env/lib/python3.8/site-packages (from Twisted==20.3.0) (17.5.0)
Requirement already satisfied: Automat>=0.3.0 in ./env/lib/python3.8/site-packages (from Twisted==20.3.0) (20.2.0)
Requirement already satisfied: hyperlink>=17.1.1 in ./env/lib/python3.8/site-packages (from Twisted==20.3.0) (19.0.0)
Requirement already satisfied: PyHamcrest!=1.10.0,>=1.9.0 in ./env/lib/python3.8/site-packages (from Twisted==20.3.0) (2.0.2)
Requirement already satisfied: attrs>=19.2.0 in ./env/lib/python3.8/site-packages (from Twisted==20.3.0) (19.3.0)
Requirement already satisfied: setuptools in ./env/lib/python3.8/site-packages (from zope.interface>=4.4.2->Twisted==20.3.0) (41.2.0)
Requirement already satisfied: six in ./env/lib/python3.8/site-packages (from Automat>=0.3.0->Twisted==20.3.0) (1.15.0)
Requirement already satisfied: idna>=2.5 in ./env/lib/python3.8/site-packages (from hyperlink>=17.1.1->Twisted==20.3.0) (2.9)
WARNING: You are using pip version 19.2.3, however version 21.0.1 is available.
You should consider upgrading via the 'pip install --upgrade pip' command.
Requirement already satisfied: w3lib==1.22.0 in ./env/lib/python3.8/site-packages (1.22.0)
Requirement already satisfied: six>=1.4.1 in ./env/lib/python3.8/site-packages (from w3lib==1.22.0) (1.15.0)
WARNING: You are using pip version 19.2.3, however version 21.0.1 is available.
You should consider upgrading via the 'pip install --upgrade pip' command.
Requirement already satisfied: wcwidth==0.1.9 in ./env/lib/python3.8/site-packages (0.1.9)
WARNING: You are using pip version 19.2.3, however version 21.0.1 is available.
You should consider upgrading via the 'pip install --upgrade pip' command.
Requirement already satisfied: wstools==0.4.8 in ./env/lib/python3.8/site-packages (0.4.8)
Requirement already satisfied: six in ./env/lib/python3.8/site-packages (from wstools==0.4.8) (1.15.0)
Requirement already satisfied: setuptools>=17.1 in ./env/lib/python3.8/site-packages (from wstools==0.4.8) (41.2.0)
Requirement already satisfied: pbr in ./env/lib/python3.8/site-packages (from wstools==0.4.8) (5.4.5)
WARNING: You are using pip version 19.2.3, however version 21.0.1 is available.
You should consider upgrading via the 'pip install --upgrade pip' command.
Requirement already satisfied: zope.interface==5.1.0 in ./env/lib/python3.8/site-packages (5.1.0)
Requirement already satisfied: setuptools in ./env/lib/python3.8/site-packages (from zope.interface==5.1.0) (41.2.0)
WARNING: You are using pip version 19.2.3, however version 21.0.1 is available.
You should consider upgrading via the 'pip install --upgrade pip' command.
python -m unittest -q tests.test_downloadermiddleware_redirect.RedirectMiddlewareTest.test_latin1_location
python -m unittest -q tests.test_downloadermiddleware_redirect.RedirectMiddlewareTest.test_utf8_location
RUN EVERY COMMAND
0


/home/sumukher/evals/BugsInPy/framework/bin/temp/scrapy/tests/test_downloadermiddleware_redirect.py:161: DeprecationWarning: Please use assertEqual instead.
  self.assertEquals(perc_encoded_utf8_url, req_result.url)
----------------------------------------------------------------------
Ran 1 test in 0.165s

OK
RUN EVERY COMMAND
1
python -m unittest -q tests.test_downloadermiddleware_redirect.RedirectMiddlewareTest.test_latin1_location

/home/sumukher/evals/BugsInPy/framework/bin/temp/scrapy/tests/test_downloadermiddleware_redirect.py:169: DeprecationWarning: Please use assertEqual instead.
  self.assertEquals(perc_encoded_utf8_url, req_result.url)
----------------------------------------------------------------------
Ran 1 test in 0.130s

OK
