PROJECT_NAME: spacy
BUG_ID: 4
VERSION_ID: 1
WORK_DIR: /home/sumukher/evals/BugsInPy/framework/bin/temp
https://github.com/explosion/spaCy
github_url="https://github.com/explosion/spaCy"
status="OK"
fatal: destination path '/home/sumukher/evals/BugsInPy/framework/bin/temp/spacy' already exists and is not an empty directory.
HEAD is now at 9fa9d7f2c Fix for Issue 4665 - conllu2json (#4953)
'/home/sumukher/evals/BugsInPy/framework/bin/temp/spacy/.github/contributors/onlyanegg.md' -> '/home/sumukher/evals/BugsInPy/projects/spacy/bugs/4/onlyanegg.md'
'/home/sumukher/evals/BugsInPy/framework/bin/temp/spacy/spacy/cli/converters/conllu2json.py' -> '/home/sumukher/evals/BugsInPy/projects/spacy/bugs/4/conllu2json.py'
'/home/sumukher/evals/BugsInPy/framework/bin/temp/spacy/spacy/tests/regression/test_issue4665.py' -> '/home/sumukher/evals/BugsInPy/projects/spacy/bugs/4/test_issue4665.py'
'/home/sumukher/evals/BugsInPy/framework/bin/temp/spacy/spacy/tests/regression/test_issue4665.py' -> '/home/sumukher/evals/BugsInPy/projects/spacy/bugs/4/test_issue4665.py'
HEAD is now at abd5c0637 Adjust formatting [ci skip]
Removing .github/contributors/elben10
Removing bugsinpy_bug.info
Removing bugsinpy_compile_flag
Removing bugsinpy_patchfile.info
Removing bugsinpy_requirements.txt
Removing bugsinpy_run_test.sh
Removing bugsinpy_setup.sh
Removing spacy/tests/regression/test_issue5314.py
pip3 install -r requirements.txt
python setup.py build_ext --inplace
dos2unix: converting file /home/sumukher/evals/BugsInPy/framework/bin/temp/spacy/bugsinpy_requirements.txt to Unix format...
Collecting cymem<2.1.0,>=2.0.2
Installing collected packages: cymem
Successfully installed cymem-2.0.5
WARNING: You are using pip version 19.2.3, however version 21.0.1 is available.
You should consider upgrading via the 'pip install --upgrade pip' command.
Collecting preshed<3.1.0,>=3.0.2
  Using cached https://files.pythonhosted.org/packages/ed/86/81a154f92c270f1f26db2e36c2fc36790d6f000f630e23c01a956ad9a0c2/preshed-3.0.5-cp38-cp38-manylinux1_x86_64.whl
Collecting murmurhash<1.1.0,>=0.28.0 (from preshed<3.1.0,>=3.0.2)
  Using cached https://files.pythonhosted.org/packages/9d/d8/5daf2fcfde74b07bd8e3770b707f872fdb6d05e09cab3491ba593948376a/murmurhash-1.0.5-cp38-cp38-manylinux1_x86_64.whl
Requirement already satisfied: cymem<2.1.0,>=2.0.2 in ./env/lib/python3.8/site-packages (from preshed<3.1.0,>=3.0.2) (2.0.5)
Installing collected packages: murmurhash, preshed
Successfully installed murmurhash-1.0.5 preshed-3.0.5
WARNING: You are using pip version 19.2.3, however version 21.0.1 is available.
You should consider upgrading via the 'pip install --upgrade pip' command.
Collecting thinc==7.4.0.dev0
  Using cached https://files.pythonhosted.org/packages/f7/8f/e213ae491ed25ef791b44ff15a51912d774e101cbdf2cf8765f29bf0ed20/thinc-7.4.0.dev0-cp38-cp38-manylinux1_x86_64.whl
Collecting plac<1.2.0,>=0.9.6 (from thinc==7.4.0.dev0)
  Using cached https://files.pythonhosted.org/packages/86/85/40b8f66c2dd8f4fd9f09d59b22720cffecf1331e788b8a0cab5bafb353d1/plac-1.1.3-py2.py3-none-any.whl
Requirement already satisfied: murmurhash<1.1.0,>=0.28.0 in ./env/lib/python3.8/site-packages (from thinc==7.4.0.dev0) (1.0.5)
Requirement already satisfied: cymem<2.1.0,>=2.0.2 in ./env/lib/python3.8/site-packages (from thinc==7.4.0.dev0) (2.0.5)
Collecting srsly<1.1.0,>=0.0.6 (from thinc==7.4.0.dev0)
Collecting catalogue<1.1.0,>=0.0.7 (from thinc==7.4.0.dev0)
  Using cached https://files.pythonhosted.org/packages/6c/f9/9a5658e2f56932e41eb264941f9a2cb7f3ce41a80cb36b2af6ab78e2f8af/catalogue-1.0.0-py2.py3-none-any.whl
Collecting blis<0.5.0,>=0.4.0 (from thinc==7.4.0.dev0)
  Using cached https://files.pythonhosted.org/packages/92/6e/7191dafd1f5dca140e9a61a387c114e14fd730dc5953ee1aca8b5ac5600d/blis-0.4.1-cp38-cp38-manylinux1_x86_64.whl
Requirement already satisfied: preshed<3.1.0,>=1.0.1 in ./env/lib/python3.8/site-packages (from thinc==7.4.0.dev0) (3.0.5)
Collecting wasabi<1.1.0,>=0.0.9 (from thinc==7.4.0.dev0)
  Using cached https://files.pythonhosted.org/packages/a6/1d/d281571b4c3b20fff183b485c6673c62878727119a849c7932651a8b5060/wasabi-0.8.2-py3-none-any.whl
Collecting numpy>=1.7.0 (from thinc==7.4.0.dev0)
  Using cached https://files.pythonhosted.org/packages/ca/e5/8abad0d947199a7c66995c710fa8c9fb1de0af6239575f9129d75fa4e9ed/numpy-1.20.0-cp38-cp38-manylinux2010_x86_64.whl
Collecting tqdm<5.0.0,>=4.10.0 (from thinc==7.4.0.dev0)
  Using cached https://files.pythonhosted.org/packages/80/02/8f8880a4fd6625461833abcf679d4c12a44c76f9925f92bf212bb6cefaad/tqdm-4.56.0-py2.py3-none-any.whl
Installing collected packages: plac, srsly, catalogue, numpy, blis, wasabi, tqdm, thinc
Successfully installed blis-0.4.1 catalogue-1.0.0 numpy-1.20.0 plac-1.1.3 srsly-1.0.5 thinc-7.4.0.dev0 tqdm-4.56.0 wasabi-0.8.2
WARNING: You are using pip version 19.2.3, however version 21.0.1 is available.
You should consider upgrading via the 'pip install --upgrade pip' command.
Requirement already satisfied: blis<0.5.0,>=0.4.0 in ./env/lib/python3.8/site-packages (0.4.1)
Requirement already satisfied: numpy>=1.15.0 in ./env/lib/python3.8/site-packages (from blis<0.5.0,>=0.4.0) (1.20.0)
WARNING: You are using pip version 19.2.3, however version 21.0.1 is available.
You should consider upgrading via the 'pip install --upgrade pip' command.
Requirement already satisfied: murmurhash<1.1.0,>=0.28.0 in ./env/lib/python3.8/site-packages (1.0.5)
WARNING: You are using pip version 19.2.3, however version 21.0.1 is available.
You should consider upgrading via the 'pip install --upgrade pip' command.
Requirement already satisfied: wasabi<1.1.0,>=0.4.0 in ./env/lib/python3.8/site-packages (0.8.2)
WARNING: You are using pip version 19.2.3, however version 21.0.1 is available.
You should consider upgrading via the 'pip install --upgrade pip' command.
Requirement already satisfied: srsly<1.1.0,>=0.1.0 in ./env/lib/python3.8/site-packages (1.0.5)
WARNING: You are using pip version 19.2.3, however version 21.0.1 is available.
You should consider upgrading via the 'pip install --upgrade pip' command.
Requirement already satisfied: catalogue<1.1.0,>=0.0.7 in ./env/lib/python3.8/site-packages (1.0.0)
WARNING: You are using pip version 19.2.3, however version 21.0.1 is available.
You should consider upgrading via the 'pip install --upgrade pip' command.
Requirement already satisfied: numpy>=1.15.0 in ./env/lib/python3.8/site-packages (1.20.0)
WARNING: You are using pip version 19.2.3, however version 21.0.1 is available.
You should consider upgrading via the 'pip install --upgrade pip' command.
Collecting requests<3.0.0,>=2.13.0
  Using cached https://files.pythonhosted.org/packages/29/c1/24814557f1d22c56d50280771a17307e6bf87b70727d975fd6b2ce6b014a/requests-2.25.1-py2.py3-none-any.whl
Collecting urllib3<1.27,>=1.21.1 (from requests<3.0.0,>=2.13.0)
  Using cached https://files.pythonhosted.org/packages/23/fc/8a49991f7905261f9ca9df5aa9b58363c3c821ce3e7f671895442b7100f2/urllib3-1.26.3-py2.py3-none-any.whl
Collecting chardet<5,>=3.0.2 (from requests<3.0.0,>=2.13.0)
  Using cached https://files.pythonhosted.org/packages/19/c7/fa589626997dd07bd87d9269342ccb74b1720384a4d739a1872bd84fbe68/chardet-4.0.0-py2.py3-none-any.whl
Collecting certifi>=2017.4.17 (from requests<3.0.0,>=2.13.0)
  Using cached https://files.pythonhosted.org/packages/5e/a0/5f06e1e1d463903cf0c0eebeb751791119ed7a4b3737fdc9a77f1cdfb51f/certifi-2020.12.5-py2.py3-none-any.whl
Collecting idna<3,>=2.5 (from requests<3.0.0,>=2.13.0)
  Using cached https://files.pythonhosted.org/packages/a2/38/928ddce2273eaa564f6f50de919327bf3a00f091b5baba8dfa9460f3a8a8/idna-2.10-py2.py3-none-any.whl
Installing collected packages: urllib3, chardet, certifi, idna, requests
Successfully installed certifi-2020.12.5 chardet-4.0.0 idna-2.10 requests-2.25.1 urllib3-1.26.3
WARNING: You are using pip version 19.2.3, however version 21.0.1 is available.
You should consider upgrading via the 'pip install --upgrade pip' command.
Requirement already satisfied: plac<1.2.0,>=0.9.6 in ./env/lib/python3.8/site-packages (1.1.3)
WARNING: You are using pip version 19.2.3, however version 21.0.1 is available.
You should consider upgrading via the 'pip install --upgrade pip' command.
Collecting pathlib==1.0.1
Installing collected packages: pathlib
Successfully installed pathlib-1.0.1
WARNING: You are using pip version 19.2.3, however version 21.0.1 is available.
You should consider upgrading via the 'pip install --upgrade pip' command.
Collecting python_version
  Using cached https://files.pythonhosted.org/packages/a8/e3/06841b7e2b5dab99f6e5ece60db926ce35b9cf351da87ecaf2d75e5d9009/python_version-0.0.2-py2.py3-none-any.whl
Installing collected packages: python-version
Successfully installed python-version-0.0.2
WARNING: You are using pip version 19.2.3, however version 21.0.1 is available.
You should consider upgrading via the 'pip install --upgrade pip' command.
ERROR: Invalid requirement: '<'
WARNING: You are using pip version 19.2.3, however version 21.0.1 is available.
You should consider upgrading via the 'pip install --upgrade pip' command.
Collecting 3.4
  ERROR: Could not find a version that satisfies the requirement 3.4 (from versions: none)
ERROR: No matching distribution found for 3.4
WARNING: You are using pip version 19.2.3, however version 21.0.1 is available.
You should consider upgrading via the 'pip install --upgrade pip' command.
Requirement already satisfied: tqdm<5.0.0,>=4.38.0 in ./env/lib/python3.8/site-packages (4.56.0)
WARNING: You are using pip version 19.2.3, however version 21.0.1 is available.
You should consider upgrading via the 'pip install --upgrade pip' command.
Collecting jsonschema<3.1.0,>=2.6.0
  Using cached https://files.pythonhosted.org/packages/54/48/f5f11003ceddcd4ad292d4d9b5677588e9169eef41f88e38b2888e7ec6c4/jsonschema-3.0.2-py2.py3-none-any.whl
Collecting six>=1.11.0 (from jsonschema<3.1.0,>=2.6.0)
  Using cached https://files.pythonhosted.org/packages/ee/ff/48bde5c0f013094d729fe4b0316ba2a24774b3ff1c52d924a8a4cb04078a/six-1.15.0-py2.py3-none-any.whl
Requirement already satisfied: setuptools in ./env/lib/python3.8/site-packages (from jsonschema<3.1.0,>=2.6.0) (41.2.0)
Collecting pyrsistent>=0.14.0 (from jsonschema<3.1.0,>=2.6.0)
  Using cached https://files.pythonhosted.org/packages/4d/70/fd441df751ba8b620e03fd2d2d9ca902103119616f0f6cc42e6405035062/pyrsistent-0.17.3.tar.gz
Collecting attrs>=17.4.0 (from jsonschema<3.1.0,>=2.6.0)
  Using cached https://files.pythonhosted.org/packages/c3/aa/cb45262569fcc047bf070b5de61813724d6726db83259222cd7b4c79821a/attrs-20.3.0-py2.py3-none-any.whl
Installing collected packages: six, pyrsistent, attrs, jsonschema
  Running setup.py install for pyrsistent: started
    Running setup.py install for pyrsistent: finished with status 'done'
Successfully installed attrs-20.3.0 jsonschema-3.0.2 pyrsistent-0.17.3 six-1.15.0
WARNING: You are using pip version 19.2.3, however version 21.0.1 is available.
You should consider upgrading via the 'pip install --upgrade pip' command.
Collecting cython>=0.25
  Using cached https://files.pythonhosted.org/packages/9f/05/959e78f2aeade1c9e85a7adc4c376f454ecaeb4cb6b079ca7a85684b69c1/Cython-0.29.21-cp38-cp38-manylinux1_x86_64.whl
Installing collected packages: cython
Successfully installed cython-0.29.21
WARNING: You are using pip version 19.2.3, however version 21.0.1 is available.
You should consider upgrading via the 'pip install --upgrade pip' command.
Collecting pytest>=4.6.5
  Using cached https://files.pythonhosted.org/packages/a1/cf/7f67585bd2fc0359ec482cf3c430bce3ef6d3f40bc468137225a733e3069/pytest-6.2.2-py3-none-any.whl
Collecting py>=1.8.2 (from pytest>=4.6.5)
  Using cached https://files.pythonhosted.org/packages/67/32/6fe01cfc3d1a27c92fdbcdfc3f67856da8cbadf0dd9f2e18055202b2dc62/py-1.10.0-py2.py3-none-any.whl
Collecting toml (from pytest>=4.6.5)
  Using cached https://files.pythonhosted.org/packages/44/6f/7120676b6d73228c96e17f1f794d8ab046fc910d781c8d151120c3f1569e/toml-0.10.2-py2.py3-none-any.whl
Requirement already satisfied: attrs>=19.2.0 in ./env/lib/python3.8/site-packages (from pytest>=4.6.5) (20.3.0)
Collecting pluggy<1.0.0a1,>=0.12 (from pytest>=4.6.5)
  Using cached https://files.pythonhosted.org/packages/a0/28/85c7aa31b80d150b772fbe4a229487bc6644da9ccb7e427dd8cc60cb8a62/pluggy-0.13.1-py2.py3-none-any.whl
Collecting iniconfig (from pytest>=4.6.5)
  Using cached https://files.pythonhosted.org/packages/9b/dd/b3c12c6d707058fa947864b67f0c4e0c39ef8610988d7baea9578f3c48f3/iniconfig-1.1.1-py2.py3-none-any.whl
Collecting packaging (from pytest>=4.6.5)
  Using cached https://files.pythonhosted.org/packages/3e/89/7ea760b4daa42653ece2380531c90f64788d979110a2ab51049d92f408af/packaging-20.9-py2.py3-none-any.whl
Collecting pyparsing>=2.0.2 (from packaging->pytest>=4.6.5)
  Using cached https://files.pythonhosted.org/packages/8a/bb/488841f56197b13700afd5658fc279a2025a39e22449b7cf29864669b15d/pyparsing-2.4.7-py2.py3-none-any.whl
Installing collected packages: py, toml, pluggy, iniconfig, pyparsing, packaging, pytest
Successfully installed iniconfig-1.1.1 packaging-20.9 pluggy-0.13.1 py-1.10.0 pyparsing-2.4.7 pytest-6.2.2 toml-0.10.2
WARNING: You are using pip version 19.2.3, however version 21.0.1 is available.
You should consider upgrading via the 'pip install --upgrade pip' command.
Collecting pytest-timeout<2.0.0,>=1.3.0
  Using cached https://files.pythonhosted.org/packages/46/df/97cc0b5b8b53da0e265acd0aeecfc0c279e950a029acd2d7b4e54b00b25f/pytest_timeout-1.4.2-py2.py3-none-any.whl
Requirement already satisfied: pytest>=3.6.0 in ./env/lib/python3.8/site-packages (from pytest-timeout<2.0.0,>=1.3.0) (6.2.2)
Requirement already satisfied: iniconfig in ./env/lib/python3.8/site-packages (from pytest>=3.6.0->pytest-timeout<2.0.0,>=1.3.0) (1.1.1)
Requirement already satisfied: toml in ./env/lib/python3.8/site-packages (from pytest>=3.6.0->pytest-timeout<2.0.0,>=1.3.0) (0.10.2)
Requirement already satisfied: packaging in ./env/lib/python3.8/site-packages (from pytest>=3.6.0->pytest-timeout<2.0.0,>=1.3.0) (20.9)
Requirement already satisfied: attrs>=19.2.0 in ./env/lib/python3.8/site-packages (from pytest>=3.6.0->pytest-timeout<2.0.0,>=1.3.0) (20.3.0)
Requirement already satisfied: py>=1.8.2 in ./env/lib/python3.8/site-packages (from pytest>=3.6.0->pytest-timeout<2.0.0,>=1.3.0) (1.10.0)
Requirement already satisfied: pluggy<1.0.0a1,>=0.12 in ./env/lib/python3.8/site-packages (from pytest>=3.6.0->pytest-timeout<2.0.0,>=1.3.0) (0.13.1)
Requirement already satisfied: pyparsing>=2.0.2 in ./env/lib/python3.8/site-packages (from packaging->pytest>=3.6.0->pytest-timeout<2.0.0,>=1.3.0) (2.4.7)
Installing collected packages: pytest-timeout
Successfully installed pytest-timeout-1.4.2
WARNING: You are using pip version 19.2.3, however version 21.0.1 is available.
You should consider upgrading via the 'pip install --upgrade pip' command.
Collecting mock<3.0.0,>=2.0.0
  Using cached https://files.pythonhosted.org/packages/e6/35/f187bdf23be87092bd0f1200d43d23076cee4d0dec109f195173fd3ebc79/mock-2.0.0-py2.py3-none-any.whl
Requirement already satisfied: six>=1.9 in ./env/lib/python3.8/site-packages (from mock<3.0.0,>=2.0.0) (1.15.0)
Collecting pbr>=0.11 (from mock<3.0.0,>=2.0.0)
  Using cached https://files.pythonhosted.org/packages/fb/48/69046506f6ac61c1eaa9a0d42d22d54673b69e176d30ca98e3f61513e980/pbr-5.5.1-py2.py3-none-any.whl
Installing collected packages: pbr, mock
Successfully installed mock-2.0.0 pbr-5.5.1
WARNING: You are using pip version 19.2.3, however version 21.0.1 is available.
You should consider upgrading via the 'pip install --upgrade pip' command.
Collecting flake8<3.6.0,>=3.5.0
  Using cached https://files.pythonhosted.org/packages/b9/dc/14e9d94c770b8c4ef584e906c7583e74864786a58d47de101f2767d50c0b/flake8-3.5.0-py2.py3-none-any.whl
Collecting mccabe<0.7.0,>=0.6.0 (from flake8<3.6.0,>=3.5.0)
  Using cached https://files.pythonhosted.org/packages/87/89/479dc97e18549e21354893e4ee4ef36db1d237534982482c3681ee6e7b57/mccabe-0.6.1-py2.py3-none-any.whl
Collecting pyflakes<1.7.0,>=1.5.0 (from flake8<3.6.0,>=3.5.0)
  Using cached https://files.pythonhosted.org/packages/d7/40/733bcc64da3161ae4122c11e88269f276358ca29335468005cb0ee538665/pyflakes-1.6.0-py2.py3-none-any.whl
Collecting pycodestyle<2.4.0,>=2.0.0 (from flake8<3.6.0,>=3.5.0)
  Using cached https://files.pythonhosted.org/packages/e4/81/78fe51eb4038d1388b7217dd63770b0f428370207125047312886c923b26/pycodestyle-2.3.1-py2.py3-none-any.whl
Installing collected packages: mccabe, pyflakes, pycodestyle, flake8
Successfully installed flake8-3.5.0 mccabe-0.6.1 pycodestyle-2.3.1 pyflakes-1.6.0
WARNING: You are using pip version 19.2.3, however version 21.0.1 is available.
You should consider upgrading via the 'pip install --upgrade pip' command.
Ignoring pathlib: markers 'python_version < "3.4"' don't match your environment
Requirement already satisfied: cymem<2.1.0,>=2.0.2 in ./env/lib/python3.8/site-packages (from -r requirements.txt (line 2)) (2.0.5)
Requirement already satisfied: preshed<3.1.0,>=3.0.2 in ./env/lib/python3.8/site-packages (from -r requirements.txt (line 3)) (3.0.5)
Requirement already satisfied: thinc==7.4.0.dev0 in ./env/lib/python3.8/site-packages (from -r requirements.txt (line 4)) (7.4.0.dev0)
Requirement already satisfied: blis<0.5.0,>=0.4.0 in ./env/lib/python3.8/site-packages (from -r requirements.txt (line 5)) (0.4.1)
Requirement already satisfied: murmurhash<1.1.0,>=0.28.0 in ./env/lib/python3.8/site-packages (from -r requirements.txt (line 6)) (1.0.5)
Requirement already satisfied: wasabi<1.1.0,>=0.4.0 in ./env/lib/python3.8/site-packages (from -r requirements.txt (line 7)) (0.8.2)
Requirement already satisfied: srsly<1.1.0,>=0.1.0 in ./env/lib/python3.8/site-packages (from -r requirements.txt (line 8)) (1.0.5)
Requirement already satisfied: catalogue<1.1.0,>=0.0.7 in ./env/lib/python3.8/site-packages (from -r requirements.txt (line 9)) (1.0.0)
Requirement already satisfied: numpy>=1.15.0 in ./env/lib/python3.8/site-packages (from -r requirements.txt (line 11)) (1.20.0)
Requirement already satisfied: requests<3.0.0,>=2.13.0 in ./env/lib/python3.8/site-packages (from -r requirements.txt (line 12)) (2.25.1)
Requirement already satisfied: plac<1.2.0,>=0.9.6 in ./env/lib/python3.8/site-packages (from -r requirements.txt (line 13)) (1.1.3)
Requirement already satisfied: tqdm<5.0.0,>=4.38.0 in ./env/lib/python3.8/site-packages (from -r requirements.txt (line 15)) (4.56.0)
Requirement already satisfied: jsonschema<3.1.0,>=2.6.0 in ./env/lib/python3.8/site-packages (from -r requirements.txt (line 17)) (3.0.2)
Requirement already satisfied: cython>=0.25 in ./env/lib/python3.8/site-packages (from -r requirements.txt (line 19)) (0.29.21)
Requirement already satisfied: pytest>=4.6.5 in ./env/lib/python3.8/site-packages (from -r requirements.txt (line 20)) (6.2.2)
Requirement already satisfied: pytest-timeout<2.0.0,>=1.3.0 in ./env/lib/python3.8/site-packages (from -r requirements.txt (line 21)) (1.4.2)
Requirement already satisfied: mock<3.0.0,>=2.0.0 in ./env/lib/python3.8/site-packages (from -r requirements.txt (line 22)) (2.0.0)
Requirement already satisfied: flake8<3.6.0,>=3.5.0 in ./env/lib/python3.8/site-packages (from -r requirements.txt (line 23)) (3.5.0)
Requirement already satisfied: urllib3<1.27,>=1.21.1 in ./env/lib/python3.8/site-packages (from requests<3.0.0,>=2.13.0->-r requirements.txt (line 12)) (1.26.3)
Requirement already satisfied: idna<3,>=2.5 in ./env/lib/python3.8/site-packages (from requests<3.0.0,>=2.13.0->-r requirements.txt (line 12)) (2.10)
Requirement already satisfied: chardet<5,>=3.0.2 in ./env/lib/python3.8/site-packages (from requests<3.0.0,>=2.13.0->-r requirements.txt (line 12)) (4.0.0)
Requirement already satisfied: certifi>=2017.4.17 in ./env/lib/python3.8/site-packages (from requests<3.0.0,>=2.13.0->-r requirements.txt (line 12)) (2020.12.5)
Requirement already satisfied: pyrsistent>=0.14.0 in ./env/lib/python3.8/site-packages (from jsonschema<3.1.0,>=2.6.0->-r requirements.txt (line 17)) (0.17.3)
Requirement already satisfied: attrs>=17.4.0 in ./env/lib/python3.8/site-packages (from jsonschema<3.1.0,>=2.6.0->-r requirements.txt (line 17)) (20.3.0)
Requirement already satisfied: six>=1.11.0 in ./env/lib/python3.8/site-packages (from jsonschema<3.1.0,>=2.6.0->-r requirements.txt (line 17)) (1.15.0)
Requirement already satisfied: setuptools in ./env/lib/python3.8/site-packages (from jsonschema<3.1.0,>=2.6.0->-r requirements.txt (line 17)) (41.2.0)
Requirement already satisfied: iniconfig in ./env/lib/python3.8/site-packages (from pytest>=4.6.5->-r requirements.txt (line 20)) (1.1.1)
Requirement already satisfied: packaging in ./env/lib/python3.8/site-packages (from pytest>=4.6.5->-r requirements.txt (line 20)) (20.9)
Requirement already satisfied: py>=1.8.2 in ./env/lib/python3.8/site-packages (from pytest>=4.6.5->-r requirements.txt (line 20)) (1.10.0)
Requirement already satisfied: toml in ./env/lib/python3.8/site-packages (from pytest>=4.6.5->-r requirements.txt (line 20)) (0.10.2)
Requirement already satisfied: pluggy<1.0.0a1,>=0.12 in ./env/lib/python3.8/site-packages (from pytest>=4.6.5->-r requirements.txt (line 20)) (0.13.1)
Requirement already satisfied: pbr>=0.11 in ./env/lib/python3.8/site-packages (from mock<3.0.0,>=2.0.0->-r requirements.txt (line 22)) (5.5.1)
Requirement already satisfied: pyflakes<1.7.0,>=1.5.0 in ./env/lib/python3.8/site-packages (from flake8<3.6.0,>=3.5.0->-r requirements.txt (line 23)) (1.6.0)
Requirement already satisfied: mccabe<0.7.0,>=0.6.0 in ./env/lib/python3.8/site-packages (from flake8<3.6.0,>=3.5.0->-r requirements.txt (line 23)) (0.6.1)
Requirement already satisfied: pycodestyle<2.4.0,>=2.0.0 in ./env/lib/python3.8/site-packages (from flake8<3.6.0,>=3.5.0->-r requirements.txt (line 23)) (2.3.1)
Requirement already satisfied: pyparsing>=2.0.2 in ./env/lib/python3.8/site-packages (from packaging->pytest>=4.6.5->-r requirements.txt (line 20)) (2.4.7)
WARNING: You are using pip version 19.2.3, however version 21.0.1 is available.
You should consider upgrading via the 'pip install --upgrade pip' command.
warning: doc.pyx:1284:30: Index should be typed for more efficient access
warning: ner.pyx:146:29: Not all members given for struct 'Transition'
warning: ner.pyx:146:29: Not all members given for struct 'Transition'
warning: ner.pyx:148:29: Not all members given for struct 'Transition'
warning: ner.pyx:148:29: Not all members given for struct 'Transition'
warning: ner.pyx:161:29: Not all members given for struct 'Transition'
warning: ner.pyx:161:29: Not all members given for struct 'Transition'
warning: arc_eager.pyx:492:25: Not all members given for struct 'Transition'
warning: arc_eager.pyx:492:25: Not all members given for struct 'Transition'
Processing vectors.pyx
Processing typedefs.pyx
Processing tokenizer.pyx
Processing kb.pyx
Processing lexeme.pyx
Processing morphology.pyx
Processing _align.pyx
Processing symbols.pyx
Processing gold.pyx
Processing attrs.pyx
Processing parts_of_speech.pyx
Processing vocab.pyx
Processing strings.pyx
Processing _retokenize.pyx
Processing doc.pyx
Processing span.pyx
Processing token.pyx
Processing morphanalysis.pyx
Processing pipes.pyx
Processing morphologizer.pyx
Processing dependencymatcher.pyx
Processing phrasematcher.pyx
Processing matcher.pyx
Processing nonproj.pyx
Processing _state.pyx
Processing stateclass.pyx
Processing _beam_utils.pyx
Processing transition_system.pyx
Processing ner.pyx
Processing arc_eager.pyx
Processing nn_parser.pyx
Processing _parser_model.pyx
Cythonizing sources
running build_ext
building 'spacy._align' extension
gcc -pthread -Wno-unused-result -Wsign-compare -DNDEBUG -g -fwrapv -O3 -Wall -g -fstack-protector --param=ssp-buffer-size=4 -Wformat -Werror=format-security -fPIC -I/opt/python/3.8.1/include/python3.8 -I/home/sumukher/evals/BugsInPy/framework/bin/temp/spacy/include -I/home/sumukher/evals/BugsInPy/framework/bin/temp/spacy/env/include -I/opt/python/3.8.1/include/python3.8 -c spacy/_align.cpp -o build/temp.linux-x86_64-3.8/spacy/_align.o -O2 -Wno-strict-prototypes -Wno-unused-function
cc1plus: warning: command line option ‘-Wno-strict-prototypes’ is valid for C/ObjC but not for C++
In file included from /home/sumukher/evals/BugsInPy/framework/bin/temp/spacy/include/numpy/ndarraytypes.h:1728:0,
                 from /home/sumukher/evals/BugsInPy/framework/bin/temp/spacy/include/numpy/ndarrayobject.h:17,
                 from /home/sumukher/evals/BugsInPy/framework/bin/temp/spacy/include/numpy/arrayobject.h:15,
                 from spacy/_align.cpp:625:
/home/sumukher/evals/BugsInPy/framework/bin/temp/spacy/include/numpy/npy_deprecated_api.h:11:2: warning: #warning "Using deprecated NumPy API, disable it by #defining NPY_NO_DEPRECATED_API NPY_1_7_API_VERSION" [-Wcpp]
 #warning "Using deprecated NumPy API, disable it by #defining NPY_NO_DEPRECATED_API NPY_1_7_API_VERSION"
  ^~~~~~~
g++ -pthread -shared -L/opt/python/3.8.1/lib -Wl,-rpath=/opt/python/3.8.1/lib -L/opt/python/3.8.1/lib -Wl,-rpath=/opt/python/3.8.1/lib build/temp.linux-x86_64-3.8/spacy/_align.o -L/opt/python/3.8.1/lib -o /home/sumukher/evals/BugsInPy/framework/bin/temp/spacy/spacy/_align.cpython-38-x86_64-linux-gnu.so
building 'spacy.parts_of_speech' extension
gcc -pthread -Wno-unused-result -Wsign-compare -DNDEBUG -g -fwrapv -O3 -Wall -g -fstack-protector --param=ssp-buffer-size=4 -Wformat -Werror=format-security -fPIC -I/opt/python/3.8.1/include/python3.8 -I/home/sumukher/evals/BugsInPy/framework/bin/temp/spacy/include -I/home/sumukher/evals/BugsInPy/framework/bin/temp/spacy/env/include -I/opt/python/3.8.1/include/python3.8 -c spacy/parts_of_speech.cpp -o build/temp.linux-x86_64-3.8/spacy/parts_of_speech.o -O2 -Wno-strict-prototypes -Wno-unused-function
cc1plus: warning: command line option ‘-Wno-strict-prototypes’ is valid for C/ObjC but not for C++
g++ -pthread -shared -L/opt/python/3.8.1/lib -Wl,-rpath=/opt/python/3.8.1/lib -L/opt/python/3.8.1/lib -Wl,-rpath=/opt/python/3.8.1/lib build/temp.linux-x86_64-3.8/spacy/parts_of_speech.o -L/opt/python/3.8.1/lib -o /home/sumukher/evals/BugsInPy/framework/bin/temp/spacy/spacy/parts_of_speech.cpython-38-x86_64-linux-gnu.so
building 'spacy.strings' extension
gcc -pthread -Wno-unused-result -Wsign-compare -DNDEBUG -g -fwrapv -O3 -Wall -g -fstack-protector --param=ssp-buffer-size=4 -Wformat -Werror=format-security -fPIC -I/opt/python/3.8.1/include/python3.8 -I/home/sumukher/evals/BugsInPy/framework/bin/temp/spacy/include -I/home/sumukher/evals/BugsInPy/framework/bin/temp/spacy/env/include -I/opt/python/3.8.1/include/python3.8 -c spacy/strings.cpp -o build/temp.linux-x86_64-3.8/spacy/strings.o -O2 -Wno-strict-prototypes -Wno-unused-function
cc1plus: warning: command line option ‘-Wno-strict-prototypes’ is valid for C/ObjC but not for C++
spacy/strings.cpp: In function ‘int __pyx_pf_5spacy_7strings_11StringStore_12__contains__(__pyx_obj_5spacy_7strings_StringStore*, PyObject*)’:
spacy/strings.cpp:4289:29: warning: comparison between signed and unsigned integer expressions [-Wsign-compare]
   __pyx_t_1 = ((__pyx_v_key < __pyx_t_6) != 0);
                 ~~~~~~~~~~~~^~~~~~~~~~~
spacy/strings.cpp: In function ‘PyObject* __pyx_gb_5spacy_7strings_11StringStore_16generator(__pyx_CoroutineObject*, PyThreadState*, PyObject*)’:
spacy/strings.cpp:4452:33: warning: comparison between signed and unsigned integer expressions [-Wsign-compare]
   for (__pyx_t_3 = 0; __pyx_t_3 < __pyx_t_2; __pyx_t_3+=1) {
                       ~~~~~~~~~~^~~~~~~~~~~
g++ -pthread -shared -L/opt/python/3.8.1/lib -Wl,-rpath=/opt/python/3.8.1/lib -L/opt/python/3.8.1/lib -Wl,-rpath=/opt/python/3.8.1/lib build/temp.linux-x86_64-3.8/spacy/strings.o -L/opt/python/3.8.1/lib -o /home/sumukher/evals/BugsInPy/framework/bin/temp/spacy/spacy/strings.cpython-38-x86_64-linux-gnu.so
building 'spacy.lexeme' extension
gcc -pthread -Wno-unused-result -Wsign-compare -DNDEBUG -g -fwrapv -O3 -Wall -g -fstack-protector --param=ssp-buffer-size=4 -Wformat -Werror=format-security -fPIC -I/opt/python/3.8.1/include/python3.8 -I/home/sumukher/evals/BugsInPy/framework/bin/temp/spacy/include -I/home/sumukher/evals/BugsInPy/framework/bin/temp/spacy/env/include -I/opt/python/3.8.1/include/python3.8 -c spacy/lexeme.cpp -o build/temp.linux-x86_64-3.8/spacy/lexeme.o -O2 -Wno-strict-prototypes -Wno-unused-function
cc1plus: warning: command line option ‘-Wno-strict-prototypes’ is valid for C/ObjC but not for C++
In file included from /home/sumukher/evals/BugsInPy/framework/bin/temp/spacy/include/numpy/ndarraytypes.h:1728:0,
                 from /home/sumukher/evals/BugsInPy/framework/bin/temp/spacy/include/numpy/ndarrayobject.h:17,
                 from /home/sumukher/evals/BugsInPy/framework/bin/temp/spacy/include/numpy/arrayobject.h:15,
                 from spacy/lexeme.cpp:643:
/home/sumukher/evals/BugsInPy/framework/bin/temp/spacy/include/numpy/npy_deprecated_api.h:11:2: warning: #warning "Using deprecated NumPy API, disable it by #defining NPY_NO_DEPRECATED_API NPY_1_7_API_VERSION" [-Wcpp]
 #warning "Using deprecated NumPy API, disable it by #defining NPY_NO_DEPRECATED_API NPY_1_7_API_VERSION"
  ^~~~~~~
g++ -pthread -shared -L/opt/python/3.8.1/lib -Wl,-rpath=/opt/python/3.8.1/lib -L/opt/python/3.8.1/lib -Wl,-rpath=/opt/python/3.8.1/lib build/temp.linux-x86_64-3.8/spacy/lexeme.o -L/opt/python/3.8.1/lib -o /home/sumukher/evals/BugsInPy/framework/bin/temp/spacy/spacy/lexeme.cpython-38-x86_64-linux-gnu.so
building 'spacy.vocab' extension
gcc -pthread -Wno-unused-result -Wsign-compare -DNDEBUG -g -fwrapv -O3 -Wall -g -fstack-protector --param=ssp-buffer-size=4 -Wformat -Werror=format-security -fPIC -I/opt/python/3.8.1/include/python3.8 -I/home/sumukher/evals/BugsInPy/framework/bin/temp/spacy/include -I/home/sumukher/evals/BugsInPy/framework/bin/temp/spacy/env/include -I/opt/python/3.8.1/include/python3.8 -c spacy/vocab.cpp -o build/temp.linux-x86_64-3.8/spacy/vocab.o -O2 -Wno-strict-prototypes -Wno-unused-function
cc1plus: warning: command line option ‘-Wno-strict-prototypes’ is valid for C/ObjC but not for C++
In file included from /home/sumukher/evals/BugsInPy/framework/bin/temp/spacy/include/numpy/ndarraytypes.h:1728:0,
                 from /home/sumukher/evals/BugsInPy/framework/bin/temp/spacy/include/numpy/ndarrayobject.h:17,
                 from /home/sumukher/evals/BugsInPy/framework/bin/temp/spacy/include/numpy/arrayobject.h:15,
                 from spacy/vocab.cpp:643:
/home/sumukher/evals/BugsInPy/framework/bin/temp/spacy/include/numpy/npy_deprecated_api.h:11:2: warning: #warning "Using deprecated NumPy API, disable it by #defining NPY_NO_DEPRECATED_API NPY_1_7_API_VERSION" [-Wcpp]
 #warning "Using deprecated NumPy API, disable it by #defining NPY_NO_DEPRECATED_API NPY_1_7_API_VERSION"
  ^~~~~~~
spacy/vocab.cpp: In function ‘PyObject* __pyx_pf_5spacy_5vocab_5Vocab_31lexemes_to_bytes(__pyx_obj_5spacy_5vocab_Vocab*)’:
spacy/vocab.cpp:14561:37: warning: comparison between signed and unsigned integer expressions [-Wsign-compare]
     for (__pyx_t_14 = 0; __pyx_t_14 < __pyx_t_13; __pyx_t_14+=1) {
                          ~~~~~~~~~~~^~~~~~~~~~~~
spacy/vocab.cpp: In function ‘PyObject* __pyx_pf_5spacy_5vocab_5Vocab_33lexemes_from_bytes(__pyx_obj_5spacy_5vocab_Vocab*, PyObject*)’:
spacy/vocab.cpp:14826:35: warning: comparison between signed and unsigned integer expressions [-Wsign-compare]
     for (__pyx_t_7 = 0; __pyx_t_7 < __pyx_t_10; __pyx_t_7+=1) {
                         ~~~~~~~~~~^~~~~~~~~~~~
g++ -pthread -shared -L/opt/python/3.8.1/lib -Wl,-rpath=/opt/python/3.8.1/lib -L/opt/python/3.8.1/lib -Wl,-rpath=/opt/python/3.8.1/lib build/temp.linux-x86_64-3.8/spacy/vocab.o -L/opt/python/3.8.1/lib -o /home/sumukher/evals/BugsInPy/framework/bin/temp/spacy/spacy/vocab.cpython-38-x86_64-linux-gnu.so
building 'spacy.attrs' extension
gcc -pthread -Wno-unused-result -Wsign-compare -DNDEBUG -g -fwrapv -O3 -Wall -g -fstack-protector --param=ssp-buffer-size=4 -Wformat -Werror=format-security -fPIC -I/opt/python/3.8.1/include/python3.8 -I/home/sumukher/evals/BugsInPy/framework/bin/temp/spacy/include -I/home/sumukher/evals/BugsInPy/framework/bin/temp/spacy/env/include -I/opt/python/3.8.1/include/python3.8 -c spacy/attrs.cpp -o build/temp.linux-x86_64-3.8/spacy/attrs.o -O2 -Wno-strict-prototypes -Wno-unused-function
cc1plus: warning: command line option ‘-Wno-strict-prototypes’ is valid for C/ObjC but not for C++
g++ -pthread -shared -L/opt/python/3.8.1/lib -Wl,-rpath=/opt/python/3.8.1/lib -L/opt/python/3.8.1/lib -Wl,-rpath=/opt/python/3.8.1/lib build/temp.linux-x86_64-3.8/spacy/attrs.o -L/opt/python/3.8.1/lib -o /home/sumukher/evals/BugsInPy/framework/bin/temp/spacy/spacy/attrs.cpython-38-x86_64-linux-gnu.so
building 'spacy.kb' extension
gcc -pthread -Wno-unused-result -Wsign-compare -DNDEBUG -g -fwrapv -O3 -Wall -g -fstack-protector --param=ssp-buffer-size=4 -Wformat -Werror=format-security -fPIC -I/opt/python/3.8.1/include/python3.8 -I/home/sumukher/evals/BugsInPy/framework/bin/temp/spacy/include -I/home/sumukher/evals/BugsInPy/framework/bin/temp/spacy/env/include -I/opt/python/3.8.1/include/python3.8 -c spacy/kb.cpp -o build/temp.linux-x86_64-3.8/spacy/kb.o -O2 -Wno-strict-prototypes -Wno-unused-function
cc1plus: warning: command line option ‘-Wno-strict-prototypes’ is valid for C/ObjC but not for C++
g++ -pthread -shared -L/opt/python/3.8.1/lib -Wl,-rpath=/opt/python/3.8.1/lib -L/opt/python/3.8.1/lib -Wl,-rpath=/opt/python/3.8.1/lib build/temp.linux-x86_64-3.8/spacy/kb.o -L/opt/python/3.8.1/lib -o /home/sumukher/evals/BugsInPy/framework/bin/temp/spacy/spacy/kb.cpython-38-x86_64-linux-gnu.so
building 'spacy.morphology' extension
gcc -pthread -Wno-unused-result -Wsign-compare -DNDEBUG -g -fwrapv -O3 -Wall -g -fstack-protector --param=ssp-buffer-size=4 -Wformat -Werror=format-security -fPIC -I/opt/python/3.8.1/include/python3.8 -I/home/sumukher/evals/BugsInPy/framework/bin/temp/spacy/include -I/home/sumukher/evals/BugsInPy/framework/bin/temp/spacy/env/include -I/opt/python/3.8.1/include/python3.8 -c spacy/morphology.cpp -o build/temp.linux-x86_64-3.8/spacy/morphology.o -O2 -Wno-strict-prototypes -Wno-unused-function
cc1plus: warning: command line option ‘-Wno-strict-prototypes’ is valid for C/ObjC but not for C++
In file included from /home/sumukher/evals/BugsInPy/framework/bin/temp/spacy/include/numpy/ndarraytypes.h:1728:0,
                 from /home/sumukher/evals/BugsInPy/framework/bin/temp/spacy/include/numpy/ndarrayobject.h:17,
                 from /home/sumukher/evals/BugsInPy/framework/bin/temp/spacy/include/numpy/arrayobject.h:15,
                 from spacy/morphology.cpp:643:
/home/sumukher/evals/BugsInPy/framework/bin/temp/spacy/include/numpy/npy_deprecated_api.h:11:2: warning: #warning "Using deprecated NumPy API, disable it by #defining NPY_NO_DEPRECATED_API NPY_1_7_API_VERSION" [-Wcpp]
 #warning "Using deprecated NumPy API, disable it by #defining NPY_NO_DEPRECATED_API NPY_1_7_API_VERSION"
  ^~~~~~~
g++ -pthread -shared -L/opt/python/3.8.1/lib -Wl,-rpath=/opt/python/3.8.1/lib -L/opt/python/3.8.1/lib -Wl,-rpath=/opt/python/3.8.1/lib build/temp.linux-x86_64-3.8/spacy/morphology.o -L/opt/python/3.8.1/lib -o /home/sumukher/evals/BugsInPy/framework/bin/temp/spacy/spacy/morphology.cpython-38-x86_64-linux-gnu.so
building 'spacy.pipeline.pipes' extension
gcc -pthread -Wno-unused-result -Wsign-compare -DNDEBUG -g -fwrapv -O3 -Wall -g -fstack-protector --param=ssp-buffer-size=4 -Wformat -Werror=format-security -fPIC -I/opt/python/3.8.1/include/python3.8 -I/home/sumukher/evals/BugsInPy/framework/bin/temp/spacy/include -I/home/sumukher/evals/BugsInPy/framework/bin/temp/spacy/env/include -I/opt/python/3.8.1/include/python3.8 -c spacy/pipeline/pipes.cpp -o build/temp.linux-x86_64-3.8/spacy/pipeline/pipes.o -O2 -Wno-strict-prototypes -Wno-unused-function
cc1plus: warning: command line option ‘-Wno-strict-prototypes’ is valid for C/ObjC but not for C++
In file included from /home/sumukher/evals/BugsInPy/framework/bin/temp/spacy/include/numpy/ndarraytypes.h:1728:0,
                 from /home/sumukher/evals/BugsInPy/framework/bin/temp/spacy/include/numpy/ndarrayobject.h:17,
                 from /home/sumukher/evals/BugsInPy/framework/bin/temp/spacy/include/numpy/arrayobject.h:15,
                 from spacy/pipeline/pipes.cpp:624:
/home/sumukher/evals/BugsInPy/framework/bin/temp/spacy/include/numpy/npy_deprecated_api.h:11:2: warning: #warning "Using deprecated NumPy API, disable it by #defining NPY_NO_DEPRECATED_API NPY_1_7_API_VERSION" [-Wcpp]
 #warning "Using deprecated NumPy API, disable it by #defining NPY_NO_DEPRECATED_API NPY_1_7_API_VERSION"
  ^~~~~~~
g++ -pthread -shared -L/opt/python/3.8.1/lib -Wl,-rpath=/opt/python/3.8.1/lib -L/opt/python/3.8.1/lib -Wl,-rpath=/opt/python/3.8.1/lib build/temp.linux-x86_64-3.8/spacy/pipeline/pipes.o -L/opt/python/3.8.1/lib -o /home/sumukher/evals/BugsInPy/framework/bin/temp/spacy/spacy/pipeline/pipes.cpython-38-x86_64-linux-gnu.so
building 'spacy.pipeline.morphologizer' extension
gcc -pthread -Wno-unused-result -Wsign-compare -DNDEBUG -g -fwrapv -O3 -Wall -g -fstack-protector --param=ssp-buffer-size=4 -Wformat -Werror=format-security -fPIC -I/opt/python/3.8.1/include/python3.8 -I/home/sumukher/evals/BugsInPy/framework/bin/temp/spacy/include -I/home/sumukher/evals/BugsInPy/framework/bin/temp/spacy/env/include -I/opt/python/3.8.1/include/python3.8 -c spacy/pipeline/morphologizer.cpp -o build/temp.linux-x86_64-3.8/spacy/pipeline/morphologizer.o -O2 -Wno-strict-prototypes -Wno-unused-function
cc1plus: warning: command line option ‘-Wno-strict-prototypes’ is valid for C/ObjC but not for C++
In file included from /home/sumukher/evals/BugsInPy/framework/bin/temp/spacy/include/numpy/ndarraytypes.h:1728:0,
                 from /home/sumukher/evals/BugsInPy/framework/bin/temp/spacy/include/numpy/ndarrayobject.h:17,
                 from /home/sumukher/evals/BugsInPy/framework/bin/temp/spacy/include/numpy/arrayobject.h:15,
                 from spacy/pipeline/morphologizer.cpp:624:
/home/sumukher/evals/BugsInPy/framework/bin/temp/spacy/include/numpy/npy_deprecated_api.h:11:2: warning: #warning "Using deprecated NumPy API, disable it by #defining NPY_NO_DEPRECATED_API NPY_1_7_API_VERSION" [-Wcpp]
 #warning "Using deprecated NumPy API, disable it by #defining NPY_NO_DEPRECATED_API NPY_1_7_API_VERSION"
  ^~~~~~~
g++ -pthread -shared -L/opt/python/3.8.1/lib -Wl,-rpath=/opt/python/3.8.1/lib -L/opt/python/3.8.1/lib -Wl,-rpath=/opt/python/3.8.1/lib build/temp.linux-x86_64-3.8/spacy/pipeline/morphologizer.o -L/opt/python/3.8.1/lib -o /home/sumukher/evals/BugsInPy/framework/bin/temp/spacy/spacy/pipeline/morphologizer.cpython-38-x86_64-linux-gnu.so
building 'spacy.syntax.stateclass' extension
gcc -pthread -Wno-unused-result -Wsign-compare -DNDEBUG -g -fwrapv -O3 -Wall -g -fstack-protector --param=ssp-buffer-size=4 -Wformat -Werror=format-security -fPIC -I/opt/python/3.8.1/include/python3.8 -I/home/sumukher/evals/BugsInPy/framework/bin/temp/spacy/include -I/home/sumukher/evals/BugsInPy/framework/bin/temp/spacy/env/include -I/opt/python/3.8.1/include/python3.8 -c spacy/syntax/stateclass.cpp -o build/temp.linux-x86_64-3.8/spacy/syntax/stateclass.o -O2 -Wno-strict-prototypes -Wno-unused-function
cc1plus: warning: command line option ‘-Wno-strict-prototypes’ is valid for C/ObjC but not for C++
In file included from /home/sumukher/evals/BugsInPy/framework/bin/temp/spacy/include/numpy/ndarraytypes.h:1728:0,
                 from /home/sumukher/evals/BugsInPy/framework/bin/temp/spacy/include/numpy/ndarrayobject.h:17,
                 from /home/sumukher/evals/BugsInPy/framework/bin/temp/spacy/include/numpy/arrayobject.h:15,
                 from spacy/syntax/stateclass.cpp:644:
/home/sumukher/evals/BugsInPy/framework/bin/temp/spacy/include/numpy/npy_deprecated_api.h:11:2: warning: #warning "Using deprecated NumPy API, disable it by #defining NPY_NO_DEPRECATED_API NPY_1_7_API_VERSION" [-Wcpp]
 #warning "Using deprecated NumPy API, disable it by #defining NPY_NO_DEPRECATED_API NPY_1_7_API_VERSION"
  ^~~~~~~
g++ -pthread -shared -L/opt/python/3.8.1/lib -Wl,-rpath=/opt/python/3.8.1/lib -L/opt/python/3.8.1/lib -Wl,-rpath=/opt/python/3.8.1/lib build/temp.linux-x86_64-3.8/spacy/syntax/stateclass.o -L/opt/python/3.8.1/lib -o /home/sumukher/evals/BugsInPy/framework/bin/temp/spacy/spacy/syntax/stateclass.cpython-38-x86_64-linux-gnu.so
building 'spacy.syntax._state' extension
gcc -pthread -Wno-unused-result -Wsign-compare -DNDEBUG -g -fwrapv -O3 -Wall -g -fstack-protector --param=ssp-buffer-size=4 -Wformat -Werror=format-security -fPIC -I/opt/python/3.8.1/include/python3.8 -I/home/sumukher/evals/BugsInPy/framework/bin/temp/spacy/include -I/home/sumukher/evals/BugsInPy/framework/bin/temp/spacy/env/include -I/opt/python/3.8.1/include/python3.8 -c spacy/syntax/_state.cpp -o build/temp.linux-x86_64-3.8/spacy/syntax/_state.o -O2 -Wno-strict-prototypes -Wno-unused-function
cc1plus: warning: command line option ‘-Wno-strict-prototypes’ is valid for C/ObjC but not for C++
In file included from /home/sumukher/evals/BugsInPy/framework/bin/temp/spacy/include/numpy/ndarraytypes.h:1728:0,
                 from /home/sumukher/evals/BugsInPy/framework/bin/temp/spacy/include/numpy/ndarrayobject.h:17,
                 from /home/sumukher/evals/BugsInPy/framework/bin/temp/spacy/include/numpy/arrayobject.h:15,
                 from spacy/syntax/_state.cpp:644:
/home/sumukher/evals/BugsInPy/framework/bin/temp/spacy/include/numpy/npy_deprecated_api.h:11:2: warning: #warning "Using deprecated NumPy API, disable it by #defining NPY_NO_DEPRECATED_API NPY_1_7_API_VERSION" [-Wcpp]
 #warning "Using deprecated NumPy API, disable it by #defining NPY_NO_DEPRECATED_API NPY_1_7_API_VERSION"
  ^~~~~~~
g++ -pthread -shared -L/opt/python/3.8.1/lib -Wl,-rpath=/opt/python/3.8.1/lib -L/opt/python/3.8.1/lib -Wl,-rpath=/opt/python/3.8.1/lib build/temp.linux-x86_64-3.8/spacy/syntax/_state.o -L/opt/python/3.8.1/lib -o /home/sumukher/evals/BugsInPy/framework/bin/temp/spacy/spacy/syntax/_state.cpython-38-x86_64-linux-gnu.so
building 'spacy.tokenizer' extension
gcc -pthread -Wno-unused-result -Wsign-compare -DNDEBUG -g -fwrapv -O3 -Wall -g -fstack-protector --param=ssp-buffer-size=4 -Wformat -Werror=format-security -fPIC -I/opt/python/3.8.1/include/python3.8 -I/home/sumukher/evals/BugsInPy/framework/bin/temp/spacy/include -I/home/sumukher/evals/BugsInPy/framework/bin/temp/spacy/env/include -I/opt/python/3.8.1/include/python3.8 -c spacy/tokenizer.cpp -o build/temp.linux-x86_64-3.8/spacy/tokenizer.o -O2 -Wno-strict-prototypes -Wno-unused-function
cc1plus: warning: command line option ‘-Wno-strict-prototypes’ is valid for C/ObjC but not for C++
In file included from /home/sumukher/evals/BugsInPy/framework/bin/temp/spacy/include/numpy/ndarraytypes.h:1728:0,
                 from /home/sumukher/evals/BugsInPy/framework/bin/temp/spacy/include/numpy/ndarrayobject.h:17,
                 from /home/sumukher/evals/BugsInPy/framework/bin/temp/spacy/include/numpy/arrayobject.h:15,
                 from spacy/tokenizer.cpp:643:
/home/sumukher/evals/BugsInPy/framework/bin/temp/spacy/include/numpy/npy_deprecated_api.h:11:2: warning: #warning "Using deprecated NumPy API, disable it by #defining NPY_NO_DEPRECATED_API NPY_1_7_API_VERSION" [-Wcpp]
 #warning "Using deprecated NumPy API, disable it by #defining NPY_NO_DEPRECATED_API NPY_1_7_API_VERSION"
  ^~~~~~~
spacy/tokenizer.cpp: In function ‘PyObject* __pyx_f_5spacy_9tokenizer_9Tokenizer__split_affixes(__pyx_obj_5spacy_9tokenizer_Tokenizer*, __pyx_obj_5cymem_5cymem_Pool*, PyObject*, std::vector<const __pyx_t_5spacy_7structs_LexemeC*>*, std::vector<const __pyx_t_5spacy_7structs_LexemeC*>*, int*)’:
spacy/tokenizer.cpp:8093:29: warning: comparison between signed and unsigned integer expressions [-Wsign-compare]
     __pyx_t_2 = ((__pyx_t_3 != __pyx_v_last_size) != 0);
                   ~~~~~~~~~~^~~~~~~~~~~~~~~~~~~~
spacy/tokenizer.cpp: In function ‘int __pyx_f_5spacy_9tokenizer_9Tokenizer__attach_tokens(__pyx_obj_5spacy_9tokenizer_Tokenizer*, __pyx_obj_5spacy_6tokens_3doc_Doc*, PyObject*, std::vector<const __pyx_t_5spacy_7structs_LexemeC*>*, std::vector<const __pyx_t_5spacy_7structs_LexemeC*>*)’:
spacy/tokenizer.cpp:8859:35: warning: comparison between signed and unsigned integer expressions [-Wsign-compare]
     for (__pyx_t_4 = 0; __pyx_t_4 < __pyx_t_3; __pyx_t_4+=1) {
                         ~~~~~~~~~~^~~~~~~~~~~
g++ -pthread -shared -L/opt/python/3.8.1/lib -Wl,-rpath=/opt/python/3.8.1/lib -L/opt/python/3.8.1/lib -Wl,-rpath=/opt/python/3.8.1/lib build/temp.linux-x86_64-3.8/spacy/tokenizer.o -L/opt/python/3.8.1/lib -o /home/sumukher/evals/BugsInPy/framework/bin/temp/spacy/spacy/tokenizer.cpython-38-x86_64-linux-gnu.so
building 'spacy.syntax.nn_parser' extension
gcc -pthread -Wno-unused-result -Wsign-compare -DNDEBUG -g -fwrapv -O3 -Wall -g -fstack-protector --param=ssp-buffer-size=4 -Wformat -Werror=format-security -fPIC -I/opt/python/3.8.1/include/python3.8 -I/home/sumukher/evals/BugsInPy/framework/bin/temp/spacy/include -I/home/sumukher/evals/BugsInPy/framework/bin/temp/spacy/env/include -I/opt/python/3.8.1/include/python3.8 -c spacy/syntax/nn_parser.cpp -o build/temp.linux-x86_64-3.8/spacy/syntax/nn_parser.o -O2 -Wno-strict-prototypes -Wno-unused-function
cc1plus: warning: command line option ‘-Wno-strict-prototypes’ is valid for C/ObjC but not for C++
In file included from /home/sumukher/evals/BugsInPy/framework/bin/temp/spacy/include/numpy/ndarraytypes.h:1728:0,
                 from /home/sumukher/evals/BugsInPy/framework/bin/temp/spacy/include/numpy/ndarrayobject.h:17,
                 from /home/sumukher/evals/BugsInPy/framework/bin/temp/spacy/include/numpy/arrayobject.h:15,
                 from spacy/syntax/nn_parser.cpp:644:
/home/sumukher/evals/BugsInPy/framework/bin/temp/spacy/include/numpy/npy_deprecated_api.h:11:2: warning: #warning "Using deprecated NumPy API, disable it by #defining NPY_NO_DEPRECATED_API NPY_1_7_API_VERSION" [-Wcpp]
 #warning "Using deprecated NumPy API, disable it by #defining NPY_NO_DEPRECATED_API NPY_1_7_API_VERSION"
  ^~~~~~~
spacy/syntax/nn_parser.cpp: In function ‘void __pyx_f_5spacy_6syntax_9nn_parser_6Parser__parseC(__pyx_obj_5spacy_6syntax_9nn_parser_Parser*, __pyx_t_5spacy_6syntax_6_state_StateC**, __pyx_t_5spacy_6syntax_13_parser_model_WeightsC, __pyx_t_5spacy_6syntax_13_parser_model_SizesC)’:
spacy/syntax/nn_parser.cpp:12887:35: warning: comparison between signed and unsigned integer expressions [-Wsign-compare]
     for (__pyx_t_2 = 0; __pyx_t_2 < __pyx_t_6; __pyx_t_2+=1) {
                         ~~~~~~~~~~^~~~~~~~~~~
g++ -pthread -shared -L/opt/python/3.8.1/lib -Wl,-rpath=/opt/python/3.8.1/lib -L/opt/python/3.8.1/lib -Wl,-rpath=/opt/python/3.8.1/lib build/temp.linux-x86_64-3.8/spacy/syntax/nn_parser.o -L/opt/python/3.8.1/lib -o /home/sumukher/evals/BugsInPy/framework/bin/temp/spacy/spacy/syntax/nn_parser.cpython-38-x86_64-linux-gnu.so
building 'spacy.syntax._parser_model' extension
gcc -pthread -Wno-unused-result -Wsign-compare -DNDEBUG -g -fwrapv -O3 -Wall -g -fstack-protector --param=ssp-buffer-size=4 -Wformat -Werror=format-security -fPIC -I/opt/python/3.8.1/include/python3.8 -I/home/sumukher/evals/BugsInPy/framework/bin/temp/spacy/include -I/home/sumukher/evals/BugsInPy/framework/bin/temp/spacy/env/include -I/opt/python/3.8.1/include/python3.8 -c spacy/syntax/_parser_model.cpp -o build/temp.linux-x86_64-3.8/spacy/syntax/_parser_model.o -O2 -Wno-strict-prototypes -Wno-unused-function
cc1plus: warning: command line option ‘-Wno-strict-prototypes’ is valid for C/ObjC but not for C++
In file included from /home/sumukher/evals/BugsInPy/framework/bin/temp/spacy/include/numpy/ndarraytypes.h:1728:0,
                 from /home/sumukher/evals/BugsInPy/framework/bin/temp/spacy/include/numpy/ndarrayobject.h:17,
                 from /home/sumukher/evals/BugsInPy/framework/bin/temp/spacy/include/numpy/arrayobject.h:15,
                 from spacy/syntax/_parser_model.cpp:644:
/home/sumukher/evals/BugsInPy/framework/bin/temp/spacy/include/numpy/npy_deprecated_api.h:11:2: warning: #warning "Using deprecated NumPy API, disable it by #defining NPY_NO_DEPRECATED_API NPY_1_7_API_VERSION" [-Wcpp]
 #warning "Using deprecated NumPy API, disable it by #defining NPY_NO_DEPRECATED_API NPY_1_7_API_VERSION"
  ^~~~~~~
g++ -pthread -shared -L/opt/python/3.8.1/lib -Wl,-rpath=/opt/python/3.8.1/lib -L/opt/python/3.8.1/lib -Wl,-rpath=/opt/python/3.8.1/lib build/temp.linux-x86_64-3.8/spacy/syntax/_parser_model.o -L/opt/python/3.8.1/lib -o /home/sumukher/evals/BugsInPy/framework/bin/temp/spacy/spacy/syntax/_parser_model.cpython-38-x86_64-linux-gnu.so
building 'spacy.syntax._beam_utils' extension
gcc -pthread -Wno-unused-result -Wsign-compare -DNDEBUG -g -fwrapv -O3 -Wall -g -fstack-protector --param=ssp-buffer-size=4 -Wformat -Werror=format-security -fPIC -I/opt/python/3.8.1/include/python3.8 -I/home/sumukher/evals/BugsInPy/framework/bin/temp/spacy/include -I/home/sumukher/evals/BugsInPy/framework/bin/temp/spacy/env/include -I/opt/python/3.8.1/include/python3.8 -c spacy/syntax/_beam_utils.cpp -o build/temp.linux-x86_64-3.8/spacy/syntax/_beam_utils.o -O2 -Wno-strict-prototypes -Wno-unused-function
cc1plus: warning: command line option ‘-Wno-strict-prototypes’ is valid for C/ObjC but not for C++
In file included from /home/sumukher/evals/BugsInPy/framework/bin/temp/spacy/include/numpy/ndarraytypes.h:1728:0,
                 from /home/sumukher/evals/BugsInPy/framework/bin/temp/spacy/include/numpy/ndarrayobject.h:17,
                 from /home/sumukher/evals/BugsInPy/framework/bin/temp/spacy/include/numpy/arrayobject.h:15,
                 from spacy/syntax/_beam_utils.cpp:625:
/home/sumukher/evals/BugsInPy/framework/bin/temp/spacy/include/numpy/npy_deprecated_api.h:11:2: warning: #warning "Using deprecated NumPy API, disable it by #defining NPY_NO_DEPRECATED_API NPY_1_7_API_VERSION" [-Wcpp]
 #warning "Using deprecated NumPy API, disable it by #defining NPY_NO_DEPRECATED_API NPY_1_7_API_VERSION"
  ^~~~~~~
g++ -pthread -shared -L/opt/python/3.8.1/lib -Wl,-rpath=/opt/python/3.8.1/lib -L/opt/python/3.8.1/lib -Wl,-rpath=/opt/python/3.8.1/lib build/temp.linux-x86_64-3.8/spacy/syntax/_beam_utils.o -L/opt/python/3.8.1/lib -o /home/sumukher/evals/BugsInPy/framework/bin/temp/spacy/spacy/syntax/_beam_utils.cpython-38-x86_64-linux-gnu.so
building 'spacy.syntax.nonproj' extension
gcc -pthread -Wno-unused-result -Wsign-compare -DNDEBUG -g -fwrapv -O3 -Wall -g -fstack-protector --param=ssp-buffer-size=4 -Wformat -Werror=format-security -fPIC -I/opt/python/3.8.1/include/python3.8 -I/home/sumukher/evals/BugsInPy/framework/bin/temp/spacy/include -I/home/sumukher/evals/BugsInPy/framework/bin/temp/spacy/env/include -I/opt/python/3.8.1/include/python3.8 -c spacy/syntax/nonproj.cpp -o build/temp.linux-x86_64-3.8/spacy/syntax/nonproj.o -O2 -Wno-strict-prototypes -Wno-unused-function
cc1plus: warning: command line option ‘-Wno-strict-prototypes’ is valid for C/ObjC but not for C++
In file included from /home/sumukher/evals/BugsInPy/framework/bin/temp/spacy/include/numpy/ndarraytypes.h:1728:0,
                 from /home/sumukher/evals/BugsInPy/framework/bin/temp/spacy/include/numpy/ndarrayobject.h:17,
                 from /home/sumukher/evals/BugsInPy/framework/bin/temp/spacy/include/numpy/arrayobject.h:15,
                 from spacy/syntax/nonproj.cpp:624:
/home/sumukher/evals/BugsInPy/framework/bin/temp/spacy/include/numpy/npy_deprecated_api.h:11:2: warning: #warning "Using deprecated NumPy API, disable it by #defining NPY_NO_DEPRECATED_API NPY_1_7_API_VERSION" [-Wcpp]
 #warning "Using deprecated NumPy API, disable it by #defining NPY_NO_DEPRECATED_API NPY_1_7_API_VERSION"
  ^~~~~~~
g++ -pthread -shared -L/opt/python/3.8.1/lib -Wl,-rpath=/opt/python/3.8.1/lib -L/opt/python/3.8.1/lib -Wl,-rpath=/opt/python/3.8.1/lib build/temp.linux-x86_64-3.8/spacy/syntax/nonproj.o -L/opt/python/3.8.1/lib -o /home/sumukher/evals/BugsInPy/framework/bin/temp/spacy/spacy/syntax/nonproj.cpython-38-x86_64-linux-gnu.so
building 'spacy.syntax.transition_system' extension
gcc -pthread -Wno-unused-result -Wsign-compare -DNDEBUG -g -fwrapv -O3 -Wall -g -fstack-protector --param=ssp-buffer-size=4 -Wformat -Werror=format-security -fPIC -I/opt/python/3.8.1/include/python3.8 -I/home/sumukher/evals/BugsInPy/framework/bin/temp/spacy/include -I/home/sumukher/evals/BugsInPy/framework/bin/temp/spacy/env/include -I/opt/python/3.8.1/include/python3.8 -c spacy/syntax/transition_system.cpp -o build/temp.linux-x86_64-3.8/spacy/syntax/transition_system.o -O2 -Wno-strict-prototypes -Wno-unused-function
cc1plus: warning: command line option ‘-Wno-strict-prototypes’ is valid for C/ObjC but not for C++
In file included from /home/sumukher/evals/BugsInPy/framework/bin/temp/spacy/include/numpy/ndarraytypes.h:1728:0,
                 from /home/sumukher/evals/BugsInPy/framework/bin/temp/spacy/include/numpy/ndarrayobject.h:17,
                 from /home/sumukher/evals/BugsInPy/framework/bin/temp/spacy/include/numpy/arrayobject.h:15,
                 from spacy/syntax/transition_system.cpp:644:
/home/sumukher/evals/BugsInPy/framework/bin/temp/spacy/include/numpy/npy_deprecated_api.h:11:2: warning: #warning "Using deprecated NumPy API, disable it by #defining NPY_NO_DEPRECATED_API NPY_1_7_API_VERSION" [-Wcpp]
 #warning "Using deprecated NumPy API, disable it by #defining NPY_NO_DEPRECATED_API NPY_1_7_API_VERSION"
  ^~~~~~~
g++ -pthread -shared -L/opt/python/3.8.1/lib -Wl,-rpath=/opt/python/3.8.1/lib -L/opt/python/3.8.1/lib -Wl,-rpath=/opt/python/3.8.1/lib build/temp.linux-x86_64-3.8/spacy/syntax/transition_system.o -L/opt/python/3.8.1/lib -o /home/sumukher/evals/BugsInPy/framework/bin/temp/spacy/spacy/syntax/transition_system.cpython-38-x86_64-linux-gnu.so
building 'spacy.syntax.arc_eager' extension
gcc -pthread -Wno-unused-result -Wsign-compare -DNDEBUG -g -fwrapv -O3 -Wall -g -fstack-protector --param=ssp-buffer-size=4 -Wformat -Werror=format-security -fPIC -I/opt/python/3.8.1/include/python3.8 -I/home/sumukher/evals/BugsInPy/framework/bin/temp/spacy/include -I/home/sumukher/evals/BugsInPy/framework/bin/temp/spacy/env/include -I/opt/python/3.8.1/include/python3.8 -c spacy/syntax/arc_eager.cpp -o build/temp.linux-x86_64-3.8/spacy/syntax/arc_eager.o -O2 -Wno-strict-prototypes -Wno-unused-function
cc1plus: warning: command line option ‘-Wno-strict-prototypes’ is valid for C/ObjC but not for C++
In file included from /home/sumukher/evals/BugsInPy/framework/bin/temp/spacy/include/numpy/ndarraytypes.h:1728:0,
                 from /home/sumukher/evals/BugsInPy/framework/bin/temp/spacy/include/numpy/ndarrayobject.h:17,
                 from /home/sumukher/evals/BugsInPy/framework/bin/temp/spacy/include/numpy/arrayobject.h:15,
                 from spacy/syntax/arc_eager.cpp:644:
/home/sumukher/evals/BugsInPy/framework/bin/temp/spacy/include/numpy/npy_deprecated_api.h:11:2: warning: #warning "Using deprecated NumPy API, disable it by #defining NPY_NO_DEPRECATED_API NPY_1_7_API_VERSION" [-Wcpp]
 #warning "Using deprecated NumPy API, disable it by #defining NPY_NO_DEPRECATED_API NPY_1_7_API_VERSION"
  ^~~~~~~
g++ -pthread -shared -L/opt/python/3.8.1/lib -Wl,-rpath=/opt/python/3.8.1/lib -L/opt/python/3.8.1/lib -Wl,-rpath=/opt/python/3.8.1/lib build/temp.linux-x86_64-3.8/spacy/syntax/arc_eager.o -L/opt/python/3.8.1/lib -o /home/sumukher/evals/BugsInPy/framework/bin/temp/spacy/spacy/syntax/arc_eager.cpython-38-x86_64-linux-gnu.so
building 'spacy.gold' extension
gcc -pthread -Wno-unused-result -Wsign-compare -DNDEBUG -g -fwrapv -O3 -Wall -g -fstack-protector --param=ssp-buffer-size=4 -Wformat -Werror=format-security -fPIC -I/opt/python/3.8.1/include/python3.8 -I/home/sumukher/evals/BugsInPy/framework/bin/temp/spacy/include -I/home/sumukher/evals/BugsInPy/framework/bin/temp/spacy/env/include -I/opt/python/3.8.1/include/python3.8 -c spacy/gold.cpp -o build/temp.linux-x86_64-3.8/spacy/gold.o -O2 -Wno-strict-prototypes -Wno-unused-function
cc1plus: warning: command line option ‘-Wno-strict-prototypes’ is valid for C/ObjC but not for C++
In file included from /home/sumukher/evals/BugsInPy/framework/bin/temp/spacy/include/numpy/ndarraytypes.h:1728:0,
                 from /home/sumukher/evals/BugsInPy/framework/bin/temp/spacy/include/numpy/ndarrayobject.h:17,
                 from /home/sumukher/evals/BugsInPy/framework/bin/temp/spacy/include/numpy/arrayobject.h:15,
                 from spacy/gold.cpp:644:
/home/sumukher/evals/BugsInPy/framework/bin/temp/spacy/include/numpy/npy_deprecated_api.h:11:2: warning: #warning "Using deprecated NumPy API, disable it by #defining NPY_NO_DEPRECATED_API NPY_1_7_API_VERSION" [-Wcpp]
 #warning "Using deprecated NumPy API, disable it by #defining NPY_NO_DEPRECATED_API NPY_1_7_API_VERSION"
  ^~~~~~~
g++ -pthread -shared -L/opt/python/3.8.1/lib -Wl,-rpath=/opt/python/3.8.1/lib -L/opt/python/3.8.1/lib -Wl,-rpath=/opt/python/3.8.1/lib build/temp.linux-x86_64-3.8/spacy/gold.o -L/opt/python/3.8.1/lib -o /home/sumukher/evals/BugsInPy/framework/bin/temp/spacy/spacy/gold.cpython-38-x86_64-linux-gnu.so
building 'spacy.tokens.doc' extension
gcc -pthread -Wno-unused-result -Wsign-compare -DNDEBUG -g -fwrapv -O3 -Wall -g -fstack-protector --param=ssp-buffer-size=4 -Wformat -Werror=format-security -fPIC -I/opt/python/3.8.1/include/python3.8 -I/home/sumukher/evals/BugsInPy/framework/bin/temp/spacy/include -I/home/sumukher/evals/BugsInPy/framework/bin/temp/spacy/env/include -I/opt/python/3.8.1/include/python3.8 -c spacy/tokens/doc.cpp -o build/temp.linux-x86_64-3.8/spacy/tokens/doc.o -O2 -Wno-strict-prototypes -Wno-unused-function
cc1plus: warning: command line option ‘-Wno-strict-prototypes’ is valid for C/ObjC but not for C++
In file included from /home/sumukher/evals/BugsInPy/framework/bin/temp/spacy/include/numpy/ndarraytypes.h:1728:0,
                 from /home/sumukher/evals/BugsInPy/framework/bin/temp/spacy/include/numpy/ndarrayobject.h:17,
                 from /home/sumukher/evals/BugsInPy/framework/bin/temp/spacy/include/numpy/arrayobject.h:15,
                 from spacy/tokens/doc.cpp:624:
/home/sumukher/evals/BugsInPy/framework/bin/temp/spacy/include/numpy/npy_deprecated_api.h:11:2: warning: #warning "Using deprecated NumPy API, disable it by #defining NPY_NO_DEPRECATED_API NPY_1_7_API_VERSION" [-Wcpp]
 #warning "Using deprecated NumPy API, disable it by #defining NPY_NO_DEPRECATED_API NPY_1_7_API_VERSION"
  ^~~~~~~
spacy/tokens/doc.cpp: In function ‘int __pyx_f_5spacy_6tokens_3doc_token_by_end(const __pyx_t_5spacy_7structs_TokenC*, int, int)’:
spacy/tokens/doc.cpp:25267:95: warning: comparison between signed and unsigned integer expressions [-Wsign-compare]
     __pyx_t_4 = ((((__pyx_v_tokens[__pyx_v_i]).idx + (__pyx_v_tokens[__pyx_v_i]).lex->length) == __pyx_v_end_char) != 0);
                   ~~~~~~~~~~~~~~~~~~~~~~~~~~~~~~~~~~~~~~~~~~~~~~~~~~~~~~~~~~~~~~~~~~~~~~~~~~~~^~~~~~~~~~~~~~~~~~~
g++ -pthread -shared -L/opt/python/3.8.1/lib -Wl,-rpath=/opt/python/3.8.1/lib -L/opt/python/3.8.1/lib -Wl,-rpath=/opt/python/3.8.1/lib build/temp.linux-x86_64-3.8/spacy/tokens/doc.o -L/opt/python/3.8.1/lib -o /home/sumukher/evals/BugsInPy/framework/bin/temp/spacy/spacy/tokens/doc.cpython-38-x86_64-linux-gnu.so
building 'spacy.tokens.span' extension
gcc -pthread -Wno-unused-result -Wsign-compare -DNDEBUG -g -fwrapv -O3 -Wall -g -fstack-protector --param=ssp-buffer-size=4 -Wformat -Werror=format-security -fPIC -I/opt/python/3.8.1/include/python3.8 -I/home/sumukher/evals/BugsInPy/framework/bin/temp/spacy/include -I/home/sumukher/evals/BugsInPy/framework/bin/temp/spacy/env/include -I/opt/python/3.8.1/include/python3.8 -c spacy/tokens/span.cpp -o build/temp.linux-x86_64-3.8/spacy/tokens/span.o -O2 -Wno-strict-prototypes -Wno-unused-function
cc1plus: warning: command line option ‘-Wno-strict-prototypes’ is valid for C/ObjC but not for C++
In file included from /home/sumukher/evals/BugsInPy/framework/bin/temp/spacy/include/numpy/ndarraytypes.h:1728:0,
                 from /home/sumukher/evals/BugsInPy/framework/bin/temp/spacy/include/numpy/ndarrayobject.h:17,
                 from /home/sumukher/evals/BugsInPy/framework/bin/temp/spacy/include/numpy/arrayobject.h:15,
                 from spacy/tokens/span.cpp:624:
/home/sumukher/evals/BugsInPy/framework/bin/temp/spacy/include/numpy/npy_deprecated_api.h:11:2: warning: #warning "Using deprecated NumPy API, disable it by #defining NPY_NO_DEPRECATED_API NPY_1_7_API_VERSION" [-Wcpp]
 #warning "Using deprecated NumPy API, disable it by #defining NPY_NO_DEPRECATED_API NPY_1_7_API_VERSION"
  ^~~~~~~
spacy/tokens/span.cpp: In function ‘int __pyx_f_5spacy_6tokens_4span_4Span__recalculate_indices(__pyx_obj_5spacy_6tokens_4span_Span*, int)’:
spacy/tokens/span.cpp:10136:133: warning: comparison between signed and unsigned integer expressions [-Wsign-compare]
   __pyx_t_7 = ((((__pyx_v_self->doc->c[(__pyx_v_self->end - 1)]).idx + (__pyx_v_self->doc->c[(__pyx_v_self->end - 1)]).lex->length) != __pyx_v_self->end_char) != 0);
                 ~~~~~~~~~~~~~~~~~~~~~~~~~~~~~~~~~~~~~~~~~~~~~~~~~~~~~~~~~~~~~~~~~~~~~~~~~~~~~~~~~~~~~~~~~~~~~~~~~~~~~~~~~~~~~~~~~~~~^~~~~~~~~~~~~~~~~~~~~~~~~
g++ -pthread -shared -L/opt/python/3.8.1/lib -Wl,-rpath=/opt/python/3.8.1/lib -L/opt/python/3.8.1/lib -Wl,-rpath=/opt/python/3.8.1/lib build/temp.linux-x86_64-3.8/spacy/tokens/span.o -L/opt/python/3.8.1/lib -o /home/sumukher/evals/BugsInPy/framework/bin/temp/spacy/spacy/tokens/span.cpython-38-x86_64-linux-gnu.so
building 'spacy.tokens.token' extension
gcc -pthread -Wno-unused-result -Wsign-compare -DNDEBUG -g -fwrapv -O3 -Wall -g -fstack-protector --param=ssp-buffer-size=4 -Wformat -Werror=format-security -fPIC -I/opt/python/3.8.1/include/python3.8 -I/home/sumukher/evals/BugsInPy/framework/bin/temp/spacy/include -I/home/sumukher/evals/BugsInPy/framework/bin/temp/spacy/env/include -I/opt/python/3.8.1/include/python3.8 -c spacy/tokens/token.cpp -o build/temp.linux-x86_64-3.8/spacy/tokens/token.o -O2 -Wno-strict-prototypes -Wno-unused-function
cc1plus: warning: command line option ‘-Wno-strict-prototypes’ is valid for C/ObjC but not for C++
In file included from /home/sumukher/evals/BugsInPy/framework/bin/temp/spacy/include/numpy/ndarraytypes.h:1728:0,
                 from /home/sumukher/evals/BugsInPy/framework/bin/temp/spacy/include/numpy/ndarrayobject.h:17,
                 from /home/sumukher/evals/BugsInPy/framework/bin/temp/spacy/include/numpy/arrayobject.h:15,
                 from spacy/tokens/token.cpp:624:
/home/sumukher/evals/BugsInPy/framework/bin/temp/spacy/include/numpy/npy_deprecated_api.h:11:2: warning: #warning "Using deprecated NumPy API, disable it by #defining NPY_NO_DEPRECATED_API NPY_1_7_API_VERSION" [-Wcpp]
 #warning "Using deprecated NumPy API, disable it by #defining NPY_NO_DEPRECATED_API NPY_1_7_API_VERSION"
  ^~~~~~~
spacy/tokens/token.cpp: In function ‘int __pyx_pf_5spacy_6tokens_5token_5Token_4head_2__set__(__pyx_obj_5spacy_6tokens_5token_Token*, __pyx_obj_5spacy_6tokens_5token_Token*)’:
spacy/tokens/token.cpp:12651:50: warning: comparison between signed and unsigned integer expressions [-Wsign-compare]
           __pyx_t_1 = ((__pyx_v_child->c->l_edge < __pyx_v_new_edge) != 0);
                         ~~~~~~~~~~~~~~~~~~~~~~~~~^~~~~~~~~~~~~~~~~~
spacy/tokens/token.cpp:12762:46: warning: comparison between signed and unsigned integer expressions [-Wsign-compare]
         __pyx_t_1 = ((__pyx_v_anc->c->l_edge <= __pyx_v_new_edge) != 0);
                       ~~~~~~~~~~~~~~~~~~~~~~~^~~~~~~~~~~~~~~~~~~
spacy/tokens/token.cpp:12971:50: warning: comparison between signed and unsigned integer expressions [-Wsign-compare]
           __pyx_t_1 = ((__pyx_v_child->c->r_edge > __pyx_v_new_edge) != 0);
                         ~~~~~~~~~~~~~~~~~~~~~~~~~^~~~~~~~~~~~~~~~~~
spacy/tokens/token.cpp:13082:46: warning: comparison between signed and unsigned integer expressions [-Wsign-compare]
         __pyx_t_1 = ((__pyx_v_anc->c->r_edge >= __pyx_v_new_edge) != 0);
                       ~~~~~~~~~~~~~~~~~~~~~~~^~~~~~~~~~~~~~~~~~~
g++ -pthread -shared -L/opt/python/3.8.1/lib -Wl,-rpath=/opt/python/3.8.1/lib -L/opt/python/3.8.1/lib -Wl,-rpath=/opt/python/3.8.1/lib build/temp.linux-x86_64-3.8/spacy/tokens/token.o -L/opt/python/3.8.1/lib -o /home/sumukher/evals/BugsInPy/framework/bin/temp/spacy/spacy/tokens/token.cpython-38-x86_64-linux-gnu.so
building 'spacy.tokens.morphanalysis' extension
gcc -pthread -Wno-unused-result -Wsign-compare -DNDEBUG -g -fwrapv -O3 -Wall -g -fstack-protector --param=ssp-buffer-size=4 -Wformat -Werror=format-security -fPIC -I/opt/python/3.8.1/include/python3.8 -I/home/sumukher/evals/BugsInPy/framework/bin/temp/spacy/include -I/home/sumukher/evals/BugsInPy/framework/bin/temp/spacy/env/include -I/opt/python/3.8.1/include/python3.8 -c spacy/tokens/morphanalysis.cpp -o build/temp.linux-x86_64-3.8/spacy/tokens/morphanalysis.o -O2 -Wno-strict-prototypes -Wno-unused-function
cc1plus: warning: command line option ‘-Wno-strict-prototypes’ is valid for C/ObjC but not for C++
g++ -pthread -shared -L/opt/python/3.8.1/lib -Wl,-rpath=/opt/python/3.8.1/lib -L/opt/python/3.8.1/lib -Wl,-rpath=/opt/python/3.8.1/lib build/temp.linux-x86_64-3.8/spacy/tokens/morphanalysis.o -L/opt/python/3.8.1/lib -o /home/sumukher/evals/BugsInPy/framework/bin/temp/spacy/spacy/tokens/morphanalysis.cpython-38-x86_64-linux-gnu.so
building 'spacy.tokens._retokenize' extension
gcc -pthread -Wno-unused-result -Wsign-compare -DNDEBUG -g -fwrapv -O3 -Wall -g -fstack-protector --param=ssp-buffer-size=4 -Wformat -Werror=format-security -fPIC -I/opt/python/3.8.1/include/python3.8 -I/home/sumukher/evals/BugsInPy/framework/bin/temp/spacy/include -I/home/sumukher/evals/BugsInPy/framework/bin/temp/spacy/env/include -I/opt/python/3.8.1/include/python3.8 -c spacy/tokens/_retokenize.cpp -o build/temp.linux-x86_64-3.8/spacy/tokens/_retokenize.o -O2 -Wno-strict-prototypes -Wno-unused-function
cc1plus: warning: command line option ‘-Wno-strict-prototypes’ is valid for C/ObjC but not for C++
In file included from /home/sumukher/evals/BugsInPy/framework/bin/temp/spacy/include/numpy/ndarraytypes.h:1728:0,
                 from /home/sumukher/evals/BugsInPy/framework/bin/temp/spacy/include/numpy/ndarrayobject.h:17,
                 from /home/sumukher/evals/BugsInPy/framework/bin/temp/spacy/include/numpy/arrayobject.h:15,
                 from spacy/tokens/_retokenize.cpp:625:
/home/sumukher/evals/BugsInPy/framework/bin/temp/spacy/include/numpy/npy_deprecated_api.h:11:2: warning: #warning "Using deprecated NumPy API, disable it by #defining NPY_NO_DEPRECATED_API NPY_1_7_API_VERSION" [-Wcpp]
 #warning "Using deprecated NumPy API, disable it by #defining NPY_NO_DEPRECATED_API NPY_1_7_API_VERSION"
  ^~~~~~~
g++ -pthread -shared -L/opt/python/3.8.1/lib -Wl,-rpath=/opt/python/3.8.1/lib -L/opt/python/3.8.1/lib -Wl,-rpath=/opt/python/3.8.1/lib build/temp.linux-x86_64-3.8/spacy/tokens/_retokenize.o -L/opt/python/3.8.1/lib -o /home/sumukher/evals/BugsInPy/framework/bin/temp/spacy/spacy/tokens/_retokenize.cpython-38-x86_64-linux-gnu.so
building 'spacy.matcher.matcher' extension
gcc -pthread -Wno-unused-result -Wsign-compare -DNDEBUG -g -fwrapv -O3 -Wall -g -fstack-protector --param=ssp-buffer-size=4 -Wformat -Werror=format-security -fPIC -I/opt/python/3.8.1/include/python3.8 -I/home/sumukher/evals/BugsInPy/framework/bin/temp/spacy/include -I/home/sumukher/evals/BugsInPy/framework/bin/temp/spacy/env/include -I/opt/python/3.8.1/include/python3.8 -c spacy/matcher/matcher.cpp -o build/temp.linux-x86_64-3.8/spacy/matcher/matcher.o -O2 -Wno-strict-prototypes -Wno-unused-function
cc1plus: warning: command line option ‘-Wno-strict-prototypes’ is valid for C/ObjC but not for C++
In file included from /home/sumukher/evals/BugsInPy/framework/bin/temp/spacy/include/numpy/ndarraytypes.h:1728:0,
                 from /home/sumukher/evals/BugsInPy/framework/bin/temp/spacy/include/numpy/ndarrayobject.h:17,
                 from /home/sumukher/evals/BugsInPy/framework/bin/temp/spacy/include/numpy/arrayobject.h:15,
                 from spacy/matcher/matcher.cpp:643:
/home/sumukher/evals/BugsInPy/framework/bin/temp/spacy/include/numpy/npy_deprecated_api.h:11:2: warning: #warning "Using deprecated NumPy API, disable it by #defining NPY_NO_DEPRECATED_API NPY_1_7_API_VERSION" [-Wcpp]
 #warning "Using deprecated NumPy API, disable it by #defining NPY_NO_DEPRECATED_API NPY_1_7_API_VERSION"
  ^~~~~~~
spacy/matcher/matcher.cpp: In function ‘PyObject* __pyx_pf_5spacy_7matcher_7matcher_7Matcher_10remove(__pyx_obj_5spacy_7matcher_7matcher_Matcher*, PyObject*)’:
spacy/matcher/matcher.cpp:7239:29: warning: comparison between signed and unsigned integer expressions [-Wsign-compare]
     __pyx_t_5 = ((__pyx_v_i < __pyx_v_self->patterns.size()) != 0);
                   ~~~~~~~~~~^~~~~~~~~~~~~~~~~~~~~~~~~~~~~~~
spacy/matcher/matcher.cpp: In function ‘PyObject* __pyx_f_5spacy_7matcher_7matcher_find_matches(__pyx_t_5spacy_7matcher_7matcher_TokenPatternC**, int, __pyx_obj_5spacy_6tokens_3doc_Doc*, __pyx_opt_args_5spacy_7matcher_7matcher_find_matches*)’:
spacy/matcher/matcher.cpp:10927:33: warning: comparison between signed and unsigned integer expressions [-Wsign-compare]
   for (__pyx_t_9 = 0; __pyx_t_9 < __pyx_t_26; __pyx_t_9+=1) {
                       ~~~~~~~~~~^~~~~~~~~~~~
spacy/matcher/matcher.cpp: In function ‘PyObject* __pyx_pf_5spacy_7matcher_7matcher_7Matcher_19__call__(__pyx_obj_5spacy_7matcher_7matcher_Matcher*, __pyx_obj_5spacy_6tokens_3doc_Doc*)’:
spacy/matcher/matcher.cpp:10894:29: warning: ‘__pyx_v_predicate_cache’ may be used uninitialized in this function [-Wmaybe-uninitialized]
     __pyx_v_predicate_cache = (__pyx_v_predicate_cache + __pyx_t_3);
     ~~~~~~~~~~~~~~~~~~~~~~~~^~~~~~~~~~~~~~~~~~~~~~~~~~~~~~~~~~~~~~~
spacy/matcher/matcher.cpp:10296:9: note: ‘__pyx_v_predicate_cache’ was declared here
   char *__pyx_v_predicate_cache;
         ^~~~~~~~~~~~~~~~~~~~~~~
g++ -pthread -shared -L/opt/python/3.8.1/lib -Wl,-rpath=/opt/python/3.8.1/lib -L/opt/python/3.8.1/lib -Wl,-rpath=/opt/python/3.8.1/lib build/temp.linux-x86_64-3.8/spacy/matcher/matcher.o -L/opt/python/3.8.1/lib -o /home/sumukher/evals/BugsInPy/framework/bin/temp/spacy/spacy/matcher/matcher.cpython-38-x86_64-linux-gnu.so
building 'spacy.matcher.phrasematcher' extension
gcc -pthread -Wno-unused-result -Wsign-compare -DNDEBUG -g -fwrapv -O3 -Wall -g -fstack-protector --param=ssp-buffer-size=4 -Wformat -Werror=format-security -fPIC -I/opt/python/3.8.1/include/python3.8 -I/home/sumukher/evals/BugsInPy/framework/bin/temp/spacy/include -I/home/sumukher/evals/BugsInPy/framework/bin/temp/spacy/env/include -I/opt/python/3.8.1/include/python3.8 -c spacy/matcher/phrasematcher.cpp -o build/temp.linux-x86_64-3.8/spacy/matcher/phrasematcher.o -O2 -Wno-strict-prototypes -Wno-unused-function
cc1plus: warning: command line option ‘-Wno-strict-prototypes’ is valid for C/ObjC but not for C++
In file included from /home/sumukher/evals/BugsInPy/framework/bin/temp/spacy/include/numpy/ndarraytypes.h:1728:0,
                 from /home/sumukher/evals/BugsInPy/framework/bin/temp/spacy/include/numpy/ndarrayobject.h:17,
                 from /home/sumukher/evals/BugsInPy/framework/bin/temp/spacy/include/numpy/arrayobject.h:15,
                 from spacy/matcher/phrasematcher.cpp:630:
/home/sumukher/evals/BugsInPy/framework/bin/temp/spacy/include/numpy/npy_deprecated_api.h:11:2: warning: #warning "Using deprecated NumPy API, disable it by #defining NPY_NO_DEPRECATED_API NPY_1_7_API_VERSION" [-Wcpp]
 #warning "Using deprecated NumPy API, disable it by #defining NPY_NO_DEPRECATED_API NPY_1_7_API_VERSION"
  ^~~~~~~
g++ -pthread -shared -L/opt/python/3.8.1/lib -Wl,-rpath=/opt/python/3.8.1/lib -L/opt/python/3.8.1/lib -Wl,-rpath=/opt/python/3.8.1/lib build/temp.linux-x86_64-3.8/spacy/matcher/phrasematcher.o -L/opt/python/3.8.1/lib -o /home/sumukher/evals/BugsInPy/framework/bin/temp/spacy/spacy/matcher/phrasematcher.cpython-38-x86_64-linux-gnu.so
building 'spacy.matcher.dependencymatcher' extension
gcc -pthread -Wno-unused-result -Wsign-compare -DNDEBUG -g -fwrapv -O3 -Wall -g -fstack-protector --param=ssp-buffer-size=4 -Wformat -Werror=format-security -fPIC -I/opt/python/3.8.1/include/python3.8 -I/home/sumukher/evals/BugsInPy/framework/bin/temp/spacy/include -I/home/sumukher/evals/BugsInPy/framework/bin/temp/spacy/env/include -I/opt/python/3.8.1/include/python3.8 -c spacy/matcher/dependencymatcher.cpp -o build/temp.linux-x86_64-3.8/spacy/matcher/dependencymatcher.o -O2 -Wno-strict-prototypes -Wno-unused-function
cc1plus: warning: command line option ‘-Wno-strict-prototypes’ is valid for C/ObjC but not for C++
In file included from /home/sumukher/evals/BugsInPy/framework/bin/temp/spacy/include/numpy/ndarraytypes.h:1728:0,
                 from /home/sumukher/evals/BugsInPy/framework/bin/temp/spacy/include/numpy/ndarrayobject.h:17,
                 from /home/sumukher/evals/BugsInPy/framework/bin/temp/spacy/include/numpy/arrayobject.h:15,
                 from spacy/matcher/dependencymatcher.cpp:643:
/home/sumukher/evals/BugsInPy/framework/bin/temp/spacy/include/numpy/npy_deprecated_api.h:11:2: warning: #warning "Using deprecated NumPy API, disable it by #defining NPY_NO_DEPRECATED_API NPY_1_7_API_VERSION" [-Wcpp]
 #warning "Using deprecated NumPy API, disable it by #defining NPY_NO_DEPRECATED_API NPY_1_7_API_VERSION"
  ^~~~~~~
g++ -pthread -shared -L/opt/python/3.8.1/lib -Wl,-rpath=/opt/python/3.8.1/lib -L/opt/python/3.8.1/lib -Wl,-rpath=/opt/python/3.8.1/lib build/temp.linux-x86_64-3.8/spacy/matcher/dependencymatcher.o -L/opt/python/3.8.1/lib -o /home/sumukher/evals/BugsInPy/framework/bin/temp/spacy/spacy/matcher/dependencymatcher.cpython-38-x86_64-linux-gnu.so
building 'spacy.syntax.ner' extension
gcc -pthread -Wno-unused-result -Wsign-compare -DNDEBUG -g -fwrapv -O3 -Wall -g -fstack-protector --param=ssp-buffer-size=4 -Wformat -Werror=format-security -fPIC -I/opt/python/3.8.1/include/python3.8 -I/home/sumukher/evals/BugsInPy/framework/bin/temp/spacy/include -I/home/sumukher/evals/BugsInPy/framework/bin/temp/spacy/env/include -I/opt/python/3.8.1/include/python3.8 -c spacy/syntax/ner.cpp -o build/temp.linux-x86_64-3.8/spacy/syntax/ner.o -O2 -Wno-strict-prototypes -Wno-unused-function
cc1plus: warning: command line option ‘-Wno-strict-prototypes’ is valid for C/ObjC but not for C++
In file included from /home/sumukher/evals/BugsInPy/framework/bin/temp/spacy/include/numpy/ndarraytypes.h:1728:0,
                 from /home/sumukher/evals/BugsInPy/framework/bin/temp/spacy/include/numpy/ndarrayobject.h:17,
                 from /home/sumukher/evals/BugsInPy/framework/bin/temp/spacy/include/numpy/arrayobject.h:15,
                 from spacy/syntax/ner.cpp:644:
/home/sumukher/evals/BugsInPy/framework/bin/temp/spacy/include/numpy/npy_deprecated_api.h:11:2: warning: #warning "Using deprecated NumPy API, disable it by #defining NPY_NO_DEPRECATED_API NPY_1_7_API_VERSION" [-Wcpp]
 #warning "Using deprecated NumPy API, disable it by #defining NPY_NO_DEPRECATED_API NPY_1_7_API_VERSION"
  ^~~~~~~
g++ -pthread -shared -L/opt/python/3.8.1/lib -Wl,-rpath=/opt/python/3.8.1/lib -L/opt/python/3.8.1/lib -Wl,-rpath=/opt/python/3.8.1/lib build/temp.linux-x86_64-3.8/spacy/syntax/ner.o -L/opt/python/3.8.1/lib -o /home/sumukher/evals/BugsInPy/framework/bin/temp/spacy/spacy/syntax/ner.cpython-38-x86_64-linux-gnu.so
building 'spacy.symbols' extension
gcc -pthread -Wno-unused-result -Wsign-compare -DNDEBUG -g -fwrapv -O3 -Wall -g -fstack-protector --param=ssp-buffer-size=4 -Wformat -Werror=format-security -fPIC -I/opt/python/3.8.1/include/python3.8 -I/home/sumukher/evals/BugsInPy/framework/bin/temp/spacy/include -I/home/sumukher/evals/BugsInPy/framework/bin/temp/spacy/env/include -I/opt/python/3.8.1/include/python3.8 -c spacy/symbols.cpp -o build/temp.linux-x86_64-3.8/spacy/symbols.o -O2 -Wno-strict-prototypes -Wno-unused-function
cc1plus: warning: command line option ‘-Wno-strict-prototypes’ is valid for C/ObjC but not for C++
g++ -pthread -shared -L/opt/python/3.8.1/lib -Wl,-rpath=/opt/python/3.8.1/lib -L/opt/python/3.8.1/lib -Wl,-rpath=/opt/python/3.8.1/lib build/temp.linux-x86_64-3.8/spacy/symbols.o -L/opt/python/3.8.1/lib -o /home/sumukher/evals/BugsInPy/framework/bin/temp/spacy/spacy/symbols.cpython-38-x86_64-linux-gnu.so
building 'spacy.vectors' extension
gcc -pthread -Wno-unused-result -Wsign-compare -DNDEBUG -g -fwrapv -O3 -Wall -g -fstack-protector --param=ssp-buffer-size=4 -Wformat -Werror=format-security -fPIC -I/opt/python/3.8.1/include/python3.8 -I/home/sumukher/evals/BugsInPy/framework/bin/temp/spacy/include -I/home/sumukher/evals/BugsInPy/framework/bin/temp/spacy/env/include -I/opt/python/3.8.1/include/python3.8 -c spacy/vectors.cpp -o build/temp.linux-x86_64-3.8/spacy/vectors.o -O2 -Wno-strict-prototypes -Wno-unused-function
cc1plus: warning: command line option ‘-Wno-strict-prototypes’ is valid for C/ObjC but not for C++
In file included from /home/sumukher/evals/BugsInPy/framework/bin/temp/spacy/include/numpy/ndarraytypes.h:1728:0,
                 from /home/sumukher/evals/BugsInPy/framework/bin/temp/spacy/include/numpy/ndarrayobject.h:17,
                 from /home/sumukher/evals/BugsInPy/framework/bin/temp/spacy/include/numpy/arrayobject.h:15,
                 from spacy/vectors.cpp:624:
/home/sumukher/evals/BugsInPy/framework/bin/temp/spacy/include/numpy/npy_deprecated_api.h:11:2: warning: #warning "Using deprecated NumPy API, disable it by #defining NPY_NO_DEPRECATED_API NPY_1_7_API_VERSION" [-Wcpp]
 #warning "Using deprecated NumPy API, disable it by #defining NPY_NO_DEPRECATED_API NPY_1_7_API_VERSION"
  ^~~~~~~
g++ -pthread -shared -L/opt/python/3.8.1/lib -Wl,-rpath=/opt/python/3.8.1/lib -L/opt/python/3.8.1/lib -Wl,-rpath=/opt/python/3.8.1/lib build/temp.linux-x86_64-3.8/spacy/vectors.o -L/opt/python/3.8.1/lib -o /home/sumukher/evals/BugsInPy/framework/bin/temp/spacy/spacy/vectors.cpython-38-x86_64-linux-gnu.so
Requirement already satisfied: cymem<2.1.0,>=2.0.2 in ./env/lib/python3.8/site-packages (2.0.5)
WARNING: You are using pip version 19.2.3, however version 21.0.1 is available.
You should consider upgrading via the 'pip install --upgrade pip' command.
Requirement already satisfied: preshed<3.1.0,>=3.0.2 in ./env/lib/python3.8/site-packages (3.0.5)
Requirement already satisfied: murmurhash<1.1.0,>=0.28.0 in ./env/lib/python3.8/site-packages (from preshed<3.1.0,>=3.0.2) (1.0.5)
Requirement already satisfied: cymem<2.1.0,>=2.0.2 in ./env/lib/python3.8/site-packages (from preshed<3.1.0,>=3.0.2) (2.0.5)
WARNING: You are using pip version 19.2.3, however version 21.0.1 is available.
You should consider upgrading via the 'pip install --upgrade pip' command.
Requirement already satisfied: thinc==7.4.0.dev0 in ./env/lib/python3.8/site-packages (7.4.0.dev0)
Requirement already satisfied: plac<1.2.0,>=0.9.6 in ./env/lib/python3.8/site-packages (from thinc==7.4.0.dev0) (1.1.3)
Requirement already satisfied: preshed<3.1.0,>=1.0.1 in ./env/lib/python3.8/site-packages (from thinc==7.4.0.dev0) (3.0.5)
Requirement already satisfied: catalogue<1.1.0,>=0.0.7 in ./env/lib/python3.8/site-packages (from thinc==7.4.0.dev0) (1.0.0)
Requirement already satisfied: blis<0.5.0,>=0.4.0 in ./env/lib/python3.8/site-packages (from thinc==7.4.0.dev0) (0.4.1)
Requirement already satisfied: srsly<1.1.0,>=0.0.6 in ./env/lib/python3.8/site-packages (from thinc==7.4.0.dev0) (1.0.5)
Requirement already satisfied: tqdm<5.0.0,>=4.10.0 in ./env/lib/python3.8/site-packages (from thinc==7.4.0.dev0) (4.56.0)
Requirement already satisfied: murmurhash<1.1.0,>=0.28.0 in ./env/lib/python3.8/site-packages (from thinc==7.4.0.dev0) (1.0.5)
Requirement already satisfied: numpy>=1.7.0 in ./env/lib/python3.8/site-packages (from thinc==7.4.0.dev0) (1.20.0)
Requirement already satisfied: cymem<2.1.0,>=2.0.2 in ./env/lib/python3.8/site-packages (from thinc==7.4.0.dev0) (2.0.5)
Requirement already satisfied: wasabi<1.1.0,>=0.0.9 in ./env/lib/python3.8/site-packages (from thinc==7.4.0.dev0) (0.8.2)
WARNING: You are using pip version 19.2.3, however version 21.0.1 is available.
You should consider upgrading via the 'pip install --upgrade pip' command.
Requirement already satisfied: blis<0.5.0,>=0.4.0 in ./env/lib/python3.8/site-packages (0.4.1)
Requirement already satisfied: numpy>=1.15.0 in ./env/lib/python3.8/site-packages (from blis<0.5.0,>=0.4.0) (1.20.0)
WARNING: You are using pip version 19.2.3, however version 21.0.1 is available.
You should consider upgrading via the 'pip install --upgrade pip' command.
Requirement already satisfied: murmurhash<1.1.0,>=0.28.0 in ./env/lib/python3.8/site-packages (1.0.5)
WARNING: You are using pip version 19.2.3, however version 21.0.1 is available.
You should consider upgrading via the 'pip install --upgrade pip' command.
Requirement already satisfied: wasabi<1.1.0,>=0.4.0 in ./env/lib/python3.8/site-packages (0.8.2)
WARNING: You are using pip version 19.2.3, however version 21.0.1 is available.
You should consider upgrading via the 'pip install --upgrade pip' command.
Requirement already satisfied: srsly<1.1.0,>=0.1.0 in ./env/lib/python3.8/site-packages (1.0.5)
WARNING: You are using pip version 19.2.3, however version 21.0.1 is available.
You should consider upgrading via the 'pip install --upgrade pip' command.
Requirement already satisfied: catalogue<1.1.0,>=0.0.7 in ./env/lib/python3.8/site-packages (1.0.0)
WARNING: You are using pip version 19.2.3, however version 21.0.1 is available.
You should consider upgrading via the 'pip install --upgrade pip' command.
Requirement already satisfied: numpy>=1.15.0 in ./env/lib/python3.8/site-packages (1.20.0)
WARNING: You are using pip version 19.2.3, however version 21.0.1 is available.
You should consider upgrading via the 'pip install --upgrade pip' command.
Requirement already satisfied: requests<3.0.0,>=2.13.0 in ./env/lib/python3.8/site-packages (2.25.1)
Requirement already satisfied: urllib3<1.27,>=1.21.1 in ./env/lib/python3.8/site-packages (from requests<3.0.0,>=2.13.0) (1.26.3)
Requirement already satisfied: certifi>=2017.4.17 in ./env/lib/python3.8/site-packages (from requests<3.0.0,>=2.13.0) (2020.12.5)
Requirement already satisfied: idna<3,>=2.5 in ./env/lib/python3.8/site-packages (from requests<3.0.0,>=2.13.0) (2.10)
Requirement already satisfied: chardet<5,>=3.0.2 in ./env/lib/python3.8/site-packages (from requests<3.0.0,>=2.13.0) (4.0.0)
WARNING: You are using pip version 19.2.3, however version 21.0.1 is available.
You should consider upgrading via the 'pip install --upgrade pip' command.
Requirement already satisfied: plac<1.2.0,>=0.9.6 in ./env/lib/python3.8/site-packages (1.1.3)
WARNING: You are using pip version 19.2.3, however version 21.0.1 is available.
You should consider upgrading via the 'pip install --upgrade pip' command.
Requirement already satisfied: pathlib==1.0.1 in ./env/lib/python3.8/site-packages (1.0.1)
WARNING: You are using pip version 19.2.3, however version 21.0.1 is available.
You should consider upgrading via the 'pip install --upgrade pip' command.
Requirement already satisfied: python_version in ./env/lib/python3.8/site-packages (0.0.2)
WARNING: You are using pip version 19.2.3, however version 21.0.1 is available.
You should consider upgrading via the 'pip install --upgrade pip' command.
ERROR: Invalid requirement: '<'
WARNING: You are using pip version 19.2.3, however version 21.0.1 is available.
You should consider upgrading via the 'pip install --upgrade pip' command.
Collecting 3.4
  ERROR: Could not find a version that satisfies the requirement 3.4 (from versions: none)
ERROR: No matching distribution found for 3.4
WARNING: You are using pip version 19.2.3, however version 21.0.1 is available.
You should consider upgrading via the 'pip install --upgrade pip' command.
Requirement already satisfied: tqdm<5.0.0,>=4.38.0 in ./env/lib/python3.8/site-packages (4.56.0)
WARNING: You are using pip version 19.2.3, however version 21.0.1 is available.
You should consider upgrading via the 'pip install --upgrade pip' command.
Requirement already satisfied: jsonschema<3.1.0,>=2.6.0 in ./env/lib/python3.8/site-packages (3.0.2)
Requirement already satisfied: six>=1.11.0 in ./env/lib/python3.8/site-packages (from jsonschema<3.1.0,>=2.6.0) (1.15.0)
Requirement already satisfied: pyrsistent>=0.14.0 in ./env/lib/python3.8/site-packages (from jsonschema<3.1.0,>=2.6.0) (0.17.3)
Requirement already satisfied: setuptools in ./env/lib/python3.8/site-packages (from jsonschema<3.1.0,>=2.6.0) (41.2.0)
Requirement already satisfied: attrs>=17.4.0 in ./env/lib/python3.8/site-packages (from jsonschema<3.1.0,>=2.6.0) (20.3.0)
WARNING: You are using pip version 19.2.3, however version 21.0.1 is available.
You should consider upgrading via the 'pip install --upgrade pip' command.
Requirement already satisfied: cython>=0.25 in ./env/lib/python3.8/site-packages (0.29.21)
WARNING: You are using pip version 19.2.3, however version 21.0.1 is available.
You should consider upgrading via the 'pip install --upgrade pip' command.
Requirement already satisfied: pytest>=4.6.5 in ./env/lib/python3.8/site-packages (6.2.2)
Requirement already satisfied: iniconfig in ./env/lib/python3.8/site-packages (from pytest>=4.6.5) (1.1.1)
Requirement already satisfied: toml in ./env/lib/python3.8/site-packages (from pytest>=4.6.5) (0.10.2)
Requirement already satisfied: py>=1.8.2 in ./env/lib/python3.8/site-packages (from pytest>=4.6.5) (1.10.0)
Requirement already satisfied: pluggy<1.0.0a1,>=0.12 in ./env/lib/python3.8/site-packages (from pytest>=4.6.5) (0.13.1)
Requirement already satisfied: attrs>=19.2.0 in ./env/lib/python3.8/site-packages (from pytest>=4.6.5) (20.3.0)
Requirement already satisfied: packaging in ./env/lib/python3.8/site-packages (from pytest>=4.6.5) (20.9)
Requirement already satisfied: pyparsing>=2.0.2 in ./env/lib/python3.8/site-packages (from packaging->pytest>=4.6.5) (2.4.7)
WARNING: You are using pip version 19.2.3, however version 21.0.1 is available.
You should consider upgrading via the 'pip install --upgrade pip' command.
Requirement already satisfied: pytest-timeout<2.0.0,>=1.3.0 in ./env/lib/python3.8/site-packages (1.4.2)
Requirement already satisfied: pytest>=3.6.0 in ./env/lib/python3.8/site-packages (from pytest-timeout<2.0.0,>=1.3.0) (6.2.2)
Requirement already satisfied: py>=1.8.2 in ./env/lib/python3.8/site-packages (from pytest>=3.6.0->pytest-timeout<2.0.0,>=1.3.0) (1.10.0)
Requirement already satisfied: pluggy<1.0.0a1,>=0.12 in ./env/lib/python3.8/site-packages (from pytest>=3.6.0->pytest-timeout<2.0.0,>=1.3.0) (0.13.1)
Requirement already satisfied: toml in ./env/lib/python3.8/site-packages (from pytest>=3.6.0->pytest-timeout<2.0.0,>=1.3.0) (0.10.2)
Requirement already satisfied: iniconfig in ./env/lib/python3.8/site-packages (from pytest>=3.6.0->pytest-timeout<2.0.0,>=1.3.0) (1.1.1)
Requirement already satisfied: attrs>=19.2.0 in ./env/lib/python3.8/site-packages (from pytest>=3.6.0->pytest-timeout<2.0.0,>=1.3.0) (20.3.0)
Requirement already satisfied: packaging in ./env/lib/python3.8/site-packages (from pytest>=3.6.0->pytest-timeout<2.0.0,>=1.3.0) (20.9)
Requirement already satisfied: pyparsing>=2.0.2 in ./env/lib/python3.8/site-packages (from packaging->pytest>=3.6.0->pytest-timeout<2.0.0,>=1.3.0) (2.4.7)
WARNING: You are using pip version 19.2.3, however version 21.0.1 is available.
You should consider upgrading via the 'pip install --upgrade pip' command.
Requirement already satisfied: mock<3.0.0,>=2.0.0 in ./env/lib/python3.8/site-packages (2.0.0)
Requirement already satisfied: pbr>=0.11 in ./env/lib/python3.8/site-packages (from mock<3.0.0,>=2.0.0) (5.5.1)
Requirement already satisfied: six>=1.9 in ./env/lib/python3.8/site-packages (from mock<3.0.0,>=2.0.0) (1.15.0)
WARNING: You are using pip version 19.2.3, however version 21.0.1 is available.
You should consider upgrading via the 'pip install --upgrade pip' command.
Requirement already satisfied: flake8<3.6.0,>=3.5.0 in ./env/lib/python3.8/site-packages (3.5.0)
Requirement already satisfied: mccabe<0.7.0,>=0.6.0 in ./env/lib/python3.8/site-packages (from flake8<3.6.0,>=3.5.0) (0.6.1)
Requirement already satisfied: pyflakes<1.7.0,>=1.5.0 in ./env/lib/python3.8/site-packages (from flake8<3.6.0,>=3.5.0) (1.6.0)
Requirement already satisfied: pycodestyle<2.4.0,>=2.0.0 in ./env/lib/python3.8/site-packages (from flake8<3.6.0,>=3.5.0) (2.3.1)
WARNING: You are using pip version 19.2.3, however version 21.0.1 is available.
You should consider upgrading via the 'pip install --upgrade pip' command.
py.test spacy/tests/regression/test_issue4665.py::test_issue4665
RUN EVERY COMMAND
0


============================= test session starts ==============================
platform linux -- Python 3.8.1, pytest-6.2.2, py-1.10.0, pluggy-0.13.1
rootdir: /home/sumukher/evals/BugsInPy/framework/bin/temp/spacy, configfile: setup.cfg
plugins: timeout-1.4.2
collected 1 item

spacy/tests/regression/test_issue4665.py .                               [100%]

=============================== warnings summary ===============================
spacy/lang/tokenizer_exceptions.py:45
  /home/sumukher/evals/BugsInPy/framework/bin/temp/spacy/spacy/lang/tokenizer_exceptions.py:45: DeprecationWarning: invalid escape sequence \.
    "[A-Za-z0-9\u00a1-\uffff]\."

-- Docs: https://docs.pytest.org/en/stable/warnings.html
========================= 1 passed, 1 warning in 0.01s =========================
