PROJECT_NAME: spacy
BUG_ID: 4
VERSION_ID: 1
WORK_DIR: /home/sumukher/evals/BugsInPy/framework/bin/temp
https://github.com/explosion/spaCy
github_url="https://github.com/explosion/spaCy"
status="OK"
fatal: destination path '/home/sumukher/evals/BugsInPy/framework/bin/temp/spacy' already exists and is not an empty directory.
HEAD is now at 9fa9d7f2c Fix for Issue 4665 - conllu2json (#4953)
'/home/sumukher/evals/BugsInPy/framework/bin/temp/spacy/.github/contributors/onlyanegg.md' -> '/home/sumukher/evals/BugsInPy/projects/spacy/bugs/4/onlyanegg.md'
'/home/sumukher/evals/BugsInPy/framework/bin/temp/spacy/spacy/cli/converters/conllu2json.py' -> '/home/sumukher/evals/BugsInPy/projects/spacy/bugs/4/conllu2json.py'
'/home/sumukher/evals/BugsInPy/framework/bin/temp/spacy/spacy/tests/regression/test_issue4665.py' -> '/home/sumukher/evals/BugsInPy/projects/spacy/bugs/4/test_issue4665.py'
'/home/sumukher/evals/BugsInPy/framework/bin/temp/spacy/spacy/tests/regression/test_issue4665.py' -> '/home/sumukher/evals/BugsInPy/projects/spacy/bugs/4/test_issue4665.py'
HEAD is now at abd5c0637 Adjust formatting [ci skip]
Removing bugsinpy_bug.info
Removing bugsinpy_compile_flag
Removing bugsinpy_patchfile.info
Removing bugsinpy_requirements.txt
Removing bugsinpy_run_test.sh
Removing bugsinpy_setup.sh
pip3 install -r requirements.txt
python setup.py build_ext --inplace
dos2unix: converting file /home/sumukher/evals/BugsInPy/framework/bin/temp/spacy/bugsinpy_requirements.txt to Unix format...
Collecting cymem<2.1.0,>=2.0.2
Installing collected packages: cymem
Successfully installed cymem-2.0.5
WARNING: You are using pip version 19.2.3, however version 21.0.1 is available.
You should consider upgrading via the 'pip install --upgrade pip' command.
Collecting preshed<3.1.0,>=3.0.2
  Using cached https://files.pythonhosted.org/packages/ed/86/81a154f92c270f1f26db2e36c2fc36790d6f000f630e23c01a956ad9a0c2/preshed-3.0.5-cp38-cp38-manylinux1_x86_64.whl
Collecting murmurhash<1.1.0,>=0.28.0 (from preshed<3.1.0,>=3.0.2)
  Using cached https://files.pythonhosted.org/packages/9d/d8/5daf2fcfde74b07bd8e3770b707f872fdb6d05e09cab3491ba593948376a/murmurhash-1.0.5-cp38-cp38-manylinux1_x86_64.whl
Requirement already satisfied: cymem<2.1.0,>=2.0.2 in ./env/lib/python3.8/site-packages (from preshed<3.1.0,>=3.0.2) (2.0.5)
Installing collected packages: murmurhash, preshed
Successfully installed murmurhash-1.0.5 preshed-3.0.5
WARNING: You are using pip version 19.2.3, however version 21.0.1 is available.
You should consider upgrading via the 'pip install --upgrade pip' command.
Collecting thinc==7.4.0.dev0
  Using cached https://files.pythonhosted.org/packages/f7/8f/e213ae491ed25ef791b44ff15a51912d774e101cbdf2cf8765f29bf0ed20/thinc-7.4.0.dev0-cp38-cp38-manylinux1_x86_64.whl
Collecting srsly<1.1.0,>=0.0.6 (from thinc==7.4.0.dev0)
Collecting numpy>=1.7.0 (from thinc==7.4.0.dev0)
  Using cached https://files.pythonhosted.org/packages/ca/e5/8abad0d947199a7c66995c710fa8c9fb1de0af6239575f9129d75fa4e9ed/numpy-1.20.0-cp38-cp38-manylinux2010_x86_64.whl
Requirement already satisfied: murmurhash<1.1.0,>=0.28.0 in ./env/lib/python3.8/site-packages (from thinc==7.4.0.dev0) (1.0.5)
Collecting catalogue<1.1.0,>=0.0.7 (from thinc==7.4.0.dev0)
  Using cached https://files.pythonhosted.org/packages/6c/f9/9a5658e2f56932e41eb264941f9a2cb7f3ce41a80cb36b2af6ab78e2f8af/catalogue-1.0.0-py2.py3-none-any.whl
Collecting wasabi<1.1.0,>=0.0.9 (from thinc==7.4.0.dev0)
  Using cached https://files.pythonhosted.org/packages/a6/1d/d281571b4c3b20fff183b485c6673c62878727119a849c7932651a8b5060/wasabi-0.8.2-py3-none-any.whl
Collecting blis<0.5.0,>=0.4.0 (from thinc==7.4.0.dev0)
  Using cached https://files.pythonhosted.org/packages/92/6e/7191dafd1f5dca140e9a61a387c114e14fd730dc5953ee1aca8b5ac5600d/blis-0.4.1-cp38-cp38-manylinux1_x86_64.whl
Collecting tqdm<5.0.0,>=4.10.0 (from thinc==7.4.0.dev0)
  Using cached https://files.pythonhosted.org/packages/80/02/8f8880a4fd6625461833abcf679d4c12a44c76f9925f92bf212bb6cefaad/tqdm-4.56.0-py2.py3-none-any.whl
Requirement already satisfied: cymem<2.1.0,>=2.0.2 in ./env/lib/python3.8/site-packages (from thinc==7.4.0.dev0) (2.0.5)
Collecting plac<1.2.0,>=0.9.6 (from thinc==7.4.0.dev0)
  Using cached https://files.pythonhosted.org/packages/86/85/40b8f66c2dd8f4fd9f09d59b22720cffecf1331e788b8a0cab5bafb353d1/plac-1.1.3-py2.py3-none-any.whl
Requirement already satisfied: preshed<3.1.0,>=1.0.1 in ./env/lib/python3.8/site-packages (from thinc==7.4.0.dev0) (3.0.5)
Installing collected packages: srsly, numpy, catalogue, wasabi, blis, tqdm, plac, thinc
Successfully installed blis-0.4.1 catalogue-1.0.0 numpy-1.20.0 plac-1.1.3 srsly-1.0.5 thinc-7.4.0.dev0 tqdm-4.56.0 wasabi-0.8.2
WARNING: You are using pip version 19.2.3, however version 21.0.1 is available.
You should consider upgrading via the 'pip install --upgrade pip' command.
Requirement already satisfied: blis<0.5.0,>=0.4.0 in ./env/lib/python3.8/site-packages (0.4.1)
Requirement already satisfied: numpy>=1.15.0 in ./env/lib/python3.8/site-packages (from blis<0.5.0,>=0.4.0) (1.20.0)
WARNING: You are using pip version 19.2.3, however version 21.0.1 is available.
You should consider upgrading via the 'pip install --upgrade pip' command.
Requirement already satisfied: murmurhash<1.1.0,>=0.28.0 in ./env/lib/python3.8/site-packages (1.0.5)
WARNING: You are using pip version 19.2.3, however version 21.0.1 is available.
You should consider upgrading via the 'pip install --upgrade pip' command.
Requirement already satisfied: wasabi<1.1.0,>=0.4.0 in ./env/lib/python3.8/site-packages (0.8.2)
WARNING: You are using pip version 19.2.3, however version 21.0.1 is available.
You should consider upgrading via the 'pip install --upgrade pip' command.
Requirement already satisfied: srsly<1.1.0,>=0.1.0 in ./env/lib/python3.8/site-packages (1.0.5)
WARNING: You are using pip version 19.2.3, however version 21.0.1 is available.
You should consider upgrading via the 'pip install --upgrade pip' command.
Requirement already satisfied: catalogue<1.1.0,>=0.0.7 in ./env/lib/python3.8/site-packages (1.0.0)
WARNING: You are using pip version 19.2.3, however version 21.0.1 is available.
You should consider upgrading via the 'pip install --upgrade pip' command.
Requirement already satisfied: numpy>=1.15.0 in ./env/lib/python3.8/site-packages (1.20.0)
WARNING: You are using pip version 19.2.3, however version 21.0.1 is available.
You should consider upgrading via the 'pip install --upgrade pip' command.
Collecting requests<3.0.0,>=2.13.0
  Using cached https://files.pythonhosted.org/packages/29/c1/24814557f1d22c56d50280771a17307e6bf87b70727d975fd6b2ce6b014a/requests-2.25.1-py2.py3-none-any.whl
Collecting certifi>=2017.4.17 (from requests<3.0.0,>=2.13.0)
  Using cached https://files.pythonhosted.org/packages/5e/a0/5f06e1e1d463903cf0c0eebeb751791119ed7a4b3737fdc9a77f1cdfb51f/certifi-2020.12.5-py2.py3-none-any.whl
Collecting chardet<5,>=3.0.2 (from requests<3.0.0,>=2.13.0)
  Using cached https://files.pythonhosted.org/packages/19/c7/fa589626997dd07bd87d9269342ccb74b1720384a4d739a1872bd84fbe68/chardet-4.0.0-py2.py3-none-any.whl
Collecting idna<3,>=2.5 (from requests<3.0.0,>=2.13.0)
  Using cached https://files.pythonhosted.org/packages/a2/38/928ddce2273eaa564f6f50de919327bf3a00f091b5baba8dfa9460f3a8a8/idna-2.10-py2.py3-none-any.whl
Collecting urllib3<1.27,>=1.21.1 (from requests<3.0.0,>=2.13.0)
  Using cached https://files.pythonhosted.org/packages/23/fc/8a49991f7905261f9ca9df5aa9b58363c3c821ce3e7f671895442b7100f2/urllib3-1.26.3-py2.py3-none-any.whl
Installing collected packages: certifi, chardet, idna, urllib3, requests
Successfully installed certifi-2020.12.5 chardet-4.0.0 idna-2.10 requests-2.25.1 urllib3-1.26.3
WARNING: You are using pip version 19.2.3, however version 21.0.1 is available.
You should consider upgrading via the 'pip install --upgrade pip' command.
Requirement already satisfied: plac<1.2.0,>=0.9.6 in ./env/lib/python3.8/site-packages (1.1.3)
WARNING: You are using pip version 19.2.3, however version 21.0.1 is available.
You should consider upgrading via the 'pip install --upgrade pip' command.
Collecting pathlib==1.0.1
Installing collected packages: pathlib
Successfully installed pathlib-1.0.1
WARNING: You are using pip version 19.2.3, however version 21.0.1 is available.
You should consider upgrading via the 'pip install --upgrade pip' command.
Collecting python_version
  Using cached https://files.pythonhosted.org/packages/a8/e3/06841b7e2b5dab99f6e5ece60db926ce35b9cf351da87ecaf2d75e5d9009/python_version-0.0.2-py2.py3-none-any.whl
Installing collected packages: python-version
Successfully installed python-version-0.0.2
WARNING: You are using pip version 19.2.3, however version 21.0.1 is available.
You should consider upgrading via the 'pip install --upgrade pip' command.
ERROR: Invalid requirement: '<'
WARNING: You are using pip version 19.2.3, however version 21.0.1 is available.
You should consider upgrading via the 'pip install --upgrade pip' command.
Collecting 3.4
  ERROR: Could not find a version that satisfies the requirement 3.4 (from versions: none)
ERROR: No matching distribution found for 3.4
WARNING: You are using pip version 19.2.3, however version 21.0.1 is available.
You should consider upgrading via the 'pip install --upgrade pip' command.
Requirement already satisfied: tqdm<5.0.0,>=4.38.0 in ./env/lib/python3.8/site-packages (4.56.0)
WARNING: You are using pip version 19.2.3, however version 21.0.1 is available.
You should consider upgrading via the 'pip install --upgrade pip' command.
Collecting jsonschema<3.1.0,>=2.6.0
  Using cached https://files.pythonhosted.org/packages/54/48/f5f11003ceddcd4ad292d4d9b5677588e9169eef41f88e38b2888e7ec6c4/jsonschema-3.0.2-py2.py3-none-any.whl
Collecting attrs>=17.4.0 (from jsonschema<3.1.0,>=2.6.0)
  Using cached https://files.pythonhosted.org/packages/c3/aa/cb45262569fcc047bf070b5de61813724d6726db83259222cd7b4c79821a/attrs-20.3.0-py2.py3-none-any.whl
Collecting pyrsistent>=0.14.0 (from jsonschema<3.1.0,>=2.6.0)
  Using cached https://files.pythonhosted.org/packages/4d/70/fd441df751ba8b620e03fd2d2d9ca902103119616f0f6cc42e6405035062/pyrsistent-0.17.3.tar.gz
Requirement already satisfied: setuptools in ./env/lib/python3.8/site-packages (from jsonschema<3.1.0,>=2.6.0) (41.2.0)
Collecting six>=1.11.0 (from jsonschema<3.1.0,>=2.6.0)
  Using cached https://files.pythonhosted.org/packages/ee/ff/48bde5c0f013094d729fe4b0316ba2a24774b3ff1c52d924a8a4cb04078a/six-1.15.0-py2.py3-none-any.whl
Installing collected packages: attrs, pyrsistent, six, jsonschema
  Running setup.py install for pyrsistent: started
    Running setup.py install for pyrsistent: finished with status 'done'
Successfully installed attrs-20.3.0 jsonschema-3.0.2 pyrsistent-0.17.3 six-1.15.0
WARNING: You are using pip version 19.2.3, however version 21.0.1 is available.
You should consider upgrading via the 'pip install --upgrade pip' command.
Collecting cython>=0.25
  Using cached https://files.pythonhosted.org/packages/9f/05/959e78f2aeade1c9e85a7adc4c376f454ecaeb4cb6b079ca7a85684b69c1/Cython-0.29.21-cp38-cp38-manylinux1_x86_64.whl
Installing collected packages: cython
Successfully installed cython-0.29.21
WARNING: You are using pip version 19.2.3, however version 21.0.1 is available.
You should consider upgrading via the 'pip install --upgrade pip' command.
Collecting pytest>=4.6.5
  Using cached https://files.pythonhosted.org/packages/a1/cf/7f67585bd2fc0359ec482cf3c430bce3ef6d3f40bc468137225a733e3069/pytest-6.2.2-py3-none-any.whl
Collecting toml (from pytest>=4.6.5)
  Using cached https://files.pythonhosted.org/packages/44/6f/7120676b6d73228c96e17f1f794d8ab046fc910d781c8d151120c3f1569e/toml-0.10.2-py2.py3-none-any.whl
Collecting pluggy<1.0.0a1,>=0.12 (from pytest>=4.6.5)
  Using cached https://files.pythonhosted.org/packages/a0/28/85c7aa31b80d150b772fbe4a229487bc6644da9ccb7e427dd8cc60cb8a62/pluggy-0.13.1-py2.py3-none-any.whl
Requirement already satisfied: attrs>=19.2.0 in ./env/lib/python3.8/site-packages (from pytest>=4.6.5) (20.3.0)
Collecting py>=1.8.2 (from pytest>=4.6.5)
  Using cached https://files.pythonhosted.org/packages/67/32/6fe01cfc3d1a27c92fdbcdfc3f67856da8cbadf0dd9f2e18055202b2dc62/py-1.10.0-py2.py3-none-any.whl
Collecting iniconfig (from pytest>=4.6.5)
  Using cached https://files.pythonhosted.org/packages/9b/dd/b3c12c6d707058fa947864b67f0c4e0c39ef8610988d7baea9578f3c48f3/iniconfig-1.1.1-py2.py3-none-any.whl
Collecting packaging (from pytest>=4.6.5)
  Using cached https://files.pythonhosted.org/packages/3e/89/7ea760b4daa42653ece2380531c90f64788d979110a2ab51049d92f408af/packaging-20.9-py2.py3-none-any.whl
Collecting pyparsing>=2.0.2 (from packaging->pytest>=4.6.5)
  Using cached https://files.pythonhosted.org/packages/8a/bb/488841f56197b13700afd5658fc279a2025a39e22449b7cf29864669b15d/pyparsing-2.4.7-py2.py3-none-any.whl
Installing collected packages: toml, pluggy, py, iniconfig, pyparsing, packaging, pytest
Successfully installed iniconfig-1.1.1 packaging-20.9 pluggy-0.13.1 py-1.10.0 pyparsing-2.4.7 pytest-6.2.2 toml-0.10.2
WARNING: You are using pip version 19.2.3, however version 21.0.1 is available.
You should consider upgrading via the 'pip install --upgrade pip' command.
Collecting pytest-timeout<2.0.0,>=1.3.0
  Using cached https://files.pythonhosted.org/packages/46/df/97cc0b5b8b53da0e265acd0aeecfc0c279e950a029acd2d7b4e54b00b25f/pytest_timeout-1.4.2-py2.py3-none-any.whl
Requirement already satisfied: pytest>=3.6.0 in ./env/lib/python3.8/site-packages (from pytest-timeout<2.0.0,>=1.3.0) (6.2.2)
Requirement already satisfied: toml in ./env/lib/python3.8/site-packages (from pytest>=3.6.0->pytest-timeout<2.0.0,>=1.3.0) (0.10.2)
Requirement already satisfied: pluggy<1.0.0a1,>=0.12 in ./env/lib/python3.8/site-packages (from pytest>=3.6.0->pytest-timeout<2.0.0,>=1.3.0) (0.13.1)
Requirement already satisfied: iniconfig in ./env/lib/python3.8/site-packages (from pytest>=3.6.0->pytest-timeout<2.0.0,>=1.3.0) (1.1.1)
Requirement already satisfied: py>=1.8.2 in ./env/lib/python3.8/site-packages (from pytest>=3.6.0->pytest-timeout<2.0.0,>=1.3.0) (1.10.0)
Requirement already satisfied: packaging in ./env/lib/python3.8/site-packages (from pytest>=3.6.0->pytest-timeout<2.0.0,>=1.3.0) (20.9)
Requirement already satisfied: attrs>=19.2.0 in ./env/lib/python3.8/site-packages (from pytest>=3.6.0->pytest-timeout<2.0.0,>=1.3.0) (20.3.0)
Requirement already satisfied: pyparsing>=2.0.2 in ./env/lib/python3.8/site-packages (from packaging->pytest>=3.6.0->pytest-timeout<2.0.0,>=1.3.0) (2.4.7)
Installing collected packages: pytest-timeout
Successfully installed pytest-timeout-1.4.2
WARNING: You are using pip version 19.2.3, however version 21.0.1 is available.
You should consider upgrading via the 'pip install --upgrade pip' command.
Collecting mock<3.0.0,>=2.0.0
  Using cached https://files.pythonhosted.org/packages/e6/35/f187bdf23be87092bd0f1200d43d23076cee4d0dec109f195173fd3ebc79/mock-2.0.0-py2.py3-none-any.whl
Requirement already satisfied: six>=1.9 in ./env/lib/python3.8/site-packages (from mock<3.0.0,>=2.0.0) (1.15.0)
Collecting pbr>=0.11 (from mock<3.0.0,>=2.0.0)
  Using cached https://files.pythonhosted.org/packages/fb/48/69046506f6ac61c1eaa9a0d42d22d54673b69e176d30ca98e3f61513e980/pbr-5.5.1-py2.py3-none-any.whl
Installing collected packages: pbr, mock
Successfully installed mock-2.0.0 pbr-5.5.1
WARNING: You are using pip version 19.2.3, however version 21.0.1 is available.
You should consider upgrading via the 'pip install --upgrade pip' command.
Collecting flake8<3.6.0,>=3.5.0
  Using cached https://files.pythonhosted.org/packages/b9/dc/14e9d94c770b8c4ef584e906c7583e74864786a58d47de101f2767d50c0b/flake8-3.5.0-py2.py3-none-any.whl
Collecting pycodestyle<2.4.0,>=2.0.0 (from flake8<3.6.0,>=3.5.0)
  Using cached https://files.pythonhosted.org/packages/e4/81/78fe51eb4038d1388b7217dd63770b0f428370207125047312886c923b26/pycodestyle-2.3.1-py2.py3-none-any.whl
Collecting pyflakes<1.7.0,>=1.5.0 (from flake8<3.6.0,>=3.5.0)
  Using cached https://files.pythonhosted.org/packages/d7/40/733bcc64da3161ae4122c11e88269f276358ca29335468005cb0ee538665/pyflakes-1.6.0-py2.py3-none-any.whl
Collecting mccabe<0.7.0,>=0.6.0 (from flake8<3.6.0,>=3.5.0)
  Using cached https://files.pythonhosted.org/packages/87/89/479dc97e18549e21354893e4ee4ef36db1d237534982482c3681ee6e7b57/mccabe-0.6.1-py2.py3-none-any.whl
Installing collected packages: pycodestyle, pyflakes, mccabe, flake8
Successfully installed flake8-3.5.0 mccabe-0.6.1 pycodestyle-2.3.1 pyflakes-1.6.0
WARNING: You are using pip version 19.2.3, however version 21.0.1 is available.
You should consider upgrading via the 'pip install --upgrade pip' command.
Ignoring pathlib: markers 'python_version < "3.4"' don't match your environment
Requirement already satisfied: cymem<2.1.0,>=2.0.2 in ./env/lib/python3.8/site-packages (from -r requirements.txt (line 2)) (2.0.5)
Requirement already satisfied: preshed<3.1.0,>=3.0.2 in ./env/lib/python3.8/site-packages (from -r requirements.txt (line 3)) (3.0.5)
Requirement already satisfied: thinc==7.4.0.dev0 in ./env/lib/python3.8/site-packages (from -r requirements.txt (line 4)) (7.4.0.dev0)
Requirement already satisfied: blis<0.5.0,>=0.4.0 in ./env/lib/python3.8/site-packages (from -r requirements.txt (line 5)) (0.4.1)
Requirement already satisfied: murmurhash<1.1.0,>=0.28.0 in ./env/lib/python3.8/site-packages (from -r requirements.txt (line 6)) (1.0.5)
Requirement already satisfied: wasabi<1.1.0,>=0.4.0 in ./env/lib/python3.8/site-packages (from -r requirements.txt (line 7)) (0.8.2)
Requirement already satisfied: srsly<1.1.0,>=0.1.0 in ./env/lib/python3.8/site-packages (from -r requirements.txt (line 8)) (1.0.5)
Requirement already satisfied: catalogue<1.1.0,>=0.0.7 in ./env/lib/python3.8/site-packages (from -r requirements.txt (line 9)) (1.0.0)
Requirement already satisfied: numpy>=1.15.0 in ./env/lib/python3.8/site-packages (from -r requirements.txt (line 11)) (1.20.0)
Requirement already satisfied: requests<3.0.0,>=2.13.0 in ./env/lib/python3.8/site-packages (from -r requirements.txt (line 12)) (2.25.1)
Requirement already satisfied: plac<1.2.0,>=0.9.6 in ./env/lib/python3.8/site-packages (from -r requirements.txt (line 13)) (1.1.3)
Requirement already satisfied: tqdm<5.0.0,>=4.38.0 in ./env/lib/python3.8/site-packages (from -r requirements.txt (line 15)) (4.56.0)
Requirement already satisfied: jsonschema<3.1.0,>=2.6.0 in ./env/lib/python3.8/site-packages (from -r requirements.txt (line 17)) (3.0.2)
Requirement already satisfied: cython>=0.25 in ./env/lib/python3.8/site-packages (from -r requirements.txt (line 19)) (0.29.21)
Requirement already satisfied: pytest>=4.6.5 in ./env/lib/python3.8/site-packages (from -r requirements.txt (line 20)) (6.2.2)
Requirement already satisfied: pytest-timeout<2.0.0,>=1.3.0 in ./env/lib/python3.8/site-packages (from -r requirements.txt (line 21)) (1.4.2)
Requirement already satisfied: mock<3.0.0,>=2.0.0 in ./env/lib/python3.8/site-packages (from -r requirements.txt (line 22)) (2.0.0)
Requirement already satisfied: flake8<3.6.0,>=3.5.0 in ./env/lib/python3.8/site-packages (from -r requirements.txt (line 23)) (3.5.0)
Requirement already satisfied: idna<3,>=2.5 in ./env/lib/python3.8/site-packages (from requests<3.0.0,>=2.13.0->-r requirements.txt (line 12)) (2.10)
Requirement already satisfied: chardet<5,>=3.0.2 in ./env/lib/python3.8/site-packages (from requests<3.0.0,>=2.13.0->-r requirements.txt (line 12)) (4.0.0)
Requirement already satisfied: urllib3<1.27,>=1.21.1 in ./env/lib/python3.8/site-packages (from requests<3.0.0,>=2.13.0->-r requirements.txt (line 12)) (1.26.3)
Requirement already satisfied: certifi>=2017.4.17 in ./env/lib/python3.8/site-packages (from requests<3.0.0,>=2.13.0->-r requirements.txt (line 12)) (2020.12.5)
Requirement already satisfied: attrs>=17.4.0 in ./env/lib/python3.8/site-packages (from jsonschema<3.1.0,>=2.6.0->-r requirements.txt (line 17)) (20.3.0)
Requirement already satisfied: pyrsistent>=0.14.0 in ./env/lib/python3.8/site-packages (from jsonschema<3.1.0,>=2.6.0->-r requirements.txt (line 17)) (0.17.3)
Requirement already satisfied: six>=1.11.0 in ./env/lib/python3.8/site-packages (from jsonschema<3.1.0,>=2.6.0->-r requirements.txt (line 17)) (1.15.0)
Requirement already satisfied: setuptools in ./env/lib/python3.8/site-packages (from jsonschema<3.1.0,>=2.6.0->-r requirements.txt (line 17)) (41.2.0)
Requirement already satisfied: iniconfig in ./env/lib/python3.8/site-packages (from pytest>=4.6.5->-r requirements.txt (line 20)) (1.1.1)
Requirement already satisfied: toml in ./env/lib/python3.8/site-packages (from pytest>=4.6.5->-r requirements.txt (line 20)) (0.10.2)
Requirement already satisfied: packaging in ./env/lib/python3.8/site-packages (from pytest>=4.6.5->-r requirements.txt (line 20)) (20.9)
Requirement already satisfied: pluggy<1.0.0a1,>=0.12 in ./env/lib/python3.8/site-packages (from pytest>=4.6.5->-r requirements.txt (line 20)) (0.13.1)
Requirement already satisfied: py>=1.8.2 in ./env/lib/python3.8/site-packages (from pytest>=4.6.5->-r requirements.txt (line 20)) (1.10.0)
Requirement already satisfied: pbr>=0.11 in ./env/lib/python3.8/site-packages (from mock<3.0.0,>=2.0.0->-r requirements.txt (line 22)) (5.5.1)
Requirement already satisfied: pycodestyle<2.4.0,>=2.0.0 in ./env/lib/python3.8/site-packages (from flake8<3.6.0,>=3.5.0->-r requirements.txt (line 23)) (2.3.1)
Requirement already satisfied: mccabe<0.7.0,>=0.6.0 in ./env/lib/python3.8/site-packages (from flake8<3.6.0,>=3.5.0->-r requirements.txt (line 23)) (0.6.1)
Requirement already satisfied: pyflakes<1.7.0,>=1.5.0 in ./env/lib/python3.8/site-packages (from flake8<3.6.0,>=3.5.0->-r requirements.txt (line 23)) (1.6.0)
Requirement already satisfied: pyparsing>=2.0.2 in ./env/lib/python3.8/site-packages (from packaging->pytest>=4.6.5->-r requirements.txt (line 20)) (2.4.7)
WARNING: You are using pip version 19.2.3, however version 21.0.1 is available.
You should consider upgrading via the 'pip install --upgrade pip' command.
Cythonizing sources
running build_ext
Requirement already satisfied: cymem<2.1.0,>=2.0.2 in ./env/lib/python3.8/site-packages (2.0.5)
WARNING: You are using pip version 19.2.3, however version 21.0.1 is available.
You should consider upgrading via the 'pip install --upgrade pip' command.
Requirement already satisfied: preshed<3.1.0,>=3.0.2 in ./env/lib/python3.8/site-packages (3.0.5)
Requirement already satisfied: murmurhash<1.1.0,>=0.28.0 in ./env/lib/python3.8/site-packages (from preshed<3.1.0,>=3.0.2) (1.0.5)
Requirement already satisfied: cymem<2.1.0,>=2.0.2 in ./env/lib/python3.8/site-packages (from preshed<3.1.0,>=3.0.2) (2.0.5)
WARNING: You are using pip version 19.2.3, however version 21.0.1 is available.
You should consider upgrading via the 'pip install --upgrade pip' command.
Requirement already satisfied: thinc==7.4.0.dev0 in ./env/lib/python3.8/site-packages (7.4.0.dev0)
Requirement already satisfied: srsly<1.1.0,>=0.0.6 in ./env/lib/python3.8/site-packages (from thinc==7.4.0.dev0) (1.0.5)
Requirement already satisfied: catalogue<1.1.0,>=0.0.7 in ./env/lib/python3.8/site-packages (from thinc==7.4.0.dev0) (1.0.0)
Requirement already satisfied: wasabi<1.1.0,>=0.0.9 in ./env/lib/python3.8/site-packages (from thinc==7.4.0.dev0) (0.8.2)
Requirement already satisfied: blis<0.5.0,>=0.4.0 in ./env/lib/python3.8/site-packages (from thinc==7.4.0.dev0) (0.4.1)
Requirement already satisfied: tqdm<5.0.0,>=4.10.0 in ./env/lib/python3.8/site-packages (from thinc==7.4.0.dev0) (4.56.0)
Requirement already satisfied: cymem<2.1.0,>=2.0.2 in ./env/lib/python3.8/site-packages (from thinc==7.4.0.dev0) (2.0.5)
Requirement already satisfied: numpy>=1.7.0 in ./env/lib/python3.8/site-packages (from thinc==7.4.0.dev0) (1.20.0)
Requirement already satisfied: plac<1.2.0,>=0.9.6 in ./env/lib/python3.8/site-packages (from thinc==7.4.0.dev0) (1.1.3)
Requirement already satisfied: preshed<3.1.0,>=1.0.1 in ./env/lib/python3.8/site-packages (from thinc==7.4.0.dev0) (3.0.5)
Requirement already satisfied: murmurhash<1.1.0,>=0.28.0 in ./env/lib/python3.8/site-packages (from thinc==7.4.0.dev0) (1.0.5)
WARNING: You are using pip version 19.2.3, however version 21.0.1 is available.
You should consider upgrading via the 'pip install --upgrade pip' command.
Requirement already satisfied: blis<0.5.0,>=0.4.0 in ./env/lib/python3.8/site-packages (0.4.1)
Requirement already satisfied: numpy>=1.15.0 in ./env/lib/python3.8/site-packages (from blis<0.5.0,>=0.4.0) (1.20.0)
WARNING: You are using pip version 19.2.3, however version 21.0.1 is available.
You should consider upgrading via the 'pip install --upgrade pip' command.
Requirement already satisfied: murmurhash<1.1.0,>=0.28.0 in ./env/lib/python3.8/site-packages (1.0.5)
WARNING: You are using pip version 19.2.3, however version 21.0.1 is available.
You should consider upgrading via the 'pip install --upgrade pip' command.
Requirement already satisfied: wasabi<1.1.0,>=0.4.0 in ./env/lib/python3.8/site-packages (0.8.2)
WARNING: You are using pip version 19.2.3, however version 21.0.1 is available.
You should consider upgrading via the 'pip install --upgrade pip' command.
Requirement already satisfied: srsly<1.1.0,>=0.1.0 in ./env/lib/python3.8/site-packages (1.0.5)
WARNING: You are using pip version 19.2.3, however version 21.0.1 is available.
You should consider upgrading via the 'pip install --upgrade pip' command.
Requirement already satisfied: catalogue<1.1.0,>=0.0.7 in ./env/lib/python3.8/site-packages (1.0.0)
WARNING: You are using pip version 19.2.3, however version 21.0.1 is available.
You should consider upgrading via the 'pip install --upgrade pip' command.
Requirement already satisfied: numpy>=1.15.0 in ./env/lib/python3.8/site-packages (1.20.0)
WARNING: You are using pip version 19.2.3, however version 21.0.1 is available.
You should consider upgrading via the 'pip install --upgrade pip' command.
Requirement already satisfied: requests<3.0.0,>=2.13.0 in ./env/lib/python3.8/site-packages (2.25.1)
Requirement already satisfied: certifi>=2017.4.17 in ./env/lib/python3.8/site-packages (from requests<3.0.0,>=2.13.0) (2020.12.5)
Requirement already satisfied: urllib3<1.27,>=1.21.1 in ./env/lib/python3.8/site-packages (from requests<3.0.0,>=2.13.0) (1.26.3)
Requirement already satisfied: idna<3,>=2.5 in ./env/lib/python3.8/site-packages (from requests<3.0.0,>=2.13.0) (2.10)
Requirement already satisfied: chardet<5,>=3.0.2 in ./env/lib/python3.8/site-packages (from requests<3.0.0,>=2.13.0) (4.0.0)
WARNING: You are using pip version 19.2.3, however version 21.0.1 is available.
You should consider upgrading via the 'pip install --upgrade pip' command.
Requirement already satisfied: plac<1.2.0,>=0.9.6 in ./env/lib/python3.8/site-packages (1.1.3)
WARNING: You are using pip version 19.2.3, however version 21.0.1 is available.
You should consider upgrading via the 'pip install --upgrade pip' command.
Requirement already satisfied: pathlib==1.0.1 in ./env/lib/python3.8/site-packages (1.0.1)
WARNING: You are using pip version 19.2.3, however version 21.0.1 is available.
You should consider upgrading via the 'pip install --upgrade pip' command.
Requirement already satisfied: python_version in ./env/lib/python3.8/site-packages (0.0.2)
WARNING: You are using pip version 19.2.3, however version 21.0.1 is available.
You should consider upgrading via the 'pip install --upgrade pip' command.
ERROR: Invalid requirement: '<'
WARNING: You are using pip version 19.2.3, however version 21.0.1 is available.
You should consider upgrading via the 'pip install --upgrade pip' command.
Collecting 3.4
  ERROR: Could not find a version that satisfies the requirement 3.4 (from versions: none)
ERROR: No matching distribution found for 3.4
WARNING: You are using pip version 19.2.3, however version 21.0.1 is available.
You should consider upgrading via the 'pip install --upgrade pip' command.
Requirement already satisfied: tqdm<5.0.0,>=4.38.0 in ./env/lib/python3.8/site-packages (4.56.0)
WARNING: You are using pip version 19.2.3, however version 21.0.1 is available.
You should consider upgrading via the 'pip install --upgrade pip' command.
Requirement already satisfied: jsonschema<3.1.0,>=2.6.0 in ./env/lib/python3.8/site-packages (3.0.2)
Requirement already satisfied: attrs>=17.4.0 in ./env/lib/python3.8/site-packages (from jsonschema<3.1.0,>=2.6.0) (20.3.0)
Requirement already satisfied: pyrsistent>=0.14.0 in ./env/lib/python3.8/site-packages (from jsonschema<3.1.0,>=2.6.0) (0.17.3)
Requirement already satisfied: setuptools in ./env/lib/python3.8/site-packages (from jsonschema<3.1.0,>=2.6.0) (41.2.0)
Requirement already satisfied: six>=1.11.0 in ./env/lib/python3.8/site-packages (from jsonschema<3.1.0,>=2.6.0) (1.15.0)
WARNING: You are using pip version 19.2.3, however version 21.0.1 is available.
You should consider upgrading via the 'pip install --upgrade pip' command.
Requirement already satisfied: cython>=0.25 in ./env/lib/python3.8/site-packages (0.29.21)
WARNING: You are using pip version 19.2.3, however version 21.0.1 is available.
You should consider upgrading via the 'pip install --upgrade pip' command.
Requirement already satisfied: pytest>=4.6.5 in ./env/lib/python3.8/site-packages (6.2.2)
Requirement already satisfied: packaging in ./env/lib/python3.8/site-packages (from pytest>=4.6.5) (20.9)
Requirement already satisfied: pluggy<1.0.0a1,>=0.12 in ./env/lib/python3.8/site-packages (from pytest>=4.6.5) (0.13.1)
Requirement already satisfied: attrs>=19.2.0 in ./env/lib/python3.8/site-packages (from pytest>=4.6.5) (20.3.0)
Requirement already satisfied: iniconfig in ./env/lib/python3.8/site-packages (from pytest>=4.6.5) (1.1.1)
Requirement already satisfied: py>=1.8.2 in ./env/lib/python3.8/site-packages (from pytest>=4.6.5) (1.10.0)
Requirement already satisfied: toml in ./env/lib/python3.8/site-packages (from pytest>=4.6.5) (0.10.2)
Requirement already satisfied: pyparsing>=2.0.2 in ./env/lib/python3.8/site-packages (from packaging->pytest>=4.6.5) (2.4.7)
WARNING: You are using pip version 19.2.3, however version 21.0.1 is available.
You should consider upgrading via the 'pip install --upgrade pip' command.
Requirement already satisfied: pytest-timeout<2.0.0,>=1.3.0 in ./env/lib/python3.8/site-packages (1.4.2)
Requirement already satisfied: pytest>=3.6.0 in ./env/lib/python3.8/site-packages (from pytest-timeout<2.0.0,>=1.3.0) (6.2.2)
Requirement already satisfied: toml in ./env/lib/python3.8/site-packages (from pytest>=3.6.0->pytest-timeout<2.0.0,>=1.3.0) (0.10.2)
Requirement already satisfied: py>=1.8.2 in ./env/lib/python3.8/site-packages (from pytest>=3.6.0->pytest-timeout<2.0.0,>=1.3.0) (1.10.0)
Requirement already satisfied: pluggy<1.0.0a1,>=0.12 in ./env/lib/python3.8/site-packages (from pytest>=3.6.0->pytest-timeout<2.0.0,>=1.3.0) (0.13.1)
Requirement already satisfied: attrs>=19.2.0 in ./env/lib/python3.8/site-packages (from pytest>=3.6.0->pytest-timeout<2.0.0,>=1.3.0) (20.3.0)
Requirement already satisfied: iniconfig in ./env/lib/python3.8/site-packages (from pytest>=3.6.0->pytest-timeout<2.0.0,>=1.3.0) (1.1.1)
Requirement already satisfied: packaging in ./env/lib/python3.8/site-packages (from pytest>=3.6.0->pytest-timeout<2.0.0,>=1.3.0) (20.9)
Requirement already satisfied: pyparsing>=2.0.2 in ./env/lib/python3.8/site-packages (from packaging->pytest>=3.6.0->pytest-timeout<2.0.0,>=1.3.0) (2.4.7)
WARNING: You are using pip version 19.2.3, however version 21.0.1 is available.
You should consider upgrading via the 'pip install --upgrade pip' command.
Requirement already satisfied: mock<3.0.0,>=2.0.0 in ./env/lib/python3.8/site-packages (2.0.0)
Requirement already satisfied: six>=1.9 in ./env/lib/python3.8/site-packages (from mock<3.0.0,>=2.0.0) (1.15.0)
Requirement already satisfied: pbr>=0.11 in ./env/lib/python3.8/site-packages (from mock<3.0.0,>=2.0.0) (5.5.1)
WARNING: You are using pip version 19.2.3, however version 21.0.1 is available.
You should consider upgrading via the 'pip install --upgrade pip' command.
Requirement already satisfied: flake8<3.6.0,>=3.5.0 in ./env/lib/python3.8/site-packages (3.5.0)
Requirement already satisfied: pycodestyle<2.4.0,>=2.0.0 in ./env/lib/python3.8/site-packages (from flake8<3.6.0,>=3.5.0) (2.3.1)
Requirement already satisfied: mccabe<0.7.0,>=0.6.0 in ./env/lib/python3.8/site-packages (from flake8<3.6.0,>=3.5.0) (0.6.1)
Requirement already satisfied: pyflakes<1.7.0,>=1.5.0 in ./env/lib/python3.8/site-packages (from flake8<3.6.0,>=3.5.0) (1.6.0)
WARNING: You are using pip version 19.2.3, however version 21.0.1 is available.
You should consider upgrading via the 'pip install --upgrade pip' command.
py.test spacy/tests/regression/test_issue4665.py::test_issue4665
RUN EVERY COMMAND
0


============================= test session starts ==============================
platform linux -- Python 3.8.1, pytest-6.2.2, py-1.10.0, pluggy-0.13.1
rootdir: /home/sumukher/evals/BugsInPy/framework/bin/temp/spacy, configfile: setup.cfg
plugins: timeout-1.4.2
collected 1 item

spacy/tests/regression/test_issue4665.py .                               [100%]

============================== 1 passed in 0.01s ===============================
