PROJECT_NAME: tornado
BUG_ID: 12
VERSION_ID: 1
WORK_DIR: /home/sumukher/evals/BugsInPy/framework/bin/temp
https://github.com/tornadoweb/tornado
github_url="https://github.com/tornadoweb/tornado"
status="OK"
fatal: destination path '/home/sumukher/evals/BugsInPy/framework/bin/temp/tornado' already exists and is not an empty directory.
HEAD is now at 301f52b5 Fix a regression in FacebookGraphMixin in the 4.3 dev series.
'/home/sumukher/evals/BugsInPy/framework/bin/temp/tornado/tornado/auth.py' -> '/home/sumukher/evals/BugsInPy/projects/tornado/bugs/12/auth.py'
'/home/sumukher/evals/BugsInPy/framework/bin/temp/tornado/tornado/test/auth_test.py' -> '/home/sumukher/evals/BugsInPy/projects/tornado/bugs/12/auth_test.py'
'/home/sumukher/evals/BugsInPy/framework/bin/temp/tornado/tornado/test/auth_test.py' -> '/home/sumukher/evals/BugsInPy/projects/tornado/bugs/12/auth_test.py'
HEAD is now at 4ee9ba94 Update next-release notes.
Removing bugsinpy_bug.info
Removing bugsinpy_compile_flag
Removing bugsinpy_patchfile.info
Removing bugsinpy_requirements.txt
Removing bugsinpy_run_test.sh
Removing bugsinpy_setup.sh
pip install unittest
pip install python-gettext
pip install tornado
dos2unix: converting file /home/sumukher/evals/BugsInPy/framework/bin/temp/tornado/bugsinpy_requirements.txt to Unix format...
Collecting unittest
  ERROR: Could not find a version that satisfies the requirement unittest (from versions: none)
ERROR: No matching distribution found for unittest
WARNING: You are using pip version 19.2.3, however version 21.0.1 is available.
You should consider upgrading via the 'pip install --upgrade pip' command.
Collecting python-gettext
  Using cached https://files.pythonhosted.org/packages/86/64/1475ff167cf6e6b6f9e50973900011cb53be8260010e3d016ad3778c4565/python-gettext-4.0.tar.gz
Installing collected packages: python-gettext
  Running setup.py install for python-gettext: started
    Running setup.py install for python-gettext: finished with status 'done'
Successfully installed python-gettext-4.0
WARNING: You are using pip version 19.2.3, however version 21.0.1 is available.
You should consider upgrading via the 'pip install --upgrade pip' command.
Collecting tornado
  Using cached https://files.pythonhosted.org/packages/7a/4a/4fafa6f032f9e202ce5bc1becacef5588a34fd0f0539fdcc705fa2b5ca4a/tornado-6.1-cp38-cp38-manylinux2010_x86_64.whl
Installing collected packages: tornado
Successfully installed tornado-6.1
WARNING: You are using pip version 19.2.3, however version 21.0.1 is available.
You should consider upgrading via the 'pip install --upgrade pip' command.
python -m unittest -q tornado.test.auth_test.AuthTest.test_facebook_login
RUN EVERY COMMAND
0


----------------------------------------------------------------------
Ran 1 test in 0.016s

OK
