PROJECT_NAME: tornado
BUG_ID: 6
VERSION_ID: 1
WORK_DIR: /home/sumukher/evals/BugsInPy/framework/bin/temp
https://github.com/tornadoweb/tornado
github_url="https://github.com/tornadoweb/tornado"
status="OK"
fatal: destination path '/home/sumukher/evals/BugsInPy/framework/bin/temp/tornado' already exists and is not an empty directory.
HEAD is now at 2905ee4f asyncio: Fix a leak when event loops are created and destroyed
'/home/sumukher/evals/BugsInPy/framework/bin/temp/tornado/tornado/ioloop.py' -> '/home/sumukher/evals/BugsInPy/projects/tornado/bugs/6/ioloop.py'
'/home/sumukher/evals/BugsInPy/framework/bin/temp/tornado/tornado/platform/asyncio.py' -> '/home/sumukher/evals/BugsInPy/projects/tornado/bugs/6/asyncio.py'
'/home/sumukher/evals/BugsInPy/framework/bin/temp/tornado/tornado/test/asyncio_test.py' -> '/home/sumukher/evals/BugsInPy/projects/tornado/bugs/6/asyncio_test.py'
'/home/sumukher/evals/BugsInPy/framework/bin/temp/tornado/tornado/test/asyncio_test.py' -> '/home/sumukher/evals/BugsInPy/projects/tornado/bugs/6/asyncio_test.py'
HEAD is now at fb74e481 Merge pull request #2319 from bdarnell/gen-deprecation
Removing bugsinpy_bug.info
Removing bugsinpy_compile_flag
Removing bugsinpy_patchfile.info
Removing bugsinpy_requirements.txt
Removing bugsinpy_run_test.sh
Removing bugsinpy_setup.sh
pip install unittest
pip install python-gettext
dos2unix: converting file /home/sumukher/evals/BugsInPy/framework/bin/temp/tornado/bugsinpy_requirements.txt to Unix format...
Collecting tornado==6.0.4
  Using cached https://files.pythonhosted.org/packages/95/84/119a46d494f008969bf0c775cb2c6b3579d3c4cc1bb1b41a022aa93ee242/tornado-6.0.4.tar.gz
Installing collected packages: tornado
  Running setup.py install for tornado: started
    Running setup.py install for tornado: finished with status 'done'
Successfully installed tornado-6.0.4
WARNING: You are using pip version 19.2.3, however version 21.0.1 is available.
You should consider upgrading via the 'pip install --upgrade pip' command.
Collecting unittest
  ERROR: Could not find a version that satisfies the requirement unittest (from versions: none)
ERROR: No matching distribution found for unittest
WARNING: You are using pip version 19.2.3, however version 21.0.1 is available.
You should consider upgrading via the 'pip install --upgrade pip' command.
Collecting python-gettext
  Using cached https://files.pythonhosted.org/packages/86/64/1475ff167cf6e6b6f9e50973900011cb53be8260010e3d016ad3778c4565/python-gettext-4.0.tar.gz
Installing collected packages: python-gettext
  Running setup.py install for python-gettext: started
    Running setup.py install for python-gettext: finished with status 'done'
Successfully installed python-gettext-4.0
WARNING: You are using pip version 19.2.3, however version 21.0.1 is available.
You should consider upgrading via the 'pip install --upgrade pip' command.
Requirement already satisfied: tornado==6.0.4 in ./env/lib/python3.8/site-packages (6.0.4)
WARNING: You are using pip version 19.2.3, however version 21.0.1 is available.
You should consider upgrading via the 'pip install --upgrade pip' command.
python -m unittest -q tornado.test.asyncio_test.LeakTest.test_ioloop_close_leak
python -m unittest -q tornado.test.asyncio_test.LeakTest.test_asyncio_close_leak
RUN EVERY COMMAND
0


----------------------------------------------------------------------
Ran 1 test in 0.002s

OK
RUN EVERY COMMAND
1
python -m unittest -q tornado.test.asyncio_test.LeakTest.test_ioloop_close_leak

----------------------------------------------------------------------
Ran 1 test in 0.001s

OK
