PROJECT_NAME: tornado
BUG_ID: 16
VERSION_ID: 1
WORK_DIR: /home/sumukher/evals/BugsInPy/framework/bin/temp
https://github.com/tornadoweb/tornado
github_url="https://github.com/tornadoweb/tornado"
status="OK"
fatal: destination path '/home/sumukher/evals/BugsInPy/framework/bin/temp/tornado' already exists and is not an empty directory.
HEAD is now at d1676810 Fix WaitIterator when no hard reference is kept.
'/home/sumukher/evals/BugsInPy/framework/bin/temp/tornado/tornado/gen.py' -> '/home/sumukher/evals/BugsInPy/projects/tornado/bugs/16/gen.py'
'/home/sumukher/evals/BugsInPy/framework/bin/temp/tornado/tornado/test/gen_test.py' -> '/home/sumukher/evals/BugsInPy/projects/tornado/bugs/16/gen_test.py'
'/home/sumukher/evals/BugsInPy/framework/bin/temp/tornado/tornado/test/gen_test.py' -> '/home/sumukher/evals/BugsInPy/projects/tornado/bugs/16/gen_test.py'
HEAD is now at b450ff27 Clean up and document run_on_executor kwargs change.
Removing bugsinpy_bug.info
Removing bugsinpy_compile_flag
Removing bugsinpy_patchfile.info
Removing bugsinpy_requirements.txt
Removing bugsinpy_run_test.sh
Removing bugsinpy_setup.sh
Removing tornado/test/static_foo.txt
cp: cannot stat '/home/sumukher/evals/BugsInPy/projects/tornado/bugs/16/requirements.txt': No such file or directory
This is not a checkout project folder
You have not compile this project
