PROJECT_NAME: tqdm
BUG_ID: 6
VERSION_ID: 1
WORK_DIR: /home/sumukher/evals/BugsInPy/framework/bin/temp
https://github.com/tqdm/tqdm
github_url="https://github.com/tqdm/tqdm"
status="OK" 
cause="N.A."
fatal: destination path '/home/sumukher/evals/BugsInPy/framework/bin/temp/tqdm' already exists and is not an empty directory.
HEAD is now at 6dad2e8 fix `disable=True` edge case
'/home/sumukher/evals/BugsInPy/framework/bin/temp/tqdm/tqdm/_tqdm.py' -> '/home/sumukher/evals/BugsInPy/projects/tqdm/bugs/6/_tqdm.py'
'/home/sumukher/evals/BugsInPy/framework/bin/temp/tqdm/tqdm/tests/tests_synchronisation.py' -> '/home/sumukher/evals/BugsInPy/projects/tqdm/bugs/6/tests_synchronisation.py'
'/home/sumukher/evals/BugsInPy/framework/bin/temp/tqdm/tqdm/tests/tests_synchronisation.py' -> '/home/sumukher/evals/BugsInPy/projects/tqdm/bugs/6/tests_synchronisation.py'
HEAD is now at a4b9c86 postfix force non-dict documentation
Removing bugsinpy_bug.info
Removing bugsinpy_compile_flag
Removing bugsinpy_patchfile.info
Removing bugsinpy_requirements.txt
Removing bugsinpy_run_test.sh
Removing bugsinpy_setup.sh
Removing env/bin/
Removing env/include/
Removing env/lib/python3.8/site-packages/_pytest/__init__.py
Removing env/lib/python3.8/site-packages/_pytest/_argcomplete.py
Removing env/lib/python3.8/site-packages/_pytest/_code/__init__.py
Removing env/lib/python3.8/site-packages/_pytest/_code/code.py
Removing env/lib/python3.8/site-packages/_pytest/_code/source.py
Removing env/lib/python3.8/site-packages/_pytest/_io/__init__.py
Removing env/lib/python3.8/site-packages/_pytest/_io/saferepr.py
Removing env/lib/python3.8/site-packages/_pytest/_version.py
Removing env/lib/python3.8/site-packages/_pytest/assertion/__init__.py
Removing env/lib/python3.8/site-packages/_pytest/assertion/rewrite.py
Removing env/lib/python3.8/site-packages/_pytest/assertion/truncate.py
Removing env/lib/python3.8/site-packages/_pytest/assertion/util.py
Removing env/lib/python3.8/site-packages/_pytest/cacheprovider.py
Removing env/lib/python3.8/site-packages/_pytest/capture.py
Removing env/lib/python3.8/site-packages/_pytest/compat.py
Removing env/lib/python3.8/site-packages/_pytest/config/__init__.py
Removing env/lib/python3.8/site-packages/_pytest/config/argparsing.py
Removing env/lib/python3.8/site-packages/_pytest/config/exceptions.py
Removing env/lib/python3.8/site-packages/_pytest/config/findpaths.py
Removing env/lib/python3.8/site-packages/_pytest/debugging.py
Removing env/lib/python3.8/site-packages/_pytest/deprecated.py
Removing env/lib/python3.8/site-packages/_pytest/doctest.py
Removing env/lib/python3.8/site-packages/_pytest/faulthandler.py
Removing env/lib/python3.8/site-packages/_pytest/fixtures.py
Removing env/lib/python3.8/site-packages/_pytest/freeze_support.py
Removing env/lib/python3.8/site-packages/_pytest/helpconfig.py
Removing env/lib/python3.8/site-packages/_pytest/hookspec.py
Removing env/lib/python3.8/site-packages/_pytest/junitxml.py
Removing env/lib/python3.8/site-packages/_pytest/logging.py
Removing env/lib/python3.8/site-packages/_pytest/main.py
Removing env/lib/python3.8/site-packages/_pytest/mark/__init__.py
Removing env/lib/python3.8/site-packages/_pytest/mark/evaluate.py
Removing env/lib/python3.8/site-packages/_pytest/mark/legacy.py
Removing env/lib/python3.8/site-packages/_pytest/mark/structures.py
Removing env/lib/python3.8/site-packages/_pytest/monkeypatch.py
Removing env/lib/python3.8/site-packages/_pytest/nodes.py
Removing env/lib/python3.8/site-packages/_pytest/nose.py
Removing env/lib/python3.8/site-packages/_pytest/outcomes.py
Removing env/lib/python3.8/site-packages/_pytest/pastebin.py
Removing env/lib/python3.8/site-packages/_pytest/pathlib.py
Removing env/lib/python3.8/site-packages/_pytest/pytester.py
Removing env/lib/python3.8/site-packages/_pytest/python.py
Removing env/lib/python3.8/site-packages/_pytest/python_api.py
Removing env/lib/python3.8/site-packages/_pytest/recwarn.py
Removing env/lib/python3.8/site-packages/_pytest/reports.py
Removing env/lib/python3.8/site-packages/_pytest/resultlog.py
Removing env/lib/python3.8/site-packages/_pytest/runner.py
Removing env/lib/python3.8/site-packages/_pytest/setuponly.py
Removing env/lib/python3.8/site-packages/_pytest/setupplan.py
Removing env/lib/python3.8/site-packages/_pytest/skipping.py
Removing env/lib/python3.8/site-packages/_pytest/stepwise.py
Removing env/lib/python3.8/site-packages/_pytest/store.py
Removing env/lib/python3.8/site-packages/_pytest/terminal.py
Removing env/lib/python3.8/site-packages/_pytest/tmpdir.py
Removing env/lib/python3.8/site-packages/_pytest/unittest.py
Removing env/lib/python3.8/site-packages/_pytest/warning_types.py
Removing env/lib/python3.8/site-packages/_pytest/warnings.py
Removing env/lib/python3.8/site-packages/attr/__init__.py
Removing env/lib/python3.8/site-packages/attr/__init__.pyi
Removing env/lib/python3.8/site-packages/attr/_compat.py
Removing env/lib/python3.8/site-packages/attr/_config.py
Removing env/lib/python3.8/site-packages/attr/_funcs.py
Removing env/lib/python3.8/site-packages/attr/_make.py
Removing env/lib/python3.8/site-packages/attr/_version_info.py
Removing env/lib/python3.8/site-packages/attr/_version_info.pyi
Removing env/lib/python3.8/site-packages/attr/converters.py
Removing env/lib/python3.8/site-packages/attr/converters.pyi
Removing env/lib/python3.8/site-packages/attr/exceptions.py
Removing env/lib/python3.8/site-packages/attr/exceptions.pyi
Removing env/lib/python3.8/site-packages/attr/filters.py
Removing env/lib/python3.8/site-packages/attr/filters.pyi
Removing env/lib/python3.8/site-packages/attr/py.typed
Removing env/lib/python3.8/site-packages/attr/validators.py
Removing env/lib/python3.8/site-packages/attr/validators.pyi
Removing env/lib/python3.8/site-packages/attrs-19.3.0.dist-info/
Removing env/lib/python3.8/site-packages/coverage-5.1.dist-info/
Removing env/lib/python3.8/site-packages/coverage/__init__.py
Removing env/lib/python3.8/site-packages/coverage/__main__.py
Removing env/lib/python3.8/site-packages/coverage/annotate.py
Removing env/lib/python3.8/site-packages/coverage/backunittest.py
Removing env/lib/python3.8/site-packages/coverage/backward.py
Removing env/lib/python3.8/site-packages/coverage/bytecode.py
Removing env/lib/python3.8/site-packages/coverage/cmdline.py
Removing env/lib/python3.8/site-packages/coverage/collector.py
Removing env/lib/python3.8/site-packages/coverage/config.py
Removing env/lib/python3.8/site-packages/coverage/context.py
Removing env/lib/python3.8/site-packages/coverage/control.py
Removing env/lib/python3.8/site-packages/coverage/data.py
Removing env/lib/python3.8/site-packages/coverage/debug.py
Removing env/lib/python3.8/site-packages/coverage/disposition.py
Removing env/lib/python3.8/site-packages/coverage/env.py
Removing env/lib/python3.8/site-packages/coverage/execfile.py
Removing env/lib/python3.8/site-packages/coverage/files.py
Removing env/lib/python3.8/site-packages/coverage/fullcoverage/encodings.py
Removing env/lib/python3.8/site-packages/coverage/html.py
Removing env/lib/python3.8/site-packages/coverage/htmlfiles/
Removing env/lib/python3.8/site-packages/coverage/inorout.py
Removing env/lib/python3.8/site-packages/coverage/jsonreport.py
Removing env/lib/python3.8/site-packages/coverage/misc.py
Removing env/lib/python3.8/site-packages/coverage/multiproc.py
Removing env/lib/python3.8/site-packages/coverage/numbits.py
Removing env/lib/python3.8/site-packages/coverage/optional.py
Removing env/lib/python3.8/site-packages/coverage/parser.py
Removing env/lib/python3.8/site-packages/coverage/phystokens.py
Removing env/lib/python3.8/site-packages/coverage/plugin.py
Removing env/lib/python3.8/site-packages/coverage/plugin_support.py
Removing env/lib/python3.8/site-packages/coverage/python.py
Removing env/lib/python3.8/site-packages/coverage/pytracer.py
Removing env/lib/python3.8/site-packages/coverage/report.py
Removing env/lib/python3.8/site-packages/coverage/results.py
Removing env/lib/python3.8/site-packages/coverage/sqldata.py
Removing env/lib/python3.8/site-packages/coverage/summary.py
Removing env/lib/python3.8/site-packages/coverage/templite.py
Removing env/lib/python3.8/site-packages/coverage/tomlconfig.py
Removing env/lib/python3.8/site-packages/coverage/version.py
Removing env/lib/python3.8/site-packages/coverage/xmlreport.py
Removing env/lib/python3.8/site-packages/easy-install.pth
Removing env/lib/python3.8/site-packages/easy_install.py
Removing env/lib/python3.8/site-packages/flake8-3.8.3.dist-info/
Removing env/lib/python3.8/site-packages/flake8/__init__.py
Removing env/lib/python3.8/site-packages/flake8/__main__.py
Removing env/lib/python3.8/site-packages/flake8/_compat.py
Removing env/lib/python3.8/site-packages/flake8/api/__init__.py
Removing env/lib/python3.8/site-packages/flake8/api/legacy.py
Removing env/lib/python3.8/site-packages/flake8/checker.py
Removing env/lib/python3.8/site-packages/flake8/defaults.py
Removing env/lib/python3.8/site-packages/flake8/exceptions.py
Removing env/lib/python3.8/site-packages/flake8/formatting/__init__.py
Removing env/lib/python3.8/site-packages/flake8/formatting/base.py
Removing env/lib/python3.8/site-packages/flake8/formatting/default.py
Removing env/lib/python3.8/site-packages/flake8/main/__init__.py
Removing env/lib/python3.8/site-packages/flake8/main/application.py
Removing env/lib/python3.8/site-packages/flake8/main/cli.py
Removing env/lib/python3.8/site-packages/flake8/main/debug.py
Removing env/lib/python3.8/site-packages/flake8/main/git.py
Removing env/lib/python3.8/site-packages/flake8/main/mercurial.py
Removing env/lib/python3.8/site-packages/flake8/main/options.py
Removing env/lib/python3.8/site-packages/flake8/main/setuptools_command.py
Removing env/lib/python3.8/site-packages/flake8/main/vcs.py
Removing env/lib/python3.8/site-packages/flake8/options/__init__.py
Removing env/lib/python3.8/site-packages/flake8/options/aggregator.py
Removing env/lib/python3.8/site-packages/flake8/options/config.py
Removing env/lib/python3.8/site-packages/flake8/options/manager.py
Removing env/lib/python3.8/site-packages/flake8/plugins/__init__.py
Removing env/lib/python3.8/site-packages/flake8/plugins/manager.py
Removing env/lib/python3.8/site-packages/flake8/plugins/pyflakes.py
Removing env/lib/python3.8/site-packages/flake8/processor.py
Removing env/lib/python3.8/site-packages/flake8/statistics.py
Removing env/lib/python3.8/site-packages/flake8/style_guide.py
Removing env/lib/python3.8/site-packages/flake8/utils.py
Removing env/lib/python3.8/site-packages/importlib_metadata-1.6.1.dist-info/
Removing env/lib/python3.8/site-packages/importlib_metadata/__init__.py
Removing env/lib/python3.8/site-packages/importlib_metadata/_compat.py
Removing env/lib/python3.8/site-packages/importlib_metadata/docs/__init__.py
Removing env/lib/python3.8/site-packages/importlib_metadata/docs/changelog.rst
Removing env/lib/python3.8/site-packages/importlib_metadata/docs/conf.py
Removing env/lib/python3.8/site-packages/importlib_metadata/docs/index.rst
Removing env/lib/python3.8/site-packages/importlib_metadata/docs/using.rst
Removing env/lib/python3.8/site-packages/importlib_metadata/tests/__init__.py
Removing env/lib/python3.8/site-packages/importlib_metadata/tests/data/__init__.py
Removing env/lib/python3.8/site-packages/importlib_metadata/tests/data/example-21.12-py3-none-any.whl
Removing env/lib/python3.8/site-packages/importlib_metadata/tests/data/example-21.12-py3.6.egg
Removing env/lib/python3.8/site-packages/importlib_metadata/tests/fixtures.py
Removing env/lib/python3.8/site-packages/importlib_metadata/tests/test_api.py
Removing env/lib/python3.8/site-packages/importlib_metadata/tests/test_integration.py
Removing env/lib/python3.8/site-packages/importlib_metadata/tests/test_main.py
Removing env/lib/python3.8/site-packages/importlib_metadata/tests/test_zip.py
Removing env/lib/python3.8/site-packages/mccabe-0.6.1.dist-info/
Removing env/lib/python3.8/site-packages/mccabe.py
Removing env/lib/python3.8/site-packages/more_itertools-8.3.0.dist-info/
Removing env/lib/python3.8/site-packages/more_itertools/__init__.py
Removing env/lib/python3.8/site-packages/more_itertools/__init__.pyi
Removing env/lib/python3.8/site-packages/more_itertools/more.py
Removing env/lib/python3.8/site-packages/more_itertools/more.pyi
Removing env/lib/python3.8/site-packages/more_itertools/py.typed
Removing env/lib/python3.8/site-packages/more_itertools/recipes.py
Removing env/lib/python3.8/site-packages/more_itertools/recipes.pyi
Removing env/lib/python3.8/site-packages/nose-1.3.7.dist-info/
Removing env/lib/python3.8/site-packages/nose/__init__.py
Removing env/lib/python3.8/site-packages/nose/__main__.py
Removing env/lib/python3.8/site-packages/nose/case.py
Removing env/lib/python3.8/site-packages/nose/commands.py
Removing env/lib/python3.8/site-packages/nose/config.py
Removing env/lib/python3.8/site-packages/nose/core.py
Removing env/lib/python3.8/site-packages/nose/exc.py
Removing env/lib/python3.8/site-packages/nose/ext/__init__.py
Removing env/lib/python3.8/site-packages/nose/ext/dtcompat.py
Removing env/lib/python3.8/site-packages/nose/failure.py
Removing env/lib/python3.8/site-packages/nose/importer.py
Removing env/lib/python3.8/site-packages/nose/inspector.py
Removing env/lib/python3.8/site-packages/nose/loader.py
Removing env/lib/python3.8/site-packages/nose/plugins/__init__.py
Removing env/lib/python3.8/site-packages/nose/plugins/allmodules.py
Removing env/lib/python3.8/site-packages/nose/plugins/attrib.py
Removing env/lib/python3.8/site-packages/nose/plugins/base.py
Removing env/lib/python3.8/site-packages/nose/plugins/builtin.py
Removing env/lib/python3.8/site-packages/nose/plugins/capture.py
Removing env/lib/python3.8/site-packages/nose/plugins/collect.py
Removing env/lib/python3.8/site-packages/nose/plugins/cover.py
Removing env/lib/python3.8/site-packages/nose/plugins/debug.py
Removing env/lib/python3.8/site-packages/nose/plugins/deprecated.py
Removing env/lib/python3.8/site-packages/nose/plugins/doctests.py
Removing env/lib/python3.8/site-packages/nose/plugins/errorclass.py
Removing env/lib/python3.8/site-packages/nose/plugins/failuredetail.py
Removing env/lib/python3.8/site-packages/nose/plugins/isolate.py
Removing env/lib/python3.8/site-packages/nose/plugins/logcapture.py
Removing env/lib/python3.8/site-packages/nose/plugins/manager.py
Removing env/lib/python3.8/site-packages/nose/plugins/multiprocess.py
Removing env/lib/python3.8/site-packages/nose/plugins/plugintest.py
Removing env/lib/python3.8/site-packages/nose/plugins/prof.py
Removing env/lib/python3.8/site-packages/nose/plugins/skip.py
Removing env/lib/python3.8/site-packages/nose/plugins/testid.py
Removing env/lib/python3.8/site-packages/nose/plugins/xunit.py
Removing env/lib/python3.8/site-packages/nose/proxy.py
Removing env/lib/python3.8/site-packages/nose/pyversion.py
Removing env/lib/python3.8/site-packages/nose/result.py
Removing env/lib/python3.8/site-packages/nose/selector.py
Removing env/lib/python3.8/site-packages/nose/sphinx/__init__.py
Removing env/lib/python3.8/site-packages/nose/sphinx/pluginopts.py
Removing env/lib/python3.8/site-packages/nose/suite.py
Removing env/lib/python3.8/site-packages/nose/tools/__init__.py
Removing env/lib/python3.8/site-packages/nose/tools/nontrivial.py
Removing env/lib/python3.8/site-packages/nose/tools/trivial.py
Removing env/lib/python3.8/site-packages/nose/twistedtools.py
Removing env/lib/python3.8/site-packages/nose/usage.txt
Removing env/lib/python3.8/site-packages/nose/util.py
Removing env/lib/python3.8/site-packages/packaging-20.4.dist-info/
Removing env/lib/python3.8/site-packages/packaging/__about__.py
Removing env/lib/python3.8/site-packages/packaging/__init__.py
Removing env/lib/python3.8/site-packages/packaging/_compat.py
Removing env/lib/python3.8/site-packages/packaging/_structures.py
Removing env/lib/python3.8/site-packages/packaging/_typing.py
Removing env/lib/python3.8/site-packages/packaging/markers.py
Removing env/lib/python3.8/site-packages/packaging/py.typed
Removing env/lib/python3.8/site-packages/packaging/requirements.py
Removing env/lib/python3.8/site-packages/packaging/specifiers.py
Removing env/lib/python3.8/site-packages/packaging/tags.py
Removing env/lib/python3.8/site-packages/packaging/utils.py
Removing env/lib/python3.8/site-packages/packaging/version.py
Removing env/lib/python3.8/site-packages/pip-19.2.3.dist-info/
Removing env/lib/python3.8/site-packages/pip/__init__.py
Removing env/lib/python3.8/site-packages/pip/__main__.py
Removing env/lib/python3.8/site-packages/pip/_internal/__init__.py
Removing env/lib/python3.8/site-packages/pip/_internal/build_env.py
Removing env/lib/python3.8/site-packages/pip/_internal/cache.py
Removing env/lib/python3.8/site-packages/pip/_internal/cli/__init__.py
Removing env/lib/python3.8/site-packages/pip/_internal/cli/autocompletion.py
Removing env/lib/python3.8/site-packages/pip/_internal/cli/base_command.py
Removing env/lib/python3.8/site-packages/pip/_internal/cli/cmdoptions.py
Removing env/lib/python3.8/site-packages/pip/_internal/cli/main_parser.py
Removing env/lib/python3.8/site-packages/pip/_internal/cli/parser.py
Removing env/lib/python3.8/site-packages/pip/_internal/cli/status_codes.py
Removing env/lib/python3.8/site-packages/pip/_internal/commands/__init__.py
Removing env/lib/python3.8/site-packages/pip/_internal/commands/check.py
Removing env/lib/python3.8/site-packages/pip/_internal/commands/completion.py
Removing env/lib/python3.8/site-packages/pip/_internal/commands/configuration.py
Removing env/lib/python3.8/site-packages/pip/_internal/commands/debug.py
Removing env/lib/python3.8/site-packages/pip/_internal/commands/download.py
Removing env/lib/python3.8/site-packages/pip/_internal/commands/freeze.py
Removing env/lib/python3.8/site-packages/pip/_internal/commands/hash.py
Removing env/lib/python3.8/site-packages/pip/_internal/commands/help.py
Removing env/lib/python3.8/site-packages/pip/_internal/commands/install.py
Removing env/lib/python3.8/site-packages/pip/_internal/commands/list.py
Removing env/lib/python3.8/site-packages/pip/_internal/commands/search.py
Removing env/lib/python3.8/site-packages/pip/_internal/commands/show.py
Removing env/lib/python3.8/site-packages/pip/_internal/commands/uninstall.py
Removing env/lib/python3.8/site-packages/pip/_internal/commands/wheel.py
Removing env/lib/python3.8/site-packages/pip/_internal/configuration.py
Removing env/lib/python3.8/site-packages/pip/_internal/distributions/__init__.py
Removing env/lib/python3.8/site-packages/pip/_internal/distributions/base.py
Removing env/lib/python3.8/site-packages/pip/_internal/distributions/installed.py
Removing env/lib/python3.8/site-packages/pip/_internal/distributions/source.py
Removing env/lib/python3.8/site-packages/pip/_internal/distributions/wheel.py
Removing env/lib/python3.8/site-packages/pip/_internal/download.py
Removing env/lib/python3.8/site-packages/pip/_internal/exceptions.py
Removing env/lib/python3.8/site-packages/pip/_internal/index.py
Removing env/lib/python3.8/site-packages/pip/_internal/legacy_resolve.py
Removing env/lib/python3.8/site-packages/pip/_internal/locations.py
Removing env/lib/python3.8/site-packages/pip/_internal/models/__init__.py
Removing env/lib/python3.8/site-packages/pip/_internal/models/candidate.py
Removing env/lib/python3.8/site-packages/pip/_internal/models/format_control.py
Removing env/lib/python3.8/site-packages/pip/_internal/models/index.py
Removing env/lib/python3.8/site-packages/pip/_internal/models/link.py
Removing env/lib/python3.8/site-packages/pip/_internal/models/search_scope.py
Removing env/lib/python3.8/site-packages/pip/_internal/models/selection_prefs.py
Removing env/lib/python3.8/site-packages/pip/_internal/models/target_python.py
Removing env/lib/python3.8/site-packages/pip/_internal/operations/__init__.py
Removing env/lib/python3.8/site-packages/pip/_internal/operations/check.py
Removing env/lib/python3.8/site-packages/pip/_internal/operations/freeze.py
Removing env/lib/python3.8/site-packages/pip/_internal/operations/prepare.py
Removing env/lib/python3.8/site-packages/pip/_internal/pep425tags.py
Removing env/lib/python3.8/site-packages/pip/_internal/pyproject.py
Removing env/lib/python3.8/site-packages/pip/_internal/req/__init__.py
Removing env/lib/python3.8/site-packages/pip/_internal/req/constructors.py
Removing env/lib/python3.8/site-packages/pip/_internal/req/req_file.py
Removing env/lib/python3.8/site-packages/pip/_internal/req/req_install.py
Removing env/lib/python3.8/site-packages/pip/_internal/req/req_set.py
Removing env/lib/python3.8/site-packages/pip/_internal/req/req_tracker.py
Removing env/lib/python3.8/site-packages/pip/_internal/req/req_uninstall.py
Removing env/lib/python3.8/site-packages/pip/_internal/utils/__init__.py
Removing env/lib/python3.8/site-packages/pip/_internal/utils/appdirs.py
Removing env/lib/python3.8/site-packages/pip/_internal/utils/compat.py
Removing env/lib/python3.8/site-packages/pip/_internal/utils/deprecation.py
Removing env/lib/python3.8/site-packages/pip/_internal/utils/encoding.py
Removing env/lib/python3.8/site-packages/pip/_internal/utils/filesystem.py
Removing env/lib/python3.8/site-packages/pip/_internal/utils/glibc.py
Removing env/lib/python3.8/site-packages/pip/_internal/utils/hashes.py
Removing env/lib/python3.8/site-packages/pip/_internal/utils/logging.py
Removing env/lib/python3.8/site-packages/pip/_internal/utils/marker_files.py
Removing env/lib/python3.8/site-packages/pip/_internal/utils/misc.py
Removing env/lib/python3.8/site-packages/pip/_internal/utils/models.py
Removing env/lib/python3.8/site-packages/pip/_internal/utils/outdated.py
Removing env/lib/python3.8/site-packages/pip/_internal/utils/packaging.py
Removing env/lib/python3.8/site-packages/pip/_internal/utils/setuptools_build.py
Removing env/lib/python3.8/site-packages/pip/_internal/utils/temp_dir.py
Removing env/lib/python3.8/site-packages/pip/_internal/utils/typing.py
Removing env/lib/python3.8/site-packages/pip/_internal/utils/ui.py
Removing env/lib/python3.8/site-packages/pip/_internal/utils/virtualenv.py
Removing env/lib/python3.8/site-packages/pip/_internal/vcs/__init__.py
Removing env/lib/python3.8/site-packages/pip/_internal/vcs/bazaar.py
Removing env/lib/python3.8/site-packages/pip/_internal/vcs/git.py
Removing env/lib/python3.8/site-packages/pip/_internal/vcs/mercurial.py
Removing env/lib/python3.8/site-packages/pip/_internal/vcs/subversion.py
Removing env/lib/python3.8/site-packages/pip/_internal/vcs/versioncontrol.py
Removing env/lib/python3.8/site-packages/pip/_internal/wheel.py
Removing env/lib/python3.8/site-packages/pip/_vendor/__init__.py
Removing env/lib/python3.8/site-packages/pip/_vendor/appdirs.py
Removing env/lib/python3.8/site-packages/pip/_vendor/cachecontrol/__init__.py
Removing env/lib/python3.8/site-packages/pip/_vendor/cachecontrol/_cmd.py
Removing env/lib/python3.8/site-packages/pip/_vendor/cachecontrol/adapter.py
Removing env/lib/python3.8/site-packages/pip/_vendor/cachecontrol/cache.py
Removing env/lib/python3.8/site-packages/pip/_vendor/cachecontrol/caches/__init__.py
Removing env/lib/python3.8/site-packages/pip/_vendor/cachecontrol/caches/file_cache.py
Removing env/lib/python3.8/site-packages/pip/_vendor/cachecontrol/caches/redis_cache.py
Removing env/lib/python3.8/site-packages/pip/_vendor/cachecontrol/compat.py
Removing env/lib/python3.8/site-packages/pip/_vendor/cachecontrol/controller.py
Removing env/lib/python3.8/site-packages/pip/_vendor/cachecontrol/filewrapper.py
Removing env/lib/python3.8/site-packages/pip/_vendor/cachecontrol/heuristics.py
Removing env/lib/python3.8/site-packages/pip/_vendor/cachecontrol/serialize.py
Removing env/lib/python3.8/site-packages/pip/_vendor/cachecontrol/wrapper.py
Removing env/lib/python3.8/site-packages/pip/_vendor/certifi/__init__.py
Removing env/lib/python3.8/site-packages/pip/_vendor/certifi/__main__.py
Removing env/lib/python3.8/site-packages/pip/_vendor/certifi/cacert.pem
Removing env/lib/python3.8/site-packages/pip/_vendor/certifi/core.py
Removing env/lib/python3.8/site-packages/pip/_vendor/chardet/__init__.py
Removing env/lib/python3.8/site-packages/pip/_vendor/chardet/big5freq.py
Removing env/lib/python3.8/site-packages/pip/_vendor/chardet/big5prober.py
Removing env/lib/python3.8/site-packages/pip/_vendor/chardet/chardistribution.py
Removing env/lib/python3.8/site-packages/pip/_vendor/chardet/charsetgroupprober.py
Removing env/lib/python3.8/site-packages/pip/_vendor/chardet/charsetprober.py
Removing env/lib/python3.8/site-packages/pip/_vendor/chardet/cli/__init__.py
Removing env/lib/python3.8/site-packages/pip/_vendor/chardet/cli/chardetect.py
Removing env/lib/python3.8/site-packages/pip/_vendor/chardet/codingstatemachine.py
Removing env/lib/python3.8/site-packages/pip/_vendor/chardet/compat.py
Removing env/lib/python3.8/site-packages/pip/_vendor/chardet/cp949prober.py
Removing env/lib/python3.8/site-packages/pip/_vendor/chardet/enums.py
Removing env/lib/python3.8/site-packages/pip/_vendor/chardet/escprober.py
Removing env/lib/python3.8/site-packages/pip/_vendor/chardet/escsm.py
Removing env/lib/python3.8/site-packages/pip/_vendor/chardet/eucjpprober.py
Removing env/lib/python3.8/site-packages/pip/_vendor/chardet/euckrfreq.py
Removing env/lib/python3.8/site-packages/pip/_vendor/chardet/euckrprober.py
Removing env/lib/python3.8/site-packages/pip/_vendor/chardet/euctwfreq.py
Removing env/lib/python3.8/site-packages/pip/_vendor/chardet/euctwprober.py
Removing env/lib/python3.8/site-packages/pip/_vendor/chardet/gb2312freq.py
Removing env/lib/python3.8/site-packages/pip/_vendor/chardet/gb2312prober.py
Removing env/lib/python3.8/site-packages/pip/_vendor/chardet/hebrewprober.py
Removing env/lib/python3.8/site-packages/pip/_vendor/chardet/jisfreq.py
Removing env/lib/python3.8/site-packages/pip/_vendor/chardet/jpcntx.py
Removing env/lib/python3.8/site-packages/pip/_vendor/chardet/langbulgarianmodel.py
Removing env/lib/python3.8/site-packages/pip/_vendor/chardet/langcyrillicmodel.py
Removing env/lib/python3.8/site-packages/pip/_vendor/chardet/langgreekmodel.py
Removing env/lib/python3.8/site-packages/pip/_vendor/chardet/langhebrewmodel.py
Removing env/lib/python3.8/site-packages/pip/_vendor/chardet/langhungarianmodel.py
Removing env/lib/python3.8/site-packages/pip/_vendor/chardet/langthaimodel.py
Removing env/lib/python3.8/site-packages/pip/_vendor/chardet/langturkishmodel.py
Removing env/lib/python3.8/site-packages/pip/_vendor/chardet/latin1prober.py
Removing env/lib/python3.8/site-packages/pip/_vendor/chardet/mbcharsetprober.py
Removing env/lib/python3.8/site-packages/pip/_vendor/chardet/mbcsgroupprober.py
Removing env/lib/python3.8/site-packages/pip/_vendor/chardet/mbcssm.py
Removing env/lib/python3.8/site-packages/pip/_vendor/chardet/sbcharsetprober.py
Removing env/lib/python3.8/site-packages/pip/_vendor/chardet/sbcsgroupprober.py
Removing env/lib/python3.8/site-packages/pip/_vendor/chardet/sjisprober.py
Removing env/lib/python3.8/site-packages/pip/_vendor/chardet/universaldetector.py
Removing env/lib/python3.8/site-packages/pip/_vendor/chardet/utf8prober.py
Removing env/lib/python3.8/site-packages/pip/_vendor/chardet/version.py
Removing env/lib/python3.8/site-packages/pip/_vendor/colorama/__init__.py
Removing env/lib/python3.8/site-packages/pip/_vendor/colorama/ansi.py
Removing env/lib/python3.8/site-packages/pip/_vendor/colorama/ansitowin32.py
Removing env/lib/python3.8/site-packages/pip/_vendor/colorama/initialise.py
Removing env/lib/python3.8/site-packages/pip/_vendor/colorama/win32.py
Removing env/lib/python3.8/site-packages/pip/_vendor/colorama/winterm.py
Removing env/lib/python3.8/site-packages/pip/_vendor/distlib/__init__.py
Removing env/lib/python3.8/site-packages/pip/_vendor/distlib/_backport/__init__.py
Removing env/lib/python3.8/site-packages/pip/_vendor/distlib/_backport/misc.py
Removing env/lib/python3.8/site-packages/pip/_vendor/distlib/_backport/shutil.py
Removing env/lib/python3.8/site-packages/pip/_vendor/distlib/_backport/sysconfig.cfg
Removing env/lib/python3.8/site-packages/pip/_vendor/distlib/_backport/sysconfig.py
Removing env/lib/python3.8/site-packages/pip/_vendor/distlib/_backport/tarfile.py
Removing env/lib/python3.8/site-packages/pip/_vendor/distlib/compat.py
Removing env/lib/python3.8/site-packages/pip/_vendor/distlib/database.py
Removing env/lib/python3.8/site-packages/pip/_vendor/distlib/index.py
Removing env/lib/python3.8/site-packages/pip/_vendor/distlib/locators.py
Removing env/lib/python3.8/site-packages/pip/_vendor/distlib/manifest.py
Removing env/lib/python3.8/site-packages/pip/_vendor/distlib/markers.py
Removing env/lib/python3.8/site-packages/pip/_vendor/distlib/metadata.py
Removing env/lib/python3.8/site-packages/pip/_vendor/distlib/resources.py
Removing env/lib/python3.8/site-packages/pip/_vendor/distlib/scripts.py
Removing env/lib/python3.8/site-packages/pip/_vendor/distlib/t32.exe
Removing env/lib/python3.8/site-packages/pip/_vendor/distlib/t64.exe
Removing env/lib/python3.8/site-packages/pip/_vendor/distlib/util.py
Removing env/lib/python3.8/site-packages/pip/_vendor/distlib/version.py
Removing env/lib/python3.8/site-packages/pip/_vendor/distlib/w32.exe
Removing env/lib/python3.8/site-packages/pip/_vendor/distlib/w64.exe
Removing env/lib/python3.8/site-packages/pip/_vendor/distlib/wheel.py
Removing env/lib/python3.8/site-packages/pip/_vendor/distro.py
Removing env/lib/python3.8/site-packages/pip/_vendor/html5lib/__init__.py
Removing env/lib/python3.8/site-packages/pip/_vendor/html5lib/_ihatexml.py
Removing env/lib/python3.8/site-packages/pip/_vendor/html5lib/_inputstream.py
Removing env/lib/python3.8/site-packages/pip/_vendor/html5lib/_tokenizer.py
Removing env/lib/python3.8/site-packages/pip/_vendor/html5lib/_trie/__init__.py
Removing env/lib/python3.8/site-packages/pip/_vendor/html5lib/_trie/_base.py
Removing env/lib/python3.8/site-packages/pip/_vendor/html5lib/_trie/datrie.py
Removing env/lib/python3.8/site-packages/pip/_vendor/html5lib/_trie/py.py
Removing env/lib/python3.8/site-packages/pip/_vendor/html5lib/_utils.py
Removing env/lib/python3.8/site-packages/pip/_vendor/html5lib/constants.py
Removing env/lib/python3.8/site-packages/pip/_vendor/html5lib/filters/__init__.py
Removing env/lib/python3.8/site-packages/pip/_vendor/html5lib/filters/alphabeticalattributes.py
Removing env/lib/python3.8/site-packages/pip/_vendor/html5lib/filters/base.py
Removing env/lib/python3.8/site-packages/pip/_vendor/html5lib/filters/inject_meta_charset.py
Removing env/lib/python3.8/site-packages/pip/_vendor/html5lib/filters/lint.py
Removing env/lib/python3.8/site-packages/pip/_vendor/html5lib/filters/optionaltags.py
Removing env/lib/python3.8/site-packages/pip/_vendor/html5lib/filters/sanitizer.py
Removing env/lib/python3.8/site-packages/pip/_vendor/html5lib/filters/whitespace.py
Removing env/lib/python3.8/site-packages/pip/_vendor/html5lib/html5parser.py
Removing env/lib/python3.8/site-packages/pip/_vendor/html5lib/serializer.py
Removing env/lib/python3.8/site-packages/pip/_vendor/html5lib/treeadapters/__init__.py
Removing env/lib/python3.8/site-packages/pip/_vendor/html5lib/treeadapters/genshi.py
Removing env/lib/python3.8/site-packages/pip/_vendor/html5lib/treeadapters/sax.py
Removing env/lib/python3.8/site-packages/pip/_vendor/html5lib/treebuilders/__init__.py
Removing env/lib/python3.8/site-packages/pip/_vendor/html5lib/treebuilders/base.py
Removing env/lib/python3.8/site-packages/pip/_vendor/html5lib/treebuilders/dom.py
Removing env/lib/python3.8/site-packages/pip/_vendor/html5lib/treebuilders/etree.py
Removing env/lib/python3.8/site-packages/pip/_vendor/html5lib/treebuilders/etree_lxml.py
Removing env/lib/python3.8/site-packages/pip/_vendor/html5lib/treewalkers/__init__.py
Removing env/lib/python3.8/site-packages/pip/_vendor/html5lib/treewalkers/base.py
Removing env/lib/python3.8/site-packages/pip/_vendor/html5lib/treewalkers/dom.py
Removing env/lib/python3.8/site-packages/pip/_vendor/html5lib/treewalkers/etree.py
Removing env/lib/python3.8/site-packages/pip/_vendor/html5lib/treewalkers/etree_lxml.py
Removing env/lib/python3.8/site-packages/pip/_vendor/html5lib/treewalkers/genshi.py
Removing env/lib/python3.8/site-packages/pip/_vendor/idna/__init__.py
Removing env/lib/python3.8/site-packages/pip/_vendor/idna/codec.py
Removing env/lib/python3.8/site-packages/pip/_vendor/idna/compat.py
Removing env/lib/python3.8/site-packages/pip/_vendor/idna/core.py
Removing env/lib/python3.8/site-packages/pip/_vendor/idna/idnadata.py
Removing env/lib/python3.8/site-packages/pip/_vendor/idna/intranges.py
Removing env/lib/python3.8/site-packages/pip/_vendor/idna/package_data.py
Removing env/lib/python3.8/site-packages/pip/_vendor/idna/uts46data.py
Removing env/lib/python3.8/site-packages/pip/_vendor/ipaddress.py
Removing env/lib/python3.8/site-packages/pip/_vendor/lockfile/__init__.py
Removing env/lib/python3.8/site-packages/pip/_vendor/lockfile/linklockfile.py
Removing env/lib/python3.8/site-packages/pip/_vendor/lockfile/mkdirlockfile.py
Removing env/lib/python3.8/site-packages/pip/_vendor/lockfile/pidlockfile.py
Removing env/lib/python3.8/site-packages/pip/_vendor/lockfile/sqlitelockfile.py
Removing env/lib/python3.8/site-packages/pip/_vendor/lockfile/symlinklockfile.py
Removing env/lib/python3.8/site-packages/pip/_vendor/msgpack/__init__.py
Removing env/lib/python3.8/site-packages/pip/_vendor/msgpack/_version.py
Removing env/lib/python3.8/site-packages/pip/_vendor/msgpack/exceptions.py
Removing env/lib/python3.8/site-packages/pip/_vendor/msgpack/fallback.py
Removing env/lib/python3.8/site-packages/pip/_vendor/packaging/__about__.py
Removing env/lib/python3.8/site-packages/pip/_vendor/packaging/__init__.py
Removing env/lib/python3.8/site-packages/pip/_vendor/packaging/_compat.py
Removing env/lib/python3.8/site-packages/pip/_vendor/packaging/_structures.py
Removing env/lib/python3.8/site-packages/pip/_vendor/packaging/markers.py
Removing env/lib/python3.8/site-packages/pip/_vendor/packaging/requirements.py
Removing env/lib/python3.8/site-packages/pip/_vendor/packaging/specifiers.py
Removing env/lib/python3.8/site-packages/pip/_vendor/packaging/utils.py
Removing env/lib/python3.8/site-packages/pip/_vendor/packaging/version.py
Removing env/lib/python3.8/site-packages/pip/_vendor/pep517/__init__.py
Removing env/lib/python3.8/site-packages/pip/_vendor/pep517/_in_process.py
Removing env/lib/python3.8/site-packages/pip/_vendor/pep517/build.py
Removing env/lib/python3.8/site-packages/pip/_vendor/pep517/check.py
Removing env/lib/python3.8/site-packages/pip/_vendor/pep517/colorlog.py
Removing env/lib/python3.8/site-packages/pip/_vendor/pep517/compat.py
Removing env/lib/python3.8/site-packages/pip/_vendor/pep517/envbuild.py
Removing env/lib/python3.8/site-packages/pip/_vendor/pep517/wrappers.py
Removing env/lib/python3.8/site-packages/pip/_vendor/pkg_resources/__init__.py
Removing env/lib/python3.8/site-packages/pip/_vendor/pkg_resources/py31compat.py
Removing env/lib/python3.8/site-packages/pip/_vendor/progress/__init__.py
Removing env/lib/python3.8/site-packages/pip/_vendor/progress/bar.py
Removing env/lib/python3.8/site-packages/pip/_vendor/progress/counter.py
Removing env/lib/python3.8/site-packages/pip/_vendor/progress/spinner.py
Removing env/lib/python3.8/site-packages/pip/_vendor/pyparsing.py
Removing env/lib/python3.8/site-packages/pip/_vendor/pytoml/__init__.py
Removing env/lib/python3.8/site-packages/pip/_vendor/pytoml/core.py
Removing env/lib/python3.8/site-packages/pip/_vendor/pytoml/parser.py
Removing env/lib/python3.8/site-packages/pip/_vendor/pytoml/test.py
Removing env/lib/python3.8/site-packages/pip/_vendor/pytoml/utils.py
Removing env/lib/python3.8/site-packages/pip/_vendor/pytoml/writer.py
Removing env/lib/python3.8/site-packages/pip/_vendor/requests/__init__.py
Removing env/lib/python3.8/site-packages/pip/_vendor/requests/__version__.py
Removing env/lib/python3.8/site-packages/pip/_vendor/requests/_internal_utils.py
Removing env/lib/python3.8/site-packages/pip/_vendor/requests/adapters.py
Removing env/lib/python3.8/site-packages/pip/_vendor/requests/api.py
Removing env/lib/python3.8/site-packages/pip/_vendor/requests/auth.py
Removing env/lib/python3.8/site-packages/pip/_vendor/requests/certs.py
Removing env/lib/python3.8/site-packages/pip/_vendor/requests/compat.py
Removing env/lib/python3.8/site-packages/pip/_vendor/requests/cookies.py
Removing env/lib/python3.8/site-packages/pip/_vendor/requests/exceptions.py
Removing env/lib/python3.8/site-packages/pip/_vendor/requests/help.py
Removing env/lib/python3.8/site-packages/pip/_vendor/requests/hooks.py
Removing env/lib/python3.8/site-packages/pip/_vendor/requests/models.py
Removing env/lib/python3.8/site-packages/pip/_vendor/requests/packages.py
Removing env/lib/python3.8/site-packages/pip/_vendor/requests/sessions.py
Removing env/lib/python3.8/site-packages/pip/_vendor/requests/status_codes.py
Removing env/lib/python3.8/site-packages/pip/_vendor/requests/structures.py
Removing env/lib/python3.8/site-packages/pip/_vendor/requests/utils.py
Removing env/lib/python3.8/site-packages/pip/_vendor/retrying.py
Removing env/lib/python3.8/site-packages/pip/_vendor/six.py
Removing env/lib/python3.8/site-packages/pip/_vendor/urllib3/__init__.py
Removing env/lib/python3.8/site-packages/pip/_vendor/urllib3/_collections.py
Removing env/lib/python3.8/site-packages/pip/_vendor/urllib3/connection.py
Removing env/lib/python3.8/site-packages/pip/_vendor/urllib3/connectionpool.py
Removing env/lib/python3.8/site-packages/pip/_vendor/urllib3/contrib/__init__.py
Removing env/lib/python3.8/site-packages/pip/_vendor/urllib3/contrib/_appengine_environ.py
Removing env/lib/python3.8/site-packages/pip/_vendor/urllib3/contrib/_securetransport/__init__.py
Removing env/lib/python3.8/site-packages/pip/_vendor/urllib3/contrib/_securetransport/bindings.py
Removing env/lib/python3.8/site-packages/pip/_vendor/urllib3/contrib/_securetransport/low_level.py
Removing env/lib/python3.8/site-packages/pip/_vendor/urllib3/contrib/appengine.py
Removing env/lib/python3.8/site-packages/pip/_vendor/urllib3/contrib/ntlmpool.py
Removing env/lib/python3.8/site-packages/pip/_vendor/urllib3/contrib/pyopenssl.py
Removing env/lib/python3.8/site-packages/pip/_vendor/urllib3/contrib/securetransport.py
Removing env/lib/python3.8/site-packages/pip/_vendor/urllib3/contrib/socks.py
Removing env/lib/python3.8/site-packages/pip/_vendor/urllib3/exceptions.py
Removing env/lib/python3.8/site-packages/pip/_vendor/urllib3/fields.py
Removing env/lib/python3.8/site-packages/pip/_vendor/urllib3/filepost.py
Removing env/lib/python3.8/site-packages/pip/_vendor/urllib3/packages/__init__.py
Removing env/lib/python3.8/site-packages/pip/_vendor/urllib3/packages/backports/__init__.py
Removing env/lib/python3.8/site-packages/pip/_vendor/urllib3/packages/backports/makefile.py
Removing env/lib/python3.8/site-packages/pip/_vendor/urllib3/packages/rfc3986/__init__.py
Removing env/lib/python3.8/site-packages/pip/_vendor/urllib3/packages/rfc3986/_mixin.py
Removing env/lib/python3.8/site-packages/pip/_vendor/urllib3/packages/rfc3986/abnf_regexp.py
Removing env/lib/python3.8/site-packages/pip/_vendor/urllib3/packages/rfc3986/api.py
Removing env/lib/python3.8/site-packages/pip/_vendor/urllib3/packages/rfc3986/builder.py
Removing env/lib/python3.8/site-packages/pip/_vendor/urllib3/packages/rfc3986/compat.py
Removing env/lib/python3.8/site-packages/pip/_vendor/urllib3/packages/rfc3986/exceptions.py
Removing env/lib/python3.8/site-packages/pip/_vendor/urllib3/packages/rfc3986/iri.py
Removing env/lib/python3.8/site-packages/pip/_vendor/urllib3/packages/rfc3986/misc.py
Removing env/lib/python3.8/site-packages/pip/_vendor/urllib3/packages/rfc3986/normalizers.py
Removing env/lib/python3.8/site-packages/pip/_vendor/urllib3/packages/rfc3986/parseresult.py
Removing env/lib/python3.8/site-packages/pip/_vendor/urllib3/packages/rfc3986/uri.py
Removing env/lib/python3.8/site-packages/pip/_vendor/urllib3/packages/rfc3986/validators.py
Removing env/lib/python3.8/site-packages/pip/_vendor/urllib3/packages/six.py
Removing env/lib/python3.8/site-packages/pip/_vendor/urllib3/packages/ssl_match_hostname/__init__.py
Removing env/lib/python3.8/site-packages/pip/_vendor/urllib3/packages/ssl_match_hostname/_implementation.py
Removing env/lib/python3.8/site-packages/pip/_vendor/urllib3/poolmanager.py
Removing env/lib/python3.8/site-packages/pip/_vendor/urllib3/request.py
Removing env/lib/python3.8/site-packages/pip/_vendor/urllib3/response.py
Removing env/lib/python3.8/site-packages/pip/_vendor/urllib3/util/__init__.py
Removing env/lib/python3.8/site-packages/pip/_vendor/urllib3/util/connection.py
Removing env/lib/python3.8/site-packages/pip/_vendor/urllib3/util/queue.py
Removing env/lib/python3.8/site-packages/pip/_vendor/urllib3/util/request.py
Removing env/lib/python3.8/site-packages/pip/_vendor/urllib3/util/response.py
Removing env/lib/python3.8/site-packages/pip/_vendor/urllib3/util/retry.py
Removing env/lib/python3.8/site-packages/pip/_vendor/urllib3/util/ssl_.py
Removing env/lib/python3.8/site-packages/pip/_vendor/urllib3/util/timeout.py
Removing env/lib/python3.8/site-packages/pip/_vendor/urllib3/util/url.py
Removing env/lib/python3.8/site-packages/pip/_vendor/urllib3/util/wait.py
Removing env/lib/python3.8/site-packages/pip/_vendor/webencodings/__init__.py
Removing env/lib/python3.8/site-packages/pip/_vendor/webencodings/labels.py
Removing env/lib/python3.8/site-packages/pip/_vendor/webencodings/mklabels.py
Removing env/lib/python3.8/site-packages/pip/_vendor/webencodings/tests.py
Removing env/lib/python3.8/site-packages/pip/_vendor/webencodings/x_user_defined.py
Removing env/lib/python3.8/site-packages/pkg_resources/__init__.py
Removing env/lib/python3.8/site-packages/pkg_resources/_vendor/__init__.py
Removing env/lib/python3.8/site-packages/pkg_resources/_vendor/appdirs.py
Removing env/lib/python3.8/site-packages/pkg_resources/_vendor/packaging/__about__.py
Removing env/lib/python3.8/site-packages/pkg_resources/_vendor/packaging/__init__.py
Removing env/lib/python3.8/site-packages/pkg_resources/_vendor/packaging/_compat.py
Removing env/lib/python3.8/site-packages/pkg_resources/_vendor/packaging/_structures.py
Removing env/lib/python3.8/site-packages/pkg_resources/_vendor/packaging/markers.py
Removing env/lib/python3.8/site-packages/pkg_resources/_vendor/packaging/requirements.py
Removing env/lib/python3.8/site-packages/pkg_resources/_vendor/packaging/specifiers.py
Removing env/lib/python3.8/site-packages/pkg_resources/_vendor/packaging/utils.py
Removing env/lib/python3.8/site-packages/pkg_resources/_vendor/packaging/version.py
Removing env/lib/python3.8/site-packages/pkg_resources/_vendor/pyparsing.py
Removing env/lib/python3.8/site-packages/pkg_resources/_vendor/six.py
Removing env/lib/python3.8/site-packages/pkg_resources/extern/__init__.py
Removing env/lib/python3.8/site-packages/pkg_resources/py31compat.py
Removing env/lib/python3.8/site-packages/pluggy-0.13.1.dist-info/
Removing env/lib/python3.8/site-packages/pluggy/__init__.py
Removing env/lib/python3.8/site-packages/pluggy/_tracing.py
Removing env/lib/python3.8/site-packages/pluggy/_version.py
Removing env/lib/python3.8/site-packages/pluggy/callers.py
Removing env/lib/python3.8/site-packages/pluggy/hooks.py
Removing env/lib/python3.8/site-packages/pluggy/manager.py
Removing env/lib/python3.8/site-packages/py-1.8.1.dist-info/
Removing env/lib/python3.8/site-packages/py/__init__.py
Removing env/lib/python3.8/site-packages/py/__metainfo.py
Removing env/lib/python3.8/site-packages/py/_builtin.py
Removing env/lib/python3.8/site-packages/py/_code/__init__.py
Removing env/lib/python3.8/site-packages/py/_code/_assertionnew.py
Removing env/lib/python3.8/site-packages/py/_code/_assertionold.py
Removing env/lib/python3.8/site-packages/py/_code/_py2traceback.py
Removing env/lib/python3.8/site-packages/py/_code/assertion.py
Removing env/lib/python3.8/site-packages/py/_code/code.py
Removing env/lib/python3.8/site-packages/py/_code/source.py
Removing env/lib/python3.8/site-packages/py/_error.py
Removing env/lib/python3.8/site-packages/py/_io/__init__.py
Removing env/lib/python3.8/site-packages/py/_io/capture.py
Removing env/lib/python3.8/site-packages/py/_io/saferepr.py
Removing env/lib/python3.8/site-packages/py/_io/terminalwriter.py
Removing env/lib/python3.8/site-packages/py/_log/__init__.py
Removing env/lib/python3.8/site-packages/py/_log/log.py
Removing env/lib/python3.8/site-packages/py/_log/warning.py
Removing env/lib/python3.8/site-packages/py/_path/__init__.py
Removing env/lib/python3.8/site-packages/py/_path/cacheutil.py
Removing env/lib/python3.8/site-packages/py/_path/common.py
Removing env/lib/python3.8/site-packages/py/_path/local.py
Removing env/lib/python3.8/site-packages/py/_path/svnurl.py
Removing env/lib/python3.8/site-packages/py/_path/svnwc.py
Removing env/lib/python3.8/site-packages/py/_process/__init__.py
Removing env/lib/python3.8/site-packages/py/_process/cmdexec.py
Removing env/lib/python3.8/site-packages/py/_process/forkedfunc.py
Removing env/lib/python3.8/site-packages/py/_process/killproc.py
Removing env/lib/python3.8/site-packages/py/_std.py
Removing env/lib/python3.8/site-packages/py/_vendored_packages/__init__.py
Removing env/lib/python3.8/site-packages/py/_vendored_packages/apipkg.py
Removing env/lib/python3.8/site-packages/py/_vendored_packages/iniconfig.py
Removing env/lib/python3.8/site-packages/py/_version.py
Removing env/lib/python3.8/site-packages/py/_xmlgen.py
Removing env/lib/python3.8/site-packages/py/test.py
Removing env/lib/python3.8/site-packages/pycodestyle-2.6.0.dist-info/
Removing env/lib/python3.8/site-packages/pycodestyle.py
Removing env/lib/python3.8/site-packages/pyflakes-2.2.0.dist-info/
Removing env/lib/python3.8/site-packages/pyflakes/__init__.py
Removing env/lib/python3.8/site-packages/pyflakes/__main__.py
Removing env/lib/python3.8/site-packages/pyflakes/api.py
Removing env/lib/python3.8/site-packages/pyflakes/checker.py
Removing env/lib/python3.8/site-packages/pyflakes/messages.py
Removing env/lib/python3.8/site-packages/pyflakes/reporter.py
Removing env/lib/python3.8/site-packages/pyflakes/scripts/__init__.py
Removing env/lib/python3.8/site-packages/pyflakes/scripts/pyflakes.py
Removing env/lib/python3.8/site-packages/pyflakes/test/__init__.py
Removing env/lib/python3.8/site-packages/pyflakes/test/harness.py
Removing env/lib/python3.8/site-packages/pyflakes/test/test_api.py
Removing env/lib/python3.8/site-packages/pyflakes/test/test_builtin.py
Removing env/lib/python3.8/site-packages/pyflakes/test/test_checker.py
Removing env/lib/python3.8/site-packages/pyflakes/test/test_code_segment.py
Removing env/lib/python3.8/site-packages/pyflakes/test/test_dict.py
Removing env/lib/python3.8/site-packages/pyflakes/test/test_doctests.py
Removing env/lib/python3.8/site-packages/pyflakes/test/test_imports.py
Removing env/lib/python3.8/site-packages/pyflakes/test/test_is_literal.py
Removing env/lib/python3.8/site-packages/pyflakes/test/test_other.py
Removing env/lib/python3.8/site-packages/pyflakes/test/test_return_with_arguments_inside_generator.py
Removing env/lib/python3.8/site-packages/pyflakes/test/test_type_annotations.py
Removing env/lib/python3.8/site-packages/pyflakes/test/test_undefined_names.py
Removing env/lib/python3.8/site-packages/pyparsing-2.4.7.dist-info/
Removing env/lib/python3.8/site-packages/pyparsing.py
Removing env/lib/python3.8/site-packages/pytest-5.4.3.dist-info/
Removing env/lib/python3.8/site-packages/pytest/__init__.py
Removing env/lib/python3.8/site-packages/pytest/__main__.py
Removing env/lib/python3.8/site-packages/setuptools-41.2.0.dist-info/
Removing env/lib/python3.8/site-packages/setuptools/__init__.py
Removing env/lib/python3.8/site-packages/setuptools/_deprecation_warning.py
Removing env/lib/python3.8/site-packages/setuptools/_vendor/__init__.py
Removing env/lib/python3.8/site-packages/setuptools/_vendor/packaging/__about__.py
Removing env/lib/python3.8/site-packages/setuptools/_vendor/packaging/__init__.py
Removing env/lib/python3.8/site-packages/setuptools/_vendor/packaging/_compat.py
Removing env/lib/python3.8/site-packages/setuptools/_vendor/packaging/_structures.py
Removing env/lib/python3.8/site-packages/setuptools/_vendor/packaging/markers.py
Removing env/lib/python3.8/site-packages/setuptools/_vendor/packaging/requirements.py
Removing env/lib/python3.8/site-packages/setuptools/_vendor/packaging/specifiers.py
Removing env/lib/python3.8/site-packages/setuptools/_vendor/packaging/utils.py
Removing env/lib/python3.8/site-packages/setuptools/_vendor/packaging/version.py
Removing env/lib/python3.8/site-packages/setuptools/_vendor/pyparsing.py
Removing env/lib/python3.8/site-packages/setuptools/_vendor/six.py
Removing env/lib/python3.8/site-packages/setuptools/archive_util.py
Removing env/lib/python3.8/site-packages/setuptools/build_meta.py
Removing env/lib/python3.8/site-packages/setuptools/cli-32.exe
Removing env/lib/python3.8/site-packages/setuptools/cli-64.exe
Removing env/lib/python3.8/site-packages/setuptools/cli.exe
Removing env/lib/python3.8/site-packages/setuptools/command/__init__.py
Removing env/lib/python3.8/site-packages/setuptools/command/alias.py
Removing env/lib/python3.8/site-packages/setuptools/command/bdist_egg.py
Removing env/lib/python3.8/site-packages/setuptools/command/bdist_rpm.py
Removing env/lib/python3.8/site-packages/setuptools/command/bdist_wininst.py
Removing env/lib/python3.8/site-packages/setuptools/command/build_clib.py
Removing env/lib/python3.8/site-packages/setuptools/command/build_ext.py
Removing env/lib/python3.8/site-packages/setuptools/command/build_py.py
Removing env/lib/python3.8/site-packages/setuptools/command/develop.py
Removing env/lib/python3.8/site-packages/setuptools/command/dist_info.py
Removing env/lib/python3.8/site-packages/setuptools/command/easy_install.py
Removing env/lib/python3.8/site-packages/setuptools/command/egg_info.py
Removing env/lib/python3.8/site-packages/setuptools/command/install.py
Removing env/lib/python3.8/site-packages/setuptools/command/install_egg_info.py
Removing env/lib/python3.8/site-packages/setuptools/command/install_lib.py
Removing env/lib/python3.8/site-packages/setuptools/command/install_scripts.py
Removing env/lib/python3.8/site-packages/setuptools/command/launcher manifest.xml
Removing env/lib/python3.8/site-packages/setuptools/command/py36compat.py
Removing env/lib/python3.8/site-packages/setuptools/command/register.py
Removing env/lib/python3.8/site-packages/setuptools/command/rotate.py
Removing env/lib/python3.8/site-packages/setuptools/command/saveopts.py
Removing env/lib/python3.8/site-packages/setuptools/command/sdist.py
Removing env/lib/python3.8/site-packages/setuptools/command/setopt.py
Removing env/lib/python3.8/site-packages/setuptools/command/test.py
Removing env/lib/python3.8/site-packages/setuptools/command/upload.py
Removing env/lib/python3.8/site-packages/setuptools/command/upload_docs.py
Removing env/lib/python3.8/site-packages/setuptools/config.py
Removing env/lib/python3.8/site-packages/setuptools/dep_util.py
Removing env/lib/python3.8/site-packages/setuptools/depends.py
Removing env/lib/python3.8/site-packages/setuptools/dist.py
Removing env/lib/python3.8/site-packages/setuptools/extension.py
Removing env/lib/python3.8/site-packages/setuptools/extern/__init__.py
Removing env/lib/python3.8/site-packages/setuptools/glibc.py
Removing env/lib/python3.8/site-packages/setuptools/glob.py
Removing env/lib/python3.8/site-packages/setuptools/gui-32.exe
Removing env/lib/python3.8/site-packages/setuptools/gui-64.exe
Removing env/lib/python3.8/site-packages/setuptools/gui.exe
Removing env/lib/python3.8/site-packages/setuptools/launch.py
Removing env/lib/python3.8/site-packages/setuptools/lib2to3_ex.py
Removing env/lib/python3.8/site-packages/setuptools/monkey.py
Removing env/lib/python3.8/site-packages/setuptools/msvc.py
Removing env/lib/python3.8/site-packages/setuptools/namespaces.py
Removing env/lib/python3.8/site-packages/setuptools/package_index.py
Removing env/lib/python3.8/site-packages/setuptools/pep425tags.py
Removing env/lib/python3.8/site-packages/setuptools/py27compat.py
Removing env/lib/python3.8/site-packages/setuptools/py31compat.py
Removing env/lib/python3.8/site-packages/setuptools/py33compat.py
Removing env/lib/python3.8/site-packages/setuptools/sandbox.py
Removing env/lib/python3.8/site-packages/setuptools/script (dev).tmpl
Removing env/lib/python3.8/site-packages/setuptools/script.tmpl
Removing env/lib/python3.8/site-packages/setuptools/site-patch.py
Removing env/lib/python3.8/site-packages/setuptools/ssl_support.py
Removing env/lib/python3.8/site-packages/setuptools/unicode_utils.py
Removing env/lib/python3.8/site-packages/setuptools/version.py
Removing env/lib/python3.8/site-packages/setuptools/wheel.py
Removing env/lib/python3.8/site-packages/setuptools/windows_support.py
Removing env/lib/python3.8/site-packages/six-1.15.0.dist-info/
Removing env/lib/python3.8/site-packages/six.py
Removing env/lib/python3.8/site-packages/tqdm-4.23.4-py3.8.egg/EGG-INFO/
Removing env/lib/python3.8/site-packages/tqdm-4.23.4-py3.8.egg/man/
Removing env/lib/python3.8/site-packages/tqdm-4.23.4-py3.8.egg/tqdm/__init__.py
Removing env/lib/python3.8/site-packages/tqdm-4.23.4-py3.8.egg/tqdm/__main__.py
Removing env/lib/python3.8/site-packages/tqdm-4.23.4-py3.8.egg/tqdm/_main.py
Removing env/lib/python3.8/site-packages/tqdm-4.23.4-py3.8.egg/tqdm/_monitor.py
Removing env/lib/python3.8/site-packages/tqdm-4.23.4-py3.8.egg/tqdm/_tqdm.py
Removing env/lib/python3.8/site-packages/tqdm-4.23.4-py3.8.egg/tqdm/_tqdm_gui.py
Removing env/lib/python3.8/site-packages/tqdm-4.23.4-py3.8.egg/tqdm/_tqdm_notebook.py
Removing env/lib/python3.8/site-packages/tqdm-4.23.4-py3.8.egg/tqdm/_tqdm_pandas.py
Removing env/lib/python3.8/site-packages/tqdm-4.23.4-py3.8.egg/tqdm/_utils.py
Removing env/lib/python3.8/site-packages/tqdm-4.23.4-py3.8.egg/tqdm/_version.py
Removing env/lib/python3.8/site-packages/tqdm-4.23.4-py3.8.egg/tqdm/auto.py
Removing env/lib/python3.8/site-packages/tqdm-4.23.4-py3.8.egg/tqdm/auto/__init__.py
Removing env/lib/python3.8/site-packages/tqdm-4.23.4-py3.8.egg/tqdm/autonotebook.py
Removing env/lib/python3.8/site-packages/tqdm-4.23.4-py3.8.egg/tqdm/autonotebook/__init__.py
Removing env/lib/python3.8/site-packages/tqdm-4.23.4-py3.8.egg/tqdm/cli.py
Removing env/lib/python3.8/site-packages/tqdm-4.23.4-py3.8.egg/tqdm/contrib/__init__.py
Removing env/lib/python3.8/site-packages/tqdm-4.23.4-py3.8.egg/tqdm/contrib/concurrent.py
Removing env/lib/python3.8/site-packages/tqdm-4.23.4-py3.8.egg/tqdm/contrib/itertools.py
Removing env/lib/python3.8/site-packages/tqdm-4.23.4-py3.8.egg/tqdm/gui.py
Removing env/lib/python3.8/site-packages/tqdm-4.23.4-py3.8.egg/tqdm/keras.py
Removing env/lib/python3.8/site-packages/tqdm-4.23.4-py3.8.egg/tqdm/notebook.py
Removing env/lib/python3.8/site-packages/tqdm-4.23.4-py3.8.egg/tqdm/std.py
Removing env/lib/python3.8/site-packages/tqdm-4.23.4-py3.8.egg/tqdm/tqdm.1
Removing env/lib/python3.8/site-packages/tqdm-4.23.4-py3.8.egg/tqdm/utils.py
Removing env/lib/python3.8/site-packages/tqdm-4.44.1.dist-info/
Removing env/lib/python3.8/site-packages/tqdm/__init__.py
Removing env/lib/python3.8/site-packages/tqdm/__main__.py
Removing env/lib/python3.8/site-packages/tqdm/_main.py
Removing env/lib/python3.8/site-packages/tqdm/_monitor.py
Removing env/lib/python3.8/site-packages/tqdm/_tqdm.py
Removing env/lib/python3.8/site-packages/tqdm/_tqdm_gui.py
Removing env/lib/python3.8/site-packages/tqdm/_tqdm_notebook.py
Removing env/lib/python3.8/site-packages/tqdm/_tqdm_pandas.py
Removing env/lib/python3.8/site-packages/tqdm/_utils.py
Removing env/lib/python3.8/site-packages/tqdm/_version.py
Removing env/lib/python3.8/site-packages/tqdm/auto.py
Removing env/lib/python3.8/site-packages/tqdm/autonotebook.py
Removing env/lib/python3.8/site-packages/tqdm/cli.py
Removing env/lib/python3.8/site-packages/tqdm/contrib/__init__.py
Removing env/lib/python3.8/site-packages/tqdm/contrib/concurrent.py
Removing env/lib/python3.8/site-packages/tqdm/contrib/itertools.py
Removing env/lib/python3.8/site-packages/tqdm/gui.py
Removing env/lib/python3.8/site-packages/tqdm/keras.py
Removing env/lib/python3.8/site-packages/tqdm/notebook.py
Removing env/lib/python3.8/site-packages/tqdm/std.py
Removing env/lib/python3.8/site-packages/tqdm/tqdm.1
Removing env/lib/python3.8/site-packages/tqdm/utils.py
Removing env/lib/python3.8/site-packages/wcwidth-0.2.4.dist-info/
Removing env/lib/python3.8/site-packages/wcwidth/__init__.py
Removing env/lib/python3.8/site-packages/wcwidth/table_wide.py
Removing env/lib/python3.8/site-packages/wcwidth/table_zero.py
Removing env/lib/python3.8/site-packages/wcwidth/tests/__init__.py
Removing env/lib/python3.8/site-packages/wcwidth/tests/test_core.py
Removing env/lib/python3.8/site-packages/wcwidth/version.json
Removing env/lib/python3.8/site-packages/wcwidth/wcwidth.py
Removing env/lib/python3.8/site-packages/zipp-3.1.0.dist-info/
Removing env/lib/python3.8/site-packages/zipp.py
Removing env/lib64
Removing env/man/
Removing env/pyvenv.cfg
python setup.py install
pip3 install nose
pip3 install flake8
pip3 install coverage
pip3 install pytest
dos2unix: converting file /home/sumukher/evals/BugsInPy/framework/bin/temp/tqdm/bugsinpy_requirements.txt to Unix format...
Collecting attrs==19.3.0
  Using cached https://files.pythonhosted.org/packages/a2/db/4313ab3be961f7a763066401fb77f7748373b6094076ae2bda2806988af6/attrs-19.3.0-py2.py3-none-any.whl
Installing collected packages: attrs
Successfully installed attrs-19.3.0
WARNING: You are using pip version 19.2.3, however version 21.0.1 is available.
You should consider upgrading via the 'pip install --upgrade pip' command.
Collecting coverage==5.1
  Using cached https://files.pythonhosted.org/packages/52/38/53a28fcbe77f56f92d45f9961feca85caebe7424b63a10b07aa8607a4f8d/coverage-5.1-cp38-cp38-manylinux1_x86_64.whl
Installing collected packages: coverage
Successfully installed coverage-5.1
WARNING: You are using pip version 19.2.3, however version 21.0.1 is available.
You should consider upgrading via the 'pip install --upgrade pip' command.
Collecting flake8==3.8.3
  Using cached https://files.pythonhosted.org/packages/6c/20/6326a9a0c6f0527612bae748c4c03df5cd69cf06dfb2cf59d85c6e165a6a/flake8-3.8.3-py2.py3-none-any.whl
Collecting pyflakes<2.3.0,>=2.2.0 (from flake8==3.8.3)
  Using cached https://files.pythonhosted.org/packages/69/5b/fd01b0c696f2f9a6d2c839883b642493b431f28fa32b29abc465ef675473/pyflakes-2.2.0-py2.py3-none-any.whl
Collecting pycodestyle<2.7.0,>=2.6.0a1 (from flake8==3.8.3)
  Using cached https://files.pythonhosted.org/packages/10/5b/88879fb861ab79aef45c7e199cae3ef7af487b5603dcb363517a50602dd7/pycodestyle-2.6.0-py2.py3-none-any.whl
Collecting mccabe<0.7.0,>=0.6.0 (from flake8==3.8.3)
  Using cached https://files.pythonhosted.org/packages/87/89/479dc97e18549e21354893e4ee4ef36db1d237534982482c3681ee6e7b57/mccabe-0.6.1-py2.py3-none-any.whl
Installing collected packages: pyflakes, pycodestyle, mccabe, flake8
Successfully installed flake8-3.8.3 mccabe-0.6.1 pycodestyle-2.6.0 pyflakes-2.2.0
WARNING: You are using pip version 19.2.3, however version 21.0.1 is available.
You should consider upgrading via the 'pip install --upgrade pip' command.
Collecting importlib-metadata==1.6.1
  Using cached https://files.pythonhosted.org/packages/98/13/a1d703ec396ade42c1d33df0e1cb691a28b7c08b336a5683912c87e04cd7/importlib_metadata-1.6.1-py2.py3-none-any.whl
Collecting zipp>=0.5 (from importlib-metadata==1.6.1)
  Using cached https://files.pythonhosted.org/packages/41/ad/6a4f1a124b325618a7fb758b885b68ff7b058eec47d9220a12ab38d90b1f/zipp-3.4.0-py3-none-any.whl
Installing collected packages: zipp, importlib-metadata
Successfully installed importlib-metadata-1.6.1 zipp-3.4.0
WARNING: You are using pip version 19.2.3, however version 21.0.1 is available.
You should consider upgrading via the 'pip install --upgrade pip' command.
Requirement already satisfied: mccabe==0.6.1 in ./env/lib/python3.8/site-packages (0.6.1)
WARNING: You are using pip version 19.2.3, however version 21.0.1 is available.
You should consider upgrading via the 'pip install --upgrade pip' command.
Collecting more-itertools==8.3.0
  Using cached https://files.pythonhosted.org/packages/06/b1/2dcadc4861c505a807d5c6d88928450fe5afcf352f205432572a10d74657/more_itertools-8.3.0-py3-none-any.whl
Installing collected packages: more-itertools
Successfully installed more-itertools-8.3.0
WARNING: You are using pip version 19.2.3, however version 21.0.1 is available.
You should consider upgrading via the 'pip install --upgrade pip' command.
Collecting nose==1.3.7
  Using cached https://files.pythonhosted.org/packages/15/d8/dd071918c040f50fa1cf80da16423af51ff8ce4a0f2399b7bf8de45ac3d9/nose-1.3.7-py3-none-any.whl
Installing collected packages: nose
Successfully installed nose-1.3.7
WARNING: You are using pip version 19.2.3, however version 21.0.1 is available.
You should consider upgrading via the 'pip install --upgrade pip' command.
Collecting packaging==20.4
  Using cached https://files.pythonhosted.org/packages/46/19/c5ab91b1b05cfe63cccd5cfc971db9214c6dd6ced54e33c30d5af1d2bc43/packaging-20.4-py2.py3-none-any.whl
Collecting six (from packaging==20.4)
  Using cached https://files.pythonhosted.org/packages/ee/ff/48bde5c0f013094d729fe4b0316ba2a24774b3ff1c52d924a8a4cb04078a/six-1.15.0-py2.py3-none-any.whl
Collecting pyparsing>=2.0.2 (from packaging==20.4)
  Using cached https://files.pythonhosted.org/packages/8a/bb/488841f56197b13700afd5658fc279a2025a39e22449b7cf29864669b15d/pyparsing-2.4.7-py2.py3-none-any.whl
Installing collected packages: six, pyparsing, packaging
Successfully installed packaging-20.4 pyparsing-2.4.7 six-1.15.0
WARNING: You are using pip version 19.2.3, however version 21.0.1 is available.
You should consider upgrading via the 'pip install --upgrade pip' command.
Collecting pkg-resources==0.0.0
  ERROR: Could not find a version that satisfies the requirement pkg-resources==0.0.0 (from versions: none)
ERROR: No matching distribution found for pkg-resources==0.0.0
WARNING: You are using pip version 19.2.3, however version 21.0.1 is available.
You should consider upgrading via the 'pip install --upgrade pip' command.
Collecting pluggy==0.13.1
  Using cached https://files.pythonhosted.org/packages/a0/28/85c7aa31b80d150b772fbe4a229487bc6644da9ccb7e427dd8cc60cb8a62/pluggy-0.13.1-py2.py3-none-any.whl
Installing collected packages: pluggy
Successfully installed pluggy-0.13.1
WARNING: You are using pip version 19.2.3, however version 21.0.1 is available.
You should consider upgrading via the 'pip install --upgrade pip' command.
Collecting py==1.8.1
  Using cached https://files.pythonhosted.org/packages/99/8d/21e1767c009211a62a8e3067280bfce76e89c9f876180308515942304d2d/py-1.8.1-py2.py3-none-any.whl
Installing collected packages: py
Successfully installed py-1.8.1
WARNING: You are using pip version 19.2.3, however version 21.0.1 is available.
You should consider upgrading via the 'pip install --upgrade pip' command.
Requirement already satisfied: pycodestyle==2.6.0 in ./env/lib/python3.8/site-packages (2.6.0)
WARNING: You are using pip version 19.2.3, however version 21.0.1 is available.
You should consider upgrading via the 'pip install --upgrade pip' command.
Requirement already satisfied: pyflakes==2.2.0 in ./env/lib/python3.8/site-packages (2.2.0)
WARNING: You are using pip version 19.2.3, however version 21.0.1 is available.
You should consider upgrading via the 'pip install --upgrade pip' command.
Requirement already satisfied: pyparsing==2.4.7 in ./env/lib/python3.8/site-packages (2.4.7)
WARNING: You are using pip version 19.2.3, however version 21.0.1 is available.
You should consider upgrading via the 'pip install --upgrade pip' command.
Collecting pytest==5.4.3
  Using cached https://files.pythonhosted.org/packages/9f/f3/0a83558da436a081344aa6c8b85ea5b5f05071214106036ce341b7769b0b/pytest-5.4.3-py3-none-any.whl
Collecting wcwidth (from pytest==5.4.3)
  Using cached https://files.pythonhosted.org/packages/59/7c/e39aca596badaf1b78e8f547c807b04dae603a433d3e7a7e04d67f2ef3e5/wcwidth-0.2.5-py2.py3-none-any.whl
Requirement already satisfied: more-itertools>=4.0.0 in ./env/lib/python3.8/site-packages (from pytest==5.4.3) (8.3.0)
Requirement already satisfied: pluggy<1.0,>=0.12 in ./env/lib/python3.8/site-packages (from pytest==5.4.3) (0.13.1)
Requirement already satisfied: attrs>=17.4.0 in ./env/lib/python3.8/site-packages (from pytest==5.4.3) (19.3.0)
Requirement already satisfied: py>=1.5.0 in ./env/lib/python3.8/site-packages (from pytest==5.4.3) (1.8.1)
Requirement already satisfied: packaging in ./env/lib/python3.8/site-packages (from pytest==5.4.3) (20.4)
Requirement already satisfied: pyparsing>=2.0.2 in ./env/lib/python3.8/site-packages (from packaging->pytest==5.4.3) (2.4.7)
Requirement already satisfied: six in ./env/lib/python3.8/site-packages (from packaging->pytest==5.4.3) (1.15.0)
Installing collected packages: wcwidth, pytest
Successfully installed pytest-5.4.3 wcwidth-0.2.5
WARNING: You are using pip version 19.2.3, however version 21.0.1 is available.
You should consider upgrading via the 'pip install --upgrade pip' command.
Requirement already satisfied: six==1.15.0 in ./env/lib/python3.8/site-packages (1.15.0)
WARNING: You are using pip version 19.2.3, however version 21.0.1 is available.
You should consider upgrading via the 'pip install --upgrade pip' command.
Collecting tqdm==4.44.1
  Using cached https://files.pythonhosted.org/packages/1c/1a/cd6ee6b8b06557dcc5590785af2fe90fa10c19c28e567c1e3a299d5081e7/tqdm-4.44.1-py2.py3-none-any.whl
Installing collected packages: tqdm
Successfully installed tqdm-4.44.1
WARNING: You are using pip version 19.2.3, however version 21.0.1 is available.
You should consider upgrading via the 'pip install --upgrade pip' command.
Collecting wcwidth==0.2.4
  Using cached https://files.pythonhosted.org/packages/ef/94/a17155b400812f0558093c6fb99f92ba823e24757d5884e3ec60f5e81319/wcwidth-0.2.4-py2.py3-none-any.whl
Installing collected packages: wcwidth
  Found existing installation: wcwidth 0.2.5
    Uninstalling wcwidth-0.2.5:
      Successfully uninstalled wcwidth-0.2.5
Successfully installed wcwidth-0.2.4
WARNING: You are using pip version 19.2.3, however version 21.0.1 is available.
You should consider upgrading via the 'pip install --upgrade pip' command.
Collecting zipp==3.1.0
  Using cached https://files.pythonhosted.org/packages/b2/34/bfcb43cc0ba81f527bc4f40ef41ba2ff4080e047acb0586b56b3d017ace4/zipp-3.1.0-py3-none-any.whl
Installing collected packages: zipp
  Found existing installation: zipp 3.4.0
    Uninstalling zipp-3.4.0:
      Successfully uninstalled zipp-3.4.0
Successfully installed zipp-3.1.0
WARNING: You are using pip version 19.2.3, however version 21.0.1 is available.
You should consider upgrading via the 'pip install --upgrade pip' command.
running install
running bdist_egg
running egg_info
writing tqdm.egg-info/PKG-INFO
writing dependency_links to tqdm.egg-info/dependency_links.txt
writing entry points to tqdm.egg-info/entry_points.txt
writing top-level names to tqdm.egg-info/top_level.txt
reading manifest file 'tqdm.egg-info/SOURCES.txt'
reading manifest template 'MANIFEST.in'
writing manifest file 'tqdm.egg-info/SOURCES.txt'
installing library code to build/bdist.linux-x86_64/egg
running install_lib
running build_py
copying tqdm/_main.py -> build/lib/tqdm
copying tqdm/_monitor.py -> build/lib/tqdm
copying tqdm/_tqdm.py -> build/lib/tqdm
copying tqdm/_utils.py -> build/lib/tqdm
copying tqdm/_tqdm_notebook.py -> build/lib/tqdm
copying tqdm/_version.py -> build/lib/tqdm
creating build/bdist.linux-x86_64/egg
creating build/bdist.linux-x86_64/egg/tqdm
copying build/lib/tqdm/_main.py -> build/bdist.linux-x86_64/egg/tqdm
copying build/lib/tqdm/_monitor.py -> build/bdist.linux-x86_64/egg/tqdm
copying build/lib/tqdm/std.py -> build/bdist.linux-x86_64/egg/tqdm
copying build/lib/tqdm/gui.py -> build/bdist.linux-x86_64/egg/tqdm
copying build/lib/tqdm/auto.py -> build/bdist.linux-x86_64/egg/tqdm
copying build/lib/tqdm/tqdm.1 -> build/bdist.linux-x86_64/egg/tqdm
creating build/bdist.linux-x86_64/egg/tqdm/contrib
copying build/lib/tqdm/contrib/__init__.py -> build/bdist.linux-x86_64/egg/tqdm/contrib
copying build/lib/tqdm/contrib/itertools.py -> build/bdist.linux-x86_64/egg/tqdm/contrib
copying build/lib/tqdm/contrib/concurrent.py -> build/bdist.linux-x86_64/egg/tqdm/contrib
copying build/lib/tqdm/_tqdm.py -> build/bdist.linux-x86_64/egg/tqdm
copying build/lib/tqdm/_tqdm_pandas.py -> build/bdist.linux-x86_64/egg/tqdm
copying build/lib/tqdm/__init__.py -> build/bdist.linux-x86_64/egg/tqdm
copying build/lib/tqdm/_utils.py -> build/bdist.linux-x86_64/egg/tqdm
copying build/lib/tqdm/notebook.py -> build/bdist.linux-x86_64/egg/tqdm
copying build/lib/tqdm/_tqdm_notebook.py -> build/bdist.linux-x86_64/egg/tqdm
copying build/lib/tqdm/keras.py -> build/bdist.linux-x86_64/egg/tqdm
copying build/lib/tqdm/cli.py -> build/bdist.linux-x86_64/egg/tqdm
copying build/lib/tqdm/__main__.py -> build/bdist.linux-x86_64/egg/tqdm
creating build/bdist.linux-x86_64/egg/tqdm/auto
copying build/lib/tqdm/auto/__init__.py -> build/bdist.linux-x86_64/egg/tqdm/auto
creating build/bdist.linux-x86_64/egg/tqdm/autonotebook
copying build/lib/tqdm/autonotebook/__init__.py -> build/bdist.linux-x86_64/egg/tqdm/autonotebook
copying build/lib/tqdm/autonotebook.py -> build/bdist.linux-x86_64/egg/tqdm
copying build/lib/tqdm/_version.py -> build/bdist.linux-x86_64/egg/tqdm
copying build/lib/tqdm/utils.py -> build/bdist.linux-x86_64/egg/tqdm
copying build/lib/tqdm/_tqdm_gui.py -> build/bdist.linux-x86_64/egg/tqdm
byte-compiling build/bdist.linux-x86_64/egg/tqdm/_main.py to _main.cpython-38.pyc
byte-compiling build/bdist.linux-x86_64/egg/tqdm/_monitor.py to _monitor.cpython-38.pyc
byte-compiling build/bdist.linux-x86_64/egg/tqdm/std.py to std.cpython-38.pyc
byte-compiling build/bdist.linux-x86_64/egg/tqdm/gui.py to gui.cpython-38.pyc
byte-compiling build/bdist.linux-x86_64/egg/tqdm/auto.py to auto.cpython-38.pyc
byte-compiling build/bdist.linux-x86_64/egg/tqdm/contrib/__init__.py to __init__.cpython-38.pyc
byte-compiling build/bdist.linux-x86_64/egg/tqdm/contrib/itertools.py to itertools.cpython-38.pyc
byte-compiling build/bdist.linux-x86_64/egg/tqdm/contrib/concurrent.py to concurrent.cpython-38.pyc
byte-compiling build/bdist.linux-x86_64/egg/tqdm/_tqdm.py to _tqdm.cpython-38.pyc
byte-compiling build/bdist.linux-x86_64/egg/tqdm/_tqdm_pandas.py to _tqdm_pandas.cpython-38.pyc
byte-compiling build/bdist.linux-x86_64/egg/tqdm/__init__.py to __init__.cpython-38.pyc
byte-compiling build/bdist.linux-x86_64/egg/tqdm/_utils.py to _utils.cpython-38.pyc
byte-compiling build/bdist.linux-x86_64/egg/tqdm/notebook.py to notebook.cpython-38.pyc
byte-compiling build/bdist.linux-x86_64/egg/tqdm/_tqdm_notebook.py to _tqdm_notebook.cpython-38.pyc
byte-compiling build/bdist.linux-x86_64/egg/tqdm/keras.py to keras.cpython-38.pyc
byte-compiling build/bdist.linux-x86_64/egg/tqdm/cli.py to cli.cpython-38.pyc
byte-compiling build/bdist.linux-x86_64/egg/tqdm/__main__.py to __main__.cpython-38.pyc
byte-compiling build/bdist.linux-x86_64/egg/tqdm/auto/__init__.py to __init__.cpython-38.pyc
byte-compiling build/bdist.linux-x86_64/egg/tqdm/autonotebook/__init__.py to __init__.cpython-38.pyc
byte-compiling build/bdist.linux-x86_64/egg/tqdm/autonotebook.py to autonotebook.cpython-38.pyc
byte-compiling build/bdist.linux-x86_64/egg/tqdm/_version.py to _version.cpython-38.pyc
byte-compiling build/bdist.linux-x86_64/egg/tqdm/utils.py to utils.cpython-38.pyc
byte-compiling build/bdist.linux-x86_64/egg/tqdm/_tqdm_gui.py to _tqdm_gui.cpython-38.pyc
installing package data to build/bdist.linux-x86_64/egg
running install_data
creating build/bdist.linux-x86_64/egg/man
creating build/bdist.linux-x86_64/egg/man/man1
copying tqdm.1 -> build/bdist.linux-x86_64/egg/man/man1
creating build/bdist.linux-x86_64/egg/EGG-INFO
copying tqdm.egg-info/PKG-INFO -> build/bdist.linux-x86_64/egg/EGG-INFO
copying tqdm.egg-info/SOURCES.txt -> build/bdist.linux-x86_64/egg/EGG-INFO
copying tqdm.egg-info/dependency_links.txt -> build/bdist.linux-x86_64/egg/EGG-INFO
copying tqdm.egg-info/entry_points.txt -> build/bdist.linux-x86_64/egg/EGG-INFO
copying tqdm.egg-info/top_level.txt -> build/bdist.linux-x86_64/egg/EGG-INFO
zip_safe flag not set; analyzing archive contents...
tqdm.__pycache__._version.cpython-38: module references __file__
creating 'dist/tqdm-4.22.0-py3.8.egg' and adding 'build/bdist.linux-x86_64/egg' to it
removing 'build/bdist.linux-x86_64/egg' (and everything under it)
Processing tqdm-4.22.0-py3.8.egg
creating /home/sumukher/evals/BugsInPy/framework/bin/temp/tqdm/env/lib/python3.8/site-packages/tqdm-4.22.0-py3.8.egg
Extracting tqdm-4.22.0-py3.8.egg to /home/sumukher/evals/BugsInPy/framework/bin/temp/tqdm/env/lib/python3.8/site-packages
Adding tqdm 4.22.0 to easy-install.pth file
Installing tqdm script to /home/sumukher/evals/BugsInPy/framework/bin/temp/tqdm/env/bin

Installed /home/sumukher/evals/BugsInPy/framework/bin/temp/tqdm/env/lib/python3.8/site-packages/tqdm-4.22.0-py3.8.egg
Processing dependencies for tqdm==4.22.0
Finished processing dependencies for tqdm==4.22.0
Requirement already satisfied: nose in ./env/lib/python3.8/site-packages (1.3.7)
WARNING: You are using pip version 19.2.3, however version 21.0.1 is available.
You should consider upgrading via the 'pip install --upgrade pip' command.
Requirement already satisfied: flake8 in ./env/lib/python3.8/site-packages (3.8.3)
Requirement already satisfied: pyflakes<2.3.0,>=2.2.0 in ./env/lib/python3.8/site-packages (from flake8) (2.2.0)
Requirement already satisfied: mccabe<0.7.0,>=0.6.0 in ./env/lib/python3.8/site-packages (from flake8) (0.6.1)
Requirement already satisfied: pycodestyle<2.7.0,>=2.6.0a1 in ./env/lib/python3.8/site-packages (from flake8) (2.6.0)
WARNING: You are using pip version 19.2.3, however version 21.0.1 is available.
You should consider upgrading via the 'pip install --upgrade pip' command.
Requirement already satisfied: coverage in ./env/lib/python3.8/site-packages (5.1)
WARNING: You are using pip version 19.2.3, however version 21.0.1 is available.
You should consider upgrading via the 'pip install --upgrade pip' command.
Requirement already satisfied: pytest in ./env/lib/python3.8/site-packages (5.4.3)
Requirement already satisfied: more-itertools>=4.0.0 in ./env/lib/python3.8/site-packages (from pytest) (8.3.0)
Requirement already satisfied: wcwidth in ./env/lib/python3.8/site-packages (from pytest) (0.2.4)
Requirement already satisfied: py>=1.5.0 in ./env/lib/python3.8/site-packages (from pytest) (1.8.1)
Requirement already satisfied: packaging in ./env/lib/python3.8/site-packages (from pytest) (20.4)
Requirement already satisfied: pluggy<1.0,>=0.12 in ./env/lib/python3.8/site-packages (from pytest) (0.13.1)
Requirement already satisfied: attrs>=17.4.0 in ./env/lib/python3.8/site-packages (from pytest) (19.3.0)
Requirement already satisfied: pyparsing>=2.0.2 in ./env/lib/python3.8/site-packages (from packaging->pytest) (2.4.7)
Requirement already satisfied: six in ./env/lib/python3.8/site-packages (from packaging->pytest) (1.15.0)
WARNING: You are using pip version 19.2.3, however version 21.0.1 is available.
You should consider upgrading via the 'pip install --upgrade pip' command.
Requirement already satisfied: attrs==19.3.0 in ./env/lib/python3.8/site-packages (19.3.0)
WARNING: You are using pip version 19.2.3, however version 21.0.1 is available.
You should consider upgrading via the 'pip install --upgrade pip' command.
Requirement already satisfied: coverage==5.1 in ./env/lib/python3.8/site-packages (5.1)
WARNING: You are using pip version 19.2.3, however version 21.0.1 is available.
You should consider upgrading via the 'pip install --upgrade pip' command.
Requirement already satisfied: flake8==3.8.3 in ./env/lib/python3.8/site-packages (3.8.3)
Requirement already satisfied: pycodestyle<2.7.0,>=2.6.0a1 in ./env/lib/python3.8/site-packages (from flake8==3.8.3) (2.6.0)
Requirement already satisfied: pyflakes<2.3.0,>=2.2.0 in ./env/lib/python3.8/site-packages (from flake8==3.8.3) (2.2.0)
Requirement already satisfied: mccabe<0.7.0,>=0.6.0 in ./env/lib/python3.8/site-packages (from flake8==3.8.3) (0.6.1)
WARNING: You are using pip version 19.2.3, however version 21.0.1 is available.
You should consider upgrading via the 'pip install --upgrade pip' command.
Requirement already satisfied: importlib-metadata==1.6.1 in ./env/lib/python3.8/site-packages (1.6.1)
Requirement already satisfied: zipp>=0.5 in ./env/lib/python3.8/site-packages (from importlib-metadata==1.6.1) (3.1.0)
WARNING: You are using pip version 19.2.3, however version 21.0.1 is available.
You should consider upgrading via the 'pip install --upgrade pip' command.
Requirement already satisfied: mccabe==0.6.1 in ./env/lib/python3.8/site-packages (0.6.1)
WARNING: You are using pip version 19.2.3, however version 21.0.1 is available.
You should consider upgrading via the 'pip install --upgrade pip' command.
Requirement already satisfied: more-itertools==8.3.0 in ./env/lib/python3.8/site-packages (8.3.0)
WARNING: You are using pip version 19.2.3, however version 21.0.1 is available.
You should consider upgrading via the 'pip install --upgrade pip' command.
Requirement already satisfied: nose==1.3.7 in ./env/lib/python3.8/site-packages (1.3.7)
WARNING: You are using pip version 19.2.3, however version 21.0.1 is available.
You should consider upgrading via the 'pip install --upgrade pip' command.
Requirement already satisfied: packaging==20.4 in ./env/lib/python3.8/site-packages (20.4)
Requirement already satisfied: six in ./env/lib/python3.8/site-packages (from packaging==20.4) (1.15.0)
Requirement already satisfied: pyparsing>=2.0.2 in ./env/lib/python3.8/site-packages (from packaging==20.4) (2.4.7)
WARNING: You are using pip version 19.2.3, however version 21.0.1 is available.
You should consider upgrading via the 'pip install --upgrade pip' command.
Collecting pkg-resources==0.0.0
  ERROR: Could not find a version that satisfies the requirement pkg-resources==0.0.0 (from versions: none)
ERROR: No matching distribution found for pkg-resources==0.0.0
WARNING: You are using pip version 19.2.3, however version 21.0.1 is available.
You should consider upgrading via the 'pip install --upgrade pip' command.
Requirement already satisfied: pluggy==0.13.1 in ./env/lib/python3.8/site-packages (0.13.1)
WARNING: You are using pip version 19.2.3, however version 21.0.1 is available.
You should consider upgrading via the 'pip install --upgrade pip' command.
Requirement already satisfied: py==1.8.1 in ./env/lib/python3.8/site-packages (1.8.1)
WARNING: You are using pip version 19.2.3, however version 21.0.1 is available.
You should consider upgrading via the 'pip install --upgrade pip' command.
Requirement already satisfied: pycodestyle==2.6.0 in ./env/lib/python3.8/site-packages (2.6.0)
WARNING: You are using pip version 19.2.3, however version 21.0.1 is available.
You should consider upgrading via the 'pip install --upgrade pip' command.
Requirement already satisfied: pyflakes==2.2.0 in ./env/lib/python3.8/site-packages (2.2.0)
WARNING: You are using pip version 19.2.3, however version 21.0.1 is available.
You should consider upgrading via the 'pip install --upgrade pip' command.
Requirement already satisfied: pyparsing==2.4.7 in ./env/lib/python3.8/site-packages (2.4.7)
WARNING: You are using pip version 19.2.3, however version 21.0.1 is available.
You should consider upgrading via the 'pip install --upgrade pip' command.
Requirement already satisfied: pytest==5.4.3 in ./env/lib/python3.8/site-packages (5.4.3)
Requirement already satisfied: attrs>=17.4.0 in ./env/lib/python3.8/site-packages (from pytest==5.4.3) (19.3.0)
Requirement already satisfied: py>=1.5.0 in ./env/lib/python3.8/site-packages (from pytest==5.4.3) (1.8.1)
Requirement already satisfied: pluggy<1.0,>=0.12 in ./env/lib/python3.8/site-packages (from pytest==5.4.3) (0.13.1)
Requirement already satisfied: packaging in ./env/lib/python3.8/site-packages (from pytest==5.4.3) (20.4)
Requirement already satisfied: wcwidth in ./env/lib/python3.8/site-packages (from pytest==5.4.3) (0.2.4)
Requirement already satisfied: more-itertools>=4.0.0 in ./env/lib/python3.8/site-packages (from pytest==5.4.3) (8.3.0)
Requirement already satisfied: six in ./env/lib/python3.8/site-packages (from packaging->pytest==5.4.3) (1.15.0)
Requirement already satisfied: pyparsing>=2.0.2 in ./env/lib/python3.8/site-packages (from packaging->pytest==5.4.3) (2.4.7)
WARNING: You are using pip version 19.2.3, however version 21.0.1 is available.
You should consider upgrading via the 'pip install --upgrade pip' command.
Requirement already satisfied: six==1.15.0 in ./env/lib/python3.8/site-packages (1.15.0)
WARNING: You are using pip version 19.2.3, however version 21.0.1 is available.
You should consider upgrading via the 'pip install --upgrade pip' command.
Requirement already satisfied: tqdm==4.44.1 in ./env/lib/python3.8/site-packages (4.44.1)
WARNING: You are using pip version 19.2.3, however version 21.0.1 is available.
You should consider upgrading via the 'pip install --upgrade pip' command.
Requirement already satisfied: wcwidth==0.2.4 in ./env/lib/python3.8/site-packages (0.2.4)
WARNING: You are using pip version 19.2.3, however version 21.0.1 is available.
You should consider upgrading via the 'pip install --upgrade pip' command.
Requirement already satisfied: zipp==3.1.0 in ./env/lib/python3.8/site-packages (3.1.0)
WARNING: You are using pip version 19.2.3, however version 21.0.1 is available.
You should consider upgrading via the 'pip install --upgrade pip' command.
python3 -m pytest tqdm/tests/tests_synchronisation.py::test_imap
RUN EVERY COMMAND
0


============================= test session starts ==============================
platform linux -- Python 3.8.1, pytest-5.4.3, py-1.8.1, pluggy-0.13.1
rootdir: /home/sumukher/evals/BugsInPy/framework/bin/temp/tqdm
collected 1 item

tqdm/tests/tests_synchronisation.py .                                    [100%]

=============================== warnings summary ===============================
env/lib/python3.8/site-packages/nose/importer.py:12
  /home/sumukher/evals/BugsInPy/framework/bin/temp/tqdm/env/lib/python3.8/site-packages/nose/importer.py:12: DeprecationWarning: the imp module is deprecated in favour of importlib; see the module's documentation for alternative uses
    from imp import find_module, load_module, acquire_lock, release_lock

-- Docs: https://docs.pytest.org/en/latest/warnings.html
========================= 1 passed, 1 warning in 0.36s =========================
