travis_fold:start:worker_info[0K[33;1mWorker information[0m
hostname: b8c4941a-0e18-4f2d-ad08-957aa17be494@1.i-0421f73-production-2-worker-org-ec2.travisci.net
version: v3.1.0 https://github.com/travis-ci/worker/tree/5b106cb773802277034d07b0a865af58d67bb1d2
instance: 50317ba:travisci/ci-garnet:packer-1503972846 (via amqp)
startup: 590.553318ms
travis_fold:end:worker_info[0Ktravis_fold:start:system_info[0K[33;1mBuild system information[0m
Build language: python
Build group: stable
Build dist: trusty
Build id: 288410332
Job id: 288410333
Runtime kernel version: 4.11.6-041106-generic
travis-build version: 64c759191
[34m[1mBuild image provisioning date and time[0m
Tue Aug 29 02:50:02 UTC 2017
[34m[1mOperating System Details[0m
Distributor ID:	Ubuntu
Description:	Ubuntu 14.04.5 LTS
Release:	14.04
Codename:	trusty
[34m[1mCookbooks Version[0m
4642454 https://github.com/travis-ci/travis-cookbooks/tree/4642454
[34m[1mgit version[0m
git version 2.14.1
[34m[1mbash version[0m
GNU bash, version 4.3.11(1)-release (x86_64-pc-linux-gnu)
[34m[1mgcc version[0m
gcc (Ubuntu 4.8.4-2ubuntu1~14.04.3) 4.8.4
Copyright (C) 2013 Free Software Foundation, Inc.
This is free software; see the source for copying conditions.  There is NO
warranty; not even for MERCHANTABILITY or FITNESS FOR A PARTICULAR PURPOSE.

[34m[1mdocker version[0m
Client:
 Version:      17.03.1-ce
 API version:  1.27
 Go version:   go1.7.5
 Git commit:   c6d412e
 Built:        Mon Mar 27 16:58:30 2017
 OS/Arch:      linux/amd64
[34m[1mclang version[0m
clang version 3.9.0 (tags/RELEASE_390/final)
Target: x86_64-unknown-linux-gnu
Thread model: posix
InstalledDir: /usr/local/clang-3.9.0/bin
[34m[1mjq version[0m
jq-1.5
[34m[1mbats version[0m
Bats 0.4.0
[34m[1mshellcheck version[0m
0.4.6
[34m[1mshfmt version[0m
v1.3.1
[34m[1mccache version[0m
ccache version 3.1.9

Copyright (C) 2002-2007 Andrew Tridgell
Copyright (C) 2009-2011 Joel Rosdahl

This program is free software; you can redistribute it and/or modify it under
the terms of the GNU General Public License as published by the Free Software
Foundation; either version 3 of the License, or (at your option) any later
version.
[34m[1mcmake version[0m
cmake version 3.2.2

CMake suite maintained and supported by Kitware (kitware.com/cmake).
[34m[1mheroku version[0m
heroku-cli/6.13.19-6cd27b3 (linux-x64) node-v8.3.0
[34m[1mimagemagick version[0m
Version: ImageMagick 6.7.7-10 2017-07-31 Q16 http://www.imagemagick.org
[34m[1mmd5deep version[0m
4.2
[34m[1mmercurial version[0m
Mercurial Distributed SCM (version 4.2.2)
(see https://mercurial-scm.org for more information)

Copyright (C) 2005-2017 Matt Mackall and others
This is free software; see the source for copying conditions. There is NO
warranty; not even for MERCHANTABILITY or FITNESS FOR A PARTICULAR PURPOSE.
[34m[1mmysql version[0m
mysql  Ver 14.14 Distrib 5.6.33, for debian-linux-gnu (x86_64) using  EditLine wrapper
[34m[1mopenssl version[0m
OpenSSL 1.0.1f 6 Jan 2014
[34m[1mpacker version[0m
Packer v1.0.2

Your version of Packer is out of date! The latest version
is 1.0.4. You can update by downloading from www.packer.io
[34m[1mpostgresql client version[0m
psql (PostgreSQL) 9.6.4
[34m[1mragel version[0m
Ragel State Machine Compiler version 6.8 Feb 2013
Copyright (c) 2001-2009 by Adrian Thurston
[34m[1msubversion version[0m
svn, version 1.8.8 (r1568071)
   compiled Aug 10 2017, 17:20:39 on x86_64-pc-linux-gnu

Copyright (C) 2013 The Apache Software Foundation.
This software consists of contributions made by many people;
see the NOTICE file for more information.
Subversion is open source software, see http://subversion.apache.org/

The following repository access (RA) modules are available:

* ra_svn : Module for accessing a repository using the svn network protocol.
  - with Cyrus SASL authentication
  - handles 'svn' scheme
* ra_local : Module for accessing a repository on local disk.
  - handles 'file' scheme
* ra_serf : Module for accessing a repository via WebDAV protocol using serf.
  - using serf 1.3.3
  - handles 'http' scheme
  - handles 'https' scheme

[34m[1msudo version[0m
Sudo version 1.8.9p5
Configure options: --prefix=/usr -v --with-all-insults --with-pam --with-fqdn --with-logging=syslog --with-logfac=authpriv --with-env-editor --with-editor=/usr/bin/editor --with-timeout=15 --with-password-timeout=0 --with-passprompt=[sudo] password for %p:  --without-lecture --with-tty-tickets --disable-root-mailer --enable-admin-flag --with-sendmail=/usr/sbin/sendmail --with-timedir=/var/lib/sudo --mandir=/usr/share/man --libexecdir=/usr/lib/sudo --with-sssd --with-sssd-lib=/usr/lib/x86_64-linux-gnu --with-selinux
Sudoers policy plugin version 1.8.9p5
Sudoers file grammar version 43

Sudoers path: /etc/sudoers
Authentication methods: 'pam'
Syslog facility if syslog is being used for logging: authpriv
Syslog priority to use when user authenticates successfully: notice
Syslog priority to use when user authenticates unsuccessfully: alert
Send mail if the user is not in sudoers
Use a separate timestamp for each user/tty combo
Lecture user the first time they run sudo
Root may run sudo
Allow some information gathering to give useful error messages
Require fully-qualified hostnames in the sudoers file
Visudo will honor the EDITOR environment variable
Set the LOGNAME and USER environment variables
Length at which to wrap log file lines (0 for no wrap): 80
Authentication timestamp timeout: 15.0 minutes
Password prompt timeout: 0.0 minutes
Number of tries to enter a password: 3
Umask to use or 0777 to use user's: 022
Path to mail program: /usr/sbin/sendmail
Flags for mail program: -t
Address to send mail to: root
Subject line for mail messages: *** SECURITY information for %h ***
Incorrect password message: Sorry, try again.
Path to authentication timestamp dir: /var/lib/sudo
Default password prompt: [sudo] password for %p: 
Default user to run commands as: root
Value to override user's $PATH with: /usr/local/sbin:/usr/local/bin:/usr/sbin:/usr/bin:/sbin:/bin:/snap/bin
Path to the editor for use by visudo: /usr/bin/editor
When to require a password for 'list' pseudocommand: any
When to require a password for 'verify' pseudocommand: all
File descriptors >= 3 will be closed before executing a command
Environment variables to check for sanity:
	TZ
	TERM
	LINGUAS
	LC_*
	LANGUAGE
	LANG
	COLORTERM
Environment variables to remove:
	RUBYOPT
	RUBYLIB
	PYTHONUSERBASE
	PYTHONINSPECT
	PYTHONPATH
	PYTHONHOME
	TMPPREFIX
	ZDOTDIR
	READNULLCMD
	NULLCMD
	FPATH
	PERL5DB
	PERL5OPT
	PERL5LIB
	PERLLIB
	PERLIO_DEBUG 
	JAVA_TOOL_OPTIONS
	SHELLOPTS
	GLOBIGNORE
	PS4
	BASH_ENV
	ENV
	TERMCAP
	TERMPATH
	TERMINFO_DIRS
	TERMINFO
	_RLD*
	LD_*
	PATH_LOCALE
	NLSPATH
	HOSTALIASES
	RES_OPTIONS
	LOCALDOMAIN
	CDPATH
	IFS
Environment variables to preserve:
	JAVA_HOME
	TRAVIS
	CI
	DEBIAN_FRONTEND
	XAUTHORIZATION
	XAUTHORITY
	PS2
	PS1
	PATH
	LS_COLORS
	KRB5CCNAME
	HOSTNAME
	HOME
	DISPLAY
	COLORS
Locale to use while parsing sudoers: C
Directory in which to store input/output logs: /var/log/sudo-io
File in which to store the input/output log: %{seq}
Add an entry to the utmp/utmpx file when allocating a pty
PAM service name to use
PAM service name to use for login shells
Create a new PAM session for the command to run in
Maximum I/O log sequence number: 0

Local IP address and netmask pairs:
	172.17.0.2/255.255.0.0

Sudoers I/O plugin version 1.8.9p5
[34m[1mgzip version[0m
gzip 1.6
Copyright (C) 2007, 2010, 2011 Free Software Foundation, Inc.
Copyright (C) 1993 Jean-loup Gailly.
This is free software.  You may redistribute copies of it under the terms of
the GNU General Public License <http://www.gnu.org/licenses/gpl.html>.
There is NO WARRANTY, to the extent permitted by law.

Written by Jean-loup Gailly.
[34m[1mzip version[0m
Copyright (c) 1990-2008 Info-ZIP - Type 'zip "-L"' for software license.
This is Zip 3.0 (July 5th 2008), by Info-ZIP.
Currently maintained by E. Gordon.  Please send bug reports to
the authors using the web page at www.info-zip.org; see README for details.

Latest sources and executables are at ftp://ftp.info-zip.org/pub/infozip,
as of above date; see http://www.info-zip.org/ for other sites.

Compiled with gcc 4.8.2 for Unix (Linux ELF) on Oct 21 2013.

Zip special compilation options:
	USE_EF_UT_TIME       (store Universal Time)
	BZIP2_SUPPORT        (bzip2 library version 1.0.6, 6-Sept-2010)
	    bzip2 code and library copyright (c) Julian R Seward
	    (See the bzip2 license for terms of use)
	SYMLINK_SUPPORT      (symbolic links supported)
	LARGE_FILE_SUPPORT   (can read and write large files on file system)
	ZIP64_SUPPORT        (use Zip64 to store large files in archives)
	UNICODE_SUPPORT      (store and read UTF-8 Unicode paths)
	STORE_UNIX_UIDs_GIDs (store UID/GID sizes/values using new extra field)
	UIDGID_NOT_16BIT     (old Unix 16-bit UID/GID extra field not used)
	[encryption, version 2.91 of 05 Jan 2007] (modified for Zip 3)

Encryption notice:
	The encryption code of this program is not copyrighted and is
	put in the public domain.  It was originally written in Europe
	and, to the best of our knowledge, can be freely distributed
	in both source and object forms from any country, including
	the USA under License Exception TSU of the U.S. Export
	Administration Regulations (section 740.13(e)) of 6 June 2002.

Zip environment options:
             ZIP:  [none]
          ZIPOPT:  [none]
[34m[1mvim version[0m
VIM - Vi IMproved 7.4 (2013 Aug 10, compiled Nov 24 2016 16:43:18)
Included patches: 1-52
Extra patches: 8.0.0056
Modified by pkg-vim-maintainers@lists.alioth.debian.org
Compiled by buildd@
Huge version without GUI.  Features included (+) or not (-):
+acl             +farsi           +mouse_netterm   +syntax
+arabic          +file_in_path    +mouse_sgr       +tag_binary
+autocmd         +find_in_path    -mouse_sysmouse  +tag_old_static
-balloon_eval    +float           +mouse_urxvt     -tag_any_white
-browse          +folding         +mouse_xterm     -tcl
++builtin_terms  -footer          +multi_byte      +terminfo
+byte_offset     +fork()          +multi_lang      +termresponse
+cindent         +gettext         -mzscheme        +textobjects
-clientserver    -hangul_input    +netbeans_intg   +title
-clipboard       +iconv           +path_extra      -toolbar
+cmdline_compl   +insert_expand   -perl            +user_commands
+cmdline_hist    +jumplist        +persistent_undo +vertsplit
+cmdline_info    +keymap          +postscript      +virtualedit
+comments        +langmap         +printer         +visual
+conceal         +libcall         +profile         +visualextra
+cryptv          +linebreak       +python          +viminfo
+cscope          +lispindent      -python3         +vreplace
+cursorbind      +listcmds        +quickfix        +wildignore
+cursorshape     +localmap        +reltime         +wildmenu
+dialog_con      -lua             +rightleft       +windows
+diff            +menu            -ruby            +writebackup
+digraphs        +mksession       +scrollbind      -X11
-dnd             +modify_fname    +signs           -xfontset
-ebcdic          +mouse           +smartindent     -xim
+emacs_tags      -mouseshape      -sniff           -xsmp
+eval            +mouse_dec       +startuptime     -xterm_clipboard
+ex_extra        +mouse_gpm       +statusline      -xterm_save
+extra_search    -mouse_jsbterm   -sun_workshop    -xpm
   system vimrc file: "$VIM/vimrc"
     user vimrc file: "$HOME/.vimrc"
 2nd user vimrc file: "~/.vim/vimrc"
      user exrc file: "$HOME/.exrc"
  fall-back for $VIM: "/usr/share/vim"
Compilation: gcc -c -I. -Iproto -DHAVE_CONFIG_H     -g -O2 -fstack-protector --param=ssp-buffer-size=4 -Wformat -Werror=format-security -U_FORTIFY_SOURCE -D_FORTIFY_SOURCE=1      
Linking: gcc   -Wl,-Bsymbolic-functions -Wl,-z,relro -Wl,--as-needed -o vim        -lm -ltinfo -lnsl  -lselinux  -lacl -lattr -lgpm -ldl    -L/usr/lib/python2.7/config-x86_64-linux-gnu -lpython2.7 -lpthread -ldl -lutil -lm -Xlinker -export-dynamic -Wl,-O1 -Wl,-Bsymbolic-functions      
[34m[1miptables version[0m
iptables v1.4.21
[34m[1mcurl version[0m
curl 7.35.0 (x86_64-pc-linux-gnu) libcurl/7.35.0 OpenSSL/1.0.1f zlib/1.2.8 libidn/1.28 librtmp/2.3
[34m[1mwget version[0m
GNU Wget 1.15 built on linux-gnu.
[34m[1mrsync version[0m
rsync  version 3.1.0  protocol version 31
[34m[1mgimme version[0m
v1.2.0
[34m[1mnvm version[0m
0.33.2
[34m[1mperlbrew version[0m
/home/travis/perl5/perlbrew/bin/perlbrew  - App::perlbrew/0.80
[34m[1mphpenv version[0m
rbenv 1.1.1-4-g4ebd1bd
[34m[1mrvm version[0m
rvm 1.29.2 (latest) by Michal Papis, Piotr Kuczynski, Wayne E. Seguin [https://rvm.io/]
[34m[1mdefault ruby version[0m
ruby 2.4.1p111 (2017-03-22 revision 58053) [x86_64-linux]
[34m[1mCouchDB version[0m
couchdb 1.6.1
[34m[1mElasticSearch version[0m
5.5.0
[34m[1mInstalled Firefox version[0m
firefox 55.0.2
[34m[1mMongoDB version[0m
MongoDB 3.2.16
[34m[1mPre-installed PostgreSQL versions[0m
9.2.22
9.3.18
9.4.13
9.5.8
9.6.4
[34m[1mRabbitMQ Version[0m
3.6.11
[34m[1mRedis version[0m
redis-server 4.0.1
[34m[1mriak version[0m
2.2.3
[34m[1mPre-installed Go versions[0m
1.7.4
[34m[1mant version[0m
Apache Ant(TM) version 1.9.3 compiled on April 8 2014
[34m[1mmvn version[0m
Apache Maven 3.5.0 (ff8f5e7444045639af65f6095c62210b5713f426; 2017-04-03T19:39:06Z)
Maven home: /usr/local/maven-3.5.0
Java version: 1.8.0_144, vendor: Oracle Corporation
Java home: /usr/lib/jvm/java-8-oracle/jre
Default locale: en_US, platform encoding: UTF-8
OS name: "linux", version: "4.4.0-92-generic", arch: "amd64", family: "unix"
[34m[1mgradle version[0m

------------------------------------------------------------
Gradle 4.0.1
------------------------------------------------------------

Build time:   2017-07-07 14:02:41 UTC
Revision:     38e5dc0f772daecca1d2681885d3d85414eb6826

Groovy:       2.4.11
Ant:          Apache Ant(TM) version 1.9.6 compiled on June 29 2015
JVM:          1.8.0_144 (Oracle Corporation 25.144-b01)
OS:           Linux 4.4.0-92-generic amd64

[34m[1mlein version[0m
WARNING: You're currently running as root; probably by accident.
Press control-C to abort or Enter to continue as root.
Set LEIN_ROOT to disable this warning.
Leiningen 2.7.1 on Java 1.8.0_144 Java HotSpot(TM) 64-Bit Server VM
[34m[1mPre-installed Node.js versions[0m
v4.8.4
v6.11.2
v6.9.4
v7.4.0
v8.4
[34m[1mphpenv versions[0m
  system
  5.6
* 5.6.31 (set by /home/travis/.phpenv/version)
  7.0
  7.0.22
  hhvm
  hhvm-stable
[34m[1mcomposer --version[0m
Composer version 1.4.2 2017-05-17 08:17:52
[34m[1mPre-installed Ruby versions[0m
ruby-2.2.7
ruby-2.3.4
ruby-2.4.1
travis_fold:end:system_info[0K
W: GPG error: http://repo.mongodb.org/apt/ubuntu trusty/mongodb-org/3.2 Release: The following signatures were invalid: KEYEXPIRED 1507497109
W: The repository 'http://repo.mongodb.org/apt/ubuntu trusty/mongodb-org/3.2 Release' is not signed.
W: http://dl.hhvm.com/ubuntu/dists/trusty/InRelease: Signature by key 36AEF64D0207E7EEE352D4875A16E7281BE7A449 uses weak digest algorithm (SHA1)
W: http://ppa.launchpad.net/couchdb/stable/ubuntu/dists/trusty/Release.gpg: Signature by key 15866BAFD9BCC4F3C1E0DFC7D69548E1C17EAB57 uses weak digest algorithm (SHA1)
Executing: /tmp/tmp.f6LrJR6o4e/gpg.1.sh --keyserver
hkp://keyserver.ubuntu.com:80
--recv
EA312927
gpg: requesting key EA312927 from hkp server keyserver.ubuntu.com
gpg: key EA312927: "MongoDB 3.2 Release Signing Key <packaging@mongodb.com>" 1 new signature
gpg: Total number processed: 1
gpg:         new signatures: 1
travis_fold:start:git.checkout[0Ktravis_time:start:05eff6b6[0K$ git clone --depth=50 --branch=master https://github.com/spesmilo/electrum.git spesmilo/electrum
Cloning into 'spesmilo/electrum'...

travis_time:end:05eff6b6:start=1508130820789987602,finish=1508130822100105394,duration=1310117792[0K$ cd spesmilo/electrum
$ git checkout -qf d55468d1a6f1bee8b42676acb81f19fb2a97128e
travis_fold:end:git.checkout[0K
[33;1mSetting environment variables from repository settings[0m
$ export crowdin_api_key=[secure]

travis_time:start:0c35ad52[0K$ source ~/virtualenv/python3.5/bin/activate

travis_time:end:0c35ad52:start=1508130828579126851,finish=1508130828587019988,duration=7893137[0K$ python --version
Python 3.5.3
$ pip --version
pip 9.0.1 from /home/travis/virtualenv/python3.5.3/lib/python3.5/site-packages (python 3.5)
travis_fold:start:install.1[0Ktravis_time:start:02a195e4[0K$ pip install tox
Collecting tox
  Downloading tox-2.9.1-py2.py3-none-any.whl (73kB)
Requirement already satisfied: six in /home/travis/virtualenv/python3.5.3/lib/python3.5/site-packages (from tox)
Collecting pluggy<1.0,>=0.3.0 (from tox)
  Downloading pluggy-0.5.2.tar.gz
Requirement already satisfied: py>=1.4.17 in /home/travis/virtualenv/python3.5.3/lib/python3.5/site-packages (from tox)
Collecting virtualenv>=1.11.2; python_version != "3.2" (from tox)
  Downloading virtualenv-15.1.0-py2.py3-none-any.whl (1.8MB)
Building wheels for collected packages: pluggy
  Running setup.py bdist_wheel for pluggy: started
  Running setup.py bdist_wheel for pluggy: finished with status 'done'
  Stored in directory: /home/travis/.cache/pip/wheels/22/b2/db/618ae8dcba2994fb9ebce70ec1c1ab4923df89a77edac7e901
Successfully built pluggy
Installing collected packages: pluggy, virtualenv, tox
Successfully installed pluggy-0.5.2 tox-2.9.1 virtualenv-15.1.0

travis_time:end:02a195e4:start=1508130829331701360,finish=1508130832517033976,duration=3185332616[0Ktravis_fold:end:install.1[0Ktravis_fold:start:install.2[0Ktravis_time:start:046dbb9d[0K$ pip install tox-travis
Collecting tox-travis
  Downloading tox_travis-0.8-py2.py3-none-any.whl
Requirement already satisfied: tox>=2.0 in /home/travis/virtualenv/python3.5.3/lib/python3.5/site-packages (from tox-travis)
Requirement already satisfied: py>=1.4.17 in /home/travis/virtualenv/python3.5.3/lib/python3.5/site-packages (from tox>=2.0->tox-travis)
Requirement already satisfied: six in /home/travis/virtualenv/python3.5.3/lib/python3.5/site-packages (from tox>=2.0->tox-travis)
Requirement already satisfied: pluggy<1.0,>=0.3.0 in /home/travis/virtualenv/python3.5.3/lib/python3.5/site-packages (from tox>=2.0->tox-travis)
Requirement already satisfied: virtualenv>=1.11.2; python_version != "3.2" in /home/travis/virtualenv/python3.5.3/lib/python3.5/site-packages (from tox>=2.0->tox-travis)
Installing collected packages: tox-travis
Successfully installed tox-travis-0.8

travis_time:end:046dbb9d:start=1508130832523181383,finish=1508130833241034206,duration=717852823[0Ktravis_fold:end:install.2[0Ktravis_time:start:04aabc50[0K$ tox
GLOB sdist-make: /home/travis/build/spesmilo/electrum/setup.py
py35 create: /home/travis/build/spesmilo/electrum/.tox/py35
py35 installdeps: pytest, coverage
py35 inst: /home/travis/build/spesmilo/electrum/.tox/dist/Electrum-3.0.zip
py35 installed: certifi==2017.7.27.1,chardet==3.0.4,coverage==4.4.1,dnspython==1.15.0,ecdsa==0.13,Electrum==3.0,idna==2.6,jsonrpclib-pelix==0.3.1,pbkdf2==1.3,protobuf==3.4.0,py==1.4.34,pyaes==1.6.1,PySocks==1.6.7,pytest==3.2.3,qrcode==5.3,requests==2.18.4,six==1.11.0,urllib3==1.22
py35 runtests: PYTHONHASHSEED='3166803893'
py35 runtests: commands[0] | coverage run --source=lib -m py.test -v
============================= test session starts ==============================
platform linux -- Python 3.5.3, pytest-3.2.3, py-1.4.34, pluggy-0.4.0 -- /home/travis/build/spesmilo/electrum/.tox/py35/bin/python3.5
cachedir: .cache
rootdir: /home/travis/build/spesmilo/electrum, inifile:
collecting ... collected 107 items

lib/tests/test_account.py::Test_Account::test_bip32_account PASSED
lib/tests/test_account.py::Test_Account::test_old_account PASSED
lib/tests/test_bitcoin.py::Test_bitcoin::test_address_to_script PASSED
lib/tests/test_bitcoin.py::Test_bitcoin::test_aes_decode_with_invalid_password PASSED
lib/tests/test_bitcoin.py::Test_bitcoin::test_aes_deencode_without_password PASSED
lib/tests/test_bitcoin.py::Test_bitcoin::test_aes_encode_without_password PASSED
lib/tests/test_bitcoin.py::Test_bitcoin::test_aes_homomorphic PASSED
lib/tests/test_bitcoin.py::Test_bitcoin::test_crypto PASSED
lib/tests/test_bitcoin.py::Test_bitcoin::test_hash PASSED
lib/tests/test_bitcoin.py::Test_bitcoin::test_msg_signing PASSED
lib/tests/test_bitcoin.py::Test_bitcoin::test_op_push PASSED
lib/tests/test_bitcoin.py::Test_bitcoin::test_var_int PASSED
lib/tests/test_bitcoin.py::Test_xprv_xpub::test_bip32 PASSED
lib/tests/test_bitcoin.py::Test_xprv_xpub::test_is_bip32_derivation PASSED
lib/tests/test_bitcoin.py::Test_xprv_xpub::test_is_xprv PASSED
lib/tests/test_bitcoin.py::Test_xprv_xpub::test_is_xpub PASSED
lib/tests/test_bitcoin.py::Test_xprv_xpub::test_xpub_from_xprv PASSED
lib/tests/test_bitcoin.py::Test_xprv_xpub::test_xpub_type PASSED
lib/tests/test_bitcoin.py::Test_keyImport::test_address_from_private_key PASSED
lib/tests/test_bitcoin.py::Test_keyImport::test_address_to_scripthash PASSED
lib/tests/test_bitcoin.py::Test_keyImport::test_is_compressed PASSED
lib/tests/test_bitcoin.py::Test_keyImport::test_is_minikey PASSED
lib/tests/test_bitcoin.py::Test_keyImport::test_is_private_key PASSED
lib/tests/test_bitcoin.py::Test_keyImport::test_is_valid_address PASSED
lib/tests/test_bitcoin.py::Test_keyImport::test_public_key_from_private_key PASSED
lib/tests/test_bitcoin.py::Test_keyImport::test_serialize_privkey PASSED
lib/tests/test_bitcoin.py::Test_seeds::test_new_seed PASSED
lib/tests/test_bitcoin.py::Test_seeds::test_old_seed PASSED
lib/tests/test_interface.py::TestInterface::test_check_host_name PASSED
lib/tests/test_interface.py::TestInterface::test_match_host_name PASSED
lib/tests/test_mnemonic.py::Test_NewMnemonic::test_random_seeds PASSED
lib/tests/test_mnemonic.py::Test_NewMnemonic::test_to_seed PASSED
lib/tests/test_mnemonic.py::Test_OldMnemonic::test PASSED
lib/tests/test_mnemonic.py::Test_BIP39Checksum::test PASSED
lib/tests/test_simple_config.py::Test_SimpleConfig::test_can_set_options_from_system_config PASSED
lib/tests/test_simple_config.py::Test_SimpleConfig::test_can_set_options_from_system_config_if_portable PASSED
lib/tests/test_simple_config.py::Test_SimpleConfig::test_can_set_options_set_in_user_config PASSED
lib/tests/test_simple_config.py::Test_SimpleConfig::test_cannot_set_options_passed_by_command_line PASSED
lib/tests/test_simple_config.py::Test_SimpleConfig::test_simple_config_command_line_overrides_everything PASSED
lib/tests/test_simple_config.py::Test_SimpleConfig::test_simple_config_key_rename PASSED
lib/tests/test_simple_config.py::Test_SimpleConfig::test_simple_config_system_config_ignored_if_portable PASSED
lib/tests/test_simple_config.py::Test_SimpleConfig::test_simple_config_user_config_is_used_if_others_arent_specified PASSED
lib/tests/test_simple_config.py::Test_SimpleConfig::test_simple_config_user_config_overrides_system_config PASSED
lib/tests/test_simple_config.py::Test_SimpleConfig::test_user_config_is_not_written_with_read_only_config PASSED
lib/tests/test_simple_config.py::TestSystemConfig::test_read_system_config_file_does_not_exist PASSED
lib/tests/test_simple_config.py::TestSystemConfig::test_read_system_config_file_no_sections PASSED
lib/tests/test_simple_config.py::TestSystemConfig::test_read_system_config_file_returns_file_options PASSED
lib/tests/test_simple_config.py::TestUserConfig::test_no_path_means_no_result PASSED
lib/tests/test_simple_config.py::TestUserConfig::test_path_with_reprd_object PASSED
lib/tests/test_simple_config.py::TestUserConfig::test_path_without_config_file PASSED
lib/tests/test_storage_upgrade.py::TestStorageUpgrade::test_upgrade_from_client_1_9_8_mixed FAILED
lib/tests/test_storage_upgrade.py::TestStorageUpgrade::test_upgrade_from_client_1_9_8_seeded PASSED
lib/tests/test_storage_upgrade.py::TestStorageUpgrade::test_upgrade_from_client_2_0_4_importedkeys FAILED
lib/tests/test_storage_upgrade.py::TestStorageUpgrade::test_upgrade_from_client_2_0_4_seeded PASSED
lib/tests/test_storage_upgrade.py::TestStorageUpgrade::test_upgrade_from_client_2_1_1_importedkeys FAILED
lib/tests/test_storage_upgrade.py::TestStorageUpgrade::test_upgrade_from_client_2_1_1_seeded PASSED
lib/tests/test_storage_upgrade.py::TestStorageUpgrade::test_upgrade_from_client_2_2_0_importedkeys FAILED
lib/tests/test_storage_upgrade.py::TestStorageUpgrade::test_upgrade_from_client_2_2_0_seeded PASSED
lib/tests/test_storage_upgrade.py::TestStorageUpgrade::test_upgrade_from_client_2_3_2_importedkeys FAILED
lib/tests/test_storage_upgrade.py::TestStorageUpgrade::test_upgrade_from_client_2_3_2_seeded PASSED
lib/tests/test_storage_upgrade.py::TestStorageUpgrade::test_upgrade_from_client_2_4_3_importedkeys FAILED
lib/tests/test_storage_upgrade.py::TestStorageUpgrade::test_upgrade_from_client_2_4_3_seeded PASSED
lib/tests/test_storage_upgrade.py::TestStorageUpgrade::test_upgrade_from_client_2_5_4_importedkeys FAILED
lib/tests/test_storage_upgrade.py::TestStorageUpgrade::test_upgrade_from_client_2_5_4_seeded PASSED
lib/tests/test_storage_upgrade.py::TestStorageUpgrade::test_upgrade_from_client_2_6_4_importedkeys FAILED
lib/tests/test_storage_upgrade.py::TestStorageUpgrade::test_upgrade_from_client_2_6_4_seeded PASSED
lib/tests/test_storage_upgrade.py::TestStorageUpgrade::test_upgrade_from_client_2_7_18_importedkeys FAILED
lib/tests/test_storage_upgrade.py::TestStorageUpgrade::test_upgrade_from_client_2_7_18_seeded PASSED
lib/tests/test_storage_upgrade.py::TestStorageUpgrade::test_upgrade_from_client_2_8_3_importedkeys PASSED
lib/tests/test_storage_upgrade.py::TestStorageUpgrade::test_upgrade_from_client_2_8_3_seeded PASSED
lib/tests/test_storage_upgrade.py::TestStorageUpgrade::test_upgrade_from_client_2_9_3_importedkeys PASSED
lib/tests/test_storage_upgrade.py::TestStorageUpgrade::test_upgrade_from_client_2_9_3_seeded PASSED
lib/tests/test_transaction.py::TestBCDataStream::test_bytes PASSED
lib/tests/test_transaction.py::TestBCDataStream::test_compact_size PASSED
lib/tests/test_transaction.py::TestBCDataStream::test_string PASSED
lib/tests/test_transaction.py::TestTransaction::test_errors PASSED
lib/tests/test_transaction.py::TestTransaction::test_parse_xpub PASSED
lib/tests/test_transaction.py::TestTransaction::test_tx_signed PASSED
lib/tests/test_transaction.py::TestTransaction::test_tx_signed_segwit PASSED
lib/tests/test_transaction.py::TestTransaction::test_tx_unsigned PASSED
lib/tests/test_transaction.py::TestTransaction::test_version_field PASSED
lib/tests/test_util.py::TestUtil::test_format_satoshis PASSED
lib/tests/test_util.py::TestUtil::test_format_satoshis_diff_negative PASSED
lib/tests/test_util.py::TestUtil::test_format_satoshis_diff_positive PASSED
lib/tests/test_util.py::TestUtil::test_parse_URI_address PASSED
lib/tests/test_util.py::TestUtil::test_parse_URI_address_amount PASSED
lib/tests/test_util.py::TestUtil::test_parse_URI_address_label PASSED
lib/tests/test_util.py::TestUtil::test_parse_URI_address_message PASSED
lib/tests/test_util.py::TestUtil::test_parse_URI_address_request_url PASSED
lib/tests/test_util.py::TestUtil::test_parse_URI_ignore_args PASSED
lib/tests/test_util.py::TestUtil::test_parse_URI_invalid PASSED
lib/tests/test_util.py::TestUtil::test_parse_URI_invalid_address PASSED
lib/tests/test_util.py::TestUtil::test_parse_URI_multiple_args PASSED
lib/tests/test_util.py::TestUtil::test_parse_URI_no_address_request_url PASSED
lib/tests/test_util.py::TestUtil::test_parse_URI_only_address PASSED
lib/tests/test_util.py::TestUtil::test_parse_URI_parameter_polution PASSED
lib/tests/test_wallet.py::TestWalletStorage::test_read_dictionary_from_file PASSED
lib/tests/test_wallet.py::TestWalletStorage::test_write_dictionary_to_file PASSED
lib/tests/test_wallet_vertical.py::TestWalletKeystoreAddressIntegrity::test_bip39_multisig_seed_bip44_standard PASSED
lib/tests/test_wallet_vertical.py::TestWalletKeystoreAddressIntegrity::test_bip39_multisig_seed_bip49_p2sh_segwit PASSED
lib/tests/test_wallet_vertical.py::TestWalletKeystoreAddressIntegrity::test_bip39_seed_bip44_standard PASSED
lib/tests/test_wallet_vertical.py::TestWalletKeystoreAddressIntegrity::test_bip39_seed_bip49_p2sh_segwit PASSED
lib/tests/test_wallet_vertical.py::TestWalletKeystoreAddressIntegrity::test_electrum_multisig_seed_segwit PASSED
lib/tests/test_wallet_vertical.py::TestWalletKeystoreAddressIntegrity::test_electrum_multisig_seed_standard PASSED
lib/tests/test_wallet_vertical.py::TestWalletKeystoreAddressIntegrity::test_electrum_seed_old PASSED
lib/tests/test_wallet_vertical.py::TestWalletKeystoreAddressIntegrity::test_electrum_seed_segwit PASSED
lib/tests/test_wallet_vertical.py::TestWalletKeystoreAddressIntegrity::test_electrum_seed_standard PASSED

=================================== FAILURES ===================================
___________ TestStorageUpgrade.test_upgrade_from_client_1_9_8_mixed ____________

self = <lib.tests.test_storage_upgrade.TestStorageUpgrade testMethod=test_upgrade_from_client_1_9_8_mixed>

    def test_upgrade_from_client_1_9_8_mixed(self):
        # seed words: flirt angel five creation swim bridge chocolate sport another hill secret whatever
        wallet_str = "{'addr_history':{'15V7MsQK2vjF5aEXLVG11qi2eZPZsXdnYc':[],'177hEYTccmuYH8u68pYfaLteTxwJrVgvJj':[],'1DjtUCcQwwzA3GSPA7Kd79PMnri7tLDPYC':[],'1PGEgaPG1XJqmuSj68GouotWeYkCtwo4wm':[],'1PAgpPxnL42Hp3cWxmSfdChPqqGiM8g7zj':[],'1DgrwN2JCDZ6uPMSvSz8dPeUtaxLxWM2kf':[],'1H3mPXHFzA8UbvhQVabcDjYw3CPb3djvxs':[],'1HocPduHmQUJerpdaLG8DnmxvnDCVQwWsa':[]},'accounts_expanded':{},'master_public_key':'756d1fe6ded28d43d4fea902a9695feb785447514d6e6c3bdf369f7c3432fdde4409e4efbffbcf10084d57c5a98d1f34d20ac1f133bdb64fa02abf4f7bde1dfb','use_encryption':False,'seed':'2605aafe50a45bdf2eb155302437e678','accounts':{0:{0:['1DjtUCcQwwzA3GSPA7Kd79PMnri7tLDPYC','1PAgpPxnL42Hp3cWxmSfdChPqqGiM8g7zj','177hEYTccmuYH8u68pYfaLteTxwJrVgvJj','1PGEgaPG1XJqmuSj68GouotWeYkCtwo4wm','15V7MsQK2vjF5aEXLVG11qi2eZPZsXdnYc'],1:['1H3mPXHFzA8UbvhQVabcDjYw3CPb3djvxs','1HocPduHmQUJerpdaLG8DnmxvnDCVQwWsa','1DgrwN2JCDZ6uPMSvSz8dPeUtaxLxWM2kf'],'mpk':'756d1fe6ded28d43d4fea902a9695feb785447514d6e6c3bdf369f7c3432fdde4409e4efbffbcf10084d57c5a98d1f34d20ac1f133bdb64fa02abf4f7bde1dfb'}},'imported_keys':{'15CyDgLffJsJgQrhcyooFH4gnVDG82pUrA':'5JyVyXU1LiRXATvRTQvR9Kp8Rx1X84j2x49iGkjSsXipydtByUq','1Exet2BhHsFxKTwhnfdsBMkPYLGvobxuW6':'L3Gi6EQLvYw8gEEUckmqawkevfj9s8hxoQDFveQJGZHTfyWnbk1U','1364Js2VG66BwRdkaoxAaFtdPb1eQgn8Dr':'L2sED74axVXC4H8szBJ4rQJrkfem7UMc6usLCPUoEWxDCFGUaGUM'},'seed_version':4}"
>       self._upgrade_storage(wallet_str, accounts=2)

lib/tests/test_storage_upgrade.py:18: 
_ _ _ _ _ _ _ _ _ _ _ _ _ _ _ _ _ _ _ _ _ _ _ _ _ _ _ _ _ _ _ _ _ _ _ _ _ _ _ _ 
lib/tests/test_storage_upgrade.py:109: in _upgrade_storage
    self.assertTrue(storage.requires_split())
E   AssertionError: False is not true
----------------------------- Captured stderr call -----------------------------
[WalletStorage] wallet path /tmp/tmph5bla0o4/somewallet
________ TestStorageUpgrade.test_upgrade_from_client_2_0_4_importedkeys ________

self = <lib.tests.test_storage_upgrade.TestStorageUpgrade testMethod=test_upgrade_from_client_2_0_4_importedkeys>

    def test_upgrade_from_client_2_0_4_importedkeys(self):
        wallet_str = '{"accounts":{"/x":{"imported":{"1364Js2VG66BwRdkaoxAaFtdPb1eQgn8Dr":["0344b1588589958b0bcab03435061539e9bcf54677c104904044e4f8901f4ebdf5","L2sED74axVXC4H8szBJ4rQJrkfem7UMc6usLCPUoEWxDCFGUaGUM"],"15CyDgLffJsJgQrhcyooFH4gnVDG82pUrA":["04575f52b82f159fa649d2a4c353eb7435f30206f0a6cb9674fbd659f45082c37d559ffd19bea9c0d3b7dcc07a7b79f4cffb76026d5d4dff35341efe99056e22d2","5JyVyXU1LiRXATvRTQvR9Kp8Rx1X84j2x49iGkjSsXipydtByUq"],"1Exet2BhHsFxKTwhnfdsBMkPYLGvobxuW6":["0389508c13999d08ffae0f434a085f4185922d64765c0bff2f66e36ad7f745cc5f","L3Gi6EQLvYw8gEEUckmqawkevfj9s8hxoQDFveQJGZHTfyWnbk1U"]}}},"accounts_expanded":{},"use_encryption":false,"wallet_type":"imported"}'
>       self._upgrade_storage(wallet_str)

lib/tests/test_storage_upgrade.py:26: 
_ _ _ _ _ _ _ _ _ _ _ _ _ _ _ _ _ _ _ _ _ _ _ _ _ _ _ _ _ _ _ _ _ _ _ _ _ _ _ _ 
lib/tests/test_storage_upgrade.py:106: in _upgrade_storage
    storage.upgrade()
lib/storage.py:260: in upgrade
    self.convert_version_14()
_ _ _ _ _ _ _ _ _ _ _ _ _ _ _ _ _ _ _ _ _ _ _ _ _ _ _ _ _ _ _ _ _ _ _ _ _ _ _ _ 

self = <lib.storage.WalletStorage object at 0x7f083aaf6dd8>

    def convert_version_14(self):
        # convert imported wallets for 3.0
        if self.get_seed_version() >= 14:
            return
        if self.get('wallet_type') =='imported':
            addresses = self.get('addresses')
            if type(addresses) is list:
                addresses = dict([(x, None) for x in addresses])
                self.put('addresses', addresses)
        elif self.get('wallet_type') == 'standard':
            if self.get('keystore').get('type')=='imported':
>               addresses = set(self.get('addresses').get('receiving'))
E               AttributeError: 'NoneType' object has no attribute 'get'

lib/storage.py:362: AttributeError
----------------------------- Captured stderr call -----------------------------
[WalletStorage] wallet path /tmp/tmpunc1f7z7/somewallet
[WalletStorage] upgrading wallet format
________ TestStorageUpgrade.test_upgrade_from_client_2_1_1_importedkeys ________

self = <lib.tests.test_storage_upgrade.TestStorageUpgrade testMethod=test_upgrade_from_client_2_1_1_importedkeys>

    def test_upgrade_from_client_2_1_1_importedkeys(self):
        wallet_str = '{"accounts":{"/x":{"imported":{"1364Js2VG66BwRdkaoxAaFtdPb1eQgn8Dr":["0344b1588589958b0bcab03435061539e9bcf54677c104904044e4f8901f4ebdf5","L2sED74axVXC4H8szBJ4rQJrkfem7UMc6usLCPUoEWxDCFGUaGUM"],"15CyDgLffJsJgQrhcyooFH4gnVDG82pUrA":["04575f52b82f159fa649d2a4c353eb7435f30206f0a6cb9674fbd659f45082c37d559ffd19bea9c0d3b7dcc07a7b79f4cffb76026d5d4dff35341efe99056e22d2","5JyVyXU1LiRXATvRTQvR9Kp8Rx1X84j2x49iGkjSsXipydtByUq"],"1Exet2BhHsFxKTwhnfdsBMkPYLGvobxuW6":["0389508c13999d08ffae0f434a085f4185922d64765c0bff2f66e36ad7f745cc5f","L3Gi6EQLvYw8gEEUckmqawkevfj9s8hxoQDFveQJGZHTfyWnbk1U"]}}},"accounts_expanded":{},"pruned_txo":{},"transactions":{},"txi":{},"txo":{},"use_encryption":false,"wallet_type":"imported"}'
>       self._upgrade_storage(wallet_str)

lib/tests/test_storage_upgrade.py:34: 
_ _ _ _ _ _ _ _ _ _ _ _ _ _ _ _ _ _ _ _ _ _ _ _ _ _ _ _ _ _ _ _ _ _ _ _ _ _ _ _ 
lib/tests/test_storage_upgrade.py:106: in _upgrade_storage
    storage.upgrade()
lib/storage.py:260: in upgrade
    self.convert_version_14()
_ _ _ _ _ _ _ _ _ _ _ _ _ _ _ _ _ _ _ _ _ _ _ _ _ _ _ _ _ _ _ _ _ _ _ _ _ _ _ _ 

self = <lib.storage.WalletStorage object at 0x7f083aaf8048>

    def convert_version_14(self):
        # convert imported wallets for 3.0
        if self.get_seed_version() >= 14:
            return
        if self.get('wallet_type') =='imported':
            addresses = self.get('addresses')
            if type(addresses) is list:
                addresses = dict([(x, None) for x in addresses])
                self.put('addresses', addresses)
        elif self.get('wallet_type') == 'standard':
            if self.get('keystore').get('type')=='imported':
>               addresses = set(self.get('addresses').get('receiving'))
E               AttributeError: 'NoneType' object has no attribute 'get'

lib/storage.py:362: AttributeError
----------------------------- Captured stderr call -----------------------------
[WalletStorage] wallet path /tmp/tmpfhw2eq4s/somewallet
[WalletStorage] upgrading wallet format
________ TestStorageUpgrade.test_upgrade_from_client_2_2_0_importedkeys ________

self = <lib.tests.test_storage_upgrade.TestStorageUpgrade testMethod=test_upgrade_from_client_2_2_0_importedkeys>

    def test_upgrade_from_client_2_2_0_importedkeys(self):
        wallet_str = '{"accounts":{"/x":{"imported":{"1364Js2VG66BwRdkaoxAaFtdPb1eQgn8Dr":["0344b1588589958b0bcab03435061539e9bcf54677c104904044e4f8901f4ebdf5","L2sED74axVXC4H8szBJ4rQJrkfem7UMc6usLCPUoEWxDCFGUaGUM"],"15CyDgLffJsJgQrhcyooFH4gnVDG82pUrA":["04575f52b82f159fa649d2a4c353eb7435f30206f0a6cb9674fbd659f45082c37d559ffd19bea9c0d3b7dcc07a7b79f4cffb76026d5d4dff35341efe99056e22d2","5JyVyXU1LiRXATvRTQvR9Kp8Rx1X84j2x49iGkjSsXipydtByUq"],"1Exet2BhHsFxKTwhnfdsBMkPYLGvobxuW6":["0389508c13999d08ffae0f434a085f4185922d64765c0bff2f66e36ad7f745cc5f","L3Gi6EQLvYw8gEEUckmqawkevfj9s8hxoQDFveQJGZHTfyWnbk1U"]}}},"accounts_expanded":{},"pruned_txo":{},"stored_height":489714,"transactions":{},"txi":{},"txo":{},"use_encryption":false,"wallet_type":"imported"}'
>       self._upgrade_storage(wallet_str)

lib/tests/test_storage_upgrade.py:42: 
_ _ _ _ _ _ _ _ _ _ _ _ _ _ _ _ _ _ _ _ _ _ _ _ _ _ _ _ _ _ _ _ _ _ _ _ _ _ _ _ 
lib/tests/test_storage_upgrade.py:106: in _upgrade_storage
    storage.upgrade()
lib/storage.py:260: in upgrade
    self.convert_version_14()
_ _ _ _ _ _ _ _ _ _ _ _ _ _ _ _ _ _ _ _ _ _ _ _ _ _ _ _ _ _ _ _ _ _ _ _ _ _ _ _ 

self = <lib.storage.WalletStorage object at 0x7f083ab09e48>

    def convert_version_14(self):
        # convert imported wallets for 3.0
        if self.get_seed_version() >= 14:
            return
        if self.get('wallet_type') =='imported':
            addresses = self.get('addresses')
            if type(addresses) is list:
                addresses = dict([(x, None) for x in addresses])
                self.put('addresses', addresses)
        elif self.get('wallet_type') == 'standard':
            if self.get('keystore').get('type')=='imported':
>               addresses = set(self.get('addresses').get('receiving'))
E               AttributeError: 'NoneType' object has no attribute 'get'

lib/storage.py:362: AttributeError
----------------------------- Captured stderr call -----------------------------
[WalletStorage] wallet path /tmp/tmph40jwdy6/somewallet
[WalletStorage] upgrading wallet format
________ TestStorageUpgrade.test_upgrade_from_client_2_3_2_importedkeys ________

self = <lib.tests.test_storage_upgrade.TestStorageUpgrade testMethod=test_upgrade_from_client_2_3_2_importedkeys>

    def test_upgrade_from_client_2_3_2_importedkeys(self):
        wallet_str = '{"accounts":{"/x":{"imported":{"1364Js2VG66BwRdkaoxAaFtdPb1eQgn8Dr":["0344b1588589958b0bcab03435061539e9bcf54677c104904044e4f8901f4ebdf5","L2sED74axVXC4H8szBJ4rQJrkfem7UMc6usLCPUoEWxDCFGUaGUM"],"15CyDgLffJsJgQrhcyooFH4gnVDG82pUrA":["04575f52b82f159fa649d2a4c353eb7435f30206f0a6cb9674fbd659f45082c37d559ffd19bea9c0d3b7dcc07a7b79f4cffb76026d5d4dff35341efe99056e22d2","5JyVyXU1LiRXATvRTQvR9Kp8Rx1X84j2x49iGkjSsXipydtByUq"],"1Exet2BhHsFxKTwhnfdsBMkPYLGvobxuW6":["0389508c13999d08ffae0f434a085f4185922d64765c0bff2f66e36ad7f745cc5f","L3Gi6EQLvYw8gEEUckmqawkevfj9s8hxoQDFveQJGZHTfyWnbk1U"]}}},"accounts_expanded":{},"pruned_txo":{},"stored_height":489715,"transactions":{},"txi":{},"txo":{},"use_encryption":false,"wallet_type":"imported"}'
>       self._upgrade_storage(wallet_str)

lib/tests/test_storage_upgrade.py:50: 
_ _ _ _ _ _ _ _ _ _ _ _ _ _ _ _ _ _ _ _ _ _ _ _ _ _ _ _ _ _ _ _ _ _ _ _ _ _ _ _ 
lib/tests/test_storage_upgrade.py:106: in _upgrade_storage
    storage.upgrade()
lib/storage.py:260: in upgrade
    self.convert_version_14()
_ _ _ _ _ _ _ _ _ _ _ _ _ _ _ _ _ _ _ _ _ _ _ _ _ _ _ _ _ _ _ _ _ _ _ _ _ _ _ _ 

self = <lib.storage.WalletStorage object at 0x7f083ac165f8>

    def convert_version_14(self):
        # convert imported wallets for 3.0
        if self.get_seed_version() >= 14:
            return
        if self.get('wallet_type') =='imported':
            addresses = self.get('addresses')
            if type(addresses) is list:
                addresses = dict([(x, None) for x in addresses])
                self.put('addresses', addresses)
        elif self.get('wallet_type') == 'standard':
            if self.get('keystore').get('type')=='imported':
>               addresses = set(self.get('addresses').get('receiving'))
E               AttributeError: 'NoneType' object has no attribute 'get'

lib/storage.py:362: AttributeError
----------------------------- Captured stderr call -----------------------------
[WalletStorage] wallet path /tmp/tmp1yjz27s0/somewallet
[WalletStorage] upgrading wallet format
________ TestStorageUpgrade.test_upgrade_from_client_2_4_3_importedkeys ________

self = <lib.tests.test_storage_upgrade.TestStorageUpgrade testMethod=test_upgrade_from_client_2_4_3_importedkeys>

    def test_upgrade_from_client_2_4_3_importedkeys(self):
        wallet_str = '{"accounts":{"/x":{"imported":{"1364Js2VG66BwRdkaoxAaFtdPb1eQgn8Dr":["0344b1588589958b0bcab03435061539e9bcf54677c104904044e4f8901f4ebdf5","L2sED74axVXC4H8szBJ4rQJrkfem7UMc6usLCPUoEWxDCFGUaGUM"],"15CyDgLffJsJgQrhcyooFH4gnVDG82pUrA":["04575f52b82f159fa649d2a4c353eb7435f30206f0a6cb9674fbd659f45082c37d559ffd19bea9c0d3b7dcc07a7b79f4cffb76026d5d4dff35341efe99056e22d2","5JyVyXU1LiRXATvRTQvR9Kp8Rx1X84j2x49iGkjSsXipydtByUq"],"1Exet2BhHsFxKTwhnfdsBMkPYLGvobxuW6":["0389508c13999d08ffae0f434a085f4185922d64765c0bff2f66e36ad7f745cc5f","L3Gi6EQLvYw8gEEUckmqawkevfj9s8hxoQDFveQJGZHTfyWnbk1U"]}}},"accounts_expanded":{},"stored_height":477636,"use_encryption":false,"wallet_type":"imported"}'
>       self._upgrade_storage(wallet_str)

lib/tests/test_storage_upgrade.py:58: 
_ _ _ _ _ _ _ _ _ _ _ _ _ _ _ _ _ _ _ _ _ _ _ _ _ _ _ _ _ _ _ _ _ _ _ _ _ _ _ _ 
lib/tests/test_storage_upgrade.py:106: in _upgrade_storage
    storage.upgrade()
lib/storage.py:260: in upgrade
    self.convert_version_14()
_ _ _ _ _ _ _ _ _ _ _ _ _ _ _ _ _ _ _ _ _ _ _ _ _ _ _ _ _ _ _ _ _ _ _ _ _ _ _ _ 

self = <lib.storage.WalletStorage object at 0x7f083ac50cc0>

    def convert_version_14(self):
        # convert imported wallets for 3.0
        if self.get_seed_version() >= 14:
            return
        if self.get('wallet_type') =='imported':
            addresses = self.get('addresses')
            if type(addresses) is list:
                addresses = dict([(x, None) for x in addresses])
                self.put('addresses', addresses)
        elif self.get('wallet_type') == 'standard':
            if self.get('keystore').get('type')=='imported':
>               addresses = set(self.get('addresses').get('receiving'))
E               AttributeError: 'NoneType' object has no attribute 'get'

lib/storage.py:362: AttributeError
----------------------------- Captured stderr call -----------------------------
[WalletStorage] wallet path /tmp/tmpx33708yj/somewallet
[WalletStorage] upgrading wallet format
________ TestStorageUpgrade.test_upgrade_from_client_2_5_4_importedkeys ________

self = <lib.tests.test_storage_upgrade.TestStorageUpgrade testMethod=test_upgrade_from_client_2_5_4_importedkeys>

    def test_upgrade_from_client_2_5_4_importedkeys(self):
        wallet_str = '{"accounts":{"/x":{"imported":{"1364Js2VG66BwRdkaoxAaFtdPb1eQgn8Dr":["0344b1588589958b0bcab03435061539e9bcf54677c104904044e4f8901f4ebdf5","L2sED74axVXC4H8szBJ4rQJrkfem7UMc6usLCPUoEWxDCFGUaGUM"],"15CyDgLffJsJgQrhcyooFH4gnVDG82pUrA":["04575f52b82f159fa649d2a4c353eb7435f30206f0a6cb9674fbd659f45082c37d559ffd19bea9c0d3b7dcc07a7b79f4cffb76026d5d4dff35341efe99056e22d2","5JyVyXU1LiRXATvRTQvR9Kp8Rx1X84j2x49iGkjSsXipydtByUq"],"1Exet2BhHsFxKTwhnfdsBMkPYLGvobxuW6":["0389508c13999d08ffae0f434a085f4185922d64765c0bff2f66e36ad7f745cc5f","L3Gi6EQLvYw8gEEUckmqawkevfj9s8hxoQDFveQJGZHTfyWnbk1U"]}}},"accounts_expanded":{},"addr_history":{},"pruned_txo":{},"stored_height":489716,"transactions":{},"txi":{},"txo":{},"use_encryption":false,"wallet_type":"imported","winpos-qt":[595,261,840,400]}'
>       self._upgrade_storage(wallet_str)

lib/tests/test_storage_upgrade.py:66: 
_ _ _ _ _ _ _ _ _ _ _ _ _ _ _ _ _ _ _ _ _ _ _ _ _ _ _ _ _ _ _ _ _ _ _ _ _ _ _ _ 
lib/tests/test_storage_upgrade.py:106: in _upgrade_storage
    storage.upgrade()
lib/storage.py:260: in upgrade
    self.convert_version_14()
_ _ _ _ _ _ _ _ _ _ _ _ _ _ _ _ _ _ _ _ _ _ _ _ _ _ _ _ _ _ _ _ _ _ _ _ _ _ _ _ 

self = <lib.storage.WalletStorage object at 0x7f083ab24518>

    def convert_version_14(self):
        # convert imported wallets for 3.0
        if self.get_seed_version() >= 14:
            return
        if self.get('wallet_type') =='imported':
            addresses = self.get('addresses')
            if type(addresses) is list:
                addresses = dict([(x, None) for x in addresses])
                self.put('addresses', addresses)
        elif self.get('wallet_type') == 'standard':
            if self.get('keystore').get('type')=='imported':
>               addresses = set(self.get('addresses').get('receiving'))
E               AttributeError: 'NoneType' object has no attribute 'get'

lib/storage.py:362: AttributeError
----------------------------- Captured stderr call -----------------------------
[WalletStorage] wallet path /tmp/tmpoux4_d9b/somewallet
[WalletStorage] upgrading wallet format
________ TestStorageUpgrade.test_upgrade_from_client_2_6_4_importedkeys ________

self = <lib.tests.test_storage_upgrade.TestStorageUpgrade testMethod=test_upgrade_from_client_2_6_4_importedkeys>

    def test_upgrade_from_client_2_6_4_importedkeys(self):
        wallet_str = '{"accounts":{"/x":{"imported":{"1364Js2VG66BwRdkaoxAaFtdPb1eQgn8Dr":["0344b1588589958b0bcab03435061539e9bcf54677c104904044e4f8901f4ebdf5","L2sED74axVXC4H8szBJ4rQJrkfem7UMc6usLCPUoEWxDCFGUaGUM"],"15CyDgLffJsJgQrhcyooFH4gnVDG82pUrA":["04575f52b82f159fa649d2a4c353eb7435f30206f0a6cb9674fbd659f45082c37d559ffd19bea9c0d3b7dcc07a7b79f4cffb76026d5d4dff35341efe99056e22d2","5JyVyXU1LiRXATvRTQvR9Kp8Rx1X84j2x49iGkjSsXipydtByUq"],"1Exet2BhHsFxKTwhnfdsBMkPYLGvobxuW6":["0389508c13999d08ffae0f434a085f4185922d64765c0bff2f66e36ad7f745cc5f","L3Gi6EQLvYw8gEEUckmqawkevfj9s8hxoQDFveQJGZHTfyWnbk1U"]}}},"accounts_expanded":{},"addr_history":{},"pruned_txo":{},"stored_height":489716,"transactions":{},"txi":{},"txo":{},"use_encryption":false,"wallet_type":"imported","winpos-qt":[510,338,840,400]}'
>       self._upgrade_storage(wallet_str)

lib/tests/test_storage_upgrade.py:74: 
_ _ _ _ _ _ _ _ _ _ _ _ _ _ _ _ _ _ _ _ _ _ _ _ _ _ _ _ _ _ _ _ _ _ _ _ _ _ _ _ 
lib/tests/test_storage_upgrade.py:106: in _upgrade_storage
    storage.upgrade()
lib/storage.py:260: in upgrade
    self.convert_version_14()
_ _ _ _ _ _ _ _ _ _ _ _ _ _ _ _ _ _ _ _ _ _ _ _ _ _ _ _ _ _ _ _ _ _ _ _ _ _ _ _ 

self = <lib.storage.WalletStorage object at 0x7f083aaf6b70>

    def convert_version_14(self):
        # convert imported wallets for 3.0
        if self.get_seed_version() >= 14:
            return
        if self.get('wallet_type') =='imported':
            addresses = self.get('addresses')
            if type(addresses) is list:
                addresses = dict([(x, None) for x in addresses])
                self.put('addresses', addresses)
        elif self.get('wallet_type') == 'standard':
            if self.get('keystore').get('type')=='imported':
>               addresses = set(self.get('addresses').get('receiving'))
E               AttributeError: 'NoneType' object has no attribute 'get'

lib/storage.py:362: AttributeError
----------------------------- Captured stderr call -----------------------------
[WalletStorage] wallet path /tmp/tmpjmhrrpra/somewallet
[WalletStorage] upgrading wallet format
_______ TestStorageUpgrade.test_upgrade_from_client_2_7_18_importedkeys ________

self = <lib.tests.test_storage_upgrade.TestStorageUpgrade testMethod=test_upgrade_from_client_2_7_18_importedkeys>

    def test_upgrade_from_client_2_7_18_importedkeys(self):
        wallet_str = '{"addr_history":{"1364Js2VG66BwRdkaoxAaFtdPb1eQgn8Dr":[],"15CyDgLffJsJgQrhcyooFH4gnVDG82pUrA":[],"1Exet2BhHsFxKTwhnfdsBMkPYLGvobxuW6":[]},"keystore":{"keypairs":{"0344b1588589958b0bcab03435061539e9bcf54677c104904044e4f8901f4ebdf5":"L2sED74axVXC4H8szBJ4rQJrkfem7UMc6usLCPUoEWxDCFGUaGUM","0389508c13999d08ffae0f434a085f4185922d64765c0bff2f66e36ad7f745cc5f":"L3Gi6EQLvYw8gEEUckmqawkevfj9s8hxoQDFveQJGZHTfyWnbk1U","04575f52b82f159fa649d2a4c353eb7435f30206f0a6cb9674fbd659f45082c37d559ffd19bea9c0d3b7dcc07a7b79f4cffb76026d5d4dff35341efe99056e22d2":"5JyVyXU1LiRXATvRTQvR9Kp8Rx1X84j2x49iGkjSsXipydtByUq"},"type":"imported"},"pruned_txo":{},"pubkeys":{"change":[],"receiving":["0344b1588589958b0bcab03435061539e9bcf54677c104904044e4f8901f4ebdf5","0389508c13999d08ffae0f434a085f4185922d64765c0bff2f66e36ad7f745cc5f","04575f52b82f159fa649d2a4c353eb7435f30206f0a6cb9674fbd659f45082c37d559ffd19bea9c0d3b7dcc07a7b79f4cffb76026d5d4dff35341efe99056e22d2"]},"seed_version":13,"stored_height":0,"transactions":{},"tx_fees":{},"txi":{},"txo":{},"use_encryption":false,"verified_tx3":{},"wallet_type":"standard","winpos-qt":[420,312,840,405]}'
>       self._upgrade_storage(wallet_str)

lib/tests/test_storage_upgrade.py:82: 
_ _ _ _ _ _ _ _ _ _ _ _ _ _ _ _ _ _ _ _ _ _ _ _ _ _ _ _ _ _ _ _ _ _ _ _ _ _ _ _ 
lib/tests/test_storage_upgrade.py:106: in _upgrade_storage
    storage.upgrade()
lib/storage.py:260: in upgrade
    self.convert_version_14()
_ _ _ _ _ _ _ _ _ _ _ _ _ _ _ _ _ _ _ _ _ _ _ _ _ _ _ _ _ _ _ _ _ _ _ _ _ _ _ _ 

self = <lib.storage.WalletStorage object at 0x7f083ac03da0>

    def convert_version_14(self):
        # convert imported wallets for 3.0
        if self.get_seed_version() >= 14:
            return
        if self.get('wallet_type') =='imported':
            addresses = self.get('addresses')
            if type(addresses) is list:
                addresses = dict([(x, None) for x in addresses])
                self.put('addresses', addresses)
        elif self.get('wallet_type') == 'standard':
            if self.get('keystore').get('type')=='imported':
>               addresses = set(self.get('addresses').get('receiving'))
E               AttributeError: 'NoneType' object has no attribute 'get'

lib/storage.py:362: AttributeError
----------------------------- Captured stderr call -----------------------------
[WalletStorage] wallet path /tmp/tmpp0v7f5_1/somewallet
[WalletStorage] upgrading wallet format
===================== 9 failed, 98 passed in 48.91 seconds =====================
ERROR: InvocationError: '/home/travis/build/spesmilo/electrum/.tox/py35/bin/coverage run --source=lib -m py.test -v'
___________________________________ summary ____________________________________
ERROR:   py35: commands failed

travis_time:end:04aabc50:start=1508130833247803704,finish=1508130904152406499,duration=70904602795[0K
[31;1mThe command "tox" exited with 1.[0m

Done. Your build exited with 1.
